<?xml version="1.0" ?>
<!DOCTYPE coverage SYSTEM "http://cobertura.sourceforge.net/xml/coverage-04.dtd">
<coverage lines-valid="531" lines-covered="496" line-rate="0.9340999999999999" branches-valid="91" branches-covered="71" branch-rate="0.7802" timestamp="1583960356032" complexity="0" version="0.1">
  <sources>
    <source>/Users/thehobbit85/Developer/Airbitz/edge-currency-bitcoin/packages/nidavellir</source>
  </sources>
  <packages>
    <package name="nidavellir" line-rate="1" branch-rate="1">
      <classes>
        <class name="rollup.config.js" filename="rollup.config.js" line-rate="1" branch-rate="1">
          <methods>
          </methods>
          <lines>
            <line number="9" hits="1" branch="false"/>
          </lines>
        </class>
      </classes>
    </package>
    <package name="nidavellir.src.core" line-rate="0.8571" branch-rate="0.5652">
      <classes>
        <class name="networkInfo.js" filename="src/core/networkInfo.js" line-rate="0.8276" branch-rate="0.6470999999999999">
          <methods>
            <method name="(anonymous_34)" hits="2" signature="()V">
              <lines>
                <line number="12" hits="2"/>
              </lines>
            </method>
            <method name="(anonymous_35)" hits="0" signature="()V">
              <lines>
                <line number="22" hits="0"/>
              </lines>
            </method>
            <method name="(anonymous_36)" hits="1" signature="()V">
              <lines>
                <line number="33" hits="1"/>
              </lines>
            </method>
            <method name="(anonymous_37)" hits="560" signature="()V">
              <lines>
                <line number="65" hits="560"/>
              </lines>
            </method>
            <method name="(anonymous_38)" hits="0" signature="()V">
              <lines>
                <line number="84" hits="0"/>
              </lines>
            </method>
            <method name="(anonymous_39)" hits="290" signature="()V">
              <lines>
                <line number="104" hits="290"/>
              </lines>
            </method>
            <method name="(anonymous_40)" hits="0" signature="()V">
              <lines>
                <line number="111" hits="0"/>
              </lines>
            </method>
          </methods>
          <lines>
            <line number="12" hits="1" branch="false"/>
            <line number="13" hits="2" branch="false"/>
            <line number="16" hits="12" branch="false"/>
            <line number="17" hits="12" branch="false"/>
            <line number="20" hits="0" branch="true" condition-coverage="0% (0/2)"/>
            <line number="22" hits="0" branch="false"/>
            <line number="23" hits="12" branch="true" condition-coverage="100% (2/2)"/>
            <line number="24" hits="4" branch="true" condition-coverage="100% (2/2)"/>
            <line number="25" hits="8" branch="true" condition-coverage="100% (2/2)"/>
            <line number="26" hits="2" branch="false"/>
            <line number="27" hits="6" branch="false"/>
            <line number="33" hits="1" branch="false"/>
            <line number="34" hits="1" branch="false"/>
            <line number="36" hits="1" branch="false"/>
            <line number="38" hits="2" branch="false"/>
            <line number="39" hits="2" branch="false"/>
            <line number="40" hits="1" branch="false"/>
            <line number="41" hits="2" branch="false"/>
            <line number="47" hits="1" branch="false"/>
            <line number="65" hits="1" branch="false"/>
            <line number="76" hits="521" branch="false"/>
            <line number="78" hits="521" branch="false"/>
            <line number="80" hits="1245" branch="false"/>
            <line number="85" hits="0" branch="true" condition-coverage="0% (0/2)"/>
            <line number="98" hits="0" branch="false"/>
            <line number="104" hits="1" branch="false"/>
            <line number="105" hits="290" branch="false"/>
            <line number="107" hits="714" branch="false"/>
            <line number="112" hits="0" branch="true" condition-coverage="0% (0/2)"/>
          </lines>
        </class>
        <class name="privateKey.js" filename="src/core/privateKey.js" line-rate="0.9231" branch-rate="0.3333">
          <methods>
            <method name="(anonymous_54)" hits="9" signature="()V">
              <lines>
                <line number="11" hits="9"/>
              </lines>
            </method>
            <method name="(anonymous_55)" hits="9" signature="()V">
              <lines>
                <line number="30" hits="9"/>
              </lines>
            </method>
            <method name="(anonymous_56)" hits="270" signature="()V">
              <lines>
                <line number="39" hits="270"/>
              </lines>
            </method>
          </methods>
          <lines>
            <line number="11" hits="1" branch="true" condition-coverage="0% (0/1)"/>
            <line number="12" hits="9" branch="false"/>
            <line number="13" hits="9" branch="false"/>
            <line number="19" hits="9" branch="false"/>
            <line number="20" hits="9" branch="false"/>
            <line number="25" hits="7" branch="false"/>
            <line number="30" hits="1" branch="true" condition-coverage="0% (0/2)"/>
            <line number="31" hits="0" branch="false"/>
            <line number="32" hits="9" branch="false"/>
            <line number="33" hits="9" branch="false"/>
            <line number="34" hits="9" branch="true" condition-coverage="100% (2/2)"/>
            <line number="35" hits="9" branch="false"/>
            <line number="39" hits="270" branch="true" condition-coverage="0% (0/1)"/>
          </lines>
        </class>
      </classes>
    </package>
    <package name="nidavellir.src.hd" line-rate="0.785" branch-rate="0.84">
      <classes>
        <class name="common.js" filename="src/hd/common.js" line-rate="0.8462000000000001" branch-rate="1">
          <methods>
            <method name="(anonymous_62)" hits="200" signature="()V">
              <lines>
                <line number="17" hits="200"/>
              </lines>
            </method>
            <method name="(anonymous_63)" hits="90" signature="()V">
              <lines>
                <line number="24" hits="90"/>
              </lines>
            </method>
          </methods>
          <lines>
            <line number="6" hits="1" branch="false"/>
            <line number="7" hits="1" branch="false"/>
            <line number="8" hits="1" branch="false"/>
            <line number="9" hits="1" branch="false"/>
            <line number="10" hits="1" branch="false"/>
            <line number="11" hits="1" branch="false"/>
            <line number="17" hits="1" branch="false"/>
            <line number="18" hits="200" branch="false"/>
            <line number="24" hits="1" branch="false"/>
            <line number="26" hits="0" branch="false"/>
            <line number="29" hits="90" branch="false"/>
            <line number="31" hits="90" branch="false"/>
            <line number="32" hits="0" branch="false"/>
          </lines>
        </class>
        <class name="path.js" filename="src/hd/path.js" line-rate="0.6667000000000001" branch-rate="1">
          <methods>
            <method name="(anonymous_65)" hits="90" signature="()V">
              <lines>
                <line number="17" hits="90"/>
              </lines>
            </method>
            <method name="(anonymous_66)" hits="24" signature="()V">
              <lines>
                <line number="41" hits="24"/>
              </lines>
            </method>
          </methods>
          <lines>
            <line number="17" hits="1" branch="false"/>
            <line number="19" hits="90" branch="false"/>
            <line number="21" hits="60" branch="false"/>
            <line number="23" hits="0" branch="false"/>
            <line number="24" hits="90" branch="false"/>
            <line number="26" hits="60" branch="false"/>
            <line number="28" hits="0" branch="false"/>
            <line number="41" hits="1" branch="true" condition-coverage="100% (1/1)"/>
            <line number="43" hits="24" branch="false"/>
            <line number="44" hits="24" branch="false"/>
            <line number="45" hits="0" branch="false"/>
            <line number="48" hits="0" branch="false"/>
          </lines>
        </class>
        <class name="xkey.js" filename="src/hd/xkey.js" line-rate="1" branch-rate="0.8332999999999999">
          <methods>
            <method name="(anonymous_83)" hits="45" signature="()V">
              <lines>
                <line number="16" hits="45"/>
              </lines>
            </method>
            <method name="(anonymous_84)" hits="4" signature="()V">
              <lines>
                <line number="25" hits="4"/>
              </lines>
            </method>
            <method name="(anonymous_85)" hits="5" signature="()V">
              <lines>
                <line number="27" hits="5"/>
              </lines>
            </method>
            <method name="(anonymous_86)" hits="188" signature="()V">
              <lines>
                <line number="28" hits="188"/>
              </lines>
            </method>
          </methods>
          <lines>
            <line number="16" hits="1" branch="true" condition-coverage="100% (1/1)"/>
            <line number="17" hits="45" branch="false"/>
            <line number="18" hits="45" branch="false"/>
            <line number="25" hits="4" branch="false"/>
            <line number="27" hits="1" branch="true" condition-coverage="100% (1/1)"/>
            <line number="28" hits="5" branch="false"/>
            <line number="29" hits="188" branch="true" condition-coverage="100% (2/2)"/>
            <line number="32" hits="60" branch="true" condition-coverage="50% (1/2)"/>
            <line number="37" hits="1" branch="false"/>
            <line number="38" hits="1" branch="false"/>
            <line number="39" hits="1" branch="false"/>
            <line number="40" hits="1" branch="false"/>
            <line number="41" hits="1" branch="false"/>
          </lines>
        </class>
        <class name="xpriv.js" filename="src/hd/xpriv.js" line-rate="0.8" branch-rate="0.9286">
          <methods>
            <method name="(anonymous_67)" hits="26" signature="()V">
              <lines>
                <line number="12" hits="26"/>
              </lines>
            </method>
            <method name="(anonymous_68)" hits="8" signature="()V">
              <lines>
                <line number="24" hits="8"/>
              </lines>
            </method>
            <method name="(anonymous_69)" hits="52" signature="()V">
              <lines>
                <line number="35" hits="52"/>
              </lines>
            </method>
            <method name="(anonymous_70)" hits="52" signature="()V">
              <lines>
                <line number="46" hits="52"/>
              </lines>
            </method>
            <method name="(anonymous_71)" hits="206" signature="()V">
              <lines>
                <line number="51" hits="206"/>
              </lines>
            </method>
            <method name="(anonymous_72)" hits="58" signature="()V">
              <lines>
                <line number="80" hits="58"/>
              </lines>
            </method>
            <method name="(anonymous_73)" hits="104" signature="()V">
              <lines>
                <line number="88" hits="104"/>
              </lines>
            </method>
            <method name="(anonymous_74)" hits="104" signature="()V">
              <lines>
                <line number="94" hits="104"/>
              </lines>
            </method>
            <method name="(anonymous_75)" hits="58" signature="()V">
              <lines>
                <line number="97" hits="58"/>
              </lines>
            </method>
          </methods>
          <lines>
            <line number="12" hits="1" branch="false"/>
            <line number="13" hits="26" branch="false"/>
            <line number="14" hits="0" branch="false"/>
            <line number="15" hits="0" branch="false"/>
            <line number="16" hits="26" branch="false"/>
            <line number="18" hits="18" branch="false"/>
            <line number="19" hits="18" branch="false"/>
            <line number="24" hits="1" branch="true" condition-coverage="100% (1/1)"/>
            <line number="25" hits="8" branch="false"/>
            <line number="26" hits="8" branch="false"/>
            <line number="27" hits="0" branch="false"/>
            <line number="35" hits="1" branch="false"/>
            <line number="37" hits="52" branch="false"/>
            <line number="38" hits="0" branch="false"/>
            <line number="46" hits="1" branch="true" condition-coverage="100% (1/1)"/>
            <line number="47" hits="52" branch="false"/>
            <line number="51" hits="1" branch="true" condition-coverage="100% (1/1)"/>
            <line number="53" hits="206" branch="false"/>
            <line number="54" hits="0" branch="false"/>
            <line number="55" hits="0" branch="false"/>
            <line number="56" hits="206" branch="true" condition-coverage="100% (2/2)"/>
            <line number="58" hits="206" branch="true" condition-coverage="100% (4/4)"/>
            <line number="59" hits="206" branch="false"/>
            <line number="60" hits="206" branch="false"/>
            <line number="62" hits="206" branch="false"/>
            <line number="63" hits="206" branch="false"/>
            <line number="64" hits="206" branch="true" condition-coverage="50% (1/2)"/>
            <line number="75" hits="0" branch="false"/>
            <line number="80" hits="1" branch="false"/>
            <line number="81" hits="18" branch="false"/>
            <line number="83" hits="188" branch="false"/>
            <line number="88" hits="1" branch="false"/>
            <line number="89" hits="104" branch="false"/>
            <line number="90" hits="0" branch="false"/>
            <line number="94" hits="1" branch="true" condition-coverage="100% (1/1)"/>
            <line number="95" hits="104" branch="false"/>
            <line number="97" hits="1" branch="false"/>
            <line number="98" hits="58" branch="false"/>
            <line number="99" hits="58" branch="false"/>
            <line number="100" hits="58" branch="true" condition-coverage="100% (2/2)"/>
          </lines>
        </class>
        <class name="xpub.js" filename="src/hd/xpub.js" line-rate="0.6897" branch-rate="0.5">
          <methods>
            <method name="(anonymous_76)" hits="12" signature="()V">
              <lines>
                <line number="11" hits="12"/>
              </lines>
            </method>
            <method name="(anonymous_77)" hits="38" signature="()V">
              <lines>
                <line number="23" hits="38"/>
              </lines>
            </method>
            <method name="(anonymous_78)" hits="38" signature="()V">
              <lines>
                <line number="34" hits="38"/>
              </lines>
            </method>
            <method name="(anonymous_79)" hits="12" signature="()V">
              <lines>
                <line number="39" hits="12"/>
              </lines>
            </method>
            <method name="(anonymous_80)" hits="0" signature="()V">
              <lines>
                <line number="66" hits="0"/>
              </lines>
            </method>
            <method name="(anonymous_81)" hits="96" signature="()V">
              <lines>
                <line number="74" hits="96"/>
              </lines>
            </method>
            <method name="(anonymous_82)" hits="96" signature="()V">
              <lines>
                <line number="77" hits="96"/>
              </lines>
            </method>
          </methods>
          <lines>
            <line number="11" hits="1" branch="false"/>
            <line number="12" hits="12" branch="false"/>
            <line number="13" hits="0" branch="false"/>
            <line number="14" hits="0" branch="false"/>
            <line number="15" hits="12" branch="false"/>
            <line number="17" hits="12" branch="false"/>
            <line number="18" hits="12" branch="false"/>
            <line number="23" hits="1" branch="false"/>
            <line number="25" hits="38" branch="false"/>
            <line number="26" hits="0" branch="true" condition-coverage="100% (2/2)"/>
            <line number="34" hits="1" branch="true" condition-coverage="0% (0/1)"/>
            <line number="35" hits="38" branch="false"/>
            <line number="39" hits="1" branch="false"/>
            <line number="41" hits="12" branch="false"/>
            <line number="42" hits="0" branch="false"/>
            <line number="43" hits="0" branch="false"/>
            <line number="44" hits="0" branch="false"/>
            <line number="46" hits="12" branch="false"/>
            <line number="47" hits="12" branch="false"/>
            <line number="48" hits="12" branch="false"/>
            <line number="49" hits="12" branch="false"/>
            <line number="50" hits="12" branch="false"/>
            <line number="61" hits="0" branch="false"/>
            <line number="66" hits="1" branch="false"/>
            <line number="67" hits="0" branch="false"/>
            <line number="69" hits="0" branch="false"/>
            <line number="74" hits="192" branch="false"/>
            <line number="77" hits="1" branch="true" condition-coverage="0% (0/1)"/>
            <line number="78" hits="96" branch="false"/>
          </lines>
        </class>
      </classes>
    </package>
    <package name="nidavellir.src.networks" line-rate="0.8571" branch-rate="1">
      <classes>
        <class name="baseInfo.js" filename="src/networks/baseInfo.js" line-rate="0.8" branch-rate="1">
          <methods>
            <method name="(anonymous_33)" hits="0" signature="()V">
              <lines>
                <line number="48" hits="0"/>
              </lines>
            </method>
          </methods>
          <lines>
            <line number="8" hits="1" branch="false"/>
            <line number="9" hits="1" branch="false"/>
            <line number="11" hits="1" branch="false"/>
            <line number="38" hits="1" branch="false"/>
            <line number="48" hits="0" branch="false"/>
          </lines>
        </class>
        <class name="bitcoin.js" filename="src/networks/bitcoin.js" line-rate="1" branch-rate="1">
          <methods>
          </methods>
          <lines>
            <line number="3" hits="1" branch="false"/>
            <line number="5" hits="1" branch="false"/>
          </lines>
        </class>
      </classes>
    </package>
    <package name="nidavellir.src.utils" line-rate="0.9603" branch-rate="0.8181999999999999">
      <classes>
        <class name="base.js" filename="src/utils/base.js" line-rate="1" branch-rate="1">
          <methods>
            <method name="(anonymous_26)" hits="9" signature="()V">
              <lines>
                <line number="29" hits="9"/>
              </lines>
            </method>
            <method name="(anonymous_27)" hits="259" signature="()V">
              <lines>
                <line number="33" hits="259"/>
              </lines>
            </method>
            <method name="(anonymous_29)" hits="9" signature="()V">
              <lines>
                <line number="48" hits="9"/>
              </lines>
            </method>
            <method name="(anonymous_30)" hits="259" signature="()V">
              <lines>
                <line number="55" hits="259"/>
              </lines>
            </method>
            <method name="(anonymous_31)" hits="153" signature="()V">
              <lines>
                <line number="56" hits="153"/>
              </lines>
            </method>
            <method name="(anonymous_32)" hits="9" signature="()V">
              <lines>
                <line number="60" hits="9"/>
              </lines>
            </method>
          </methods>
          <lines>
            <line number="17" hits="1" branch="false"/>
            <line number="29" hits="1" branch="false"/>
            <line number="32" hits="9" branch="false"/>
            <line number="34" hits="259" branch="true" condition-coverage="100% (2/2)"/>
            <line number="35" hits="259" branch="false"/>
            <line number="39" hits="153" branch="false"/>
            <line number="40" hits="152" branch="false"/>
            <line number="41" hits="152" branch="true" condition-coverage="100% (2/2)"/>
            <line number="42" hits="152" branch="false"/>
            <line number="43" hits="149" branch="false"/>
            <line number="48" hits="1" branch="false"/>
            <line number="52" hits="9" branch="false"/>
            <line number="53" hits="9" branch="false"/>
            <line number="54" hits="9" branch="false"/>
            <line number="55" hits="259" branch="false"/>
            <line number="56" hits="153" branch="false"/>
            <line number="60" hits="1" branch="false"/>
            <line number="61" hits="9" branch="false"/>
          </lines>
        </class>
        <class name="formatter.js" filename="src/utils/formatter.js" line-rate="0.875" branch-rate="0.5">
          <methods>
            <method name="(anonymous_41)" hits="7" signature="()V">
              <lines>
                <line number="6" hits="7"/>
              </lines>
            </method>
            <method name="(anonymous_42)" hits="19" signature="()V">
              <lines>
                <line number="13" hits="19"/>
              </lines>
            </method>
            <method name="(anonymous_43)" hits="488" signature="()V">
              <lines>
                <line number="13" hits="488"/>
              </lines>
            </method>
            <method name="(anonymous_44)" hits="706" signature="()V">
              <lines>
                <line number="15" hits="706"/>
              </lines>
            </method>
            <method name="(anonymous_45)" hits="488" signature="()V">
              <lines>
                <line number="24" hits="488"/>
              </lines>
            </method>
            <method name="(anonymous_46)" hits="0" signature="()V">
              <lines>
                <line number="26" hits="0"/>
              </lines>
            </method>
            <method name="(anonymous_47)" hits="0" signature="()V">
              <lines>
                <line number="28" hits="0"/>
              </lines>
            </method>
            <method name="(anonymous_48)" hits="488" signature="()V">
              <lines>
                <line number="36" hits="488"/>
              </lines>
            </method>
            <method name="(anonymous_49)" hits="0" signature="()V">
              <lines>
                <line number="40" hits="0"/>
              </lines>
            </method>
            <method name="(anonymous_50)" hits="488" signature="()V">
              <lines>
                <line number="42" hits="488"/>
              </lines>
            </method>
          </methods>
          <lines>
            <line number="6" hits="1" branch="false"/>
            <line number="10" hits="7" branch="true" condition-coverage="100% (2/2)"/>
            <line number="11" hits="7" branch="true" condition-coverage="25% (1/4)"/>
            <line number="13" hits="488" branch="true" condition-coverage="100% (1/1)"/>
            <line number="14" hits="7" branch="false"/>
            <line number="15" hits="12" branch="false"/>
            <line number="16" hits="706" branch="false"/>
            <line number="22" hits="7" branch="false"/>
            <line number="24" hits="488" branch="false"/>
            <line number="26" hits="1" branch="false"/>
            <line number="28" hits="1" branch="false"/>
            <line number="30" hits="0" branch="false"/>
            <line number="36" hits="7" branch="false"/>
            <line number="37" hits="488" branch="false"/>
            <line number="40" hits="0" branch="false"/>
            <line number="43" hits="488" branch="false"/>
          </lines>
        </class>
        <class name="hash.js" filename="src/utils/hash.js" line-rate="1" branch-rate="1">
          <methods>
            <method name="(anonymous_18)" hits="1" signature="()V">
              <lines>
                <line number="7" hits="1"/>
              </lines>
            </method>
            <method name="(anonymous_19)" hits="229" signature="()V">
              <lines>
                <line number="11" hits="229"/>
              </lines>
            </method>
            <method name="(anonymous_20)" hits="1485" signature="()V">
              <lines>
                <line number="11" hits="1485"/>
              </lines>
            </method>
            <method name="(anonymous_21)" hits="1" signature="()V">
              <lines>
                <line number="20" hits="1"/>
              </lines>
            </method>
            <method name="(anonymous_22)" hits="227" signature="()V">
              <lines>
                <line number="20" hits="227"/>
              </lines>
            </method>
            <method name="(anonymous_23)" hits="227" signature="()V">
              <lines>
                <line number="25" hits="227"/>
              </lines>
            </method>
            <method name="(anonymous_24)" hits="411" signature="()V">
              <lines>
                <line number="34" hits="411"/>
              </lines>
            </method>
            <method name="(anonymous_25)" hits="218" signature="()V">
              <lines>
                <line number="35" hits="218"/>
              </lines>
            </method>
          </methods>
          <lines>
            <line number="7" hits="1" branch="false"/>
            <line number="8" hits="1" branch="false"/>
            <line number="11" hits="229" branch="false"/>
            <line number="12" hits="1485" branch="false"/>
            <line number="13" hits="1485" branch="false"/>
            <line number="16" hits="1485" branch="false"/>
            <line number="20" hits="1" branch="false"/>
            <line number="24" hits="227" branch="false"/>
            <line number="25" hits="227" branch="false"/>
            <line number="29" hits="1" branch="false"/>
            <line number="31" hits="1" branch="false"/>
            <line number="32" hits="1" branch="false"/>
            <line number="34" hits="411" branch="false"/>
            <line number="35" hits="218" branch="false"/>
          </lines>
        </class>
        <class name="jsonSearch.js" filename="src/utils/jsonSearch.js" line-rate="0.9473999999999999" branch-rate="1">
          <methods>
            <method name="(anonymous_131)" hits="3531" signature="()V">
              <lines>
                <line number="8" hits="3531"/>
              </lines>
            </method>
            <method name="(anonymous_132)" hits="15" signature="()V">
              <lines>
                <line number="24" hits="15"/>
              </lines>
            </method>
            <method name="(anonymous_133)" hits="89" signature="()V">
              <lines>
                <line number="56" hits="89"/>
              </lines>
            </method>
          </methods>
          <lines>
            <line number="8" hits="1" branch="false"/>
            <line number="9" hits="3531" branch="false"/>
            <line number="14" hits="911" branch="false"/>
            <line number="19" hits="91" branch="false"/>
            <line number="21" hits="76" branch="false"/>
            <line number="24" hits="15" branch="false"/>
            <line number="28" hits="1041" branch="false"/>
            <line number="33" hits="962" branch="false"/>
            <line number="35" hits="2338" branch="false"/>
            <line number="39" hits="1041" branch="false"/>
            <line number="40" hits="1041" branch="false"/>
            <line number="44" hits="62" branch="false"/>
            <line number="49" hits="1029" branch="false"/>
            <line number="56" hits="1" branch="false"/>
            <line number="57" hits="0" branch="false"/>
            <line number="58" hits="89" branch="false"/>
            <line number="60" hits="2" branch="false"/>
            <line number="62" hits="87" branch="false"/>
            <line number="64" hits="79" branch="false"/>
          </lines>
        </class>
        <class name="persister.js" filename="src/utils/persister.js" line-rate="0.9615" branch-rate="1">
          <methods>
            <method name="(anonymous_138)" hits="9" signature="()V">
              <lines>
                <line number="9" hits="9"/>
              </lines>
            </method>
            <method name="(anonymous_139)" hits="27" signature="()V">
              <lines>
                <line number="17" hits="27"/>
              </lines>
            </method>
            <method name="(anonymous_140)" hits="52" signature="()V">
              <lines>
                <line number="18" hits="52"/>
              </lines>
            </method>
            <method name="(anonymous_141)" hits="14" signature="()V">
              <lines>
                <line number="19" hits="14"/>
              </lines>
            </method>
            <method name="(anonymous_142)" hits="18" signature="()V">
              <lines>
                <line number="58" hits="18"/>
              </lines>
            </method>
            <method name="(anonymous_143)" hits="42" signature="()V">
              <lines>
                <line number="68" hits="42"/>
              </lines>
            </method>
          </methods>
          <lines>
            <line number="9" hits="1" branch="false"/>
            <line number="17" hits="27" branch="false"/>
            <line number="19" hits="52" branch="false"/>
            <line number="20" hits="14" branch="false"/>
            <line number="21" hits="14" branch="false"/>
            <line number="27" hits="14" branch="false"/>
            <line number="32" hits="5" branch="true" condition-coverage="100% (2/2)"/>
            <line number="33" hits="5" branch="false"/>
            <line number="34" hits="5" branch="false"/>
            <line number="39" hits="9" branch="false"/>
            <line number="42" hits="4" branch="false"/>
            <line number="43" hits="4" branch="false"/>
            <line number="45" hits="5" branch="false"/>
            <line number="52" hits="25" branch="true" condition-coverage="100% (2/2)"/>
            <line number="55" hits="22" branch="false"/>
            <line number="58" hits="22" branch="false"/>
            <line number="60" hits="18" branch="false"/>
            <line number="61" hits="18" branch="false"/>
            <line number="63" hits="18" branch="false"/>
            <line number="71" hits="33" branch="false"/>
            <line number="72" hits="33" branch="false"/>
            <line number="73" hits="33" branch="false"/>
            <line number="74" hits="19" branch="false"/>
            <line number="79" hits="0" branch="false"/>
            <line number="81" hits="46" branch="false"/>
            <line number="83" hits="42" branch="false"/>
          </lines>
        </class>
        <class name="require.js" filename="src/utils/require.js" line-rate="1" branch-rate="0.75">
          <methods>
            <method name="(anonymous_7)" hits="13" signature="()V">
              <lines>
                <line number="1" hits="13"/>
              </lines>
            </method>
            <method name="(anonymous_9)" hits="13" signature="()V">
              <lines>
                <line number="7" hits="13"/>
              </lines>
            </method>
            <method name="(anonymous_10)" hits="2427" signature="()V">
              <lines>
                <line number="16" hits="2427"/>
              </lines>
            </method>
            <method name="(anonymous_11)" hits="2" signature="()V">
              <lines>
                <line number="25" hits="2"/>
              </lines>
            </method>
            <method name="(anonymous_12)" hits="2" signature="()V">
              <lines>
                <line number="26" hits="2"/>
              </lines>
            </method>
          </methods>
          <lines>
            <line number="1" hits="13" branch="false"/>
            <line number="4" hits="908" branch="false"/>
            <line number="8" hits="13" branch="false"/>
            <line number="10" hits="11" branch="false"/>
            <line number="16" hits="11" branch="false"/>
            <line number="17" hits="2" branch="false"/>
            <line number="25" hits="1" branch="false"/>
            <line number="26" hits="2" branch="true" condition-coverage="100% (2/2)"/>
            <line number="27" hits="2" branch="true" condition-coverage="50% (1/2)"/>
            <line number="28" hits="2" branch="false"/>
            <line number="29" hits="2" branch="false"/>
            <line number="31" hits="2" branch="false"/>
          </lines>
        </class>
        <class name="secp256k1.js" filename="src/utils/secp256k1.js" line-rate="1" branch-rate="1">
          <methods>
            <method name="(anonymous_51)" hits="1" signature="()V">
              <lines>
                <line number="7" hits="1"/>
              </lines>
            </method>
            <method name="(anonymous_52)" hits="706" signature="()V">
              <lines>
                <line number="12" hits="706"/>
              </lines>
            </method>
            <method name="(anonymous_53)" hits="488" signature="()V">
              <lines>
                <line number="13" hits="488"/>
              </lines>
            </method>
          </methods>
          <lines>
            <line number="7" hits="1" branch="false"/>
            <line number="8" hits="1" branch="false"/>
            <line number="11" hits="1" branch="false"/>
            <line number="12" hits="706" branch="false"/>
            <line number="13" hits="488" branch="false"/>
            <line number="16" hits="1" branch="false"/>
            <line number="19" hits="1" branch="false"/>
            <line number="22" hits="1" branch="false"/>
            <line number="25" hits="1" branch="false"/>
            <line number="29" hits="1" branch="false"/>
            <line number="33" hits="1" branch="false"/>
            <line number="38" hits="1" branch="false"/>
          </lines>
        </class>
        <class name="uintArray.js" filename="src/utils/uintArray.js" line-rate="0.875" branch-rate="0.75">
          <methods>
            <method name="(anonymous_13)" hits="1712" signature="()V">
              <lines>
                <line number="3" hits="1712"/>
              </lines>
            </method>
            <method name="(anonymous_14)" hits="1712" signature="()V">
              <lines>
                <line number="6" hits="1712"/>
              </lines>
            </method>
            <method name="(anonymous_15)" hits="69032" signature="()V">
              <lines>
                <line number="12" hits="69032"/>
              </lines>
            </method>
            <method name="(anonymous_16)" hits="1485" signature="()V">
              <lines>
                <line number="16" hits="1485"/>
              </lines>
            </method>
            <method name="(anonymous_17)" hits="52168" signature="()V">
              <lines>
                <line number="17" hits="52168"/>
              </lines>
            </method>
          </methods>
          <lines>
            <line number="3" hits="1" branch="false"/>
            <line number="4" hits="1712" branch="true" condition-coverage="100% (2/2)"/>
            <line number="6" hits="1" branch="false"/>
            <line number="10" hits="0" branch="false"/>
            <line number="11" hits="1712" branch="true" condition-coverage="50% (1/2)"/>
            <line number="12" hits="69032" branch="false"/>
            <line number="16" hits="1" branch="false"/>
            <line number="17" hits="52168" branch="false"/>
          </lines>
        </class>
        <class name="utils.js" filename="src/utils/utils.js" line-rate="1" branch-rate="1">
          <methods>
            <method name="(anonymous_64)" hits="90" signature="()V">
              <lines>
                <line number="3" hits="90"/>
              </lines>
            </method>
          </methods>
          <lines>
            <line number="3" hits="90" branch="false"/>
          </lines>
        </class>
      </classes>
    </package>
    <package name="nidavellir.test" line-rate="1" branch-rate="1">
      <classes>
        <class name="rollup.config.js" filename="test/rollup.config.js" line-rate="1" branch-rate="1">
          <methods>
          </methods>
          <lines>
            <line number="7" hits="1" branch="false"/>
            <line number="13" hits="1" branch="false"/>
          </lines>
        </class>
      </classes>
    </package>
    <package name="nidavellir.test.core" line-rate="1" branch-rate="1">
      <classes>
        <class name="privateKey.js" filename="test/core/privateKey.js" line-rate="1" branch-rate="1">
          <methods>
            <method name="(anonymous_57)" hits="1" signature="()V">
              <lines>
                <line number="12" hits="1"/>
              </lines>
            </method>
            <method name="(anonymous_58)" hits="9" signature="()V">
              <lines>
                <line number="13" hits="9"/>
              </lines>
            </method>
            <method name="(anonymous_59)" hits="9" signature="()V">
              <lines>
                <line number="14" hits="9"/>
              </lines>
            </method>
            <method name="(anonymous_60)" hits="9" signature="()V">
              <lines>
                <line number="21" hits="9"/>
              </lines>
            </method>
            <method name="(anonymous_61)" hits="9" signature="()V">
              <lines>
                <line number="28" hits="9"/>
              </lines>
            </method>
          </methods>
          <lines>
            <line number="10" hits="1" branch="false"/>
            <line number="12" hits="1" branch="false"/>
            <line number="13" hits="1" branch="false"/>
            <line number="14" hits="9" branch="false"/>
            <line number="15" hits="9" branch="false"/>
            <line number="16" hits="9" branch="false"/>
            <line number="17" hits="9" branch="false"/>
            <line number="18" hits="9" branch="false"/>
            <line number="21" hits="9" branch="false"/>
            <line number="22" hits="9" branch="false"/>
            <line number="23" hits="9" branch="false"/>
            <line number="24" hits="9" branch="false"/>
            <line number="25" hits="9" branch="false"/>
            <line number="28" hits="9" branch="false"/>
            <line number="29" hits="9" branch="false"/>
            <line number="30" hits="9" branch="false"/>
            <line number="31" hits="9" branch="false"/>
            <line number="32" hits="9" branch="false"/>
          </lines>
        </class>
      </classes>
    </package>
    <package name="nidavellir.test.hd" line-rate="1" branch-rate="1">
      <classes>
        <class name="xkey.js" filename="test/hd/xkey.js" line-rate="1" branch-rate="1">
          <methods>
            <method name="(anonymous_87)" hits="1" signature="()V">
              <lines>
                <line number="14" hits="1"/>
              </lines>
            </method>
            <method name="(anonymous_88)" hits="4" signature="()V">
              <lines>
                <line number="15" hits="4"/>
              </lines>
            </method>
            <method name="(anonymous_89)" hits="4" signature="()V">
              <lines>
                <line number="16" hits="4"/>
              </lines>
            </method>
            <method name="(anonymous_90)" hits="19" signature="()V">
              <lines>
                <line number="23" hits="19"/>
              </lines>
            </method>
            <method name="(anonymous_91)" hits="19" signature="()V">
              <lines>
                <line number="34" hits="19"/>
              </lines>
            </method>
            <method name="(anonymous_92)" hits="19" signature="()V">
              <lines>
                <line number="39" hits="19"/>
              </lines>
            </method>
            <method name="(anonymous_93)" hits="9" signature="()V">
              <lines>
                <line number="45" hits="9"/>
              </lines>
            </method>
            <method name="(anonymous_94)" hits="9" signature="()V">
              <lines>
                <line number="46" hits="9"/>
              </lines>
            </method>
            <method name="(anonymous_95)" hits="4" signature="()V">
              <lines>
                <line number="68" hits="4"/>
              </lines>
            </method>
            <method name="(anonymous_96)" hits="4" signature="()V">
              <lines>
                <line number="71" hits="4"/>
              </lines>
            </method>
            <method name="(anonymous_97)" hits="18" signature="()V">
              <lines>
                <line number="85" hits="18"/>
              </lines>
            </method>
            <method name="(anonymous_98)" hits="3" signature="()V">
              <lines>
                <line number="110" hits="3"/>
              </lines>
            </method>
            <method name="(anonymous_99)" hits="3" signature="()V">
              <lines>
                <line number="113" hits="3"/>
              </lines>
            </method>
            <method name="(anonymous_100)" hits="1" signature="()V">
              <lines>
                <line number="133" hits="1"/>
              </lines>
            </method>
            <method name="(anonymous_101)" hits="19" signature="()V">
              <lines>
                <line number="134" hits="19"/>
              </lines>
            </method>
            <method name="(anonymous_102)" hits="19" signature="()V">
              <lines>
                <line number="145" hits="19"/>
              </lines>
            </method>
            <method name="(anonymous_103)" hits="19" signature="()V">
              <lines>
                <line number="150" hits="19"/>
              </lines>
            </method>
            <method name="(anonymous_104)" hits="6" signature="()V">
              <lines>
                <line number="156" hits="6"/>
              </lines>
            </method>
            <method name="(anonymous_105)" hits="6" signature="()V">
              <lines>
                <line number="157" hits="6"/>
              </lines>
            </method>
          </methods>
          <lines>
            <line number="12" hits="1" branch="false"/>
            <line number="14" hits="1" branch="false"/>
            <line number="15" hits="1" branch="false"/>
            <line number="16" hits="4" branch="false"/>
            <line number="17" hits="4" branch="false"/>
            <line number="18" hits="4" branch="false"/>
            <line number="19" hits="4" branch="false"/>
            <line number="23" hits="1" branch="false"/>
            <line number="24" hits="19" branch="false"/>
            <line number="25" hits="19" branch="false"/>
            <line number="34" hits="19" branch="false"/>
            <line number="35" hits="19" branch="false"/>
            <line number="36" hits="19" branch="false"/>
            <line number="39" hits="19" branch="false"/>
            <line number="40" hits="19" branch="false"/>
            <line number="41" hits="19" branch="false"/>
            <line number="45" hits="1" branch="false"/>
            <line number="46" hits="9" branch="false"/>
            <line number="47" hits="9" branch="false"/>
            <line number="48" hits="9" branch="false"/>
            <line number="49" hits="9" branch="false"/>
            <line number="50" hits="9" branch="false"/>
            <line number="51" hits="9" branch="false"/>
            <line number="57" hits="9" branch="false"/>
            <line number="59" hits="9" branch="false"/>
            <line number="60" hits="9" branch="false"/>
            <line number="68" hits="1" branch="false"/>
            <line number="69" hits="4" branch="false"/>
            <line number="72" hits="4" branch="false"/>
            <line number="73" hits="4" branch="false"/>
            <line number="75" hits="4" branch="false"/>
            <line number="76" hits="4" branch="false"/>
            <line number="77" hits="4" branch="false"/>
            <line number="78" hits="1" branch="false"/>
            <line number="80" hits="2" branch="false"/>
            <line number="81" hits="2" branch="false"/>
            <line number="83" hits="4" branch="false"/>
            <line number="85" hits="4" branch="false"/>
            <line number="86" hits="18" branch="false"/>
            <line number="87" hits="18" branch="false"/>
            <line number="88" hits="18" branch="false"/>
            <line number="89" hits="18" branch="false"/>
            <line number="90" hits="18" branch="false"/>
            <line number="91" hits="18" branch="false"/>
            <line number="97" hits="1" branch="false"/>
            <line number="102" hits="4" branch="false"/>
            <line number="110" hits="1" branch="false"/>
            <line number="111" hits="3" branch="false"/>
            <line number="114" hits="3" branch="false"/>
            <line number="115" hits="3" branch="false"/>
            <line number="116" hits="3" branch="false"/>
            <line number="118" hits="11" branch="false"/>
            <line number="119" hits="11" branch="false"/>
            <line number="120" hits="11" branch="false"/>
            <line number="121" hits="11" branch="false"/>
            <line number="122" hits="11" branch="false"/>
            <line number="123" hits="11" branch="false"/>
            <line number="124" hits="11" branch="false"/>
            <line number="125" hits="11" branch="false"/>
            <line number="131" hits="1" branch="false"/>
            <line number="133" hits="1" branch="false"/>
            <line number="134" hits="1" branch="false"/>
            <line number="135" hits="19" branch="false"/>
            <line number="136" hits="19" branch="false"/>
            <line number="145" hits="19" branch="false"/>
            <line number="146" hits="19" branch="false"/>
            <line number="147" hits="19" branch="false"/>
            <line number="150" hits="19" branch="false"/>
            <line number="151" hits="19" branch="false"/>
            <line number="152" hits="19" branch="false"/>
            <line number="156" hits="1" branch="false"/>
            <line number="157" hits="6" branch="false"/>
            <line number="158" hits="6" branch="false"/>
            <line number="159" hits="6" branch="false"/>
            <line number="160" hits="6" branch="false"/>
            <line number="161" hits="6" branch="false"/>
            <line number="166" hits="6" branch="false"/>
            <line number="167" hits="6" branch="false"/>
            <line number="168" hits="6" branch="false"/>
          </lines>
        </class>
        <class name="xpriv.js" filename="test/hd/xpriv.js" line-rate="1" branch-rate="1">
          <methods>
            <method name="(anonymous_106)" hits="1" signature="()V">
              <lines>
                <line number="13" hits="1"/>
              </lines>
            </method>
            <method name="(anonymous_107)" hits="4" signature="()V">
              <lines>
                <line number="14" hits="4"/>
              </lines>
            </method>
            <method name="(anonymous_108)" hits="4" signature="()V">
              <lines>
                <line number="15" hits="4"/>
              </lines>
            </method>
            <method name="(anonymous_109)" hits="19" signature="()V">
              <lines>
                <line number="22" hits="19"/>
              </lines>
            </method>
            <method name="(anonymous_110)" hits="19" signature="()V">
              <lines>
                <line number="33" hits="19"/>
              </lines>
            </method>
            <method name="(anonymous_111)" hits="19" signature="()V">
              <lines>
                <line number="38" hits="19"/>
              </lines>
            </method>
            <method name="(anonymous_112)" hits="9" signature="()V">
              <lines>
                <line number="44" hits="9"/>
              </lines>
            </method>
            <method name="(anonymous_113)" hits="9" signature="()V">
              <lines>
                <line number="45" hits="9"/>
              </lines>
            </method>
            <method name="(anonymous_114)" hits="4" signature="()V">
              <lines>
                <line number="65" hits="4"/>
              </lines>
            </method>
            <method name="(anonymous_115)" hits="4" signature="()V">
              <lines>
                <line number="66" hits="4"/>
              </lines>
            </method>
            <method name="(anonymous_116)" hits="18" signature="()V">
              <lines>
                <line number="80" hits="18"/>
              </lines>
            </method>
            <method name="(anonymous_117)" hits="3" signature="()V">
              <lines>
                <line number="105" hits="3"/>
              </lines>
            </method>
            <method name="(anonymous_118)" hits="3" signature="()V">
              <lines>
                <line number="108" hits="3"/>
              </lines>
            </method>
          </methods>
          <lines>
            <line number="11" hits="1" branch="false"/>
            <line number="13" hits="1" branch="false"/>
            <line number="14" hits="1" branch="false"/>
            <line number="15" hits="4" branch="false"/>
            <line number="16" hits="4" branch="false"/>
            <line number="17" hits="4" branch="false"/>
            <line number="18" hits="4" branch="false"/>
            <line number="22" hits="1" branch="false"/>
            <line number="23" hits="19" branch="false"/>
            <line number="24" hits="19" branch="false"/>
            <line number="33" hits="19" branch="false"/>
            <line number="34" hits="19" branch="false"/>
            <line number="35" hits="19" branch="false"/>
            <line number="38" hits="19" branch="false"/>
            <line number="39" hits="19" branch="false"/>
            <line number="40" hits="19" branch="false"/>
            <line number="44" hits="1" branch="false"/>
            <line number="45" hits="9" branch="false"/>
            <line number="46" hits="9" branch="false"/>
            <line number="47" hits="9" branch="false"/>
            <line number="48" hits="9" branch="false"/>
            <line number="49" hits="9" branch="true" condition-coverage="100% (2/2)"/>
            <line number="50" hits="9" branch="false"/>
            <line number="55" hits="9" branch="false"/>
            <line number="56" hits="9" branch="false"/>
            <line number="57" hits="9" branch="false"/>
            <line number="65" hits="1" branch="false"/>
            <line number="66" hits="4" branch="false"/>
            <line number="67" hits="4" branch="false"/>
            <line number="68" hits="4" branch="false"/>
            <line number="70" hits="4" branch="false"/>
            <line number="71" hits="4" branch="false"/>
            <line number="72" hits="4" branch="false"/>
            <line number="73" hits="1" branch="false"/>
            <line number="75" hits="2" branch="false"/>
            <line number="76" hits="2" branch="false"/>
            <line number="78" hits="4" branch="false"/>
            <line number="80" hits="4" branch="false"/>
            <line number="81" hits="18" branch="false"/>
            <line number="82" hits="18" branch="false"/>
            <line number="83" hits="18" branch="false"/>
            <line number="84" hits="18" branch="false"/>
            <line number="85" hits="18" branch="false"/>
            <line number="86" hits="18" branch="false"/>
            <line number="92" hits="1" branch="false"/>
            <line number="97" hits="4" branch="false"/>
            <line number="105" hits="1" branch="false"/>
            <line number="106" hits="3" branch="false"/>
            <line number="109" hits="3" branch="false"/>
            <line number="110" hits="3" branch="false"/>
            <line number="111" hits="3" branch="false"/>
            <line number="113" hits="11" branch="false"/>
            <line number="114" hits="11" branch="false"/>
            <line number="115" hits="11" branch="false"/>
            <line number="116" hits="11" branch="false"/>
            <line number="117" hits="11" branch="false"/>
            <line number="118" hits="11" branch="false"/>
            <line number="119" hits="11" branch="false"/>
            <line number="120" hits="11" branch="false"/>
          </lines>
        </class>
        <class name="xpub.js" filename="test/hd/xpub.js" line-rate="1" branch-rate="1">
          <methods>
            <method name="(anonymous_119)" hits="1" signature="()V">
              <lines>
                <line number="11" hits="1"/>
              </lines>
            </method>
            <method name="(anonymous_120)" hits="19" signature="()V">
              <lines>
                <line number="12" hits="19"/>
              </lines>
            </method>
            <method name="(anonymous_121)" hits="19" signature="()V">
              <lines>
                <line number="23" hits="19"/>
              </lines>
            </method>
            <method name="(anonymous_122)" hits="19" signature="()V">
              <lines>
                <line number="28" hits="19"/>
              </lines>
            </method>
            <method name="(anonymous_123)" hits="6" signature="()V">
              <lines>
                <line number="34" hits="6"/>
              </lines>
            </method>
            <method name="(anonymous_124)" hits="6" signature="()V">
              <lines>
                <line number="35" hits="6"/>
              </lines>
            </method>
          </methods>
          <lines>
            <line number="9" hits="1" branch="false"/>
            <line number="11" hits="1" branch="false"/>
            <line number="12" hits="1" branch="false"/>
            <line number="13" hits="19" branch="false"/>
            <line number="14" hits="19" branch="false"/>
            <line number="23" hits="19" branch="false"/>
            <line number="24" hits="19" branch="false"/>
            <line number="25" hits="19" branch="false"/>
            <line number="28" hits="19" branch="false"/>
            <line number="29" hits="19" branch="false"/>
            <line number="30" hits="19" branch="false"/>
            <line number="34" hits="1" branch="false"/>
            <line number="35" hits="6" branch="false"/>
            <line number="36" hits="6" branch="false"/>
            <line number="37" hits="6" branch="false"/>
            <line number="38" hits="6" branch="false"/>
            <line number="39" hits="6" branch="false"/>
            <line number="44" hits="6" branch="false"/>
            <line number="45" hits="6" branch="false"/>
            <line number="46" hits="6" branch="false"/>
          </lines>
        </class>
      </classes>
    </package>
    <package name="nidavellir.test.utils" line-rate="1" branch-rate="1">
      <classes>
        <class name="base.js" filename="test/utils/base.js" line-rate="1" branch-rate="1">
          <methods>
            <method name="(anonymous_125)" hits="1" signature="()V">
              <lines>
                <line number="20" hits="1"/>
              </lines>
            </method>
            <method name="(anonymous_126)" hits="50" signature="()V">
              <lines>
                <line number="23" hits="50"/>
              </lines>
            </method>
            <method name="(anonymous_127)" hits="50" signature="()V">
              <lines>
                <line number="24" hits="50"/>
              </lines>
            </method>
            <method name="(anonymous_128)" hits="50" signature="()V">
              <lines>
                <line number="28" hits="50"/>
              </lines>
            </method>
            <method name="(anonymous_129)" hits="4" signature="()V">
              <lines>
                <line number="34" hits="4"/>
              </lines>
            </method>
            <method name="(anonymous_130)" hits="4" signature="()V">
              <lines>
                <line number="35" hits="4"/>
              </lines>
            </method>
          </methods>
          <lines>
            <line number="11" hits="1" branch="false"/>
            <line number="12" hits="1" branch="false"/>
            <line number="14" hits="1" branch="false"/>
            <line number="16" hits="1" branch="false"/>
            <line number="17" hits="1" branch="false"/>
            <line number="20" hits="1" branch="false"/>
            <line number="21" hits="1" branch="false"/>
            <line number="23" hits="1" branch="false"/>
            <line number="24" hits="50" branch="false"/>
            <line number="25" hits="50" branch="false"/>
            <line number="26" hits="50" branch="false"/>
            <line number="28" hits="50" branch="false"/>
            <line number="29" hits="50" branch="false"/>
            <line number="30" hits="50" branch="false"/>
            <line number="34" hits="1" branch="false"/>
            <line number="35" hits="4" branch="false"/>
            <line number="37" hits="4" branch="false"/>
            <line number="39" hits="4" branch="false"/>
          </lines>
        </class>
        <class name="jsonSearch.js" filename="test/utils/jsonSearch.js" line-rate="1" branch-rate="1">
          <methods>
            <method name="(anonymous_134)" hits="1" signature="()V">
              <lines>
                <line number="9" hits="1"/>
              </lines>
            </method>
            <method name="(anonymous_135)" hits="36" signature="()V">
              <lines>
                <line number="10" hits="36"/>
              </lines>
            </method>
            <method name="(anonymous_136)" hits="36" signature="()V">
              <lines>
                <line number="11" hits="36"/>
              </lines>
            </method>
            <method name="(anonymous_137)" hits="53" signature="()V">
              <lines>
                <line number="21" hits="53"/>
              </lines>
            </method>
          </methods>
          <lines>
            <line number="9" hits="1" branch="false"/>
            <line number="10" hits="1" branch="false"/>
            <line number="11" hits="36" branch="false"/>
            <line number="12" hits="36" branch="false"/>
            <line number="16" hits="36" branch="false"/>
            <line number="17" hits="36" branch="false"/>
            <line number="21" hits="53" branch="false"/>
            <line number="22" hits="53" branch="false"/>
            <line number="27" hits="53" branch="false"/>
            <line number="28" hits="53" branch="false"/>
          </lines>
        </class>
        <class name="persister.js" filename="test/utils/persister.js" line-rate="1" branch-rate="1">
          <methods>
            <method name="(anonymous_145)" hits="5" signature="()V">
              <lines>
                <line number="9" hits="5"/>
              </lines>
            </method>
            <method name="(anonymous_146)" hits="27" signature="()V">
              <lines>
                <line number="13" hits="27"/>
              </lines>
            </method>
            <method name="(anonymous_147)" hits="4" signature="()V">
              <lines>
                <line number="41" hits="4"/>
              </lines>
            </method>
            <method name="(anonymous_148)" hits="5" signature="()V">
              <lines>
                <line number="45" hits="5"/>
              </lines>
            </method>
            <method name="(anonymous_149)" hits="5" signature="()V">
              <lines>
                <line number="47" hits="5"/>
              </lines>
            </method>
            <method name="(anonymous_150)" hits="42" signature="()V">
              <lines>
                <line number="53" hits="42"/>
              </lines>
            </method>
            <method name="(anonymous_151)" hits="42" signature="()V">
              <lines>
                <line number="54" hits="42"/>
              </lines>
            </method>
            <method name="(anonymous_152)" hits="42" signature="()V">
              <lines>
                <line number="68" hits="42"/>
              </lines>
            </method>
            <method name="(anonymous_153)" hits="5" signature="()V">
              <lines>
                <line number="77" hits="5"/>
              </lines>
            </method>
          </methods>
          <lines>
            <line number="9" hits="1" branch="false"/>
            <line number="10" hits="5" branch="false"/>
            <line number="11" hits="5" branch="false"/>
            <line number="14" hits="5" branch="false"/>
            <line number="15" hits="22" branch="false"/>
            <line number="17" hits="22" branch="false"/>
            <line number="18" hits="22" branch="false"/>
            <line number="20" hits="22" branch="false"/>
            <line number="21" hits="5" branch="false"/>
            <line number="22" hits="22" branch="false"/>
            <line number="25" hits="11" branch="false"/>
            <line number="26" hits="11" branch="false"/>
            <line number="29" hits="22" branch="false"/>
            <line number="34" hits="1" branch="false"/>
            <line number="37" hits="5" branch="false"/>
            <line number="38" hits="5" branch="false"/>
            <line number="39" hits="5" branch="true" condition-coverage="100% (2/2)"/>
            <line number="40" hits="5" branch="false"/>
            <line number="41" hits="5" branch="true" condition-coverage="100% (2/2)"/>
            <line number="42" hits="5" branch="false"/>
            <line number="44" hits="5" branch="true" condition-coverage="100% (2/2)"/>
            <line number="47" hits="5" branch="false"/>
            <line number="48" hits="5" branch="false"/>
            <line number="53" hits="5" branch="false"/>
            <line number="54" hits="42" branch="false"/>
            <line number="55" hits="42" branch="false"/>
            <line number="56" hits="42" branch="false"/>
            <line number="58" hits="42" branch="false"/>
            <line number="60" hits="4" branch="false"/>
            <line number="61" hits="4" branch="false"/>
            <line number="62" hits="4" branch="false"/>
            <line number="65" hits="42" branch="false"/>
            <line number="66" hits="42" branch="true" condition-coverage="100% (2/2)"/>
            <line number="68" hits="42" branch="false"/>
            <line number="69" hits="42" branch="false"/>
            <line number="70" hits="42" branch="false"/>
            <line number="71" hits="42" branch="false"/>
            <line number="72" hits="42" branch="false"/>
            <line number="77" hits="5" branch="false"/>
            <line number="78" hits="5" branch="false"/>
          </lines>
        </class>
      </classes>
    </package>
    <package name="nidavellir.test.utils.fixtures" line-rate="1" branch-rate="1">
      <classes>
        <class name="jsonSearch.js" filename="test/utils/fixtures/jsonSearch.js" line-rate="1" branch-rate="1">
          <methods>
          </methods>
          <lines>
            <line number="1" hits="1" branch="false"/>
            <line number="38" hits="1" branch="false"/>
          </lines>
        </class>
      </classes>
    </package>
  </packages>
</coverage>
