<?xml version="1.0" encoding="UTF-8"?>
<testsuites name="Mocha Tests" time="1.9540000000000002" tests="466" failures="0">
  <testsuite name="Root Suite" timestamp="2020-03-11T20:59:13" tests="0" failures="0" time="0">
  </testsuite>
  <testsuite name="Testing HD Key" timestamp="2020-03-11T20:59:13" tests="27" file="/Users/thehobbit85/Developer/Airbitz/edge-currency-bitcoin/packages/nidavellir/build/tests.cjs.js" failures="0" time="0.10700000000000003">
    <testcase name="Testing HD Key Creating Private Key from WIF KwdMAjGmerYanjeui5SHS7JkmpZvVipYvB2LJGU1ZxJwYvP98617" time="0.002" classname="Creating Private Key from WIF KwdMAjGmerYanjeui5SHS7JkmpZvVipYvB2LJGU1ZxJwYvP98617">
    </testcase>
    <testcase name="Testing HD Key Creating Public Key from Private Key true" time="0.076" classname="Creating Public Key from Private Key true">
    </testcase>
    <testcase name="Testing HD Key Creating WIF from from Private Key true" time="0.001" classname="Creating WIF from from Private Key true">
    </testcase>
    <testcase name="Testing HD Key Creating Private Key from WIF 5HueCGU8rMjxEXxiPuD5BDku4MkFqeZyd4dZ1jvhTVqvbTLvyTJ" time="0.001" classname="Creating Private Key from WIF 5HueCGU8rMjxEXxiPuD5BDku4MkFqeZyd4dZ1jvhTVqvbTLvyTJ">
    </testcase>
    <testcase name="Testing HD Key Creating Public Key from Private Key false" time="0.005" classname="Creating Public Key from Private Key false">
    </testcase>
    <testcase name="Testing HD Key Creating WIF from from Private Key false" time="0" classname="Creating WIF from from Private Key false">
    </testcase>
    <testcase name="Testing HD Key Creating Private Key from WIF L1a6bxpVHJcM9ZEUS58MM1S9NzjxsJ14iFDV4rAdfMnE5TLGDexM" time="0.001" classname="Creating Private Key from WIF L1a6bxpVHJcM9ZEUS58MM1S9NzjxsJ14iFDV4rAdfMnE5TLGDexM">
    </testcase>
    <testcase name="Testing HD Key Creating Public Key from Private Key true" time="0.003" classname="Creating Public Key from Private Key true">
    </testcase>
    <testcase name="Testing HD Key Creating WIF from from Private Key true" time="0" classname="Creating WIF from from Private Key true">
    </testcase>
    <testcase name="Testing HD Key Creating Private Key from WIF 5JoU6f2F7QvmtnNBJ1UwuZiwv1rA2syezq5eAwBnv6cd3UUHwbV" time="0" classname="Creating Private Key from WIF 5JoU6f2F7QvmtnNBJ1UwuZiwv1rA2syezq5eAwBnv6cd3UUHwbV">
    </testcase>
    <testcase name="Testing HD Key Creating Public Key from Private Key false" time="0.003" classname="Creating Public Key from Private Key false">
    </testcase>
    <testcase name="Testing HD Key Creating WIF from from Private Key false" time="0" classname="Creating WIF from from Private Key false">
    </testcase>
    <testcase name="Testing HD Key Creating Private Key from WIF Kwo7LquQnM5Zq7UxDEKoMWTmbAkXLn5YqtWLwaTTbkTeU2pKZ1Yd" time="0.001" classname="Creating Private Key from WIF Kwo7LquQnM5Zq7UxDEKoMWTmbAkXLn5YqtWLwaTTbkTeU2pKZ1Yd">
    </testcase>
    <testcase name="Testing HD Key Creating Public Key from Private Key true" time="0.004" classname="Creating Public Key from Private Key true">
    </testcase>
    <testcase name="Testing HD Key Creating WIF from from Private Key true" time="0" classname="Creating WIF from from Private Key true">
    </testcase>
    <testcase name="Testing HD Key Creating Private Key from WIF L22QEFSQNbnHfRc2s4geN2pDbYYoKLkevrf6okBDUB6rDcXLxeHS" time="0" classname="Creating Private Key from WIF L22QEFSQNbnHfRc2s4geN2pDbYYoKLkevrf6okBDUB6rDcXLxeHS">
    </testcase>
    <testcase name="Testing HD Key Creating Public Key from Private Key true" time="0.003" classname="Creating Public Key from Private Key true">
    </testcase>
    <testcase name="Testing HD Key Creating WIF from from Private Key true" time="0" classname="Creating WIF from from Private Key true">
    </testcase>
    <testcase name="Testing HD Key Creating Private Key from WIF Kwngkbfm8AKmp1VHEnAdHGJPcmDPVALX4ydrBrEdTzYuNm6M4EpJ" time="0.001" classname="Creating Private Key from WIF Kwngkbfm8AKmp1VHEnAdHGJPcmDPVALX4ydrBrEdTzYuNm6M4EpJ">
    </testcase>
    <testcase name="Testing HD Key Creating Public Key from Private Key true" time="0.001" classname="Creating Public Key from Private Key true">
    </testcase>
    <testcase name="Testing HD Key Creating WIF from from Private Key true" time="0.001" classname="Creating WIF from from Private Key true">
    </testcase>
    <testcase name="Testing HD Key Creating Private Key from WIF KzC6waAr74TaGJjuYGFQAikbm3H5aCNebV5xStiEKgADzDD4Xi3C" time="0.002" classname="Creating Private Key from WIF KzC6waAr74TaGJjuYGFQAikbm3H5aCNebV5xStiEKgADzDD4Xi3C">
    </testcase>
    <testcase name="Testing HD Key Creating Public Key from Private Key true" time="0.001" classname="Creating Public Key from Private Key true">
    </testcase>
    <testcase name="Testing HD Key Creating WIF from from Private Key true" time="0" classname="Creating WIF from from Private Key true">
    </testcase>
    <testcase name="Testing HD Key Creating Private Key from WIF KzkH8BMjjgmvHbCGTcPfkuBKGPrTE1M2Xs6wKJ92j4DFwbvHyC4D" time="0" classname="Creating Private Key from WIF KzkH8BMjjgmvHbCGTcPfkuBKGPrTE1M2Xs6wKJ92j4DFwbvHyC4D">
    </testcase>
    <testcase name="Testing HD Key Creating Public Key from Private Key true" time="0.001" classname="Creating Public Key from Private Key true">
    </testcase>
    <testcase name="Testing HD Key Creating WIF from from Private Key true" time="0" classname="Creating WIF from from Private Key true">
    </testcase>
  </testsuite>
  <testsuite name="Testing XKey Private Key" timestamp="2020-03-11T20:59:13" tests="58" file="/Users/thehobbit85/Developer/Airbitz/edge-currency-bitcoin/packages/nidavellir/build/tests.cjs.js" failures="0" time="0.19000000000000006">
    <testcase name="Testing XKey Private Key Extended key from seed 2fe98754525f698edcb6088bb2e992c32004acef0f3905a6fb0225971dea677860805bed284ee7e5f3cdf1bee691d04201ea11290d3091b81ceffa6fc39be5f7" time="0.003" classname="Extended key from seed 2fe98754525f698edcb6088bb2e992c32004acef0f3905a6fb0225971dea677860805bed284ee7e5f3cdf1bee691d04201ea11290d3091b81ceffa6fc39be5f7">
    </testcase>
    <testcase name="Testing XKey Private Key Extended key from seed c651a27f6f4f5366999aa22271695f25a3fc28f979b138df471b869ab395961c8ba5347d43a52afbf331285add025b5c7d3eaea7ab883aba6f8b6c04f5f0dba0" time="0.002" classname="Extended key from seed c651a27f6f4f5366999aa22271695f25a3fc28f979b138df471b869ab395961c8ba5347d43a52afbf331285add025b5c7d3eaea7ab883aba6f8b6c04f5f0dba0">
    </testcase>
    <testcase name="Testing XKey Private Key Extended key from seed 16d46953c56010aee578d33dc9326075cf79e13c9492f2bd277334414b8ad19e305892e8a6e230a4e40bab8b39be1d53055b23b4bebe8f6a521b30c821764332" time="0.003" classname="Extended key from seed 16d46953c56010aee578d33dc9326075cf79e13c9492f2bd277334414b8ad19e305892e8a6e230a4e40bab8b39be1d53055b23b4bebe8f6a521b30c821764332">
    </testcase>
    <testcase name="Testing XKey Private Key Extended key from seed c094a23d338f64adde79314ecaa237cff218c8463bd10d61cc54928f2c636240319c17d3464c7104e3a7694fabfdcf84d37b9b1d97700772963777f7ff593c6a" time="0.002" classname="Extended key from seed c094a23d338f64adde79314ecaa237cff218c8463bd10d61cc54928f2c636240319c17d3464c7104e3a7694fabfdcf84d37b9b1d97700772963777f7ff593c6a">
    </testcase>
    <testcase name="Testing XKey Private Key XKey key from string: xprv9s21ZrQH143K3QTDL4LXw2F7HEK3wJUD2nW2nRk4stbPy6cq3jPPqjiChkVvvNKmPGJxWUtg6LnF5kejMRNNU3TGtRBeJgk33yuGBxrMPHi" time="0.001" classname="XKey key from string: xprv9s21ZrQH143K3QTDL4LXw2F7HEK3wJUD2nW2nRk4stbPy6cq3jPPqjiChkVvvNKmPGJxWUtg6LnF5kejMRNNU3TGtRBeJgk33yuGBxrMPHi">
    </testcase>
    <testcase name="Testing XKey Private Key XKey key to string: e8f32e723decf4051aefac8e2c93c9c5b214313817cdb01a1494b917c8436b35" time="0.001" classname="XKey key to string: e8f32e723decf4051aefac8e2c93c9c5b214313817cdb01a1494b917c8436b35">
    </testcase>
    <testcase name="Testing XKey Private Key XKey key from string: xprv9uHRZZhk6KAJC1avXpDAp4MDc3sQKNxDiPvvkX8Br5ngLNv1TxvUxt4cV1rGL5hj6KCesnDYUhd7oWgT11eZG7XnxHrnYeSvkzY7d2bhkJ7" time="0" classname="XKey key from string: xprv9uHRZZhk6KAJC1avXpDAp4MDc3sQKNxDiPvvkX8Br5ngLNv1TxvUxt4cV1rGL5hj6KCesnDYUhd7oWgT11eZG7XnxHrnYeSvkzY7d2bhkJ7">
    </testcase>
    <testcase name="Testing XKey Private Key XKey key to string: edb2e14f9ee77d26dd93b4ecede8d16ed408ce149b6cd80b0715a2d911a0afea" time="0" classname="XKey key to string: edb2e14f9ee77d26dd93b4ecede8d16ed408ce149b6cd80b0715a2d911a0afea">
    </testcase>
    <testcase name="Testing XKey Private Key XKey key from string: xprv9wTYmMFdV23N2TdNG573QoEsfRrWKQgWeibmLntzniatZvR9BmLnvSxqu53Kw1UmYPxLgboyZQaXwTCg8MSY3H2EU4pWcQDnRnrVA1xe8fs" time="0.001" classname="XKey key from string: xprv9wTYmMFdV23N2TdNG573QoEsfRrWKQgWeibmLntzniatZvR9BmLnvSxqu53Kw1UmYPxLgboyZQaXwTCg8MSY3H2EU4pWcQDnRnrVA1xe8fs">
    </testcase>
    <testcase name="Testing XKey Private Key XKey key to string: 3c6cb8d0f6a264c91ea8b5030fadaa8e538b020f0a387421a12de9319dc93368" time="0" classname="XKey key to string: 3c6cb8d0f6a264c91ea8b5030fadaa8e538b020f0a387421a12de9319dc93368">
    </testcase>
    <testcase name="Testing XKey Private Key XKey key from string: xprv9z4pot5VBttmtdRTWfWQmoH1taj2axGVzFqSb8C9xaxKymcFzXBDptWmT7FwuEzG3ryjH4ktypQSAewRiNMjANTtpgP4mLTj34bhnZX7UiM" time="0" classname="XKey key from string: xprv9z4pot5VBttmtdRTWfWQmoH1taj2axGVzFqSb8C9xaxKymcFzXBDptWmT7FwuEzG3ryjH4ktypQSAewRiNMjANTtpgP4mLTj34bhnZX7UiM">
    </testcase>
    <testcase name="Testing XKey Private Key XKey key to string: cbce0d719ecf7431d88e6a89fa1483e02e35092af60c042b1df2ff59fa424dca" time="0.001" classname="XKey key to string: cbce0d719ecf7431d88e6a89fa1483e02e35092af60c042b1df2ff59fa424dca">
    </testcase>
    <testcase name="Testing XKey Private Key XKey key from string: xprvA2JDeKCSNNZky6uBCviVfJSKyQ1mDYahRjijr5idH2WwLsEd4Hsb2Tyh8RfQMuPh7f7RtyzTtdrbdqqsunu5Mm3wDvUAKRHSC34sJ7in334" time="0" classname="XKey key from string: xprvA2JDeKCSNNZky6uBCviVfJSKyQ1mDYahRjijr5idH2WwLsEd4Hsb2Tyh8RfQMuPh7f7RtyzTtdrbdqqsunu5Mm3wDvUAKRHSC34sJ7in334">
    </testcase>
    <testcase name="Testing XKey Private Key XKey key to string: 0f479245fb19a38a1954c5c7c0ebab2f9bdfd96a17563ef28a6a4b1a2a764ef4" time="0" classname="XKey key to string: 0f479245fb19a38a1954c5c7c0ebab2f9bdfd96a17563ef28a6a4b1a2a764ef4">
    </testcase>
    <testcase name="Testing XKey Private Key XKey key from string: xprvA41z7zogVVwxVSgdKUHDy1SKmdb533PjDz7J6N6mV6uS3ze1ai8FHa8kmHScGpWmj4WggLyQjgPie1rFSruoUihUZREPSL39UNdE3BBDu76" time="0.001" classname="XKey key from string: xprvA41z7zogVVwxVSgdKUHDy1SKmdb533PjDz7J6N6mV6uS3ze1ai8FHa8kmHScGpWmj4WggLyQjgPie1rFSruoUihUZREPSL39UNdE3BBDu76">
    </testcase>
    <testcase name="Testing XKey Private Key XKey key to string: 471b76e389e528d6de6d816857e012c5455051cad6660850e58372a6c3e6e7c8" time="0" classname="XKey key to string: 471b76e389e528d6de6d816857e012c5455051cad6660850e58372a6c3e6e7c8">
    </testcase>
    <testcase name="Testing XKey Private Key XKey key from string: xprv9s21ZrQH143K31xYSDQpPDxsXRTUcvj2iNHm5NUtrGiGG5e2DtALGdso3pGz6ssrdK4PFmM8NSpSBHNqPqm55Qn3LqFtT2emdEXVYsCzC2U" time="0" classname="XKey key from string: xprv9s21ZrQH143K31xYSDQpPDxsXRTUcvj2iNHm5NUtrGiGG5e2DtALGdso3pGz6ssrdK4PFmM8NSpSBHNqPqm55Qn3LqFtT2emdEXVYsCzC2U">
    </testcase>
    <testcase name="Testing XKey Private Key XKey key to string: 4b03d6fc340455b363f51020ad3ecca4f0850280cf436c70c727923f6db46c3e" time="0" classname="XKey key to string: 4b03d6fc340455b363f51020ad3ecca4f0850280cf436c70c727923f6db46c3e">
    </testcase>
    <testcase name="Testing XKey Private Key XKey key from string: xprv9vHkqa6EV4sPZHYqZznhT2NPtPCjKuDKGY38FBWLvgaDx45zo9WQRUT3dKYnjwih2yJD9mkrocEZXo1ex8G81dwSM1fwqWpWkeS3v86pgKt" time="0.001" classname="XKey key from string: xprv9vHkqa6EV4sPZHYqZznhT2NPtPCjKuDKGY38FBWLvgaDx45zo9WQRUT3dKYnjwih2yJD9mkrocEZXo1ex8G81dwSM1fwqWpWkeS3v86pgKt">
    </testcase>
    <testcase name="Testing XKey Private Key XKey key to string: abe74a98f6c7eabee0428f53798f0ab8aa1bd37873999041703c742f15ac7e1e" time="0" classname="XKey key to string: abe74a98f6c7eabee0428f53798f0ab8aa1bd37873999041703c742f15ac7e1e">
    </testcase>
    <testcase name="Testing XKey Private Key XKey key from string: xprv9wSp6B7kry3Vj9m1zSnLvN3xH8RdsPP1Mh7fAaR7aRLcQMKTR2vidYEeEg2mUCTAwCd6vnxVrcjfy2kRgVsFawNzmjuHc2YmYRmagcEPdU9" time="0" classname="XKey key from string: xprv9wSp6B7kry3Vj9m1zSnLvN3xH8RdsPP1Mh7fAaR7aRLcQMKTR2vidYEeEg2mUCTAwCd6vnxVrcjfy2kRgVsFawNzmjuHc2YmYRmagcEPdU9">
    </testcase>
    <testcase name="Testing XKey Private Key XKey key to string: 877c779ad9687164e9c2f4f0f4ff0340814392330693ce95a58fe18fd52e6e93" time="0.001" classname="XKey key to string: 877c779ad9687164e9c2f4f0f4ff0340814392330693ce95a58fe18fd52e6e93">
    </testcase>
    <testcase name="Testing XKey Private Key XKey key from string: xprv9zFnWC6h2cLgpmSA46vutJzBcfJ8yaJGg8cX1e5StJh45BBciYTRXSd25UEPVuesF9yog62tGAQtHjXajPPdbRCHuWS6T8XA2ECKADdw4Ef" time="0" classname="XKey key from string: xprv9zFnWC6h2cLgpmSA46vutJzBcfJ8yaJGg8cX1e5StJh45BBciYTRXSd25UEPVuesF9yog62tGAQtHjXajPPdbRCHuWS6T8XA2ECKADdw4Ef">
    </testcase>
    <testcase name="Testing XKey Private Key XKey key to string: 704addf544a06e5ee4bea37098463c23613da32020d604506da8c0518e1da4b7" time="0" classname="XKey key to string: 704addf544a06e5ee4bea37098463c23613da32020d604506da8c0518e1da4b7">
    </testcase>
    <testcase name="Testing XKey Private Key XKey key from string: xprvA1RpRA33e1JQ7ifknakTFpgNXPmW2YvmhqLQYMmrj4xJXXWYpDPS3xz7iAxn8L39njGVyuoseXzU6rcxFLJ8HFsTjSyQbLYnMpCqE2VbFWc" time="0.001" classname="XKey key from string: xprvA1RpRA33e1JQ7ifknakTFpgNXPmW2YvmhqLQYMmrj4xJXXWYpDPS3xz7iAxn8L39njGVyuoseXzU6rcxFLJ8HFsTjSyQbLYnMpCqE2VbFWc">
    </testcase>
    <testcase name="Testing XKey Private Key XKey key to string: f1c7c871a54a804afe328b4c83a1c33b8e5ff48f5087273f04efa83b247d6a2d" time="0" classname="XKey key to string: f1c7c871a54a804afe328b4c83a1c33b8e5ff48f5087273f04efa83b247d6a2d">
    </testcase>
    <testcase name="Testing XKey Private Key XKey key from string: xprvA2nrNbFZABcdryreWet9Ea4LvTJcGsqrMzxHx98MMrotbir7yrKCEXw7nadnHM8Dq38EGfSh6dqA9QWTyefMLEcBYJUuekgW4BYPJcr9E7j" time="0" classname="XKey key from string: xprvA2nrNbFZABcdryreWet9Ea4LvTJcGsqrMzxHx98MMrotbir7yrKCEXw7nadnHM8Dq38EGfSh6dqA9QWTyefMLEcBYJUuekgW4BYPJcr9E7j">
    </testcase>
    <testcase name="Testing XKey Private Key XKey key to string: bb7d39bdb83ecf58f2fd82b6d918341cbef428661ef01ab97c28a4842125ac23" time="0.001" classname="XKey key to string: bb7d39bdb83ecf58f2fd82b6d918341cbef428661ef01ab97c28a4842125ac23">
    </testcase>
    <testcase name="Testing XKey Private Key XKey key from string: xprv9s21ZrQH143K35zTejeVRhkXgegDFUVpoh8Mxs2BQmXEB4w9SZ1CuoJPuQ2KGQrS1ZF3Pk7V7KWHn7FqR2JbAE9Bh8PURnrFnrmArj4kxos" time="0" classname="XKey key from string: xprv9s21ZrQH143K35zTejeVRhkXgegDFUVpoh8Mxs2BQmXEB4w9SZ1CuoJPuQ2KGQrS1ZF3Pk7V7KWHn7FqR2JbAE9Bh8PURnrFnrmArj4kxos">
    </testcase>
    <testcase name="Testing XKey Private Key XKey key to string: 7bd083869bd02e57786d119a81d406ac1524a765470acee90834c60f841e6236" time="0" classname="XKey key to string: 7bd083869bd02e57786d119a81d406ac1524a765470acee90834c60f841e6236">
    </testcase>
    <testcase name="Testing XKey Private Key XKey key from string: xprv9v414VeuxMoGt3t7jzkPni79suCfkgFwjxG38X2wgfg2mrYtV4Bhj3prhDDCcBiJrz9n4xLYoDtBFRuQmreVLKzmiZAqvbGpx5q4yHfzfah" time="0" classname="XKey key from string: xprv9v414VeuxMoGt3t7jzkPni79suCfkgFwjxG38X2wgfg2mrYtV4Bhj3prhDDCcBiJrz9n4xLYoDtBFRuQmreVLKzmiZAqvbGpx5q4yHfzfah">
    </testcase>
    <testcase name="Testing XKey Private Key XKey key to string: 622c81feac4a3bf2d87578edeb3384b8b024184fbc515626c897ea452e7c8f96" time="0" classname="XKey key to string: 622c81feac4a3bf2d87578edeb3384b8b024184fbc515626c897ea452e7c8f96">
    </testcase>
    <testcase name="Testing XKey Private Key XKey key from string: xprv9v414VeuxMoGusHLt8GowZuX6hn3Cp3qzAE6Cb2jKPH5MBgLJu2CWuiLKTdWV8WoNFYvpCcBfbpWfeyEQ8zytZW5qy39roTcugBGUkeAvCc" time="0" classname="XKey key from string: xprv9v414VeuxMoGusHLt8GowZuX6hn3Cp3qzAE6Cb2jKPH5MBgLJu2CWuiLKTdWV8WoNFYvpCcBfbpWfeyEQ8zytZW5qy39roTcugBGUkeAvCc">
    </testcase>
    <testcase name="Testing XKey Private Key XKey key to string: da4b3947e054576f0f353d1a7f4eedd7dbca242a83cba29d3962a2ffd4e30ae5" time="0" classname="XKey key to string: da4b3947e054576f0f353d1a7f4eedd7dbca242a83cba29d3962a2ffd4e30ae5">
    </testcase>
    <testcase name="Testing XKey Private Key XKey key from string: xprv9v414VeuxMoGyViVYuzEN5vLDzff3nkrH5Bf4KzD1iTeY855Q4cCc6xPPNoc6MJcsqqRQiGqR977cEEGK2mhVp7ALKHqY1icEw3Q9UmfQ1v" time="0" classname="XKey key from string: xprv9v414VeuxMoGyViVYuzEN5vLDzff3nkrH5Bf4KzD1iTeY855Q4cCc6xPPNoc6MJcsqqRQiGqR977cEEGK2mhVp7ALKHqY1icEw3Q9UmfQ1v">
    </testcase>
    <testcase name="Testing XKey Private Key XKey key to string: b7aaa6c8f5b4013e7b1755ae877b9fad530e9b2e86f68cec7420a6cea38e81b0" time="0" classname="XKey key to string: b7aaa6c8f5b4013e7b1755ae877b9fad530e9b2e86f68cec7420a6cea38e81b0">
    </testcase>
    <testcase name="Testing XKey Private Key XKey key from string: xprv9xaK29Nm86ytEwsV9YSsL3jWYR6KtZYY3cKdjAbxHrwKyxH9YWoxvqKwtgQmExGpxAEDrwB4WK9YG1iukth3XiSgsxXLK1W3NB31gLee8fi" time="0" classname="XKey key from string: xprv9xaK29Nm86ytEwsV9YSsL3jWYR6KtZYY3cKdjAbxHrwKyxH9YWoxvqKwtgQmExGpxAEDrwB4WK9YG1iukth3XiSgsxXLK1W3NB31gLee8fi">
    </testcase>
    <testcase name="Testing XKey Private Key XKey key to string: c9ba3ede6230e80cb243e9b20a1bd4846165ea312fde7eafe56fc52dcd583899" time="0" classname="XKey key to string: c9ba3ede6230e80cb243e9b20a1bd4846165ea312fde7eafe56fc52dcd583899">
    </testcase>
    <testcase name="Testing XKey Private Key XKey key from string: xprv9xaK29Nm86ytGx9uDhNKUBjvbJ1sAEM11aYxGQS66Rmg6oHwy7HbB6kWwMHvukzdbPpGhfNXhZgePWFHm1DCh5PACPFywJJKr1AnUJTLjUc" time="0" classname="XKey key from string: xprv9xaK29Nm86ytGx9uDhNKUBjvbJ1sAEM11aYxGQS66Rmg6oHwy7HbB6kWwMHvukzdbPpGhfNXhZgePWFHm1DCh5PACPFywJJKr1AnUJTLjUc">
    </testcase>
    <testcase name="Testing XKey Private Key XKey key to string: f2039f55285a430162c720126d26e96ec43e5b680a0d71cbabaa28dbea091f43" time="0.001" classname="XKey key to string: f2039f55285a430162c720126d26e96ec43e5b680a0d71cbabaa28dbea091f43">
    </testcase>
    <testcase name="Testing XKey Private Key XKey key from string: xprv9s21ZrQH143K3ckY9DgU79uMTJkQRLdbCCVDh81SnxTgPzLLGax6uHeBULTtaEtcAvKjXfT7ZWtHzKjTpujMkUd9dDb8msDeAfnJxrgAYhr" time="0" classname="XKey key from string: xprv9s21ZrQH143K3ckY9DgU79uMTJkQRLdbCCVDh81SnxTgPzLLGax6uHeBULTtaEtcAvKjXfT7ZWtHzKjTpujMkUd9dDb8msDeAfnJxrgAYhr">
    </testcase>
    <testcase name="Testing XKey Private Key XKey key to string: 00000055378cf5fafb56c711c674143f9b0ee82ab0ba2924f19b64f5ae7cdbfd" time="0" classname="XKey key to string: 00000055378cf5fafb56c711c674143f9b0ee82ab0ba2924f19b64f5ae7cdbfd">
    </testcase>
    <testcase name="Testing XKey Private Key Deriving key e8f32e723decf4051aefac8e2c93c9c5b214313817cdb01a1494b917c8436b35 for index 2147483648" time="0.005" classname="Deriving key e8f32e723decf4051aefac8e2c93c9c5b214313817cdb01a1494b917c8436b35 for index 2147483648">
    </testcase>
    <testcase name="Testing XKey Private Key Deriving key 3c6cb8d0f6a264c91ea8b5030fadaa8e538b020f0a387421a12de9319dc93368 for index 2147483650" time="0.004" classname="Deriving key 3c6cb8d0f6a264c91ea8b5030fadaa8e538b020f0a387421a12de9319dc93368 for index 2147483650">
    </testcase>
    <testcase name="Testing XKey Private Key Deriving key abe74a98f6c7eabee0428f53798f0ab8aa1bd37873999041703c742f15ac7e1e for index 4294967295" time="0.002" classname="Deriving key abe74a98f6c7eabee0428f53798f0ab8aa1bd37873999041703c742f15ac7e1e for index 4294967295">
    </testcase>
    <testcase name="Testing XKey Private Key Deriving key 704addf544a06e5ee4bea37098463c23613da32020d604506da8c0518e1da4b7 for index 4294967294" time="0.003" classname="Deriving key 704addf544a06e5ee4bea37098463c23613da32020d604506da8c0518e1da4b7 for index 4294967294">
    </testcase>
    <testcase name="Testing XKey Private Key Deriving key edb2e14f9ee77d26dd93b4ecede8d16ed408ce149b6cd80b0715a2d911a0afea for index 1" time="0.003" classname="Deriving key edb2e14f9ee77d26dd93b4ecede8d16ed408ce149b6cd80b0715a2d911a0afea for index 1">
    </testcase>
    <testcase name="Testing XKey Private Key Deriving key cbce0d719ecf7431d88e6a89fa1483e02e35092af60c042b1df2ff59fa424dca for index 2" time="0.002" classname="Deriving key cbce0d719ecf7431d88e6a89fa1483e02e35092af60c042b1df2ff59fa424dca for index 2">
    </testcase>
    <testcase name="Testing XKey Private Key Deriving key 4b03d6fc340455b363f51020ad3ecca4f0850280cf436c70c727923f6db46c3e for index 0" time="0.004" classname="Deriving key 4b03d6fc340455b363f51020ad3ecca4f0850280cf436c70c727923f6db46c3e for index 0">
    </testcase>
    <testcase name="Testing XKey Private Key Deriving key 877c779ad9687164e9c2f4f0f4ff0340814392330693ce95a58fe18fd52e6e93 for index 1" time="0.004" classname="Deriving key 877c779ad9687164e9c2f4f0f4ff0340814392330693ce95a58fe18fd52e6e93 for index 1">
    </testcase>
    <testcase name="Testing XKey Private Key Deriving key f1c7c871a54a804afe328b4c83a1c33b8e5ff48f5087273f04efa83b247d6a2d for index 2" time="0.003" classname="Deriving key f1c7c871a54a804afe328b4c83a1c33b8e5ff48f5087273f04efa83b247d6a2d for index 2">
    </testcase>
    <testcase name="Testing XKey Private Key Deriving XKey key xprv9s21ZrQH143K2n9Xc76gUieX7Nk6aj2v8YusPEPnuoZ6DFmRwkjox3u4istSoy4sS1KWj5QNPxQ8gokjxxX3ziSD5hMjdtGq23HLHWLcejz from XKey Settings xprv9wu4xj9HBf23eLtY9AvoQSth3vA4TpE4a4SUBXHD3yK62ikgaRvVH8pMq2SzRVVG63GtPgjTKZY1CYmHkgyucgjeMKGBANpMksxDTPWtqcU" time="0.012" classname="Deriving XKey key xprv9s21ZrQH143K2n9Xc76gUieX7Nk6aj2v8YusPEPnuoZ6DFmRwkjox3u4istSoy4sS1KWj5QNPxQ8gokjxxX3ziSD5hMjdtGq23HLHWLcejz from XKey Settings xprv9wu4xj9HBf23eLtY9AvoQSth3vA4TpE4a4SUBXHD3yK62ikgaRvVH8pMq2SzRVVG63GtPgjTKZY1CYmHkgyucgjeMKGBANpMksxDTPWtqcU">
    </testcase>
    <testcase name="Testing XKey Private Key Deriving XKey key xprv9s21ZrQH143K2n9Xc76gUieX7Nk6aj2v8YusPEPnuoZ6DFmRwkjox3u4istSoy4sS1KWj5QNPxQ8gokjxxX3ziSD5hMjdtGq23HLHWLcejz from XKey Settings xprvA1DL6AqusHvgE9Anktxvm2vBStKKT6EmEX32vDxaJipiEDccBnvsZpoVyTBQQDzVX727icM3CKy2oPdFZj84n8EsE8CWYaAqxLmNNMPsKsc" time="0.029" classname="Deriving XKey key xprv9s21ZrQH143K2n9Xc76gUieX7Nk6aj2v8YusPEPnuoZ6DFmRwkjox3u4istSoy4sS1KWj5QNPxQ8gokjxxX3ziSD5hMjdtGq23HLHWLcejz from XKey Settings xprvA1DL6AqusHvgE9Anktxvm2vBStKKT6EmEX32vDxaJipiEDccBnvsZpoVyTBQQDzVX727icM3CKy2oPdFZj84n8EsE8CWYaAqxLmNNMPsKsc">
    </testcase>
    <testcase name="Testing XKey Private Key Deriving XKey key xprv9s21ZrQH143K2n9Xc76gUieX7Nk6aj2v8YusPEPnuoZ6DFmRwkjox3u4istSoy4sS1KWj5QNPxQ8gokjxxX3ziSD5hMjdtGq23HLHWLcejz from XKey Settings xprvA1DL6AqusHvgE9Anktxvm2vBStKKT6EmEX32vDxaJipiEDccBnvsZpoVyTBQQDzVX727icM3CKy2oPdFZj84n8EsE8CWYaAqxLmNNMPsKsc" time="0.047" classname="Deriving XKey key xprv9s21ZrQH143K2n9Xc76gUieX7Nk6aj2v8YusPEPnuoZ6DFmRwkjox3u4istSoy4sS1KWj5QNPxQ8gokjxxX3ziSD5hMjdtGq23HLHWLcejz from XKey Settings xprvA1DL6AqusHvgE9Anktxvm2vBStKKT6EmEX32vDxaJipiEDccBnvsZpoVyTBQQDzVX727icM3CKy2oPdFZj84n8EsE8CWYaAqxLmNNMPsKsc">
    </testcase>
    <testcase name="Testing XKey Private Key Deriving XKey key xprv9s21ZrQH143K2n9Xc76gUieX7Nk6aj2v8YusPEPnuoZ6DFmRwkjox3u4istSoy4sS1KWj5QNPxQ8gokjxxX3ziSD5hMjdtGq23HLHWLcejz from XKey Settings xprvA1EHkuHt6M4kCWHv7s6eQCXxCzcusYp4VatT3R6ALQX1vwTnBJRbbRcWn695uBN7LoKyhLfjZ8kE7crcGcoJokPRFmCVKvKhHRo2AGvoty6" time="0.017" classname="Deriving XKey key xprv9s21ZrQH143K2n9Xc76gUieX7Nk6aj2v8YusPEPnuoZ6DFmRwkjox3u4istSoy4sS1KWj5QNPxQ8gokjxxX3ziSD5hMjdtGq23HLHWLcejz from XKey Settings xprvA1EHkuHt6M4kCWHv7s6eQCXxCzcusYp4VatT3R6ALQX1vwTnBJRbbRcWn695uBN7LoKyhLfjZ8kE7crcGcoJokPRFmCVKvKhHRo2AGvoty6">
    </testcase>
    <testcase name="Testing XKey Private Key Deriving XKey key from xkey xprv9s21ZrQH143K2n9Xc76gUieX7Nk6aj2v8YusPEPnuoZ6DFmRwkjox3u4istSoy4sS1KWj5QNPxQ8gokjxxX3ziSD5hMjdtGq23HLHWLcejz with path m/44&apos;/0&apos;/0&apos;/0" time="0.014" classname="Deriving XKey key from xkey xprv9s21ZrQH143K2n9Xc76gUieX7Nk6aj2v8YusPEPnuoZ6DFmRwkjox3u4istSoy4sS1KWj5QNPxQ8gokjxxX3ziSD5hMjdtGq23HLHWLcejz with path m/44&apos;/0&apos;/0&apos;/0">
    </testcase>
    <testcase name="Testing XKey Private Key Deriving XKey key from xkey xprv9s21ZrQH143K2n9Xc76gUieX7Nk6aj2v8YusPEPnuoZ6DFmRwkjox3u4istSoy4sS1KWj5QNPxQ8gokjxxX3ziSD5hMjdtGq23HLHWLcejz with path m/84&apos;/1&apos;/185&apos;/1" time="0.013" classname="Deriving XKey key from xkey xprv9s21ZrQH143K2n9Xc76gUieX7Nk6aj2v8YusPEPnuoZ6DFmRwkjox3u4istSoy4sS1KWj5QNPxQ8gokjxxX3ziSD5hMjdtGq23HLHWLcejz with path m/84&apos;/1&apos;/185&apos;/1">
    </testcase>
    <testcase name="Testing XKey Private Key Deriving XKey key from xkey xprv9s21ZrQH143K2n9Xc76gUieX7Nk6aj2v8YusPEPnuoZ6DFmRwkjox3u4istSoy4sS1KWj5QNPxQ8gokjxxX3ziSD5hMjdtGq23HLHWLcejz with path m/32/0/1" time="0.008" classname="Deriving XKey key from xkey xprv9s21ZrQH143K2n9Xc76gUieX7Nk6aj2v8YusPEPnuoZ6DFmRwkjox3u4istSoy4sS1KWj5QNPxQ8gokjxxX3ziSD5hMjdtGq23HLHWLcejz with path m/32/0/1">
    </testcase>
  </testsuite>
  <testsuite name="Testing XKey Public Key" timestamp="2020-03-11T20:59:14" tests="44" file="/Users/thehobbit85/Developer/Airbitz/edge-currency-bitcoin/packages/nidavellir/build/tests.cjs.js" failures="0" time="0.019000000000000003">
    <testcase name="Testing XKey Public Key XKey key from string: xpub661MyMwAqRbcFtXgS5sYJABqqG9YLmC4Q1Rdap9gSE8NqtwybGhePY2gZ29ESFjqJoCu1Rupje8YtGqsefD265TMg7usUDFdp6W1EGMcet8" time="0.001" classname="XKey key from string: xpub661MyMwAqRbcFtXgS5sYJABqqG9YLmC4Q1Rdap9gSE8NqtwybGhePY2gZ29ESFjqJoCu1Rupje8YtGqsefD265TMg7usUDFdp6W1EGMcet8">
    </testcase>
    <testcase name="Testing XKey Public Key XKey key to string: 0339a36013301597daef41fbe593a02cc513d0b55527ec2df1050e2e8ff49c85c2" time="0" classname="XKey key to string: 0339a36013301597daef41fbe593a02cc513d0b55527ec2df1050e2e8ff49c85c2">
    </testcase>
    <testcase name="Testing XKey Public Key XKey key from string: xpub68Gmy5EdvgibQVfPdqkBBCHxA5htiqg55crXYuXoQRKfDBFA1WEjWgP6LHhwBZeNK1VTsfTFUHCdrfp1bgwQ9xv5ski8PX9rL2dZXvgGDnw" time="0" classname="XKey key from string: xpub68Gmy5EdvgibQVfPdqkBBCHxA5htiqg55crXYuXoQRKfDBFA1WEjWgP6LHhwBZeNK1VTsfTFUHCdrfp1bgwQ9xv5ski8PX9rL2dZXvgGDnw">
    </testcase>
    <testcase name="Testing XKey Public Key XKey key to string: 035a784662a4a20a65bf6aab9ae98a6c068a81c52e4b032c0fb5400c706cfccc56" time="0" classname="XKey key to string: 035a784662a4a20a65bf6aab9ae98a6c068a81c52e4b032c0fb5400c706cfccc56">
    </testcase>
    <testcase name="Testing XKey Public Key XKey key from string: xpub6ASuArnXKPbfEwhqN6e3mwBcDTgzisQN1wXN9BJcM47sSikHjJf3UFHKkNAWbWMiGj7Wf5uMash7SyYq527Hqck2AxYysAA7xmALppuCkwQ" time="0.001" classname="XKey key from string: xpub6ASuArnXKPbfEwhqN6e3mwBcDTgzisQN1wXN9BJcM47sSikHjJf3UFHKkNAWbWMiGj7Wf5uMash7SyYq527Hqck2AxYysAA7xmALppuCkwQ">
    </testcase>
    <testcase name="Testing XKey Public Key XKey key to string: 03501e454bf00751f24b1b489aa925215d66af2234e3891c3b21a52bedb3cd711c" time="0" classname="XKey key to string: 03501e454bf00751f24b1b489aa925215d66af2234e3891c3b21a52bedb3cd711c">
    </testcase>
    <testcase name="Testing XKey Public Key XKey key from string: xpub6D4BDPcP2GT577Vvch3R8wDkScZWzQzMMUm3PWbmWvVJrZwQY4VUNgqFJPMM3No2dFDFGTsxxpG5uJh7n7epu4trkrX7x7DogT5Uv6fcLW5" time="0" classname="XKey key from string: xpub6D4BDPcP2GT577Vvch3R8wDkScZWzQzMMUm3PWbmWvVJrZwQY4VUNgqFJPMM3No2dFDFGTsxxpG5uJh7n7epu4trkrX7x7DogT5Uv6fcLW5">
    </testcase>
    <testcase name="Testing XKey Public Key XKey key to string: 0357bfe1e341d01c69fe5654309956cbea516822fba8a601743a012a7896ee8dc2" time="0" classname="XKey key to string: 0357bfe1e341d01c69fe5654309956cbea516822fba8a601743a012a7896ee8dc2">
    </testcase>
    <testcase name="Testing XKey Public Key XKey key from string: xpub6FHa3pjLCk84BayeJxFW2SP4XRrFd1JYnxeLeU8EqN3vDfZmbqBqaGJAyiLjTAwm6ZLRQUMv1ZACTj37sR62cfN7fe5JnJ7dh8zL4fiyLHV" time="0.001" classname="XKey key from string: xpub6FHa3pjLCk84BayeJxFW2SP4XRrFd1JYnxeLeU8EqN3vDfZmbqBqaGJAyiLjTAwm6ZLRQUMv1ZACTj37sR62cfN7fe5JnJ7dh8zL4fiyLHV">
    </testcase>
    <testcase name="Testing XKey Public Key XKey key to string: 02e8445082a72f29b75ca48748a914df60622a609cacfce8ed0e35804560741d29" time="0" classname="XKey key to string: 02e8445082a72f29b75ca48748a914df60622a609cacfce8ed0e35804560741d29">
    </testcase>
    <testcase name="Testing XKey Public Key XKey key from string: xpub6H1LXWLaKsWFhvm6RVpEL9P4KfRZSW7abD2ttkWP3SSQvnyA8FSVqNTEcYFgJS2UaFcxupHiYkro49S8yGasTvXEYBVPamhGW6cFJodrTHy" time="0" classname="XKey key from string: xpub6H1LXWLaKsWFhvm6RVpEL9P4KfRZSW7abD2ttkWP3SSQvnyA8FSVqNTEcYFgJS2UaFcxupHiYkro49S8yGasTvXEYBVPamhGW6cFJodrTHy">
    </testcase>
    <testcase name="Testing XKey Public Key XKey key to string: 022a471424da5e657499d1ff51cb43c47481a03b1e77f951fe64cec9f5a48f7011" time="0" classname="XKey key to string: 022a471424da5e657499d1ff51cb43c47481a03b1e77f951fe64cec9f5a48f7011">
    </testcase>
    <testcase name="Testing XKey Public Key XKey key from string: xpub661MyMwAqRbcFW31YEwpkMuc5THy2PSt5bDMsktWQcFF8syAmRUapSCGu8ED9W6oDMSgv6Zz8idoc4a6mr8BDzTJY47LJhkJ8UB7WEGuduB" time="0.001" classname="XKey key from string: xpub661MyMwAqRbcFW31YEwpkMuc5THy2PSt5bDMsktWQcFF8syAmRUapSCGu8ED9W6oDMSgv6Zz8idoc4a6mr8BDzTJY47LJhkJ8UB7WEGuduB">
    </testcase>
    <testcase name="Testing XKey Public Key XKey key to string: 03cbcaa9c98c877a26977d00825c956a238e8dddfbd322cce4f74b0b5bd6ace4a7" time="0" classname="XKey key to string: 03cbcaa9c98c877a26977d00825c956a238e8dddfbd322cce4f74b0b5bd6ace4a7">
    </testcase>
    <testcase name="Testing XKey Public Key XKey key from string: xpub69H7F5d8KSRgmmdJg2KhpAK8SR3DjMwAdkxj3ZuxV27CprR9LgpeyGmXUbC6wb7ERfvrnKZjXoUmmDznezpbZb7ap6r1D3tgFxHmwMkQTPH" time="0" classname="XKey key from string: xpub69H7F5d8KSRgmmdJg2KhpAK8SR3DjMwAdkxj3ZuxV27CprR9LgpeyGmXUbC6wb7ERfvrnKZjXoUmmDznezpbZb7ap6r1D3tgFxHmwMkQTPH">
    </testcase>
    <testcase name="Testing XKey Public Key XKey key to string: 02fc9e5af0ac8d9b3cecfe2a888e2117ba3d089d8585886c9c826b6b22a98d12ea" time="0" classname="XKey key to string: 02fc9e5af0ac8d9b3cecfe2a888e2117ba3d089d8585886c9c826b6b22a98d12ea">
    </testcase>
    <testcase name="Testing XKey Public Key XKey key from string: xpub6ASAVgeehLbnwdqV6UKMHVzgqAG8Gr6riv3Fxxpj8ksbH9ebxaEyBLZ85ySDhKiLDBrQSARLq1uNRts8RuJiHjaDMBU4Zn9h8LZNnBC5y4a" time="0.001" classname="XKey key from string: xpub6ASAVgeehLbnwdqV6UKMHVzgqAG8Gr6riv3Fxxpj8ksbH9ebxaEyBLZ85ySDhKiLDBrQSARLq1uNRts8RuJiHjaDMBU4Zn9h8LZNnBC5y4a">
    </testcase>
    <testcase name="Testing XKey Public Key XKey key to string: 03c01e7425647bdefa82b12d9bad5e3e6865bee0502694b94ca58b666abc0a5c3b" time="0" classname="XKey key to string: 03c01e7425647bdefa82b12d9bad5e3e6865bee0502694b94ca58b666abc0a5c3b">
    </testcase>
    <testcase name="Testing XKey Public Key XKey key from string: xpub6DF8uhdarytz3FWdA8TvFSvvAh8dP3283MY7p2V4SeE2wyWmG5mg5EwVvmdMVCQcoNJxGoWaU9DCWh89LojfZ537wTfunKau47EL2dhHKon" time="0" classname="XKey key from string: xpub6DF8uhdarytz3FWdA8TvFSvvAh8dP3283MY7p2V4SeE2wyWmG5mg5EwVvmdMVCQcoNJxGoWaU9DCWh89LojfZ537wTfunKau47EL2dhHKon">
    </testcase>
    <testcase name="Testing XKey Public Key XKey key to string: 03a7d1d856deb74c508e05031f9895dab54626251b3806e16b4bd12e781a7df5b9" time="0" classname="XKey key to string: 03a7d1d856deb74c508e05031f9895dab54626251b3806e16b4bd12e781a7df5b9">
    </testcase>
    <testcase name="Testing XKey Public Key XKey key from string: xpub6ERApfZwUNrhLCkDtcHTcxd75RbzS1ed54G1LkBUHQVHQKqhMkhgbmJbZRkrgZw4koxb5JaHWkY4ALHY2grBGRjaDMzQLcgJvLJuZZvRcEL" time="0.001" classname="XKey key from string: xpub6ERApfZwUNrhLCkDtcHTcxd75RbzS1ed54G1LkBUHQVHQKqhMkhgbmJbZRkrgZw4koxb5JaHWkY4ALHY2grBGRjaDMzQLcgJvLJuZZvRcEL">
    </testcase>
    <testcase name="Testing XKey Public Key XKey key to string: 02d2b36900396c9282fa14628566582f206a5dd0bcc8d5e892611806cafb0301f0" time="0" classname="XKey key to string: 02d2b36900396c9282fa14628566582f206a5dd0bcc8d5e892611806cafb0301f0">
    </testcase>
    <testcase name="Testing XKey Public Key XKey key from string: xpub6FnCn6nSzZAw5Tw7cgR9bi15UV96gLZhjDstkXXxvCLsUXBGXPdSnLFbdpq8p9HmGsApME5hQTZ3emM2rnY5agb9rXpVGyy3bdW6EEgAtqt" time="0" classname="XKey key from string: xpub6FnCn6nSzZAw5Tw7cgR9bi15UV96gLZhjDstkXXxvCLsUXBGXPdSnLFbdpq8p9HmGsApME5hQTZ3emM2rnY5agb9rXpVGyy3bdW6EEgAtqt">
    </testcase>
    <testcase name="Testing XKey Public Key XKey key to string: 024d902e1a2fc7a8755ab5b694c575fce742c48d9ff192e63df5193e4c7afe1f9c" time="0" classname="XKey key to string: 024d902e1a2fc7a8755ab5b694c575fce742c48d9ff192e63df5193e4c7afe1f9c">
    </testcase>
    <testcase name="Testing XKey Public Key XKey key from string: xpub661MyMwAqRbcFa4vkmBVnqhGEgWhewDgAv3xmFRny74D3sGHz6KTTbcskg2vZEMbEwxc4oaR435oczhSu4GdNwhwiVewcewU8A1Rr6HehAU" time="0.001" classname="XKey key from string: xpub661MyMwAqRbcFa4vkmBVnqhGEgWhewDgAv3xmFRny74D3sGHz6KTTbcskg2vZEMbEwxc4oaR435oczhSu4GdNwhwiVewcewU8A1Rr6HehAU">
    </testcase>
    <testcase name="Testing XKey Public Key XKey key to string: 02fce1b65c7470270fb89e5aa1dda253406b3370b948eae8a2a3539c4f25894283" time="0" classname="XKey key to string: 02fce1b65c7470270fb89e5aa1dda253406b3370b948eae8a2a3539c4f25894283">
    </testcase>
    <testcase name="Testing XKey Public Key XKey key from string: xpub693MU1BonjMa6Xxar2HQ9r3tRw3AA8yo7BBdvuSZF1D1eet32bVxGr9LYViWMtaLfQaa2StXeUmDG5VELFkU9pc3yfTzCk61WQJdR6ezj7a" time="0" classname="XKey key from string: xpub693MU1BonjMa6Xxar2HQ9r3tRw3AA8yo7BBdvuSZF1D1eet32bVxGr9LYViWMtaLfQaa2StXeUmDG5VELFkU9pc3yfTzCk61WQJdR6ezj7a">
    </testcase>
    <testcase name="Testing XKey Public Key XKey key to string: 0324670e21612d0035d74563b25934ebfe0b1b1ea77ea18719029541aba107228a" time="0" classname="XKey key to string: 0324670e21612d0035d74563b25934ebfe0b1b1ea77ea18719029541aba107228a">
    </testcase>
    <testcase name="Testing XKey Public Key XKey key from string: xpub693MU1BonjMa8MMoz9opJhrFejcXcGmhMP9gzySLsip4Dz1UrSLT4i2pAimHDyM2onW2H2L2HkbwrZqoizQLMoErXu8mPYxDf8tJUBAfBuT" time="0.001" classname="XKey key from string: xpub693MU1BonjMa8MMoz9opJhrFejcXcGmhMP9gzySLsip4Dz1UrSLT4i2pAimHDyM2onW2H2L2HkbwrZqoizQLMoErXu8mPYxDf8tJUBAfBuT">
    </testcase>
    <testcase name="Testing XKey Public Key XKey key to string: 02e7eddf4cfa267c3b33a7e9387f28c55b6e806a79824c797b0f5acdfcdccc73e8" time="0" classname="XKey key to string: 02e7eddf4cfa267c3b33a7e9387f28c55b6e806a79824c797b0f5acdfcdccc73e8">
    </testcase>
    <testcase name="Testing XKey Public Key XKey key from string: xpub693MU1BonjMa8MMoz9opJhrFejcXcGmhMP9gzySLsip4Dz1UrSLT4i2pAimHDyM2onW2H2L2HkbwrZqoizQLMoErXu8mPYxDf8tJUBAfBuT" time="0" classname="XKey key from string: xpub693MU1BonjMa8MMoz9opJhrFejcXcGmhMP9gzySLsip4Dz1UrSLT4i2pAimHDyM2onW2H2L2HkbwrZqoizQLMoErXu8mPYxDf8tJUBAfBuT">
    </testcase>
    <testcase name="Testing XKey Public Key XKey key to string: 02e7eddf4cfa267c3b33a7e9387f28c55b6e806a79824c797b0f5acdfcdccc73e8" time="0" classname="XKey key to string: 02e7eddf4cfa267c3b33a7e9387f28c55b6e806a79824c797b0f5acdfcdccc73e8">
    </testcase>
    <testcase name="Testing XKey Public Key XKey key from string: xpub693MU1BonjMaBynxewXEjDs4n2W9TFUheJ7FriPpa3zdQvQDwbvT9uGsEebvioAcYbtRUU7ge4yVgj8WDLrwtwuXKTWiieFoYX2B1JYUEfK" time="0.001" classname="XKey key from string: xpub693MU1BonjMaBynxewXEjDs4n2W9TFUheJ7FriPpa3zdQvQDwbvT9uGsEebvioAcYbtRUU7ge4yVgj8WDLrwtwuXKTWiieFoYX2B1JYUEfK">
    </testcase>
    <testcase name="Testing XKey Public Key XKey key to string: 031cd583c3ffb87477c539012859195f821e33b16435e8f3da0b40247056158618" time="0" classname="XKey key to string: 031cd583c3ffb87477c539012859195f821e33b16435e8f3da0b40247056158618">
    </testcase>
    <testcase name="Testing XKey Public Key XKey key from string: xpub6BZfReuexUYBTRwxFZyshBgF6SvpJ2GPQqFEXZ1ZrCUJrkcJ648DUdeRjx9QiNQxQvPcHYV3rGkvuExFQbVRS4kU5ynx4fAsWWhHgyPh1pP" time="0" classname="XKey key from string: xpub6BZfReuexUYBTRwxFZyshBgF6SvpJ2GPQqFEXZ1ZrCUJrkcJ648DUdeRjx9QiNQxQvPcHYV3rGkvuExFQbVRS4kU5ynx4fAsWWhHgyPh1pP">
    </testcase>
    <testcase name="Testing XKey Public Key XKey key to string: 03268cd9af10d8b9d36f9c5da10038286174afc654c06f6aacfeea306b0c7a7637" time="0" classname="XKey key to string: 03268cd9af10d8b9d36f9c5da10038286174afc654c06f6aacfeea306b0c7a7637">
    </testcase>
    <testcase name="Testing XKey Public Key XKey key from string: xpub6BZfReuexUYBVSENKiuKqKgf9KrMZh4rNoUZ4nqhemJeybd6Webqiu4zndBwa9UB4Jvr5jB5Bcgng6reXAKCuDiVm7zhzJ13BUDBiM8HidZ" time="0.001" classname="XKey key from string: xpub6BZfReuexUYBVSENKiuKqKgf9KrMZh4rNoUZ4nqhemJeybd6Webqiu4zndBwa9UB4Jvr5jB5Bcgng6reXAKCuDiVm7zhzJ13BUDBiM8HidZ">
    </testcase>
    <testcase name="Testing XKey Public Key XKey key to string: 03641a1997a3538dd18036b941600b96e0c6229182c7089119894823324a5fff0c" time="0" classname="XKey key to string: 03641a1997a3538dd18036b941600b96e0c6229182c7089119894823324a5fff0c">
    </testcase>
    <testcase name="Testing XKey Public Key Deriving key 035a784662a4a20a65bf6aab9ae98a6c068a81c52e4b032c0fb5400c706cfccc56 for index 1" time="0.002" classname="Deriving key 035a784662a4a20a65bf6aab9ae98a6c068a81c52e4b032c0fb5400c706cfccc56 for index 1">
    </testcase>
    <testcase name="Testing XKey Public Key Deriving key 0357bfe1e341d01c69fe5654309956cbea516822fba8a601743a012a7896ee8dc2 for index 2" time="0.002" classname="Deriving key 0357bfe1e341d01c69fe5654309956cbea516822fba8a601743a012a7896ee8dc2 for index 2">
    </testcase>
    <testcase name="Testing XKey Public Key Deriving key 02e8445082a72f29b75ca48748a914df60622a609cacfce8ed0e35804560741d29 for index 1000000000" time="0.001" classname="Deriving key 02e8445082a72f29b75ca48748a914df60622a609cacfce8ed0e35804560741d29 for index 1000000000">
    </testcase>
    <testcase name="Testing XKey Public Key Deriving key 03cbcaa9c98c877a26977d00825c956a238e8dddfbd322cce4f74b0b5bd6ace4a7 for index 0" time="0.001" classname="Deriving key 03cbcaa9c98c877a26977d00825c956a238e8dddfbd322cce4f74b0b5bd6ace4a7 for index 0">
    </testcase>
    <testcase name="Testing XKey Public Key Deriving key 03c01e7425647bdefa82b12d9bad5e3e6865bee0502694b94ca58b666abc0a5c3b for index 1" time="0.002" classname="Deriving key 03c01e7425647bdefa82b12d9bad5e3e6865bee0502694b94ca58b666abc0a5c3b for index 1">
    </testcase>
    <testcase name="Testing XKey Public Key Deriving key 02d2b36900396c9282fa14628566582f206a5dd0bcc8d5e892611806cafb0301f0 for index 2" time="0.001" classname="Deriving key 02d2b36900396c9282fa14628566582f206a5dd0bcc8d5e892611806cafb0301f0 for index 2">
    </testcase>
  </testsuite>
  <testsuite name="Testing XPriv Key" timestamp="2020-03-11T20:59:14" tests="58" file="/Users/thehobbit85/Developer/Airbitz/edge-currency-bitcoin/packages/nidavellir/build/tests.cjs.js" failures="0" time="0.12400000000000001">
    <testcase name="Testing XPriv Key XPriv from seed 2fe98754525f698edcb6088bb2e992c32004acef0f3905a6fb0225971dea677860805bed284ee7e5f3cdf1bee691d04201ea11290d3091b81ceffa6fc39be5f7" time="0.001" classname="XPriv from seed 2fe98754525f698edcb6088bb2e992c32004acef0f3905a6fb0225971dea677860805bed284ee7e5f3cdf1bee691d04201ea11290d3091b81ceffa6fc39be5f7">
    </testcase>
    <testcase name="Testing XPriv Key XPriv from seed c651a27f6f4f5366999aa22271695f25a3fc28f979b138df471b869ab395961c8ba5347d43a52afbf331285add025b5c7d3eaea7ab883aba6f8b6c04f5f0dba0" time="0" classname="XPriv from seed c651a27f6f4f5366999aa22271695f25a3fc28f979b138df471b869ab395961c8ba5347d43a52afbf331285add025b5c7d3eaea7ab883aba6f8b6c04f5f0dba0">
    </testcase>
    <testcase name="Testing XPriv Key XPriv from seed 16d46953c56010aee578d33dc9326075cf79e13c9492f2bd277334414b8ad19e305892e8a6e230a4e40bab8b39be1d53055b23b4bebe8f6a521b30c821764332" time="0" classname="XPriv from seed 16d46953c56010aee578d33dc9326075cf79e13c9492f2bd277334414b8ad19e305892e8a6e230a4e40bab8b39be1d53055b23b4bebe8f6a521b30c821764332">
    </testcase>
    <testcase name="Testing XPriv Key XPriv from seed c094a23d338f64adde79314ecaa237cff218c8463bd10d61cc54928f2c636240319c17d3464c7104e3a7694fabfdcf84d37b9b1d97700772963777f7ff593c6a" time="0.001" classname="XPriv from seed c094a23d338f64adde79314ecaa237cff218c8463bd10d61cc54928f2c636240319c17d3464c7104e3a7694fabfdcf84d37b9b1d97700772963777f7ff593c6a">
    </testcase>
    <testcase name="Testing XPriv Key XPriv from string: xprv9s21ZrQH143K3QTDL4LXw2F7HEK3wJUD2nW2nRk4stbPy6cq3jPPqjiChkVvvNKmPGJxWUtg6LnF5kejMRNNU3TGtRBeJgk33yuGBxrMPHi" time="0" classname="XPriv from string: xprv9s21ZrQH143K3QTDL4LXw2F7HEK3wJUD2nW2nRk4stbPy6cq3jPPqjiChkVvvNKmPGJxWUtg6LnF5kejMRNNU3TGtRBeJgk33yuGBxrMPHi">
    </testcase>
    <testcase name="Testing XPriv Key XPriv to string: e8f32e723decf4051aefac8e2c93c9c5b214313817cdb01a1494b917c8436b35" time="0" classname="XPriv to string: e8f32e723decf4051aefac8e2c93c9c5b214313817cdb01a1494b917c8436b35">
    </testcase>
    <testcase name="Testing XPriv Key XPriv from string: xprv9uHRZZhk6KAJC1avXpDAp4MDc3sQKNxDiPvvkX8Br5ngLNv1TxvUxt4cV1rGL5hj6KCesnDYUhd7oWgT11eZG7XnxHrnYeSvkzY7d2bhkJ7" time="0.001" classname="XPriv from string: xprv9uHRZZhk6KAJC1avXpDAp4MDc3sQKNxDiPvvkX8Br5ngLNv1TxvUxt4cV1rGL5hj6KCesnDYUhd7oWgT11eZG7XnxHrnYeSvkzY7d2bhkJ7">
    </testcase>
    <testcase name="Testing XPriv Key XPriv to string: edb2e14f9ee77d26dd93b4ecede8d16ed408ce149b6cd80b0715a2d911a0afea" time="0" classname="XPriv to string: edb2e14f9ee77d26dd93b4ecede8d16ed408ce149b6cd80b0715a2d911a0afea">
    </testcase>
    <testcase name="Testing XPriv Key XPriv from string: xprv9wTYmMFdV23N2TdNG573QoEsfRrWKQgWeibmLntzniatZvR9BmLnvSxqu53Kw1UmYPxLgboyZQaXwTCg8MSY3H2EU4pWcQDnRnrVA1xe8fs" time="0" classname="XPriv from string: xprv9wTYmMFdV23N2TdNG573QoEsfRrWKQgWeibmLntzniatZvR9BmLnvSxqu53Kw1UmYPxLgboyZQaXwTCg8MSY3H2EU4pWcQDnRnrVA1xe8fs">
    </testcase>
    <testcase name="Testing XPriv Key XPriv to string: 3c6cb8d0f6a264c91ea8b5030fadaa8e538b020f0a387421a12de9319dc93368" time="0" classname="XPriv to string: 3c6cb8d0f6a264c91ea8b5030fadaa8e538b020f0a387421a12de9319dc93368">
    </testcase>
    <testcase name="Testing XPriv Key XPriv from string: xprv9z4pot5VBttmtdRTWfWQmoH1taj2axGVzFqSb8C9xaxKymcFzXBDptWmT7FwuEzG3ryjH4ktypQSAewRiNMjANTtpgP4mLTj34bhnZX7UiM" time="0" classname="XPriv from string: xprv9z4pot5VBttmtdRTWfWQmoH1taj2axGVzFqSb8C9xaxKymcFzXBDptWmT7FwuEzG3ryjH4ktypQSAewRiNMjANTtpgP4mLTj34bhnZX7UiM">
    </testcase>
    <testcase name="Testing XPriv Key XPriv to string: cbce0d719ecf7431d88e6a89fa1483e02e35092af60c042b1df2ff59fa424dca" time="0" classname="XPriv to string: cbce0d719ecf7431d88e6a89fa1483e02e35092af60c042b1df2ff59fa424dca">
    </testcase>
    <testcase name="Testing XPriv Key XPriv from string: xprvA2JDeKCSNNZky6uBCviVfJSKyQ1mDYahRjijr5idH2WwLsEd4Hsb2Tyh8RfQMuPh7f7RtyzTtdrbdqqsunu5Mm3wDvUAKRHSC34sJ7in334" time="0" classname="XPriv from string: xprvA2JDeKCSNNZky6uBCviVfJSKyQ1mDYahRjijr5idH2WwLsEd4Hsb2Tyh8RfQMuPh7f7RtyzTtdrbdqqsunu5Mm3wDvUAKRHSC34sJ7in334">
    </testcase>
    <testcase name="Testing XPriv Key XPriv to string: 0f479245fb19a38a1954c5c7c0ebab2f9bdfd96a17563ef28a6a4b1a2a764ef4" time="0" classname="XPriv to string: 0f479245fb19a38a1954c5c7c0ebab2f9bdfd96a17563ef28a6a4b1a2a764ef4">
    </testcase>
    <testcase name="Testing XPriv Key XPriv from string: xprvA41z7zogVVwxVSgdKUHDy1SKmdb533PjDz7J6N6mV6uS3ze1ai8FHa8kmHScGpWmj4WggLyQjgPie1rFSruoUihUZREPSL39UNdE3BBDu76" time="0" classname="XPriv from string: xprvA41z7zogVVwxVSgdKUHDy1SKmdb533PjDz7J6N6mV6uS3ze1ai8FHa8kmHScGpWmj4WggLyQjgPie1rFSruoUihUZREPSL39UNdE3BBDu76">
    </testcase>
    <testcase name="Testing XPriv Key XPriv to string: 471b76e389e528d6de6d816857e012c5455051cad6660850e58372a6c3e6e7c8" time="0" classname="XPriv to string: 471b76e389e528d6de6d816857e012c5455051cad6660850e58372a6c3e6e7c8">
    </testcase>
    <testcase name="Testing XPriv Key XPriv from string: xprv9s21ZrQH143K31xYSDQpPDxsXRTUcvj2iNHm5NUtrGiGG5e2DtALGdso3pGz6ssrdK4PFmM8NSpSBHNqPqm55Qn3LqFtT2emdEXVYsCzC2U" time="0" classname="XPriv from string: xprv9s21ZrQH143K31xYSDQpPDxsXRTUcvj2iNHm5NUtrGiGG5e2DtALGdso3pGz6ssrdK4PFmM8NSpSBHNqPqm55Qn3LqFtT2emdEXVYsCzC2U">
    </testcase>
    <testcase name="Testing XPriv Key XPriv to string: 4b03d6fc340455b363f51020ad3ecca4f0850280cf436c70c727923f6db46c3e" time="0" classname="XPriv to string: 4b03d6fc340455b363f51020ad3ecca4f0850280cf436c70c727923f6db46c3e">
    </testcase>
    <testcase name="Testing XPriv Key XPriv from string: xprv9vHkqa6EV4sPZHYqZznhT2NPtPCjKuDKGY38FBWLvgaDx45zo9WQRUT3dKYnjwih2yJD9mkrocEZXo1ex8G81dwSM1fwqWpWkeS3v86pgKt" time="0.001" classname="XPriv from string: xprv9vHkqa6EV4sPZHYqZznhT2NPtPCjKuDKGY38FBWLvgaDx45zo9WQRUT3dKYnjwih2yJD9mkrocEZXo1ex8G81dwSM1fwqWpWkeS3v86pgKt">
    </testcase>
    <testcase name="Testing XPriv Key XPriv to string: abe74a98f6c7eabee0428f53798f0ab8aa1bd37873999041703c742f15ac7e1e" time="0" classname="XPriv to string: abe74a98f6c7eabee0428f53798f0ab8aa1bd37873999041703c742f15ac7e1e">
    </testcase>
    <testcase name="Testing XPriv Key XPriv from string: xprv9wSp6B7kry3Vj9m1zSnLvN3xH8RdsPP1Mh7fAaR7aRLcQMKTR2vidYEeEg2mUCTAwCd6vnxVrcjfy2kRgVsFawNzmjuHc2YmYRmagcEPdU9" time="0" classname="XPriv from string: xprv9wSp6B7kry3Vj9m1zSnLvN3xH8RdsPP1Mh7fAaR7aRLcQMKTR2vidYEeEg2mUCTAwCd6vnxVrcjfy2kRgVsFawNzmjuHc2YmYRmagcEPdU9">
    </testcase>
    <testcase name="Testing XPriv Key XPriv to string: 877c779ad9687164e9c2f4f0f4ff0340814392330693ce95a58fe18fd52e6e93" time="0" classname="XPriv to string: 877c779ad9687164e9c2f4f0f4ff0340814392330693ce95a58fe18fd52e6e93">
    </testcase>
    <testcase name="Testing XPriv Key XPriv from string: xprv9zFnWC6h2cLgpmSA46vutJzBcfJ8yaJGg8cX1e5StJh45BBciYTRXSd25UEPVuesF9yog62tGAQtHjXajPPdbRCHuWS6T8XA2ECKADdw4Ef" time="0.001" classname="XPriv from string: xprv9zFnWC6h2cLgpmSA46vutJzBcfJ8yaJGg8cX1e5StJh45BBciYTRXSd25UEPVuesF9yog62tGAQtHjXajPPdbRCHuWS6T8XA2ECKADdw4Ef">
    </testcase>
    <testcase name="Testing XPriv Key XPriv to string: 704addf544a06e5ee4bea37098463c23613da32020d604506da8c0518e1da4b7" time="0" classname="XPriv to string: 704addf544a06e5ee4bea37098463c23613da32020d604506da8c0518e1da4b7">
    </testcase>
    <testcase name="Testing XPriv Key XPriv from string: xprvA1RpRA33e1JQ7ifknakTFpgNXPmW2YvmhqLQYMmrj4xJXXWYpDPS3xz7iAxn8L39njGVyuoseXzU6rcxFLJ8HFsTjSyQbLYnMpCqE2VbFWc" time="0" classname="XPriv from string: xprvA1RpRA33e1JQ7ifknakTFpgNXPmW2YvmhqLQYMmrj4xJXXWYpDPS3xz7iAxn8L39njGVyuoseXzU6rcxFLJ8HFsTjSyQbLYnMpCqE2VbFWc">
    </testcase>
    <testcase name="Testing XPriv Key XPriv to string: f1c7c871a54a804afe328b4c83a1c33b8e5ff48f5087273f04efa83b247d6a2d" time="0" classname="XPriv to string: f1c7c871a54a804afe328b4c83a1c33b8e5ff48f5087273f04efa83b247d6a2d">
    </testcase>
    <testcase name="Testing XPriv Key XPriv from string: xprvA2nrNbFZABcdryreWet9Ea4LvTJcGsqrMzxHx98MMrotbir7yrKCEXw7nadnHM8Dq38EGfSh6dqA9QWTyefMLEcBYJUuekgW4BYPJcr9E7j" time="0" classname="XPriv from string: xprvA2nrNbFZABcdryreWet9Ea4LvTJcGsqrMzxHx98MMrotbir7yrKCEXw7nadnHM8Dq38EGfSh6dqA9QWTyefMLEcBYJUuekgW4BYPJcr9E7j">
    </testcase>
    <testcase name="Testing XPriv Key XPriv to string: bb7d39bdb83ecf58f2fd82b6d918341cbef428661ef01ab97c28a4842125ac23" time="0" classname="XPriv to string: bb7d39bdb83ecf58f2fd82b6d918341cbef428661ef01ab97c28a4842125ac23">
    </testcase>
    <testcase name="Testing XPriv Key XPriv from string: xprv9s21ZrQH143K35zTejeVRhkXgegDFUVpoh8Mxs2BQmXEB4w9SZ1CuoJPuQ2KGQrS1ZF3Pk7V7KWHn7FqR2JbAE9Bh8PURnrFnrmArj4kxos" time="0" classname="XPriv from string: xprv9s21ZrQH143K35zTejeVRhkXgegDFUVpoh8Mxs2BQmXEB4w9SZ1CuoJPuQ2KGQrS1ZF3Pk7V7KWHn7FqR2JbAE9Bh8PURnrFnrmArj4kxos">
    </testcase>
    <testcase name="Testing XPriv Key XPriv to string: 7bd083869bd02e57786d119a81d406ac1524a765470acee90834c60f841e6236" time="0" classname="XPriv to string: 7bd083869bd02e57786d119a81d406ac1524a765470acee90834c60f841e6236">
    </testcase>
    <testcase name="Testing XPriv Key XPriv from string: xprv9v414VeuxMoGt3t7jzkPni79suCfkgFwjxG38X2wgfg2mrYtV4Bhj3prhDDCcBiJrz9n4xLYoDtBFRuQmreVLKzmiZAqvbGpx5q4yHfzfah" time="0.001" classname="XPriv from string: xprv9v414VeuxMoGt3t7jzkPni79suCfkgFwjxG38X2wgfg2mrYtV4Bhj3prhDDCcBiJrz9n4xLYoDtBFRuQmreVLKzmiZAqvbGpx5q4yHfzfah">
    </testcase>
    <testcase name="Testing XPriv Key XPriv to string: 622c81feac4a3bf2d87578edeb3384b8b024184fbc515626c897ea452e7c8f96" time="0" classname="XPriv to string: 622c81feac4a3bf2d87578edeb3384b8b024184fbc515626c897ea452e7c8f96">
    </testcase>
    <testcase name="Testing XPriv Key XPriv from string: xprv9v414VeuxMoGusHLt8GowZuX6hn3Cp3qzAE6Cb2jKPH5MBgLJu2CWuiLKTdWV8WoNFYvpCcBfbpWfeyEQ8zytZW5qy39roTcugBGUkeAvCc" time="0" classname="XPriv from string: xprv9v414VeuxMoGusHLt8GowZuX6hn3Cp3qzAE6Cb2jKPH5MBgLJu2CWuiLKTdWV8WoNFYvpCcBfbpWfeyEQ8zytZW5qy39roTcugBGUkeAvCc">
    </testcase>
    <testcase name="Testing XPriv Key XPriv to string: da4b3947e054576f0f353d1a7f4eedd7dbca242a83cba29d3962a2ffd4e30ae5" time="0" classname="XPriv to string: da4b3947e054576f0f353d1a7f4eedd7dbca242a83cba29d3962a2ffd4e30ae5">
    </testcase>
    <testcase name="Testing XPriv Key XPriv from string: xprv9v414VeuxMoGyViVYuzEN5vLDzff3nkrH5Bf4KzD1iTeY855Q4cCc6xPPNoc6MJcsqqRQiGqR977cEEGK2mhVp7ALKHqY1icEw3Q9UmfQ1v" time="0.001" classname="XPriv from string: xprv9v414VeuxMoGyViVYuzEN5vLDzff3nkrH5Bf4KzD1iTeY855Q4cCc6xPPNoc6MJcsqqRQiGqR977cEEGK2mhVp7ALKHqY1icEw3Q9UmfQ1v">
    </testcase>
    <testcase name="Testing XPriv Key XPriv to string: b7aaa6c8f5b4013e7b1755ae877b9fad530e9b2e86f68cec7420a6cea38e81b0" time="0" classname="XPriv to string: b7aaa6c8f5b4013e7b1755ae877b9fad530e9b2e86f68cec7420a6cea38e81b0">
    </testcase>
    <testcase name="Testing XPriv Key XPriv from string: xprv9xaK29Nm86ytEwsV9YSsL3jWYR6KtZYY3cKdjAbxHrwKyxH9YWoxvqKwtgQmExGpxAEDrwB4WK9YG1iukth3XiSgsxXLK1W3NB31gLee8fi" time="0" classname="XPriv from string: xprv9xaK29Nm86ytEwsV9YSsL3jWYR6KtZYY3cKdjAbxHrwKyxH9YWoxvqKwtgQmExGpxAEDrwB4WK9YG1iukth3XiSgsxXLK1W3NB31gLee8fi">
    </testcase>
    <testcase name="Testing XPriv Key XPriv to string: c9ba3ede6230e80cb243e9b20a1bd4846165ea312fde7eafe56fc52dcd583899" time="0" classname="XPriv to string: c9ba3ede6230e80cb243e9b20a1bd4846165ea312fde7eafe56fc52dcd583899">
    </testcase>
    <testcase name="Testing XPriv Key XPriv from string: xprv9xaK29Nm86ytGx9uDhNKUBjvbJ1sAEM11aYxGQS66Rmg6oHwy7HbB6kWwMHvukzdbPpGhfNXhZgePWFHm1DCh5PACPFywJJKr1AnUJTLjUc" time="0.001" classname="XPriv from string: xprv9xaK29Nm86ytGx9uDhNKUBjvbJ1sAEM11aYxGQS66Rmg6oHwy7HbB6kWwMHvukzdbPpGhfNXhZgePWFHm1DCh5PACPFywJJKr1AnUJTLjUc">
    </testcase>
    <testcase name="Testing XPriv Key XPriv to string: f2039f55285a430162c720126d26e96ec43e5b680a0d71cbabaa28dbea091f43" time="0" classname="XPriv to string: f2039f55285a430162c720126d26e96ec43e5b680a0d71cbabaa28dbea091f43">
    </testcase>
    <testcase name="Testing XPriv Key XPriv from string: xprv9s21ZrQH143K3ckY9DgU79uMTJkQRLdbCCVDh81SnxTgPzLLGax6uHeBULTtaEtcAvKjXfT7ZWtHzKjTpujMkUd9dDb8msDeAfnJxrgAYhr" time="0" classname="XPriv from string: xprv9s21ZrQH143K3ckY9DgU79uMTJkQRLdbCCVDh81SnxTgPzLLGax6uHeBULTtaEtcAvKjXfT7ZWtHzKjTpujMkUd9dDb8msDeAfnJxrgAYhr">
    </testcase>
    <testcase name="Testing XPriv Key XPriv to string: 00000055378cf5fafb56c711c674143f9b0ee82ab0ba2924f19b64f5ae7cdbfd" time="0" classname="XPriv to string: 00000055378cf5fafb56c711c674143f9b0ee82ab0ba2924f19b64f5ae7cdbfd">
    </testcase>
    <testcase name="Testing XPriv Key Deriving XPriv e8f32e723decf4051aefac8e2c93c9c5b214313817cdb01a1494b917c8436b35 for index 2147483648" time="0.001" classname="Deriving XPriv e8f32e723decf4051aefac8e2c93c9c5b214313817cdb01a1494b917c8436b35 for index 2147483648">
    </testcase>
    <testcase name="Testing XPriv Key Deriving XPriv 3c6cb8d0f6a264c91ea8b5030fadaa8e538b020f0a387421a12de9319dc93368 for index 2147483650" time="0" classname="Deriving XPriv 3c6cb8d0f6a264c91ea8b5030fadaa8e538b020f0a387421a12de9319dc93368 for index 2147483650">
    </testcase>
    <testcase name="Testing XPriv Key Deriving XPriv abe74a98f6c7eabee0428f53798f0ab8aa1bd37873999041703c742f15ac7e1e for index 4294967295" time="0" classname="Deriving XPriv abe74a98f6c7eabee0428f53798f0ab8aa1bd37873999041703c742f15ac7e1e for index 4294967295">
    </testcase>
    <testcase name="Testing XPriv Key Deriving XPriv 704addf544a06e5ee4bea37098463c23613da32020d604506da8c0518e1da4b7 for index 4294967294" time="0.001" classname="Deriving XPriv 704addf544a06e5ee4bea37098463c23613da32020d604506da8c0518e1da4b7 for index 4294967294">
    </testcase>
    <testcase name="Testing XPriv Key Deriving XPriv edb2e14f9ee77d26dd93b4ecede8d16ed408ce149b6cd80b0715a2d911a0afea for index 1" time="0.001" classname="Deriving XPriv edb2e14f9ee77d26dd93b4ecede8d16ed408ce149b6cd80b0715a2d911a0afea for index 1">
    </testcase>
    <testcase name="Testing XPriv Key Deriving XPriv cbce0d719ecf7431d88e6a89fa1483e02e35092af60c042b1df2ff59fa424dca for index 2" time="0.001" classname="Deriving XPriv cbce0d719ecf7431d88e6a89fa1483e02e35092af60c042b1df2ff59fa424dca for index 2">
    </testcase>
    <testcase name="Testing XPriv Key Deriving XPriv 4b03d6fc340455b363f51020ad3ecca4f0850280cf436c70c727923f6db46c3e for index 0" time="0" classname="Deriving XPriv 4b03d6fc340455b363f51020ad3ecca4f0850280cf436c70c727923f6db46c3e for index 0">
    </testcase>
    <testcase name="Testing XPriv Key Deriving XPriv 877c779ad9687164e9c2f4f0f4ff0340814392330693ce95a58fe18fd52e6e93 for index 1" time="0" classname="Deriving XPriv 877c779ad9687164e9c2f4f0f4ff0340814392330693ce95a58fe18fd52e6e93 for index 1">
    </testcase>
    <testcase name="Testing XPriv Key Deriving XPriv f1c7c871a54a804afe328b4c83a1c33b8e5ff48f5087273f04efa83b247d6a2d for index 2" time="0" classname="Deriving XPriv f1c7c871a54a804afe328b4c83a1c33b8e5ff48f5087273f04efa83b247d6a2d for index 2">
    </testcase>
    <testcase name="Testing XPriv Key Deriving key xprv9s21ZrQH143K2n9Xc76gUieX7Nk6aj2v8YusPEPnuoZ6DFmRwkjox3u4istSoy4sS1KWj5QNPxQ8gokjxxX3ziSD5hMjdtGq23HLHWLcejz for bips 32" time="0.007" classname="Deriving key xprv9s21ZrQH143K2n9Xc76gUieX7Nk6aj2v8YusPEPnuoZ6DFmRwkjox3u4istSoy4sS1KWj5QNPxQ8gokjxxX3ziSD5hMjdtGq23HLHWLcejz for bips 32">
    </testcase>
    <testcase name="Testing XPriv Key Deriving key xprv9s21ZrQH143K2n9Xc76gUieX7Nk6aj2v8YusPEPnuoZ6DFmRwkjox3u4istSoy4sS1KWj5QNPxQ8gokjxxX3ziSD5hMjdtGq23HLHWLcejz for bips 44" time="0.016" classname="Deriving key xprv9s21ZrQH143K2n9Xc76gUieX7Nk6aj2v8YusPEPnuoZ6DFmRwkjox3u4istSoy4sS1KWj5QNPxQ8gokjxxX3ziSD5hMjdtGq23HLHWLcejz for bips 44">
    </testcase>
    <testcase name="Testing XPriv Key Deriving key xprv9s21ZrQH143K2n9Xc76gUieX7Nk6aj2v8YusPEPnuoZ6DFmRwkjox3u4istSoy4sS1KWj5QNPxQ8gokjxxX3ziSD5hMjdtGq23HLHWLcejz for bips 44,84" time="0.038" classname="Deriving key xprv9s21ZrQH143K2n9Xc76gUieX7Nk6aj2v8YusPEPnuoZ6DFmRwkjox3u4istSoy4sS1KWj5QNPxQ8gokjxxX3ziSD5hMjdtGq23HLHWLcejz for bips 44,84">
    </testcase>
    <testcase name="Testing XPriv Key Deriving key xprv9s21ZrQH143K2n9Xc76gUieX7Nk6aj2v8YusPEPnuoZ6DFmRwkjox3u4istSoy4sS1KWj5QNPxQ8gokjxxX3ziSD5hMjdtGq23HLHWLcejz for bips null" time="0.016" classname="Deriving key xprv9s21ZrQH143K2n9Xc76gUieX7Nk6aj2v8YusPEPnuoZ6DFmRwkjox3u4istSoy4sS1KWj5QNPxQ8gokjxxX3ziSD5hMjdtGq23HLHWLcejz for bips null">
    </testcase>
    <testcase name="Testing XPriv Key Deriving XPriv key from xkey xprv9s21ZrQH143K2n9Xc76gUieX7Nk6aj2v8YusPEPnuoZ6DFmRwkjox3u4istSoy4sS1KWj5QNPxQ8gokjxxX3ziSD5hMjdtGq23HLHWLcejz with path m/44&apos;/0&apos;/0&apos;/0" time="0.014" classname="Deriving XPriv key from xkey xprv9s21ZrQH143K2n9Xc76gUieX7Nk6aj2v8YusPEPnuoZ6DFmRwkjox3u4istSoy4sS1KWj5QNPxQ8gokjxxX3ziSD5hMjdtGq23HLHWLcejz with path m/44&apos;/0&apos;/0&apos;/0">
    </testcase>
    <testcase name="Testing XPriv Key Deriving XPriv key from xkey xprv9s21ZrQH143K2n9Xc76gUieX7Nk6aj2v8YusPEPnuoZ6DFmRwkjox3u4istSoy4sS1KWj5QNPxQ8gokjxxX3ziSD5hMjdtGq23HLHWLcejz with path m/84&apos;/1&apos;/185&apos;/1" time="0.014" classname="Deriving XPriv key from xkey xprv9s21ZrQH143K2n9Xc76gUieX7Nk6aj2v8YusPEPnuoZ6DFmRwkjox3u4istSoy4sS1KWj5QNPxQ8gokjxxX3ziSD5hMjdtGq23HLHWLcejz with path m/84&apos;/1&apos;/185&apos;/1">
    </testcase>
    <testcase name="Testing XPriv Key Deriving XPriv key from xkey xprv9s21ZrQH143K2n9Xc76gUieX7Nk6aj2v8YusPEPnuoZ6DFmRwkjox3u4istSoy4sS1KWj5QNPxQ8gokjxxX3ziSD5hMjdtGq23HLHWLcejz with path m/32/0/1" time="0.007" classname="Deriving XPriv key from xkey xprv9s21ZrQH143K2n9Xc76gUieX7Nk6aj2v8YusPEPnuoZ6DFmRwkjox3u4istSoy4sS1KWj5QNPxQ8gokjxxX3ziSD5hMjdtGq23HLHWLcejz with path m/32/0/1">
    </testcase>
  </testsuite>
  <testsuite name="Testing XPub" timestamp="2020-03-11T20:59:14" tests="44" file="/Users/thehobbit85/Developer/Airbitz/edge-currency-bitcoin/packages/nidavellir/build/tests.cjs.js" failures="0" time="0.012">
    <testcase name="Testing XPub XPub from string: xpub661MyMwAqRbcFtXgS5sYJABqqG9YLmC4Q1Rdap9gSE8NqtwybGhePY2gZ29ESFjqJoCu1Rupje8YtGqsefD265TMg7usUDFdp6W1EGMcet8" time="0" classname="XPub from string: xpub661MyMwAqRbcFtXgS5sYJABqqG9YLmC4Q1Rdap9gSE8NqtwybGhePY2gZ29ESFjqJoCu1Rupje8YtGqsefD265TMg7usUDFdp6W1EGMcet8">
    </testcase>
    <testcase name="Testing XPub XPub to string: 0339a36013301597daef41fbe593a02cc513d0b55527ec2df1050e2e8ff49c85c2" time="0" classname="XPub to string: 0339a36013301597daef41fbe593a02cc513d0b55527ec2df1050e2e8ff49c85c2">
    </testcase>
    <testcase name="Testing XPub XPub from string: xpub68Gmy5EdvgibQVfPdqkBBCHxA5htiqg55crXYuXoQRKfDBFA1WEjWgP6LHhwBZeNK1VTsfTFUHCdrfp1bgwQ9xv5ski8PX9rL2dZXvgGDnw" time="0.001" classname="XPub from string: xpub68Gmy5EdvgibQVfPdqkBBCHxA5htiqg55crXYuXoQRKfDBFA1WEjWgP6LHhwBZeNK1VTsfTFUHCdrfp1bgwQ9xv5ski8PX9rL2dZXvgGDnw">
    </testcase>
    <testcase name="Testing XPub XPub to string: 035a784662a4a20a65bf6aab9ae98a6c068a81c52e4b032c0fb5400c706cfccc56" time="0" classname="XPub to string: 035a784662a4a20a65bf6aab9ae98a6c068a81c52e4b032c0fb5400c706cfccc56">
    </testcase>
    <testcase name="Testing XPub XPub from string: xpub6ASuArnXKPbfEwhqN6e3mwBcDTgzisQN1wXN9BJcM47sSikHjJf3UFHKkNAWbWMiGj7Wf5uMash7SyYq527Hqck2AxYysAA7xmALppuCkwQ" time="0" classname="XPub from string: xpub6ASuArnXKPbfEwhqN6e3mwBcDTgzisQN1wXN9BJcM47sSikHjJf3UFHKkNAWbWMiGj7Wf5uMash7SyYq527Hqck2AxYysAA7xmALppuCkwQ">
    </testcase>
    <testcase name="Testing XPub XPub to string: 03501e454bf00751f24b1b489aa925215d66af2234e3891c3b21a52bedb3cd711c" time="0" classname="XPub to string: 03501e454bf00751f24b1b489aa925215d66af2234e3891c3b21a52bedb3cd711c">
    </testcase>
    <testcase name="Testing XPub XPub from string: xpub6D4BDPcP2GT577Vvch3R8wDkScZWzQzMMUm3PWbmWvVJrZwQY4VUNgqFJPMM3No2dFDFGTsxxpG5uJh7n7epu4trkrX7x7DogT5Uv6fcLW5" time="0" classname="XPub from string: xpub6D4BDPcP2GT577Vvch3R8wDkScZWzQzMMUm3PWbmWvVJrZwQY4VUNgqFJPMM3No2dFDFGTsxxpG5uJh7n7epu4trkrX7x7DogT5Uv6fcLW5">
    </testcase>
    <testcase name="Testing XPub XPub to string: 0357bfe1e341d01c69fe5654309956cbea516822fba8a601743a012a7896ee8dc2" time="0" classname="XPub to string: 0357bfe1e341d01c69fe5654309956cbea516822fba8a601743a012a7896ee8dc2">
    </testcase>
    <testcase name="Testing XPub XPub from string: xpub6FHa3pjLCk84BayeJxFW2SP4XRrFd1JYnxeLeU8EqN3vDfZmbqBqaGJAyiLjTAwm6ZLRQUMv1ZACTj37sR62cfN7fe5JnJ7dh8zL4fiyLHV" time="0" classname="XPub from string: xpub6FHa3pjLCk84BayeJxFW2SP4XRrFd1JYnxeLeU8EqN3vDfZmbqBqaGJAyiLjTAwm6ZLRQUMv1ZACTj37sR62cfN7fe5JnJ7dh8zL4fiyLHV">
    </testcase>
    <testcase name="Testing XPub XPub to string: 02e8445082a72f29b75ca48748a914df60622a609cacfce8ed0e35804560741d29" time="0.001" classname="XPub to string: 02e8445082a72f29b75ca48748a914df60622a609cacfce8ed0e35804560741d29">
    </testcase>
    <testcase name="Testing XPub XPub from string: xpub6H1LXWLaKsWFhvm6RVpEL9P4KfRZSW7abD2ttkWP3SSQvnyA8FSVqNTEcYFgJS2UaFcxupHiYkro49S8yGasTvXEYBVPamhGW6cFJodrTHy" time="0" classname="XPub from string: xpub6H1LXWLaKsWFhvm6RVpEL9P4KfRZSW7abD2ttkWP3SSQvnyA8FSVqNTEcYFgJS2UaFcxupHiYkro49S8yGasTvXEYBVPamhGW6cFJodrTHy">
    </testcase>
    <testcase name="Testing XPub XPub to string: 022a471424da5e657499d1ff51cb43c47481a03b1e77f951fe64cec9f5a48f7011" time="0" classname="XPub to string: 022a471424da5e657499d1ff51cb43c47481a03b1e77f951fe64cec9f5a48f7011">
    </testcase>
    <testcase name="Testing XPub XPub from string: xpub661MyMwAqRbcFW31YEwpkMuc5THy2PSt5bDMsktWQcFF8syAmRUapSCGu8ED9W6oDMSgv6Zz8idoc4a6mr8BDzTJY47LJhkJ8UB7WEGuduB" time="0.001" classname="XPub from string: xpub661MyMwAqRbcFW31YEwpkMuc5THy2PSt5bDMsktWQcFF8syAmRUapSCGu8ED9W6oDMSgv6Zz8idoc4a6mr8BDzTJY47LJhkJ8UB7WEGuduB">
    </testcase>
    <testcase name="Testing XPub XPub to string: 03cbcaa9c98c877a26977d00825c956a238e8dddfbd322cce4f74b0b5bd6ace4a7" time="0" classname="XPub to string: 03cbcaa9c98c877a26977d00825c956a238e8dddfbd322cce4f74b0b5bd6ace4a7">
    </testcase>
    <testcase name="Testing XPub XPub from string: xpub69H7F5d8KSRgmmdJg2KhpAK8SR3DjMwAdkxj3ZuxV27CprR9LgpeyGmXUbC6wb7ERfvrnKZjXoUmmDznezpbZb7ap6r1D3tgFxHmwMkQTPH" time="0" classname="XPub from string: xpub69H7F5d8KSRgmmdJg2KhpAK8SR3DjMwAdkxj3ZuxV27CprR9LgpeyGmXUbC6wb7ERfvrnKZjXoUmmDznezpbZb7ap6r1D3tgFxHmwMkQTPH">
    </testcase>
    <testcase name="Testing XPub XPub to string: 02fc9e5af0ac8d9b3cecfe2a888e2117ba3d089d8585886c9c826b6b22a98d12ea" time="0" classname="XPub to string: 02fc9e5af0ac8d9b3cecfe2a888e2117ba3d089d8585886c9c826b6b22a98d12ea">
    </testcase>
    <testcase name="Testing XPub XPub from string: xpub6ASAVgeehLbnwdqV6UKMHVzgqAG8Gr6riv3Fxxpj8ksbH9ebxaEyBLZ85ySDhKiLDBrQSARLq1uNRts8RuJiHjaDMBU4Zn9h8LZNnBC5y4a" time="0" classname="XPub from string: xpub6ASAVgeehLbnwdqV6UKMHVzgqAG8Gr6riv3Fxxpj8ksbH9ebxaEyBLZ85ySDhKiLDBrQSARLq1uNRts8RuJiHjaDMBU4Zn9h8LZNnBC5y4a">
    </testcase>
    <testcase name="Testing XPub XPub to string: 03c01e7425647bdefa82b12d9bad5e3e6865bee0502694b94ca58b666abc0a5c3b" time="0" classname="XPub to string: 03c01e7425647bdefa82b12d9bad5e3e6865bee0502694b94ca58b666abc0a5c3b">
    </testcase>
    <testcase name="Testing XPub XPub from string: xpub6DF8uhdarytz3FWdA8TvFSvvAh8dP3283MY7p2V4SeE2wyWmG5mg5EwVvmdMVCQcoNJxGoWaU9DCWh89LojfZ537wTfunKau47EL2dhHKon" time="0" classname="XPub from string: xpub6DF8uhdarytz3FWdA8TvFSvvAh8dP3283MY7p2V4SeE2wyWmG5mg5EwVvmdMVCQcoNJxGoWaU9DCWh89LojfZ537wTfunKau47EL2dhHKon">
    </testcase>
    <testcase name="Testing XPub XPub to string: 03a7d1d856deb74c508e05031f9895dab54626251b3806e16b4bd12e781a7df5b9" time="0" classname="XPub to string: 03a7d1d856deb74c508e05031f9895dab54626251b3806e16b4bd12e781a7df5b9">
    </testcase>
    <testcase name="Testing XPub XPub from string: xpub6ERApfZwUNrhLCkDtcHTcxd75RbzS1ed54G1LkBUHQVHQKqhMkhgbmJbZRkrgZw4koxb5JaHWkY4ALHY2grBGRjaDMzQLcgJvLJuZZvRcEL" time="0" classname="XPub from string: xpub6ERApfZwUNrhLCkDtcHTcxd75RbzS1ed54G1LkBUHQVHQKqhMkhgbmJbZRkrgZw4koxb5JaHWkY4ALHY2grBGRjaDMzQLcgJvLJuZZvRcEL">
    </testcase>
    <testcase name="Testing XPub XPub to string: 02d2b36900396c9282fa14628566582f206a5dd0bcc8d5e892611806cafb0301f0" time="0" classname="XPub to string: 02d2b36900396c9282fa14628566582f206a5dd0bcc8d5e892611806cafb0301f0">
    </testcase>
    <testcase name="Testing XPub XPub from string: xpub6FnCn6nSzZAw5Tw7cgR9bi15UV96gLZhjDstkXXxvCLsUXBGXPdSnLFbdpq8p9HmGsApME5hQTZ3emM2rnY5agb9rXpVGyy3bdW6EEgAtqt" time="0" classname="XPub from string: xpub6FnCn6nSzZAw5Tw7cgR9bi15UV96gLZhjDstkXXxvCLsUXBGXPdSnLFbdpq8p9HmGsApME5hQTZ3emM2rnY5agb9rXpVGyy3bdW6EEgAtqt">
    </testcase>
    <testcase name="Testing XPub XPub to string: 024d902e1a2fc7a8755ab5b694c575fce742c48d9ff192e63df5193e4c7afe1f9c" time="0" classname="XPub to string: 024d902e1a2fc7a8755ab5b694c575fce742c48d9ff192e63df5193e4c7afe1f9c">
    </testcase>
    <testcase name="Testing XPub XPub from string: xpub661MyMwAqRbcFa4vkmBVnqhGEgWhewDgAv3xmFRny74D3sGHz6KTTbcskg2vZEMbEwxc4oaR435oczhSu4GdNwhwiVewcewU8A1Rr6HehAU" time="0" classname="XPub from string: xpub661MyMwAqRbcFa4vkmBVnqhGEgWhewDgAv3xmFRny74D3sGHz6KTTbcskg2vZEMbEwxc4oaR435oczhSu4GdNwhwiVewcewU8A1Rr6HehAU">
    </testcase>
    <testcase name="Testing XPub XPub to string: 02fce1b65c7470270fb89e5aa1dda253406b3370b948eae8a2a3539c4f25894283" time="0" classname="XPub to string: 02fce1b65c7470270fb89e5aa1dda253406b3370b948eae8a2a3539c4f25894283">
    </testcase>
    <testcase name="Testing XPub XPub from string: xpub693MU1BonjMa6Xxar2HQ9r3tRw3AA8yo7BBdvuSZF1D1eet32bVxGr9LYViWMtaLfQaa2StXeUmDG5VELFkU9pc3yfTzCk61WQJdR6ezj7a" time="0" classname="XPub from string: xpub693MU1BonjMa6Xxar2HQ9r3tRw3AA8yo7BBdvuSZF1D1eet32bVxGr9LYViWMtaLfQaa2StXeUmDG5VELFkU9pc3yfTzCk61WQJdR6ezj7a">
    </testcase>
    <testcase name="Testing XPub XPub to string: 0324670e21612d0035d74563b25934ebfe0b1b1ea77ea18719029541aba107228a" time="0" classname="XPub to string: 0324670e21612d0035d74563b25934ebfe0b1b1ea77ea18719029541aba107228a">
    </testcase>
    <testcase name="Testing XPub XPub from string: xpub693MU1BonjMa8MMoz9opJhrFejcXcGmhMP9gzySLsip4Dz1UrSLT4i2pAimHDyM2onW2H2L2HkbwrZqoizQLMoErXu8mPYxDf8tJUBAfBuT" time="0" classname="XPub from string: xpub693MU1BonjMa8MMoz9opJhrFejcXcGmhMP9gzySLsip4Dz1UrSLT4i2pAimHDyM2onW2H2L2HkbwrZqoizQLMoErXu8mPYxDf8tJUBAfBuT">
    </testcase>
    <testcase name="Testing XPub XPub to string: 02e7eddf4cfa267c3b33a7e9387f28c55b6e806a79824c797b0f5acdfcdccc73e8" time="0" classname="XPub to string: 02e7eddf4cfa267c3b33a7e9387f28c55b6e806a79824c797b0f5acdfcdccc73e8">
    </testcase>
    <testcase name="Testing XPub XPub from string: xpub693MU1BonjMa8MMoz9opJhrFejcXcGmhMP9gzySLsip4Dz1UrSLT4i2pAimHDyM2onW2H2L2HkbwrZqoizQLMoErXu8mPYxDf8tJUBAfBuT" time="0" classname="XPub from string: xpub693MU1BonjMa8MMoz9opJhrFejcXcGmhMP9gzySLsip4Dz1UrSLT4i2pAimHDyM2onW2H2L2HkbwrZqoizQLMoErXu8mPYxDf8tJUBAfBuT">
    </testcase>
    <testcase name="Testing XPub XPub to string: 02e7eddf4cfa267c3b33a7e9387f28c55b6e806a79824c797b0f5acdfcdccc73e8" time="0" classname="XPub to string: 02e7eddf4cfa267c3b33a7e9387f28c55b6e806a79824c797b0f5acdfcdccc73e8">
    </testcase>
    <testcase name="Testing XPub XPub from string: xpub693MU1BonjMaBynxewXEjDs4n2W9TFUheJ7FriPpa3zdQvQDwbvT9uGsEebvioAcYbtRUU7ge4yVgj8WDLrwtwuXKTWiieFoYX2B1JYUEfK" time="0" classname="XPub from string: xpub693MU1BonjMaBynxewXEjDs4n2W9TFUheJ7FriPpa3zdQvQDwbvT9uGsEebvioAcYbtRUU7ge4yVgj8WDLrwtwuXKTWiieFoYX2B1JYUEfK">
    </testcase>
    <testcase name="Testing XPub XPub to string: 031cd583c3ffb87477c539012859195f821e33b16435e8f3da0b40247056158618" time="0" classname="XPub to string: 031cd583c3ffb87477c539012859195f821e33b16435e8f3da0b40247056158618">
    </testcase>
    <testcase name="Testing XPub XPub from string: xpub6BZfReuexUYBTRwxFZyshBgF6SvpJ2GPQqFEXZ1ZrCUJrkcJ648DUdeRjx9QiNQxQvPcHYV3rGkvuExFQbVRS4kU5ynx4fAsWWhHgyPh1pP" time="0.001" classname="XPub from string: xpub6BZfReuexUYBTRwxFZyshBgF6SvpJ2GPQqFEXZ1ZrCUJrkcJ648DUdeRjx9QiNQxQvPcHYV3rGkvuExFQbVRS4kU5ynx4fAsWWhHgyPh1pP">
    </testcase>
    <testcase name="Testing XPub XPub to string: 03268cd9af10d8b9d36f9c5da10038286174afc654c06f6aacfeea306b0c7a7637" time="0" classname="XPub to string: 03268cd9af10d8b9d36f9c5da10038286174afc654c06f6aacfeea306b0c7a7637">
    </testcase>
    <testcase name="Testing XPub XPub from string: xpub6BZfReuexUYBVSENKiuKqKgf9KrMZh4rNoUZ4nqhemJeybd6Webqiu4zndBwa9UB4Jvr5jB5Bcgng6reXAKCuDiVm7zhzJ13BUDBiM8HidZ" time="0" classname="XPub from string: xpub6BZfReuexUYBVSENKiuKqKgf9KrMZh4rNoUZ4nqhemJeybd6Webqiu4zndBwa9UB4Jvr5jB5Bcgng6reXAKCuDiVm7zhzJ13BUDBiM8HidZ">
    </testcase>
    <testcase name="Testing XPub XPub to string: 03641a1997a3538dd18036b941600b96e0c6229182c7089119894823324a5fff0c" time="0" classname="XPub to string: 03641a1997a3538dd18036b941600b96e0c6229182c7089119894823324a5fff0c">
    </testcase>
    <testcase name="Testing XPub Deriving XPub 035a784662a4a20a65bf6aab9ae98a6c068a81c52e4b032c0fb5400c706cfccc56 for index 1" time="0.002" classname="Deriving XPub 035a784662a4a20a65bf6aab9ae98a6c068a81c52e4b032c0fb5400c706cfccc56 for index 1">
    </testcase>
    <testcase name="Testing XPub Deriving XPub 0357bfe1e341d01c69fe5654309956cbea516822fba8a601743a012a7896ee8dc2 for index 2" time="0.001" classname="Deriving XPub 0357bfe1e341d01c69fe5654309956cbea516822fba8a601743a012a7896ee8dc2 for index 2">
    </testcase>
    <testcase name="Testing XPub Deriving XPub 02e8445082a72f29b75ca48748a914df60622a609cacfce8ed0e35804560741d29 for index 1000000000" time="0.001" classname="Deriving XPub 02e8445082a72f29b75ca48748a914df60622a609cacfce8ed0e35804560741d29 for index 1000000000">
    </testcase>
    <testcase name="Testing XPub Deriving XPub 03cbcaa9c98c877a26977d00825c956a238e8dddfbd322cce4f74b0b5bd6ace4a7 for index 0" time="0.002" classname="Deriving XPub 03cbcaa9c98c877a26977d00825c956a238e8dddfbd322cce4f74b0b5bd6ace4a7 for index 0">
    </testcase>
    <testcase name="Testing XPub Deriving XPub 03c01e7425647bdefa82b12d9bad5e3e6865bee0502694b94ca58b666abc0a5c3b for index 1" time="0.001" classname="Deriving XPub 03c01e7425647bdefa82b12d9bad5e3e6865bee0502694b94ca58b666abc0a5c3b for index 1">
    </testcase>
    <testcase name="Testing XPub Deriving XPub 02d2b36900396c9282fa14628566582f206a5dd0bcc8d5e892611806cafb0301f0 for index 2" time="0.001" classname="Deriving XPub 02d2b36900396c9282fa14628566582f206a5dd0bcc8d5e892611806cafb0301f0 for index 2">
    </testcase>
  </testsuite>
  <testsuite name="Testing base 58" timestamp="2020-03-11T20:59:14" tests="104" file="/Users/thehobbit85/Developer/Airbitz/edge-currency-bitcoin/packages/nidavellir/build/tests.cjs.js" failures="0" time="0.007">
    <testcase name="Testing base 58 Decode valid string: 1AGNa15ZQXAZUgFiqJ2i7Z2DPU2J6hW62i" time="0" classname="Decode valid string: 1AGNa15ZQXAZUgFiqJ2i7Z2DPU2J6hW62i">
    </testcase>
    <testcase name="Testing base 58 Encode valid payload: 0065a16059864a2fdbc7c99a4723a8395bc6f188eb" time="0" classname="Encode valid payload: 0065a16059864a2fdbc7c99a4723a8395bc6f188eb">
    </testcase>
    <testcase name="Testing base 58 Decode valid string: 3CMNFxN1oHBc4R1EpboAL5yzHGgE611Xou" time="0" classname="Decode valid string: 3CMNFxN1oHBc4R1EpboAL5yzHGgE611Xou">
    </testcase>
    <testcase name="Testing base 58 Encode valid payload: 0574f209f6ea907e2ea48f74fae05782ae8a665257" time="0" classname="Encode valid payload: 0574f209f6ea907e2ea48f74fae05782ae8a665257">
    </testcase>
    <testcase name="Testing base 58 Decode valid string: mo9ncXisMeAoXwqcV5EWuyncbmCcQN4rVs" time="0" classname="Decode valid string: mo9ncXisMeAoXwqcV5EWuyncbmCcQN4rVs">
    </testcase>
    <testcase name="Testing base 58 Encode valid payload: 6f53c0307d6851aa0ce7825ba883c6bd9ad242b486" time="0" classname="Encode valid payload: 6f53c0307d6851aa0ce7825ba883c6bd9ad242b486">
    </testcase>
    <testcase name="Testing base 58 Decode valid string: 2N2JD6wb56AfK4tfmM6PwdVmoYk2dCKf4Br" time="0.001" classname="Decode valid string: 2N2JD6wb56AfK4tfmM6PwdVmoYk2dCKf4Br">
    </testcase>
    <testcase name="Testing base 58 Encode valid payload: c46349a418fc4578d10a372b54b45c280cc8c4382f" time="0" classname="Encode valid payload: c46349a418fc4578d10a372b54b45c280cc8c4382f">
    </testcase>
    <testcase name="Testing base 58 Decode valid string: 5Kd3NBUAdUnhyzenEwVLy9pBKxSwXvE9FMPyR4UKZvpe6E3AgLr" time="0" classname="Decode valid string: 5Kd3NBUAdUnhyzenEwVLy9pBKxSwXvE9FMPyR4UKZvpe6E3AgLr">
    </testcase>
    <testcase name="Testing base 58 Encode valid payload: 80eddbdc1168f1daeadbd3e44c1e3f8f5a284c2029f78ad26af98583a499de5b19" time="0" classname="Encode valid payload: 80eddbdc1168f1daeadbd3e44c1e3f8f5a284c2029f78ad26af98583a499de5b19">
    </testcase>
    <testcase name="Testing base 58 Decode valid string: Kz6UJmQACJmLtaQj5A3JAge4kVTNQ8gbvXuwbmCj7bsaabudb3RD" time="0" classname="Decode valid string: Kz6UJmQACJmLtaQj5A3JAge4kVTNQ8gbvXuwbmCj7bsaabudb3RD">
    </testcase>
    <testcase name="Testing base 58 Encode valid payload: 8055c9bccb9ed68446d1b75273bbce89d7fe013a8acd1625514420fb2aca1a21c401" time="0" classname="Encode valid payload: 8055c9bccb9ed68446d1b75273bbce89d7fe013a8acd1625514420fb2aca1a21c401">
    </testcase>
    <testcase name="Testing base 58 Decode valid string: 9213qJab2HNEpMpYNBa7wHGFKKbkDn24jpANDs2huN3yi4J11ko" time="0" classname="Decode valid string: 9213qJab2HNEpMpYNBa7wHGFKKbkDn24jpANDs2huN3yi4J11ko">
    </testcase>
    <testcase name="Testing base 58 Encode valid payload: ef36cb93b9ab1bdabf7fb9f2c04f1b9cc879933530ae7842398eef5a63a56800c2" time="0" classname="Encode valid payload: ef36cb93b9ab1bdabf7fb9f2c04f1b9cc879933530ae7842398eef5a63a56800c2">
    </testcase>
    <testcase name="Testing base 58 Decode valid string: cTpB4YiyKiBcPxnefsDpbnDxFDffjqJob8wGCEDXxgQ7zQoMXJdH" time="0.001" classname="Decode valid string: cTpB4YiyKiBcPxnefsDpbnDxFDffjqJob8wGCEDXxgQ7zQoMXJdH">
    </testcase>
    <testcase name="Testing base 58 Encode valid payload: efb9f4892c9e8282028fea1d2667c4dc5213564d41fc5783896a0d843fc15089f301" time="0.001" classname="Encode valid payload: efb9f4892c9e8282028fea1d2667c4dc5213564d41fc5783896a0d843fc15089f301">
    </testcase>
    <testcase name="Testing base 58 Decode valid string: 1Ax4gZtb7gAit2TivwejZHYtNNLT18PUXJ" time="0" classname="Decode valid string: 1Ax4gZtb7gAit2TivwejZHYtNNLT18PUXJ">
    </testcase>
    <testcase name="Testing base 58 Encode valid payload: 006d23156cbbdcc82a5a47eee4c2c7c583c18b6bf4" time="0" classname="Encode valid payload: 006d23156cbbdcc82a5a47eee4c2c7c583c18b6bf4">
    </testcase>
    <testcase name="Testing base 58 Decode valid string: 3QjYXhTkvuj8qPaXHTTWb5wjXhdsLAAWVy" time="0" classname="Decode valid string: 3QjYXhTkvuj8qPaXHTTWb5wjXhdsLAAWVy">
    </testcase>
    <testcase name="Testing base 58 Encode valid payload: 05fcc5460dd6e2487c7d75b1963625da0e8f4c5975" time="0" classname="Encode valid payload: 05fcc5460dd6e2487c7d75b1963625da0e8f4c5975">
    </testcase>
    <testcase name="Testing base 58 Decode valid string: n3ZddxzLvAY9o7184TB4c6FJasAybsw4HZ" time="0" classname="Decode valid string: n3ZddxzLvAY9o7184TB4c6FJasAybsw4HZ">
    </testcase>
    <testcase name="Testing base 58 Encode valid payload: 6ff1d470f9b02370fdec2e6b708b08ac431bf7a5f7" time="0" classname="Encode valid payload: 6ff1d470f9b02370fdec2e6b708b08ac431bf7a5f7">
    </testcase>
    <testcase name="Testing base 58 Decode valid string: 2NBFNJTktNa7GZusGbDbGKRZTxdK9VVez3n" time="0.001" classname="Decode valid string: 2NBFNJTktNa7GZusGbDbGKRZTxdK9VVez3n">
    </testcase>
    <testcase name="Testing base 58 Encode valid payload: c4c579342c2c4c9220205e2cdc285617040c924a0a" time="0" classname="Encode valid payload: c4c579342c2c4c9220205e2cdc285617040c924a0a">
    </testcase>
    <testcase name="Testing base 58 Decode valid string: 5K494XZwps2bGyeL71pWid4noiSNA2cfCibrvRWqcHSptoFn7rc" time="0" classname="Decode valid string: 5K494XZwps2bGyeL71pWid4noiSNA2cfCibrvRWqcHSptoFn7rc">
    </testcase>
    <testcase name="Testing base 58 Encode valid payload: 80a326b95ebae30164217d7a7f57d72ab2b54e3be64928a19da0210b9568d4015e" time="0" classname="Encode valid payload: 80a326b95ebae30164217d7a7f57d72ab2b54e3be64928a19da0210b9568d4015e">
    </testcase>
    <testcase name="Testing base 58 Decode valid string: L1RrrnXkcKut5DEMwtDthjwRcTTwED36thyL1DebVrKuwvohjMNi" time="0.001" classname="Decode valid string: L1RrrnXkcKut5DEMwtDthjwRcTTwED36thyL1DebVrKuwvohjMNi">
    </testcase>
    <testcase name="Testing base 58 Encode valid payload: 807d998b45c219a1e38e99e7cbd312ef67f77a455a9b50c730c27f02c6f730dfb401" time="0" classname="Encode valid payload: 807d998b45c219a1e38e99e7cbd312ef67f77a455a9b50c730c27f02c6f730dfb401">
    </testcase>
    <testcase name="Testing base 58 Decode valid string: 93DVKyFYwSN6wEo3E2fCrFPUp17FtrtNi2Lf7n4G3garFb16CRj" time="0" classname="Decode valid string: 93DVKyFYwSN6wEo3E2fCrFPUp17FtrtNi2Lf7n4G3garFb16CRj">
    </testcase>
    <testcase name="Testing base 58 Encode valid payload: efd6bca256b5abc5602ec2e1c121a08b0da2556587430bcf7e1898af2224885203" time="0" classname="Encode valid payload: efd6bca256b5abc5602ec2e1c121a08b0da2556587430bcf7e1898af2224885203">
    </testcase>
    <testcase name="Testing base 58 Decode valid string: cTDVKtMGVYWTHCb1AFjmVbEbWjvKpKqKgMaR3QJxToMSQAhmCeTN" time="0" classname="Decode valid string: cTDVKtMGVYWTHCb1AFjmVbEbWjvKpKqKgMaR3QJxToMSQAhmCeTN">
    </testcase>
    <testcase name="Testing base 58 Encode valid payload: efa81ca4e8f90181ec4b61b6a7eb998af17b2cb04de8a03b504b9e34c4c61db7d901" time="0" classname="Encode valid payload: efa81ca4e8f90181ec4b61b6a7eb998af17b2cb04de8a03b504b9e34c4c61db7d901">
    </testcase>
    <testcase name="Testing base 58 Decode valid string: 1C5bSj1iEGUgSTbziymG7Cn18ENQuT36vv" time="0" classname="Decode valid string: 1C5bSj1iEGUgSTbziymG7Cn18ENQuT36vv">
    </testcase>
    <testcase name="Testing base 58 Encode valid payload: 007987ccaa53d02c8873487ef919677cd3db7a6912" time="0.001" classname="Encode valid payload: 007987ccaa53d02c8873487ef919677cd3db7a6912">
    </testcase>
    <testcase name="Testing base 58 Decode valid string: 3AnNxabYGoTxYiTEZwFEnerUoeFXK2Zoks" time="0" classname="Decode valid string: 3AnNxabYGoTxYiTEZwFEnerUoeFXK2Zoks">
    </testcase>
    <testcase name="Testing base 58 Encode valid payload: 0563bcc565f9e68ee0189dd5cc67f1b0e5f02f45cb" time="0" classname="Encode valid payload: 0563bcc565f9e68ee0189dd5cc67f1b0e5f02f45cb">
    </testcase>
    <testcase name="Testing base 58 Decode valid string: n3LnJXCqbPjghuVs8ph9CYsAe4Sh4j97wk" time="0" classname="Decode valid string: n3LnJXCqbPjghuVs8ph9CYsAe4Sh4j97wk">
    </testcase>
    <testcase name="Testing base 58 Encode valid payload: 6fef66444b5b17f14e8fae6e7e19b045a78c54fd79" time="0" classname="Encode valid payload: 6fef66444b5b17f14e8fae6e7e19b045a78c54fd79">
    </testcase>
    <testcase name="Testing base 58 Decode valid string: 2NB72XtkjpnATMggui83aEtPawyyKvnbX2o" time="0" classname="Decode valid string: 2NB72XtkjpnATMggui83aEtPawyyKvnbX2o">
    </testcase>
    <testcase name="Testing base 58 Encode valid payload: c4c3e55fceceaa4391ed2a9677f4a4d34eacd021a0" time="0" classname="Encode valid payload: c4c3e55fceceaa4391ed2a9677f4a4d34eacd021a0">
    </testcase>
    <testcase name="Testing base 58 Decode valid string: 5KaBW9vNtWNhc3ZEDyNCiXLPdVPHCikRxSBWwV9NrpLLa4LsXi9" time="0" classname="Decode valid string: 5KaBW9vNtWNhc3ZEDyNCiXLPdVPHCikRxSBWwV9NrpLLa4LsXi9">
    </testcase>
    <testcase name="Testing base 58 Encode valid payload: 80e75d936d56377f432f404aabb406601f892fd49da90eb6ac558a733c93b47252" time="0" classname="Encode valid payload: 80e75d936d56377f432f404aabb406601f892fd49da90eb6ac558a733c93b47252">
    </testcase>
    <testcase name="Testing base 58 Decode valid string: L1axzbSyynNYA8mCAhzxkipKkfHtAXYF4YQnhSKcLV8YXA874fgT" time="0" classname="Decode valid string: L1axzbSyynNYA8mCAhzxkipKkfHtAXYF4YQnhSKcLV8YXA874fgT">
    </testcase>
    <testcase name="Testing base 58 Encode valid payload: 808248bd0375f2f75d7e274ae544fb920f51784480866b102384190b1addfbaa5c01" time="0" classname="Encode valid payload: 808248bd0375f2f75d7e274ae544fb920f51784480866b102384190b1addfbaa5c01">
    </testcase>
    <testcase name="Testing base 58 Decode valid string: 927CnUkUbasYtDwYwVn2j8GdTuACNnKkjZ1rpZd2yBB1CLcnXpo" time="0" classname="Decode valid string: 927CnUkUbasYtDwYwVn2j8GdTuACNnKkjZ1rpZd2yBB1CLcnXpo">
    </testcase>
    <testcase name="Testing base 58 Encode valid payload: ef44c4f6a096eac5238291a94cc24c01e3b19b8d8cef72874a079e00a242237a52" time="0" classname="Encode valid payload: ef44c4f6a096eac5238291a94cc24c01e3b19b8d8cef72874a079e00a242237a52">
    </testcase>
    <testcase name="Testing base 58 Decode valid string: cUcfCMRjiQf85YMzzQEk9d1s5A4K7xL5SmBCLrezqXFuTVefyhY7" time="0" classname="Decode valid string: cUcfCMRjiQf85YMzzQEk9d1s5A4K7xL5SmBCLrezqXFuTVefyhY7">
    </testcase>
    <testcase name="Testing base 58 Encode valid payload: efd1de707020a9059d6d3abaf85e17967c6555151143db13dbb06db78df0f15c6901" time="0" classname="Encode valid payload: efd1de707020a9059d6d3abaf85e17967c6555151143db13dbb06db78df0f15c6901">
    </testcase>
[...]
    </testcase>
    <testcase name="Testing Json Search Testing search with: [&quot;$..echo.golf.november&quot;,8] and limit 1" time="0" classname="Testing search with: [&quot;$..echo.golf.november&quot;,8] and limit 1">
    </testcase>
    <testcase name="Testing Json Search Testing search with: [&quot;$..india.kilo&quot;,4] and no limit" time="0.001" classname="Testing search with: [&quot;$..india.kilo&quot;,4] and no limit">
    </testcase>
    <testcase name="Testing Json Search Testing search with: [&quot;$..india.kilo&quot;,4] and limit 1" time="0.001" classname="Testing search with: [&quot;$..india.kilo&quot;,4] and limit 1">
    </testcase>
    <testcase name="Testing Json Search Testing search with: [&quot;$..india.kilo&quot;,4] and limit 2" time="0" classname="Testing search with: [&quot;$..india.kilo&quot;,4] and limit 2">
    </testcase>
    <testcase name="Testing Json Search Testing search with: [&quot;$..lima&quot;,5] and no limit" time="0" classname="Testing search with: [&quot;$..lima&quot;,5] and no limit">
    </testcase>
    <testcase name="Testing Json Search Testing search with: [&quot;$..lima&quot;,5] and limit 1" time="0" classname="Testing search with: [&quot;$..lima&quot;,5] and limit 1">
    </testcase>
    <testcase name="Testing Json Search Testing search with: [&quot;$..lima&quot;,5] and limit 2" time="0" classname="Testing search with: [&quot;$..lima&quot;,5] and limit 2">
    </testcase>
    <testcase name="Testing Json Search Testing search with: [&quot;$..lima&quot;,5] and limit 3" time="0.001" classname="Testing search with: [&quot;$..lima&quot;,5] and limit 3">
    </testcase>
    <testcase name="Testing Json Search Testing search with: [&quot;$..lima&quot;,4] and no limit" time="0" classname="Testing search with: [&quot;$..lima&quot;,4] and no limit">
    </testcase>
    <testcase name="Testing Json Search Testing search with: [&quot;$..lima&quot;,4] and limit 1" time="0" classname="Testing search with: [&quot;$..lima&quot;,4] and limit 1">
    </testcase>
    <testcase name="Testing Json Search Testing search with: [&quot;$..lima&quot;,4] and limit 2" time="0" classname="Testing search with: [&quot;$..lima&quot;,4] and limit 2">
    </testcase>
    <testcase name="Testing Json Search Testing search with: [&quot;$..lima&quot;,4] and limit 3" time="0" classname="Testing search with: [&quot;$..lima&quot;,4] and limit 3">
    </testcase>
    <testcase name="Testing Json Search Testing search with: [&quot;$..kilo&quot;,4] and no limit" time="0.001" classname="Testing search with: [&quot;$..kilo&quot;,4] and no limit">
    </testcase>
    <testcase name="Testing Json Search Testing search with: [&quot;$..kilo&quot;,4] and limit 1" time="0" classname="Testing search with: [&quot;$..kilo&quot;,4] and limit 1">
    </testcase>
    <testcase name="Testing Json Search Testing search with: [&quot;$..kilo&quot;,4] and limit 2" time="0.001" classname="Testing search with: [&quot;$..kilo&quot;,4] and limit 2">
    </testcase>
    <testcase name="Testing Json Search Testing search with: [&quot;$..kilo&quot;,4] and limit 3" time="0" classname="Testing search with: [&quot;$..kilo&quot;,4] and limit 3">
    </testcase>
    <testcase name="Testing Json Search Testing search with: [&quot;$..kilo&quot;,4] and limit 4" time="0" classname="Testing search with: [&quot;$..kilo&quot;,4] and limit 4">
    </testcase>
    <testcase name="Testing Json Search Testing search with: [&quot;$..kilo&quot;,4] and limit 5" time="0" classname="Testing search with: [&quot;$..kilo&quot;,4] and limit 5">
    </testcase>
    <testcase name="Testing Json Search Testing search with: [&quot;$..golf..delta&quot;,1] and no limit" time="0.001" classname="Testing search with: [&quot;$..golf..delta&quot;,1] and no limit">
    </testcase>
    <testcase name="Testing Json Search Testing search with: [&quot;$..golf..delta&quot;,1] and limit 1" time="0" classname="Testing search with: [&quot;$..golf..delta&quot;,1] and limit 1">
    </testcase>
    <testcase name="Testing Json Search Testing search with: [&quot;$..mike..delta&quot;,1] and no limit" time="0" classname="Testing search with: [&quot;$..mike..delta&quot;,1] and no limit">
    </testcase>
    <testcase name="Testing Json Search Testing search with: [&quot;$..mike..delta&quot;,1] and limit 1" time="0.001" classname="Testing search with: [&quot;$..mike..delta&quot;,1] and limit 1">
    </testcase>
    <testcase name="Testing Json Search Testing search with: [&quot;$..echo.foxtrot&quot;,2] and no limit" time="0" classname="Testing search with: [&quot;$..echo.foxtrot&quot;,2] and no limit">
    </testcase>
    <testcase name="Testing Json Search Testing search with: [&quot;$..echo.foxtrot&quot;,2] and limit 1" time="0" classname="Testing search with: [&quot;$..echo.foxtrot&quot;,2] and limit 1">
    </testcase>
    <testcase name="Testing Json Search Testing search with: [&quot;$..bravo&quot;,0] and no limit" time="0" classname="Testing search with: [&quot;$..bravo&quot;,0] and no limit">
    </testcase>
    <testcase name="Testing Json Search Testing search with: [&quot;$..bravo&quot;,1] and no limit" time="0" classname="Testing search with: [&quot;$..bravo&quot;,1] and no limit">
    </testcase>
    <testcase name="Testing Json Search Testing search with: [&quot;$..bravo&quot;,1] and limit 1" time="0" classname="Testing search with: [&quot;$..bravo&quot;,1] and limit 1">
    </testcase>
    <testcase name="Testing Json Search Testing search with: [&quot;$..bravo&quot;] and no limit" time="0.001" classname="Testing search with: [&quot;$..bravo&quot;] and no limit">
    </testcase>
    <testcase name="Testing Json Search Testing search with: [&quot;$..bravo&quot;] and limit 1" time="0" classname="Testing search with: [&quot;$..bravo&quot;] and limit 1">
    </testcase>
    <testcase name="Testing Json Search Testing search with: [&quot;bravo&quot;] and no limit" time="0" classname="Testing search with: [&quot;bravo&quot;] and no limit">
    </testcase>
    <testcase name="Testing Json Search Testing search with: [&quot;bravo&quot;] and limit 1" time="0" classname="Testing search with: [&quot;bravo&quot;] and limit 1">
    </testcase>
    <testcase name="Testing Json Search Testing search with: [&quot;$.bravo&quot;] and no limit" time="0.001" classname="Testing search with: [&quot;$.bravo&quot;] and no limit">
    </testcase>
    <testcase name="Testing Json Search Testing search with: [&quot;$.bravo&quot;] and limit 1" time="0" classname="Testing search with: [&quot;$.bravo&quot;] and limit 1">
    </testcase>
    <testcase name="Testing Json Search Testing search with: [&quot;$.echo.foxtrot&quot;] and no limit" time="0" classname="Testing search with: [&quot;$.echo.foxtrot&quot;] and no limit">
    </testcase>
    <testcase name="Testing Json Search Testing search with: [&quot;$.echo.foxtrot&quot;] and limit 1" time="0" classname="Testing search with: [&quot;$.echo.foxtrot&quot;] and limit 1">
    </testcase>
    <testcase name="Testing Json Search Testing search with: [&quot;$..mike&quot;] and no limit" time="0" classname="Testing search with: [&quot;$..mike&quot;] and no limit">
    </testcase>
    <testcase name="Testing Json Search Testing search with: [&quot;$..mike&quot;] and limit 1" time="0.001" classname="Testing search with: [&quot;$..mike&quot;] and limit 1">
    </testcase>
    <testcase name="Testing Json Search Testing search with: [&quot;$.echo.golf.*&quot;] and no limit" time="0" classname="Testing search with: [&quot;$.echo.golf.*&quot;] and no limit">
    </testcase>
    <testcase name="Testing Json Search Testing search with: [&quot;$.echo.golf.*&quot;] and limit 1" time="0" classname="Testing search with: [&quot;$.echo.golf.*&quot;] and limit 1">
    </testcase>
    <testcase name="Testing Json Search Testing search with: [&quot;$.echo.golf.*&quot;] and limit 2" time="0" classname="Testing search with: [&quot;$.echo.golf.*&quot;] and limit 2">
    </testcase>
    <testcase name="Testing Json Search Testing search with: [&quot;$.echo.golf.*&quot;] and limit 3" time="0" classname="Testing search with: [&quot;$.echo.golf.*&quot;] and limit 3">
    </testcase>
    <testcase name="Testing Json Search Testing search with: [&quot;$.echo.golf.*&quot;] and limit 4" time="0" classname="Testing search with: [&quot;$.echo.golf.*&quot;] and limit 4">
    </testcase>
    <testcase name="Testing Json Search Testing search with: [&quot;$.*&quot;] and no limit" time="0" classname="Testing search with: [&quot;$.*&quot;] and no limit">
    </testcase>
    <testcase name="Testing Json Search Testing search with: [&quot;$.*&quot;] and limit 1" time="0" classname="Testing search with: [&quot;$.*&quot;] and limit 1">
    </testcase>
    <testcase name="Testing Json Search Testing search with: [&quot;$.*&quot;] and limit 2" time="0" classname="Testing search with: [&quot;$.*&quot;] and limit 2">
    </testcase>
    <testcase name="Testing Json Search Testing search with: [&quot;$.*&quot;] and limit 3" time="0" classname="Testing search with: [&quot;$.*&quot;] and limit 3">
    </testcase>
    <testcase name="Testing Json Search Testing search with: [&quot;$.*&quot;] and limit 4" time="0" classname="Testing search with: [&quot;$.*&quot;] and limit 4">
    </testcase>
    <testcase name="Testing Json Search Testing search with: [&quot;$.*&quot;] and limit 5" time="0" classname="Testing search with: [&quot;$.*&quot;] and limit 5">
    </testcase>
    <testcase name="Testing Json Search Testing search with: [&quot;$.*&quot;] and limit 6" time="0" classname="Testing search with: [&quot;$.*&quot;] and limit 6">
    </testcase>
  </testsuite>
  <testsuite name="Testing persister for scenario 1 with delay of 50ms" timestamp="2020-03-11T20:59:14" tests="5" file="/Users/thehobbit85/Developer/Airbitz/edge-currency-bitcoin/packages/nidavellir/build/tests.cjs.js" failures="0" time="0.258">
    <testcase name="Testing persister for scenario 1 with delay of 50ms Set &apos;a&apos; to 5, after 50 milliseconds" time="0.051" classname="Set &apos;a&apos; to 5, after 50 milliseconds">
    </testcase>
    <testcase name="Testing persister for scenario 1 with delay of 50ms Set &apos;b&apos; to 4, after 100 milliseconds" time="0.055" classname="Set &apos;b&apos; to 4, after 100 milliseconds">
    </testcase>
    <testcase name="Testing persister for scenario 1 with delay of 50ms Set &apos;c&apos; to 3, after 150 milliseconds" time="0.05" classname="Set &apos;c&apos; to 3, after 150 milliseconds">
    </testcase>
    <testcase name="Testing persister for scenario 1 with delay of 50ms Set &apos;d&apos; to 2, after 200 milliseconds" time="0.05" classname="Set &apos;d&apos; to 2, after 200 milliseconds">
    </testcase>
    <testcase name="Testing persister for scenario 1 with delay of 50ms Set &apos;e&apos; to 1, after 250 milliseconds" time="0.052" classname="Set &apos;e&apos; to 1, after 250 milliseconds">
    </testcase>
  </testsuite>
  <testsuite name="Testing persister for scenario 2 with delay of 50ms" timestamp="2020-03-11T20:59:14" tests="5" file="/Users/thehobbit85/Developer/Airbitz/edge-currency-bitcoin/packages/nidavellir/build/tests.cjs.js" failures="0" time="0.266">
    <testcase name="Testing persister for scenario 2 with delay of 50ms Set &apos;a&apos; to 1, after 50 milliseconds" time="0.053" classname="Set &apos;a&apos; to 1, after 50 milliseconds">
    </testcase>
    <testcase name="Testing persister for scenario 2 with delay of 50ms Set &apos;b&apos; to 1, after 100 milliseconds" time="0.052" classname="Set &apos;b&apos; to 1, after 100 milliseconds">
    </testcase>
    <testcase name="Testing persister for scenario 2 with delay of 50ms Set &apos;a&apos; to 1, after 150 milliseconds" time="0.055" classname="Set &apos;a&apos; to 1, after 150 milliseconds">
    </testcase>
    <testcase name="Testing persister for scenario 2 with delay of 50ms Set &apos;b&apos; to 2, after 200 milliseconds" time="0.055" classname="Set &apos;b&apos; to 2, after 200 milliseconds">
    </testcase>
    <testcase name="Testing persister for scenario 2 with delay of 50ms Set &apos;c&apos; to 3, after 250 milliseconds" time="0.051" classname="Set &apos;c&apos; to 3, after 250 milliseconds">
    </testcase>
  </testsuite>
  <testsuite name="Testing persister for scenario 3 with delay of 100ms" timestamp="2020-03-11T20:59:14" tests="22" file="/Users/thehobbit85/Developer/Airbitz/edge-currency-bitcoin/packages/nidavellir/build/tests.cjs.js" failures="0" time="0.8360000000000001">
    <testcase name="Testing persister for scenario 3 with delay of 100ms Set &apos;a&apos; to 10000, after 6 milliseconds" time="0.007" classname="Set &apos;a&apos; to 10000, after 6 milliseconds">
    </testcase>
    <testcase name="Testing persister for scenario 3 with delay of 100ms Set &apos;a&apos; to 1000, after 12 milliseconds" time="0.007" classname="Set &apos;a&apos; to 1000, after 12 milliseconds">
    </testcase>
    <testcase name="Testing persister for scenario 3 with delay of 100ms Set &apos;a&apos; to 100, after 18 milliseconds" time="0.006" classname="Set &apos;a&apos; to 100, after 18 milliseconds">
    </testcase>
    <testcase name="Testing persister for scenario 3 with delay of 100ms Set &apos;a&apos; to 10, after 24 milliseconds" time="0.007" classname="Set &apos;a&apos; to 10, after 24 milliseconds">
    </testcase>
    <testcase name="Testing persister for scenario 3 with delay of 100ms Set &apos;a&apos; to 1, after 30 milliseconds" time="0.008" classname="Set &apos;a&apos; to 1, after 30 milliseconds">
    </testcase>
    <testcase name="Testing persister for scenario 3 with delay of 100ms Set &apos;b&apos; to 2, after 40 milliseconds" time="0.012" classname="Set &apos;b&apos; to 2, after 40 milliseconds">
    </testcase>
    <testcase name="Testing persister for scenario 3 with delay of 100ms Set &apos;c&apos; to 3, after 60 milliseconds" time="0.023" classname="Set &apos;c&apos; to 3, after 60 milliseconds">
    </testcase>
    <testcase name="Testing persister for scenario 3 with delay of 100ms Set &apos;d&apos; to 4, after 80 milliseconds" time="0.023" classname="Set &apos;d&apos; to 4, after 80 milliseconds">
    </testcase>
    <testcase name="Testing persister for scenario 3 with delay of 100ms Set &apos;a&apos; to 10, after 110 milliseconds" time="0.034" classname="Set &apos;a&apos; to 10, after 110 milliseconds">
    </testcase>
    <testcase name="Testing persister for scenario 3 with delay of 100ms Set &apos;e&apos; to 5, after 120 milliseconds" time="0.012" classname="Set &apos;e&apos; to 5, after 120 milliseconds">
    </testcase>
    <testcase name="Testing persister for scenario 3 with delay of 100ms Set &apos;z.a&apos; to 200, after 150 milliseconds" time="0.036" classname="Set &apos;z.a&apos; to 200, after 150 milliseconds">
    </testcase>
    <testcase name="Testing persister for scenario 3 with delay of 100ms Set &apos;f&apos; to 6, after 170 milliseconds" time="0.022" classname="Set &apos;f&apos; to 6, after 170 milliseconds">
    </testcase>
    <testcase name="Testing persister for scenario 3 with delay of 100ms Set &apos;f&apos; to 6, after 300 milliseconds" time="0.133" classname="Set &apos;f&apos; to 6, after 300 milliseconds">
    </testcase>
    <testcase name="Testing persister for scenario 3 with delay of 100ms Set &apos;b&apos; to 2, after 360 milliseconds" time="0.065" classname="Set &apos;b&apos; to 2, after 360 milliseconds">
    </testcase>
    <testcase name="Testing persister for scenario 3 with delay of 100ms Set &apos;f&apos; to 6, after 380 milliseconds" time="0.022" classname="Set &apos;f&apos; to 6, after 380 milliseconds">
    </testcase>
    <testcase name="Testing persister for scenario 3 with delay of 100ms Set &apos;f&apos; to 6, after 420 milliseconds" time="0.045" classname="Set &apos;f&apos; to 6, after 420 milliseconds">
    </testcase>
    <testcase name="Testing persister for scenario 3 with delay of 100ms Set &apos;t&apos; to 7, after 540 milliseconds" time="0.121" classname="Set &apos;t&apos; to 7, after 540 milliseconds">
    </testcase>
    <testcase name="Testing persister for scenario 3 with delay of 100ms Set &apos;z.a&apos; to 200, after 560 milliseconds" time="0.021" classname="Set &apos;z.a&apos; to 200, after 560 milliseconds">
    </testcase>
    <testcase name="Testing persister for scenario 3 with delay of 100ms Set &apos;z.a&apos; to 1000, after 640 milliseconds" time="0.085" classname="Set &apos;z.a&apos; to 1000, after 640 milliseconds">
    </testcase>
    <testcase name="Testing persister for scenario 3 with delay of 100ms Set &apos;c&apos; to 3, after 680 milliseconds" time="0.041" classname="Set &apos;c&apos; to 3, after 680 milliseconds">
    </testcase>
    <testcase name="Testing persister for scenario 3 with delay of 100ms Set &apos;z.a&apos; to 1000, after 720 milliseconds" time="0.044" classname="Set &apos;z.a&apos; to 1000, after 720 milliseconds">
    </testcase>
    <testcase name="Testing persister for scenario 3 with delay of 100ms Set &apos;a&apos; to 1000, after 780 milliseconds" time="0.062" classname="Set &apos;a&apos; to 1000, after 780 milliseconds">
    </testcase>
  </testsuite>
  <testsuite name="Testing persister for scenario 4 with delay of 50ms" timestamp="2020-03-11T20:59:15" tests="5" file="/Users/thehobbit85/Developer/Airbitz/edge-currency-bitcoin/packages/nidavellir/build/tests.cjs.js" failures="0" time="0.10700000000000001">
    <testcase name="Testing persister for scenario 4 with delay of 50ms Set &apos;a&apos; to 10, after 0 milliseconds" time="0.002" classname="Set &apos;a&apos; to 10, after 0 milliseconds">
    </testcase>
    <testcase name="Testing persister for scenario 4 with delay of 50ms Set &apos;b&apos; to 20, after 0 milliseconds" time="0.001" classname="Set &apos;b&apos; to 20, after 0 milliseconds">
    </testcase>
    <testcase name="Testing persister for scenario 4 with delay of 50ms Set &apos;c&apos; to 30, after 0 milliseconds" time="0.002" classname="Set &apos;c&apos; to 30, after 0 milliseconds">
    </testcase>
    <testcase name="Testing persister for scenario 4 with delay of 50ms Set &apos;d&apos; to 40, after 0 milliseconds" time="0.001" classname="Set &apos;d&apos; to 40, after 0 milliseconds">
    </testcase>
    <testcase name="Testing persister for scenario 4 with delay of 50ms Set &apos;e&apos; to 50, after 100 milliseconds" time="0.101" classname="Set &apos;e&apos; to 50, after 100 milliseconds">
    </testcase>
  </testsuite>
  <testsuite name="Testing persister for scenario 5 with delay of 100ms" timestamp="2020-03-11T20:59:15" tests="5" file="/Users/thehobbit85/Developer/Airbitz/edge-currency-bitcoin/packages/nidavellir/build/tests.cjs.js" failures="0" time="0.009000000000000001">
    <testcase name="Testing persister for scenario 5 with delay of 100ms Set &apos;a&apos; to 10, after 0 milliseconds" time="0.002" classname="Set &apos;a&apos; to 10, after 0 milliseconds">
    </testcase>
    <testcase name="Testing persister for scenario 5 with delay of 100ms Set &apos;b&apos; to 20, after 0 milliseconds" time="0.002" classname="Set &apos;b&apos; to 20, after 0 milliseconds">
    </testcase>
    <testcase name="Testing persister for scenario 5 with delay of 100ms Set &apos;c&apos; to 30, after 0 milliseconds" time="0.001" classname="Set &apos;c&apos; to 30, after 0 milliseconds">
    </testcase>
    <testcase name="Testing persister for scenario 5 with delay of 100ms Set &apos;d&apos; to 40, after 0 milliseconds" time="0.002" classname="Set &apos;d&apos; to 40, after 0 milliseconds">
    </testcase>
    <testcase name="Testing persister for scenario 5 with delay of 100ms Set &apos;e&apos; to 50, after 0 milliseconds" time="0.002" classname="Set &apos;e&apos; to 50, after 0 milliseconds">
    </testcase>
  </testsuite>
</testsuites>