{
  "stats": {
    "suites": 12,
    "tests": 466,
    "passes": 466,
    "pending": 0,
    "failures": 0,
    "start": "2020-03-11T20:59:13.701Z",
    "end": "2020-03-11T20:59:15.724Z",
    "duration": 2023,
    "testsRegistered": 466,
    "passPercent": 100,
    "pendingPercent": 0,
    "other": 0,
    "hasOther": false,
    "skipped": 0,
    "hasSkipped": false,
    "passPercentClass": "success",
    "pendingPercentClass": "danger"
  },
  "suites": {
    "uuid": "deaae5d6-f1ee-4d71-a6fa-fb65c811c6d8",
    "title": "",
    "fullFile": "",
    "file": "",
    "beforeHooks": [],
    "afterHooks": [],
    "tests": [],
    "suites": [
      {
        "uuid": "a182e20a-f6d0-4947-88fd-fcdcb82e009f",
        "title": "Testing HD Key",
        "fullFile": "/Users/thehobbit85/Developer/Airbitz/edge-currency-bitcoin/packages/nidavellir/build/tests.cjs.js",
        "file": "/build/tests.cjs.js",
        "beforeHooks": [],
        "afterHooks": [],
        "tests": [
          {
            "title": "Creating Private Key from WIF KwdMAjGmerYanjeui5SHS7JkmpZvVipYvB2LJGU1ZxJwYvP98617",
            "fullTitle": "Testing HD Key Creating Private Key from WIF KwdMAjGmerYanjeui5SHS7JkmpZvVipYvB2LJGU1ZxJwYvP98617",
            "timedOut": false,
            "duration": 2,
            "state": "passed",
            "speed": "fast",
            "pass": true,
            "fail": false,
            "pending": false,
            "code": "cov_1y300ligpp.f[59]++;const wif=(cov_1y300ligpp.s[262]++,test[0]);const{privateKey,compress}=(cov_1y300ligpp.s[263]++,fromWIF(wif,network));cov_1y300ligpp.s[264]++;chai.assert.equal(compress,test[1]);cov_1y300ligpp.s[265]++;chai.assert.equal(privateKey,test[2]);",
            "err": {},
            "isRoot": false,
            "uuid": "7cc5f105-df5f-455c-9b96-0416a040ff01",
            "isHook": false,
            "skipped": false
          },
          {
            "title": "Creating Public Key from Private Key true",
            "fullTitle": "Testing HD Key Creating Public Key from Private Key true",
            "timedOut": false,
            "duration": 76,
            "state": "passed",
            "speed": "slow",
            "pass": true,
            "fail": false,
            "pending": false,
            "code": "cov_1y300ligpp.f[60]++;const compress=(cov_1y300ligpp.s[267]++,test[1]);const privateKey=(cov_1y300ligpp.s[268]++,test[2]);const publicKey=(cov_1y300ligpp.s[269]++,await toPublic(privateKey,compress));cov_1y300ligpp.s[270]++;chai.assert.equal(publicKey,test[3]);",
            "err": {},
            "isRoot": false,
            "uuid": "14170ba4-e4d0-48a2-9826-52d1f63c5a41",
            "isHook": false,
            "skipped": false
          },
          {
            "title": "Creating WIF from from Private Key true",
            "fullTitle": "Testing HD Key Creating WIF from from Private Key true",
            "timedOut": false,
            "duration": 1,
            "state": "passed",
            "speed": "fast",
            "pass": true,
            "fail": false,
            "pending": false,
            "code": "cov_1y300ligpp.f[61]++;const compress=(cov_1y300ligpp.s[272]++,test[1]);const privateKey=(cov_1y300ligpp.s[273]++,test[2]);const wif=(cov_1y300ligpp.s[274]++,toWIF(privateKey,network,compress));cov_1y300ligpp.s[275]++;chai.assert.equal(wif,test[0]);",
            "err": {},
            "isRoot": false,
            "uuid": "c4c55988-3094-475a-9a23-185b575aa4bc",
            "isHook": false,
            "skipped": false
          },
          {
            "title": "Creating Private Key from WIF 5HueCGU8rMjxEXxiPuD5BDku4MkFqeZyd4dZ1jvhTVqvbTLvyTJ",
            "fullTitle": "Testing HD Key Creating Private Key from WIF 5HueCGU8rMjxEXxiPuD5BDku4MkFqeZyd4dZ1jvhTVqvbTLvyTJ",
            "timedOut": false,
            "duration": 1,
            "state": "passed",
            "speed": "fast",
            "pass": true,
            "fail": false,
            "pending": false,
            "code": "cov_1y300ligpp.f[59]++;const wif=(cov_1y300ligpp.s[262]++,test[0]);const{privateKey,compress}=(cov_1y300ligpp.s[263]++,fromWIF(wif,network));cov_1y300ligpp.s[264]++;chai.assert.equal(compress,test[1]);cov_1y300ligpp.s[265]++;chai.assert.equal(privateKey,test[2]);",
            "err": {},
            "isRoot": false,
            "uuid": "e27167e2-6578-4f40-a1f7-1ce35f800b41",
            "isHook": false,
            "skipped": false
          },
          {
            "title": "Creating Public Key from Private Key false",
            "fullTitle": "Testing HD Key Creating Public Key from Private Key false",
            "timedOut": false,
            "duration": 5,
            "state": "passed",
            "speed": "fast",
            "pass": true,
            "fail": false,
            "pending": false,
            "code": "cov_1y300ligpp.f[60]++;const compress=(cov_1y300ligpp.s[267]++,test[1]);const privateKey=(cov_1y300ligpp.s[268]++,test[2]);const publicKey=(cov_1y300ligpp.s[269]++,await toPublic(privateKey,compress));cov_1y300ligpp.s[270]++;chai.assert.equal(publicKey,test[3]);",
            "err": {},
            "isRoot": false,
            "uuid": "be0aad68-0d46-4cd5-912d-74f7498375b5",
            "isHook": false,
            "skipped": false
          },
          {
            "title": "Creating WIF from from Private Key false",
            "fullTitle": "Testing HD Key Creating WIF from from Private Key false",
            "timedOut": false,
            "duration": 0,
            "state": "passed",
            "speed": "fast",
            "pass": true,
            "fail": false,
            "pending": false,
            "code": "cov_1y300ligpp.f[61]++;const compress=(cov_1y300ligpp.s[272]++,test[1]);const privateKey=(cov_1y300ligpp.s[273]++,test[2]);const wif=(cov_1y300ligpp.s[274]++,toWIF(privateKey,network,compress));cov_1y300ligpp.s[275]++;chai.assert.equal(wif,test[0]);",
            "err": {},
            "isRoot": false,
            "uuid": "8ddedaa0-3625-4ce7-84f7-beb254982dd4",
            "isHook": false,
            "skipped": false
          },
          {
            "title": "Creating Private Key from WIF L1a6bxpVHJcM9ZEUS58MM1S9NzjxsJ14iFDV4rAdfMnE5TLGDexM",
            "fullTitle": "Testing HD Key Creating Private Key from WIF L1a6bxpVHJcM9ZEUS58MM1S9NzjxsJ14iFDV4rAdfMnE5TLGDexM",
            "timedOut": false,
            "duration": 1,
            "state": "passed",
            "speed": "fast",
            "pass": true,
            "fail": false,
            "pending": false,
            "code": "cov_1y300ligpp.f[59]++;const wif=(cov_1y300ligpp.s[262]++,test[0]);const{privateKey,compress}=(cov_1y300ligpp.s[263]++,fromWIF(wif,network));cov_1y300ligpp.s[264]++;chai.assert.equal(compress,test[1]);cov_1y300ligpp.s[265]++;chai.assert.equal(privateKey,test[2]);",
            "err": {},
            "isRoot": false,
            "uuid": "f0ab82c6-510e-432c-85a2-b8c336204390",
            "isHook": false,
            "skipped": false
          },
          {
            "title": "Creating Public Key from Private Key true",
            "fullTitle": "Testing HD Key Creating Public Key from Private Key true",
            "timedOut": false,
            "duration": 3,
            "state": "passed",
            "speed": "fast",
            "pass": true,
            "fail": false,
            "pending": false,
            "code": "cov_1y300ligpp.f[60]++;const compress=(cov_1y300ligpp.s[267]++,test[1]);const privateKey=(cov_1y300ligpp.s[268]++,test[2]);const publicKey=(cov_1y300ligpp.s[269]++,await toPublic(privateKey,compress));cov_1y300ligpp.s[270]++;chai.assert.equal(publicKey,test[3]);",
            "err": {},
            "isRoot": false,
            "uuid": "4b259168-13cd-4abb-a9ae-02b9cf94ee43",
            "isHook": false,
            "skipped": false
          },
          {
            "title": "Creating WIF from from Private Key true",
            "fullTitle": "Testing HD Key Creating WIF from from Private Key true",
            "timedOut": false,
            "duration": 0,
            "state": "passed",
            "speed": "fast",
            "pass": true,
            "fail": false,
            "pending": false,
            "code": "cov_1y300ligpp.f[61]++;const compress=(cov_1y300ligpp.s[272]++,test[1]);const privateKey=(cov_1y300ligpp.s[273]++,test[2]);const wif=(cov_1y300ligpp.s[274]++,toWIF(privateKey,network,compress));cov_1y300ligpp.s[275]++;chai.assert.equal(wif,test[0]);",
            "err": {},
            "isRoot": false,
            "uuid": "c777c45e-e6ea-4e5d-bccc-68d232249736",
            "isHook": false,
            "skipped": false
          },
          {
            "title": "Creating Private Key from WIF 5JoU6f2F7QvmtnNBJ1UwuZiwv1rA2syezq5eAwBnv6cd3UUHwbV",
            "fullTitle": "Testing HD Key Creating Private Key from WIF 5JoU6f2F7QvmtnNBJ1UwuZiwv1rA2syezq5eAwBnv6cd3UUHwbV",
            "timedOut": false,
            "duration": 0,
            "state": "passed",
            "speed": "fast",
            "pass": true,
            "fail": false,
            "pending": false,
            "code": "cov_1y300ligpp.f[59]++;const wif=(cov_1y300ligpp.s[262]++,test[0]);const{privateKey,compress}=(cov_1y300ligpp.s[263]++,fromWIF(wif,network));cov_1y300ligpp.s[264]++;chai.assert.equal(compress,test[1]);cov_1y300ligpp.s[265]++;chai.assert.equal(privateKey,test[2]);",
            "err": {},
            "isRoot": false,
            "uuid": "42bdb643-e8b5-4b46-a97a-368e89a34e80",
            "isHook": false,
            "skipped": false
          },
          {
            "title": "Creating Public Key from Private Key false",
            "fullTitle": "Testing HD Key Creating Public Key from Private Key false",
            "timedOut": false,
            "duration": 3,
            "state": "passed",
            "speed": "fast",
            "pass": true,
            "fail": false,
            "pending": false,
            "code": "cov_1y300ligpp.f[60]++;const compress=(cov_1y300ligpp.s[267]++,test[1]);const privateKey=(cov_1y300ligpp.s[268]++,test[2]);const publicKey=(cov_1y300ligpp.s[269]++,await toPublic(privateKey,compress));cov_1y300ligpp.s[270]++;chai.assert.equal(publicKey,test[3]);",
            "err": {},
            "isRoot": false,
            "uuid": "798a967e-8b72-4ffe-bd49-f49fbe65d22f",
            "isHook": false,
            "skipped": false
          },
          {
            "title": "Creating WIF from from Private Key false",
            "fullTitle": "Testing HD Key Creating WIF from from Private Key false",
            "timedOut": false,
            "duration": 0,
            "state": "passed",
            "speed": "fast",
            "pass": true,
            "fail": false,
            "pending": false,
            "code": "cov_1y300ligpp.f[61]++;const compress=(cov_1y300ligpp.s[272]++,test[1]);const privateKey=(cov_1y300ligpp.s[273]++,test[2]);const wif=(cov_1y300ligpp.s[274]++,toWIF(privateKey,network,compress));cov_1y300ligpp.s[275]++;chai.assert.equal(wif,test[0]);",
            "err": {},
            "isRoot": false,
            "uuid": "01881768-3902-4efe-8b4d-8126deffc2d6",
            "isHook": false,
            "skipped": false
          },
          {
            "title": "Creating Private Key from WIF Kwo7LquQnM5Zq7UxDEKoMWTmbAkXLn5YqtWLwaTTbkTeU2pKZ1Yd",
            "fullTitle": "Testing HD Key Creating Private Key from WIF Kwo7LquQnM5Zq7UxDEKoMWTmbAkXLn5YqtWLwaTTbkTeU2pKZ1Yd",
            "timedOut": false,
            "duration": 1,
            "state": "passed",
            "speed": "fast",
            "pass": true,
            "fail": false,
            "pending": false,
            "code": "cov_1y300ligpp.f[59]++;const wif=(cov_1y300ligpp.s[262]++,test[0]);const{privateKey,compress}=(cov_1y300ligpp.s[263]++,fromWIF(wif,network));cov_1y300ligpp.s[264]++;chai.assert.equal(compress,test[1]);cov_1y300ligpp.s[265]++;chai.assert.equal(privateKey,test[2]);",
            "err": {},
            "isRoot": false,
            "uuid": "3670a986-22fe-4059-84d2-43ded72678a6",
            "isHook": false,
            "skipped": false
          },
          {
            "title": "Creating Public Key from Private Key true",
            "fullTitle": "Testing HD Key Creating Public Key from Private Key true",
            "timedOut": false,
            "duration": 4,
            "state": "passed",
            "speed": "fast",
            "pass": true,
            "fail": false,
            "pending": false,
            "code": "cov_1y300ligpp.f[60]++;const compress=(cov_1y300ligpp.s[267]++,test[1]);const privateKey=(cov_1y300ligpp.s[268]++,test[2]);const publicKey=(cov_1y300ligpp.s[269]++,await toPublic(privateKey,compress));cov_1y300ligpp.s[270]++;chai.assert.equal(publicKey,test[3]);",
            "err": {},
            "isRoot": false,
            "uuid": "c0fcae98-d4cb-49cd-945c-d7b8ed95e3c6",
            "isHook": false,
            "skipped": false
          },
          {
            "title": "Creating WIF from from Private Key true",
            "fullTitle": "Testing HD Key Creating WIF from from Private Key true",
            "timedOut": false,
            "duration": 0,
            "state": "passed",
            "speed": "fast",
            "pass": true,
            "fail": false,
            "pending": false,
            "code": "cov_1y300ligpp.f[61]++;const compress=(cov_1y300ligpp.s[272]++,test[1]);const privateKey=(cov_1y300ligpp.s[273]++,test[2]);const wif=(cov_1y300ligpp.s[274]++,toWIF(privateKey,network,compress));cov_1y300ligpp.s[275]++;chai.assert.equal(wif,test[0]);",
            "err": {},
            "isRoot": false,
            "uuid": "dc0a2894-f597-4cf5-ae4a-a8c149fb3690",
            "isHook": false,
            "skipped": false
          },
          {
            "title": "Creating Private Key from WIF L22QEFSQNbnHfRc2s4geN2pDbYYoKLkevrf6okBDUB6rDcXLxeHS",
            "fullTitle": "Testing HD Key Creating Private Key from WIF L22QEFSQNbnHfRc2s4geN2pDbYYoKLkevrf6okBDUB6rDcXLxeHS",
            "timedOut": false,
            "duration": 0,
            "state": "passed",
            "speed": "fast",
            "pass": true,
            "fail": false,
            "pending": false,
            "code": "cov_1y300ligpp.f[59]++;const wif=(cov_1y300ligpp.s[262]++,test[0]);const{privateKey,compress}=(cov_1y300ligpp.s[263]++,fromWIF(wif,network));cov_1y300ligpp.s[264]++;chai.assert.equal(compress,test[1]);cov_1y300ligpp.s[265]++;chai.assert.equal(privateKey,test[2]);",
            "err": {},
            "isRoot": false,
            "uuid": "bdc626aa-5916-4fb1-96e1-6cb8cfa4c56d",
            "isHook": false,
            "skipped": false
          },
          {
            "title": "Creating Public Key from Private Key true",
            "fullTitle": "Testing HD Key Creating Public Key from Private Key true",
            "timedOut": false,
            "duration": 3,
            "state": "passed",
            "speed": "fast",
            "pass": true,
            "fail": false,
            "pending": false,
            "code": "cov_1y300ligpp.f[60]++;const compress=(cov_1y300ligpp.s[267]++,test[1]);const privateKey=(cov_1y300ligpp.s[268]++,test[2]);const publicKey=(cov_1y300ligpp.s[269]++,await toPublic(privateKey,compress));cov_1y300ligpp.s[270]++;chai.assert.equal(publicKey,test[3]);",
            "err": {},
            "isRoot": false,
            "uuid": "28162568-c7dc-4137-982c-176f80ad22e4",
            "isHook": false,
            "skipped": false
          },
          {
            "title": "Creating WIF from from Private Key true",
            "fullTitle": "Testing HD Key Creating WIF from from Private Key true",
            "timedOut": false,
            "duration": 0,
            "state": "passed",
            "speed": "fast",
            "pass": true,
            "fail": false,
            "pending": false,
            "code": "cov_1y300ligpp.f[61]++;const compress=(cov_1y300ligpp.s[272]++,test[1]);const privateKey=(cov_1y300ligpp.s[273]++,test[2]);const wif=(cov_1y300ligpp.s[274]++,toWIF(privateKey,network,compress));cov_1y300ligpp.s[275]++;chai.assert.equal(wif,test[0]);",
            "err": {},
            "isRoot": false,
            "uuid": "6e974312-17bb-4ceb-9bc4-fb0418a9c1c3",
            "isHook": false,
            "skipped": false
          },
          {
            "title": "Creating Private Key from WIF Kwngkbfm8AKmp1VHEnAdHGJPcmDPVALX4ydrBrEdTzYuNm6M4EpJ",
            "fullTitle": "Testing HD Key Creating Private Key from WIF Kwngkbfm8AKmp1VHEnAdHGJPcmDPVALX4ydrBrEdTzYuNm6M4EpJ",
            "timedOut": false,
            "duration": 1,
            "state": "passed",
            "speed": "fast",
            "pass": true,
            "fail": false,
            "pending": false,
            "code": "cov_1y300ligpp.f[59]++;const wif=(cov_1y300ligpp.s[262]++,test[0]);const{privateKey,compress}=(cov_1y300ligpp.s[263]++,fromWIF(wif,network));cov_1y300ligpp.s[264]++;chai.assert.equal(compress,test[1]);cov_1y300ligpp.s[265]++;chai.assert.equal(privateKey,test[2]);",
            "err": {},
            "isRoot": false,
            "uuid": "83f7f4db-2e88-4115-bdeb-412f0cf3b022",
            "isHook": false,
            "skipped": false
          },
          {
            "title": "Creating Public Key from Private Key true",
            "fullTitle": "Testing HD Key Creating Public Key from Private Key true",
            "timedOut": false,
            "duration": 1,
            "state": "passed",
            "speed": "fast",
            "pass": true,
            "fail": false,
            "pending": false,
            "code": "cov_1y300ligpp.f[60]++;const compress=(cov_1y300ligpp.s[267]++,test[1]);const privateKey=(cov_1y300ligpp.s[268]++,test[2]);const publicKey=(cov_1y300ligpp.s[269]++,await toPublic(privateKey,compress));cov_1y300ligpp.s[270]++;chai.assert.equal(publicKey,test[3]);",
            "err": {},
            "isRoot": false,
            "uuid": "d9c61215-d2fe-4a52-9b55-7608dbde66a2",
            "isHook": false,
            "skipped": false
          },
          {
            "title": "Creating WIF from from Private Key true",
            "fullTitle": "Testing HD Key Creating WIF from from Private Key true",
            "timedOut": false,
            "duration": 1,
            "state": "passed",
            "speed": "fast",
            "pass": true,
            "fail": false,
            "pending": false,
            "code": "cov_1y300ligpp.f[61]++;const compress=(cov_1y300ligpp.s[272]++,test[1]);const privateKey=(cov_1y300ligpp.s[273]++,test[2]);const wif=(cov_1y300ligpp.s[274]++,toWIF(privateKey,network,compress));cov_1y300ligpp.s[275]++;chai.assert.equal(wif,test[0]);",
            "err": {},
            "isRoot": false,
            "uuid": "3c614eea-9089-4edc-9ce4-8f63b59ecab4",
            "isHook": false,
            "skipped": false
          },
          {
            "title": "Creating Private Key from WIF KzC6waAr74TaGJjuYGFQAikbm3H5aCNebV5xStiEKgADzDD4Xi3C",
            "fullTitle": "Testing HD Key Creating Private Key from WIF KzC6waAr74TaGJjuYGFQAikbm3H5aCNebV5xStiEKgADzDD4Xi3C",
            "timedOut": false,
            "duration": 2,
            "state": "passed",
            "speed": "fast",
            "pass": true,
            "fail": false,
            "pending": false,
            "code": "cov_1y300ligpp.f[59]++;const wif=(cov_1y300ligpp.s[262]++,test[0]);const{privateKey,compress}=(cov_1y300ligpp.s[263]++,fromWIF(wif,network));cov_1y300ligpp.s[264]++;chai.assert.equal(compress,test[1]);cov_1y300ligpp.s[265]++;chai.assert.equal(privateKey,test[2]);",
            "err": {},
            "isRoot": false,
            "uuid": "659f0913-e1d5-4b9d-8029-7b7f0ecb6e9e",
            "isHook": false,
            "skipped": false
          },
          {
            "title": "Creating Public Key from Private Key true",
            "fullTitle": "Testing HD Key Creating Public Key from Private Key true",
            "timedOut": false,
            "duration": 1,
            "state": "passed",
            "speed": "fast",
            "pass": true,
            "fail": false,
            "pending": false,
            "code": "cov_1y300ligpp.f[60]++;const compress=(cov_1y300ligpp.s[267]++,test[1]);const privateKey=(cov_1y300ligpp.s[268]++,test[2]);const publicKey=(cov_1y300ligpp.s[269]++,await toPublic(privateKey,compress));cov_1y300ligpp.s[270]++;chai.assert.equal(publicKey,test[3]);",
            "err": {},
            "isRoot": false,
            "uuid": "12e0e41c-ea70-43c9-b477-694233e7b284",
            "isHook": false,
            "skipped": false
          },
          {
            "title": "Creating WIF from from Private Key true",
            "fullTitle": "Testing HD Key Creating WIF from from Private Key true",
            "timedOut": false,
            "duration": 0,
            "state": "passed",
            "speed": "fast",
            "pass": true,
            "fail": false,
            "pending": false,
            "code": "cov_1y300ligpp.f[61]++;const compress=(cov_1y300ligpp.s[272]++,test[1]);const privateKey=(cov_1y300ligpp.s[273]++,test[2]);const wif=(cov_1y300ligpp.s[274]++,toWIF(privateKey,network,compress));cov_1y300ligpp.s[275]++;chai.assert.equal(wif,test[0]);",
            "err": {},
            "isRoot": false,
            "uuid": "36dbc02a-d72f-43bc-819c-81457fb7b9aa",
            "isHook": false,
            "skipped": false
          },
          {
            "title": "Creating Private Key from WIF KzkH8BMjjgmvHbCGTcPfkuBKGPrTE1M2Xs6wKJ92j4DFwbvHyC4D",
            "fullTitle": "Testing HD Key Creating Private Key from WIF KzkH8BMjjgmvHbCGTcPfkuBKGPrTE1M2Xs6wKJ92j4DFwbvHyC4D",
            "timedOut": false,
            "duration": 0,
            "state": "passed",
            "speed": "fast",
            "pass": true,
            "fail": false,
            "pending": false,
            "code": "cov_1y300ligpp.f[59]++;const wif=(cov_1y300ligpp.s[262]++,test[0]);const{privateKey,compress}=(cov_1y300ligpp.s[263]++,fromWIF(wif,network));cov_1y300ligpp.s[264]++;chai.assert.equal(compress,test[1]);cov_1y300ligpp.s[265]++;chai.assert.equal(privateKey,test[2]);",
            "err": {},
            "isRoot": false,
            "uuid": "91d38a66-c8f8-448e-9623-d9aea8bf6a6a",
            "isHook": false,
            "skipped": false
          },
          {
            "title": "Creating Public Key from Private Key true",
            "fullTitle": "Testing HD Key Creating Public Key from Private Key true",
            "timedOut": false,
            "duration": 1,
            "state": "passed",
            "speed": "fast",
            "pass": true,
            "fail": false,
            "pending": false,
            "code": "cov_1y300ligpp.f[60]++;const compress=(cov_1y300ligpp.s[267]++,test[1]);const privateKey=(cov_1y300ligpp.s[268]++,test[2]);const publicKey=(cov_1y300ligpp.s[269]++,await toPublic(privateKey,compress));cov_1y300ligpp.s[270]++;chai.assert.equal(publicKey,test[3]);",
            "err": {},
            "isRoot": false,
            "uuid": "bbdfce42-db05-46f7-a8c6-a0d6375a99a8",
            "isHook": false,
            "skipped": false
          },
          {
            "title": "Creating WIF from from Private Key true",
            "fullTitle": "Testing HD Key Creating WIF from from Private Key true",
            "timedOut": false,
            "duration": 0,
            "state": "passed",
            "speed": "fast",
            "pass": true,
            "fail": false,
            "pending": false,
            "code": "cov_1y300ligpp.f[61]++;const compress=(cov_1y300ligpp.s[272]++,test[1]);const privateKey=(cov_1y300ligpp.s[273]++,test[2]);const wif=(cov_1y300ligpp.s[274]++,toWIF(privateKey,network,compress));cov_1y300ligpp.s[275]++;chai.assert.equal(wif,test[0]);",
            "err": {},
            "isRoot": false,
            "uuid": "dc2e6832-0bce-4239-a76a-f43bd67c04bd",
            "isHook": false,
            "skipped": false
          }
        ],
        "suites": [],
        "passes": [
          "7cc5f105-df5f-455c-9b96-0416a040ff01",
          "14170ba4-e4d0-48a2-9826-52d1f63c5a41",
          "c4c55988-3094-475a-9a23-185b575aa4bc",
          "e27167e2-6578-4f40-a1f7-1ce35f800b41",
          "be0aad68-0d46-4cd5-912d-74f7498375b5",
          "8ddedaa0-3625-4ce7-84f7-beb254982dd4",
          "f0ab82c6-510e-432c-85a2-b8c336204390",
          "4b259168-13cd-4abb-a9ae-02b9cf94ee43",
          "c777c45e-e6ea-4e5d-bccc-68d232249736",
          "42bdb643-e8b5-4b46-a97a-368e89a34e80",
          "798a967e-8b72-4ffe-bd49-f49fbe65d22f",
          "01881768-3902-4efe-8b4d-8126deffc2d6",
          "3670a986-22fe-4059-84d2-43ded72678a6",
          "c0fcae98-d4cb-49cd-945c-d7b8ed95e3c6",
          "dc0a2894-f597-4cf5-ae4a-a8c149fb3690",
          "bdc626aa-5916-4fb1-96e1-6cb8cfa4c56d",
          "28162568-c7dc-4137-982c-176f80ad22e4",
          "6e974312-17bb-4ceb-9bc4-fb0418a9c1c3",
          "83f7f4db-2e88-4115-bdeb-412f0cf3b022",
          "d9c61215-d2fe-4a52-9b55-7608dbde66a2",
          "3c614eea-9089-4edc-9ce4-8f63b59ecab4",
          "659f0913-e1d5-4b9d-8029-7b7f0ecb6e9e",
          "12e0e41c-ea70-43c9-b477-694233e7b284",
          "36dbc02a-d72f-43bc-819c-81457fb7b9aa",
          "91d38a66-c8f8-448e-9623-d9aea8bf6a6a",
          "bbdfce42-db05-46f7-a8c6-a0d6375a99a8",
          "dc2e6832-0bce-4239-a76a-f43bd67c04bd"
        ],
        "failures": [],
        "pending": [],
        "skipped": [],
        "duration": 107,
        "root": false,
        "rootEmpty": false,
        "_timeout": 2000
      },
      {
        "uuid": "b594db31-0c94-4672-be44-c643e068b9f6",
        "title": "Testing XKey Private Key",
        "fullFile": "/Users/thehobbit85/Developer/Airbitz/edge-currency-bitcoin/packages/nidavellir/build/tests.cjs.js",
        "file": "/build/tests.cjs.js",
        "beforeHooks": [],
        "afterHooks": [],
        "tests": [
          {
            "title": "Extended key from seed 2fe98754525f698edcb6088bb2e992c32004acef0f3905a6fb0225971dea677860805bed284ee7e5f3cdf1bee691d04201ea11290d3091b81ceffa6fc39be5f7",
            "fullTitle": "Testing XKey Private Key Extended key from seed 2fe98754525f698edcb6088bb2e992c32004acef0f3905a6fb0225971dea677860805bed284ee7e5f3cdf1bee691d04201ea11290d3091b81ceffa6fc39be5f7",
            "timedOut": false,
            "duration": 3,
            "state": "passed",
            "speed": "fast",
            "pass": true,
            "fail": false,
            "pending": false,
            "code": "cov_1y300ligpp.f[89]++;const childKey=(cov_1y300ligpp.s[468]++,fromSeed$1(test[1],network$3));const xkey=(cov_1y300ligpp.s[469]++,toString$3(childKey));cov_1y300ligpp.s[470]++;chai.assert.deepEqual(xkey,test[2]);",
            "err": {},
            "isRoot": false,
            "uuid": "d474ccc2-58f2-4c87-bd8e-3223d402c8c5",
            "isHook": false,
            "skipped": false
          },
          {
            "title": "Extended key from seed c651a27f6f4f5366999aa22271695f25a3fc28f979b138df471b869ab395961c8ba5347d43a52afbf331285add025b5c7d3eaea7ab883aba6f8b6c04f5f0dba0",
            "fullTitle": "Testing XKey Private Key Extended key from seed c651a27f6f4f5366999aa22271695f25a3fc28f979b138df471b869ab395961c8ba5347d43a52afbf331285add025b5c7d3eaea7ab883aba6f8b6c04f5f0dba0",
            "timedOut": false,
            "duration": 2,
            "state": "passed",
            "speed": "fast",
            "pass": true,
            "fail": false,
            "pending": false,
            "code": "cov_1y300ligpp.f[89]++;const childKey=(cov_1y300ligpp.s[468]++,fromSeed$1(test[1],network$3));const xkey=(cov_1y300ligpp.s[469]++,toString$3(childKey));cov_1y300ligpp.s[470]++;chai.assert.deepEqual(xkey,test[2]);",
            "err": {},
            "isRoot": false,
            "uuid": "789aec75-93f1-4fcf-a057-76adddee3782",
            "isHook": false,
            "skipped": false
          },
          {
            "title": "Extended key from seed 16d46953c56010aee578d33dc9326075cf79e13c9492f2bd277334414b8ad19e305892e8a6e230a4e40bab8b39be1d53055b23b4bebe8f6a521b30c821764332",
            "fullTitle": "Testing XKey Private Key Extended key from seed 16d46953c56010aee578d33dc9326075cf79e13c9492f2bd277334414b8ad19e305892e8a6e230a4e40bab8b39be1d53055b23b4bebe8f6a521b30c821764332",
            "timedOut": false,
            "duration": 3,
            "state": "passed",
            "speed": "fast",
            "pass": true,
            "fail": false,
            "pending": false,
            "code": "cov_1y300ligpp.f[89]++;const childKey=(cov_1y300ligpp.s[468]++,fromSeed$1(test[1],network$3));const xkey=(cov_1y300ligpp.s[469]++,toString$3(childKey));cov_1y300ligpp.s[470]++;chai.assert.deepEqual(xkey,test[2]);",
            "err": {},
            "isRoot": false,
            "uuid": "2365e6da-a1d3-4df0-b138-50cd9f654c97",
            "isHook": false,
            "skipped": false
          },
          {
            "title": "Extended key from seed c094a23d338f64adde79314ecaa237cff218c8463bd10d61cc54928f2c636240319c17d3464c7104e3a7694fabfdcf84d37b9b1d97700772963777f7ff593c6a",
            "fullTitle": "Testing XKey Private Key Extended key from seed c094a23d338f64adde79314ecaa237cff218c8463bd10d61cc54928f2c636240319c17d3464c7104e3a7694fabfdcf84d37b9b1d97700772963777f7ff593c6a",
            "timedOut": false,
            "duration": 2,
            "state": "passed",
            "speed": "fast",
            "pass": true,
            "fail": false,
            "pending": false,
            "code": "cov_1y300ligpp.f[89]++;const childKey=(cov_1y300ligpp.s[468]++,fromSeed$1(test[1],network$3));const xkey=(cov_1y300ligpp.s[469]++,toString$3(childKey));cov_1y300ligpp.s[470]++;chai.assert.deepEqual(xkey,test[2]);",
            "err": {},
            "isRoot": false,
            "uuid": "882eece8-7d8b-467d-bbbc-ae6d8c2f9438",
            "isHook": false,
            "skipped": false
          },
          {
            "title": "XKey key from string: xprv9s21ZrQH143K3QTDL4LXw2F7HEK3wJUD2nW2nRk4stbPy6cq3jPPqjiChkVvvNKmPGJxWUtg6LnF5kejMRNNU3TGtRBeJgk33yuGBxrMPHi",
            "fullTitle": "Testing XKey Private Key XKey key from string: xprv9s21ZrQH143K3QTDL4LXw2F7HEK3wJUD2nW2nRk4stbPy6cq3jPPqjiChkVvvNKmPGJxWUtg6LnF5kejMRNNU3TGtRBeJgk33yuGBxrMPHi",
            "timedOut": false,
            "duration": 1,
            "state": "passed",
            "speed": "fast",
            "pass": true,
            "fail": false,
            "pending": false,
            "code": "cov_1y300ligpp.f[91]++;const resultedXkey=(cov_1y300ligpp.s[475]++,fromString$3(base58Key,network$3));cov_1y300ligpp.s[476]++;chai.assert.deepEqual(resultedXkey,privateKey);",
            "err": {},
            "isRoot": false,
            "uuid": "2fed253e-0d98-435d-8464-faa23de9ac7a",
            "isHook": false,
            "skipped": false
          },
          {
            "title": "XKey key to string: e8f32e723decf4051aefac8e2c93c9c5b214313817cdb01a1494b917c8436b35",
            "fullTitle": "Testing XKey Private Key XKey key to string: e8f32e723decf4051aefac8e2c93c9c5b214313817cdb01a1494b917c8436b35",
            "timedOut": false,
            "duration": 1,
            "state": "passed",
            "speed": "fast",
            "pass": true,
            "fail": false,
            "pending": false,
            "code": "cov_1y300ligpp.f[92]++;const resultedBase58Key=(cov_1y300ligpp.s[478]++,toString$3(privateKey,network$3));cov_1y300ligpp.s[479]++;chai.assert.equal(resultedBase58Key,base58Key);",
            "err": {},
            "isRoot": false,
            "uuid": "e464f51e-1660-42b0-b59e-f3e7332c2292",
            "isHook": false,
            "skipped": false
          },
          {
            "title": "XKey key from string: xprv9uHRZZhk6KAJC1avXpDAp4MDc3sQKNxDiPvvkX8Br5ngLNv1TxvUxt4cV1rGL5hj6KCesnDYUhd7oWgT11eZG7XnxHrnYeSvkzY7d2bhkJ7",
            "fullTitle": "Testing XKey Private Key XKey key from string: xprv9uHRZZhk6KAJC1avXpDAp4MDc3sQKNxDiPvvkX8Br5ngLNv1TxvUxt4cV1rGL5hj6KCesnDYUhd7oWgT11eZG7XnxHrnYeSvkzY7d2bhkJ7",
            "timedOut": false,
            "duration": 0,
            "state": "passed",
            "speed": "fast",
            "pass": true,
            "fail": false,
            "pending": false,
            "code": "cov_1y300ligpp.f[91]++;const resultedXkey=(cov_1y300ligpp.s[475]++,fromString$3(base58Key,network$3));cov_1y300ligpp.s[476]++;chai.assert.deepEqual(resultedXkey,privateKey);",
            "err": {},
            "isRoot": false,
            "uuid": "07dc3185-efe2-4fd0-877e-09b3d77a139f",
            "isHook": false,
            "skipped": false
          },
          {
            "title": "XKey key to string: edb2e14f9ee77d26dd93b4ecede8d16ed408ce149b6cd80b0715a2d911a0afea",
            "fullTitle": "Testing XKey Private Key XKey key to string: edb2e14f9ee77d26dd93b4ecede8d16ed408ce149b6cd80b0715a2d911a0afea",
            "timedOut": false,
            "duration": 0,
            "state": "passed",
            "speed": "fast",
            "pass": true,
            "fail": false,
            "pending": false,
            "code": "cov_1y300ligpp.f[92]++;const resultedBase58Key=(cov_1y300ligpp.s[478]++,toString$3(privateKey,network$3));cov_1y300ligpp.s[479]++;chai.assert.equal(resultedBase58Key,base58Key);",
            "err": {},
            "isRoot": false,
            "uuid": "ad6e1efa-19d0-4f20-bbbd-1d529e556f31",
            "isHook": false,
            "skipped": false
          },
          {
            "title": "XKey key from string: xprv9wTYmMFdV23N2TdNG573QoEsfRrWKQgWeibmLntzniatZvR9BmLnvSxqu53Kw1UmYPxLgboyZQaXwTCg8MSY3H2EU4pWcQDnRnrVA1xe8fs",
            "fullTitle": "Testing XKey Private Key XKey key from string: xprv9wTYmMFdV23N2TdNG573QoEsfRrWKQgWeibmLntzniatZvR9BmLnvSxqu53Kw1UmYPxLgboyZQaXwTCg8MSY3H2EU4pWcQDnRnrVA1xe8fs",
            "timedOut": false,
            "duration": 1,
            "state": "passed",
            "speed": "fast",
            "pass": true,
            "fail": false,
            "pending": false,
            "code": "cov_1y300ligpp.f[91]++;const resultedXkey=(cov_1y300ligpp.s[475]++,fromString$3(base58Key,network$3));cov_1y300ligpp.s[476]++;chai.assert.deepEqual(resultedXkey,privateKey);",
            "err": {},
            "isRoot": false,
            "uuid": "6172f9a6-c751-4ab7-975b-c81c7604ef19",
            "isHook": false,
            "skipped": false
          },
          {
            "title": "XKey key to string: 3c6cb8d0f6a264c91ea8b5030fadaa8e538b020f0a387421a12de9319dc93368",
            "fullTitle": "Testing XKey Private Key XKey key to string: 3c6cb8d0f6a264c91ea8b5030fadaa8e538b020f0a387421a12de9319dc93368",
            "timedOut": false,
            "duration": 0,
            "state": "passed",
            "speed": "fast",
            "pass": true,
            "fail": false,
            "pending": false,
            "code": "cov_1y300ligpp.f[92]++;const resultedBase58Key=(cov_1y300ligpp.s[478]++,toString$3(privateKey,network$3));cov_1y300ligpp.s[479]++;chai.assert.equal(resultedBase58Key,base58Key);",
            "err": {},
            "isRoot": false,
            "uuid": "326f10e9-a8e8-4aa0-b9dd-ab7d0bc43c8e",
            "isHook": false,
            "skipped": false
          },
          {
            "title": "XKey key from string: xprv9z4pot5VBttmtdRTWfWQmoH1taj2axGVzFqSb8C9xaxKymcFzXBDptWmT7FwuEzG3ryjH4ktypQSAewRiNMjANTtpgP4mLTj34bhnZX7UiM",
            "fullTitle": "Testing XKey Private Key XKey key from string: xprv9z4pot5VBttmtdRTWfWQmoH1taj2axGVzFqSb8C9xaxKymcFzXBDptWmT7FwuEzG3ryjH4ktypQSAewRiNMjANTtpgP4mLTj34bhnZX7UiM",
            "timedOut": false,
            "duration": 0,
            "state": "passed",
            "speed": "fast",
            "pass": true,
            "fail": false,
            "pending": false,
            "code": "cov_1y300ligpp.f[91]++;const resultedXkey=(cov_1y300ligpp.s[475]++,fromString$3(base58Key,network$3));cov_1y300ligpp.s[476]++;chai.assert.deepEqual(resultedXkey,privateKey);",
            "err": {},
            "isRoot": false,
            "uuid": "08749f08-9c5f-4d3e-9aa5-1e402879deed",
            "isHook": false,
            "skipped": false
          },
          {
            "title": "XKey key to string: cbce0d719ecf7431d88e6a89fa1483e02e35092af60c042b1df2ff59fa424dca",
            "fullTitle": "Testing XKey Private Key XKey key to string: cbce0d719ecf7431d88e6a89fa1483e02e35092af60c042b1df2ff59fa424dca",
            "timedOut": false,
            "duration": 1,
            "state": "passed",
            "speed": "fast",
            "pass": true,
            "fail": false,
            "pending": false,
            "code": "cov_1y300ligpp.f[92]++;const resultedBase58Key=(cov_1y300ligpp.s[478]++,toString$3(privateKey,network$3));cov_1y300ligpp.s[479]++;chai.assert.equal(resultedBase58Key,base58Key);",
            "err": {},
            "isRoot": false,
            "uuid": "c0abdbdf-caef-4418-a7f9-77d0d49cf585",
            "isHook": false,
            "skipped": false
          },
          {
            "title": "XKey key from string: xprvA2JDeKCSNNZky6uBCviVfJSKyQ1mDYahRjijr5idH2WwLsEd4Hsb2Tyh8RfQMuPh7f7RtyzTtdrbdqqsunu5Mm3wDvUAKRHSC34sJ7in334",
            "fullTitle": "Testing XKey Private Key XKey key from string: xprvA2JDeKCSNNZky6uBCviVfJSKyQ1mDYahRjijr5idH2WwLsEd4Hsb2Tyh8RfQMuPh7f7RtyzTtdrbdqqsunu5Mm3wDvUAKRHSC34sJ7in334",
            "timedOut": false,
            "duration": 0,
            "state": "passed",
            "speed": "fast",
            "pass": true,
            "fail": false,
            "pending": false,
            "code": "cov_1y300ligpp.f[91]++;const resultedXkey=(cov_1y300ligpp.s[475]++,fromString$3(base58Key,network$3));cov_1y300ligpp.s[476]++;chai.assert.deepEqual(resultedXkey,privateKey);",
            "err": {},
            "isRoot": false,
            "uuid": "adc8ebc7-4c5b-4852-887b-ff8d381203d3",
            "isHook": false,
            "skipped": false
          },
          {
            "title": "XKey key to string: 0f479245fb19a38a1954c5c7c0ebab2f9bdfd96a17563ef28a6a4b1a2a764ef4",
            "fullTitle": "Testing XKey Private Key XKey key to string: 0f479245fb19a38a1954c5c7c0ebab2f9bdfd96a17563ef28a6a4b1a2a764ef4",
            "timedOut": false,
            "duration": 0,
            "state": "passed",
            "speed": "fast",
            "pass": true,
            "fail": false,
            "pending": false,
            "code": "cov_1y300ligpp.f[92]++;const resultedBase58Key=(cov_1y300ligpp.s[478]++,toString$3(privateKey,network$3));cov_1y300ligpp.s[479]++;chai.assert.equal(resultedBase58Key,base58Key);",
            "err": {},
            "isRoot": false,
            "uuid": "0adaca34-33b8-4d7c-9ff5-20e66a61eca8",
            "isHook": false,
            "skipped": false
          },
          {
            "title": "XKey key from string: xprvA41z7zogVVwxVSgdKUHDy1SKmdb533PjDz7J6N6mV6uS3ze1ai8FHa8kmHScGpWmj4WggLyQjgPie1rFSruoUihUZREPSL39UNdE3BBDu76",
            "fullTitle": "Testing XKey Private Key XKey key from string: xprvA41z7zogVVwxVSgdKUHDy1SKmdb533PjDz7J6N6mV6uS3ze1ai8FHa8kmHScGpWmj4WggLyQjgPie1rFSruoUihUZREPSL39UNdE3BBDu76",
            "timedOut": false,
            "duration": 1,
            "state": "passed",
            "speed": "fast",
            "pass": true,
            "fail": false,
            "pending": false,
            "code": "cov_1y300ligpp.f[91]++;const resultedXkey=(cov_1y300ligpp.s[475]++,fromString$3(base58Key,network$3));cov_1y300ligpp.s[476]++;chai.assert.deepEqual(resultedXkey,privateKey);",
            "err": {},
            "isRoot": false,
            "uuid": "ddf3c3eb-4f56-412e-88fd-e8175e41e47f",
            "isHook": false,
            "skipped": false
          },
          {
            "title": "XKey key to string: 471b76e389e528d6de6d816857e012c5455051cad6660850e58372a6c3e6e7c8",
            "fullTitle": "Testing XKey Private Key XKey key to string: 471b76e389e528d6de6d816857e012c5455051cad6660850e58372a6c3e6e7c8",
            "timedOut": false,
            "duration": 0,
            "state": "passed",
            "speed": "fast",
            "pass": true,
            "fail": false,
            "pending": false,
            "code": "cov_1y300ligpp.f[92]++;const resultedBase58Key=(cov_1y300ligpp.s[478]++,toString$3(privateKey,network$3));cov_1y300ligpp.s[479]++;chai.assert.equal(resultedBase58Key,base58Key);",
            "err": {},
            "isRoot": false,
            "uuid": "1e924cda-37f8-4367-b6af-043b62a5c034",
            "isHook": false,
            "skipped": false
          },
          {
            "title": "XKey key from string: xprv9s21ZrQH143K31xYSDQpPDxsXRTUcvj2iNHm5NUtrGiGG5e2DtALGdso3pGz6ssrdK4PFmM8NSpSBHNqPqm55Qn3LqFtT2emdEXVYsCzC2U",
            "fullTitle": "Testing XKey Private Key XKey key from string: xprv9s21ZrQH143K31xYSDQpPDxsXRTUcvj2iNHm5NUtrGiGG5e2DtALGdso3pGz6ssrdK4PFmM8NSpSBHNqPqm55Qn3LqFtT2emdEXVYsCzC2U",
            "timedOut": false,
            "duration": 0,
            "state": "passed",
            "speed": "fast",
            "pass": true,
            "fail": false,
            "pending": false,
            "code": "cov_1y300ligpp.f[91]++;const resultedXkey=(cov_1y300ligpp.s[475]++,fromString$3(base58Key,network$3));cov_1y300ligpp.s[476]++;chai.assert.deepEqual(resultedXkey,privateKey);",
            "err": {},
            "isRoot": false,
            "uuid": "fddd6b6d-9698-45ec-9a83-4fd78b0ac662",
            "isHook": false,
            "skipped": false
          },
          {
            "title": "XKey key to string: 4b03d6fc340455b363f51020ad3ecca4f0850280cf436c70c727923f6db46c3e",
            "fullTitle": "Testing XKey Private Key XKey key to string: 4b03d6fc340455b363f51020ad3ecca4f0850280cf436c70c727923f6db46c3e",
            "timedOut": false,
            "duration": 0,
            "state": "passed",
            "speed": "fast",
            "pass": true,
            "fail": false,
            "pending": false,
            "code": "cov_1y300ligpp.f[92]++;const resultedBase58Key=(cov_1y300ligpp.s[478]++,toString$3(privateKey,network$3));cov_1y300ligpp.s[479]++;chai.assert.equal(resultedBase58Key,base58Key);",
            "err": {},
            "isRoot": false,
            "uuid": "b7652765-489f-41ff-b21c-52897d199cec",
            "isHook": false,
            "skipped": false
          },
          {
            "title": "XKey key from string: xprv9vHkqa6EV4sPZHYqZznhT2NPtPCjKuDKGY38FBWLvgaDx45zo9WQRUT3dKYnjwih2yJD9mkrocEZXo1ex8G81dwSM1fwqWpWkeS3v86pgKt",
            "fullTitle": "Testing XKey Private Key XKey key from string: xprv9vHkqa6EV4sPZHYqZznhT2NPtPCjKuDKGY38FBWLvgaDx45zo9WQRUT3dKYnjwih2yJD9mkrocEZXo1ex8G81dwSM1fwqWpWkeS3v86pgKt",
            "timedOut": false,
            "duration": 1,
            "state": "passed",
            "speed": "fast",
            "pass": true,
            "fail": false,
            "pending": false,
            "code": "cov_1y300ligpp.f[91]++;const resultedXkey=(cov_1y300ligpp.s[475]++,fromString$3(base58Key,network$3));cov_1y300ligpp.s[476]++;chai.assert.deepEqual(resultedXkey,privateKey);",
            "err": {},
            "isRoot": false,
            "uuid": "ac4e1feb-8d6c-4cfa-bae2-c5ad1cff303d",
            "isHook": false,
            "skipped": false
          },
          {
            "title": "XKey key to string: abe74a98f6c7eabee0428f53798f0ab8aa1bd37873999041703c742f15ac7e1e",
            "fullTitle": "Testing XKey Private Key XKey key to string: abe74a98f6c7eabee0428f53798f0ab8aa1bd37873999041703c742f15ac7e1e",
            "timedOut": false,
            "duration": 0,
            "state": "passed",
            "speed": "fast",
            "pass": true,
            "fail": false,
            "pending": false,
            "code": "cov_1y300ligpp.f[92]++;const resultedBase58Key=(cov_1y300ligpp.s[478]++,toString$3(privateKey,network$3));cov_1y300ligpp.s[479]++;chai.assert.equal(resultedBase58Key,base58Key);",
            "err": {},
            "isRoot": false,
            "uuid": "12b92e65-00df-4f3d-9f1b-2dfa157811fa",
            "isHook": false,
            "skipped": false
          },
          {
            "title": "XKey key from string: xprv9wSp6B7kry3Vj9m1zSnLvN3xH8RdsPP1Mh7fAaR7aRLcQMKTR2vidYEeEg2mUCTAwCd6vnxVrcjfy2kRgVsFawNzmjuHc2YmYRmagcEPdU9",
            "fullTitle": "Testing XKey Private Key XKey key from string: xprv9wSp6B7kry3Vj9m1zSnLvN3xH8RdsPP1Mh7fAaR7aRLcQMKTR2vidYEeEg2mUCTAwCd6vnxVrcjfy2kRgVsFawNzmjuHc2YmYRmagcEPdU9",
            "timedOut": false,
            "duration": 0,
            "state": "passed",
            "speed": "fast",
            "pass": true,
            "fail": false,
            "pending": false,
            "code": "cov_1y300ligpp.f[91]++;const resultedXkey=(cov_1y300ligpp.s[475]++,fromString$3(base58Key,network$3));cov_1y300ligpp.s[476]++;chai.assert.deepEqual(resultedXkey,privateKey);",
            "err": {},
            "isRoot": false,
            "uuid": "bf849a2a-55be-40c6-95e8-76b6eb83e2cc",
            "isHook": false,
            "skipped": false
          },
          {
            "title": "XKey key to string: 877c779ad9687164e9c2f4f0f4ff0340814392330693ce95a58fe18fd52e6e93",
            "fullTitle": "Testing XKey Private Key XKey key to string: 877c779ad9687164e9c2f4f0f4ff0340814392330693ce95a58fe18fd52e6e93",
            "timedOut": false,
            "duration": 1,
            "state": "passed",
            "speed": "fast",
            "pass": true,
            "fail": false,
            "pending": false,
            "code": "cov_1y300ligpp.f[92]++;const resultedBase58Key=(cov_1y300ligpp.s[478]++,toString$3(privateKey,network$3));cov_1y300ligpp.s[479]++;chai.assert.equal(resultedBase58Key,base58Key);",
            "err": {},
            "isRoot": false,
            "uuid": "3c248c44-93ce-4075-8087-a2056914b90e",
            "isHook": false,
            "skipped": false
          },
          {
            "title": "XKey key from string: xprv9zFnWC6h2cLgpmSA46vutJzBcfJ8yaJGg8cX1e5StJh45BBciYTRXSd25UEPVuesF9yog62tGAQtHjXajPPdbRCHuWS6T8XA2ECKADdw4Ef",
            "fullTitle": "Testing XKey Private Key XKey key from string: xprv9zFnWC6h2cLgpmSA46vutJzBcfJ8yaJGg8cX1e5StJh45BBciYTRXSd25UEPVuesF9yog62tGAQtHjXajPPdbRCHuWS6T8XA2ECKADdw4Ef",
            "timedOut": false,
            "duration": 0,
            "state": "passed",
            "speed": "fast",
            "pass": true,
            "fail": false,
            "pending": false,
            "code": "cov_1y300ligpp.f[91]++;const resultedXkey=(cov_1y300ligpp.s[475]++,fromString$3(base58Key,network$3));cov_1y300ligpp.s[476]++;chai.assert.deepEqual(resultedXkey,privateKey);",
            "err": {},
            "isRoot": false,
            "uuid": "9cf72ffa-d9ff-49bd-8182-30e653ada313",
            "isHook": false,
            "skipped": false
          },
          {
            "title": "XKey key to string: 704addf544a06e5ee4bea37098463c23613da32020d604506da8c0518e1da4b7",
            "fullTitle": "Testing XKey Private Key XKey key to string: 704addf544a06e5ee4bea37098463c23613da32020d604506da8c0518e1da4b7",
            "timedOut": false,
            "duration": 0,
            "state": "passed",
            "speed": "fast",
            "pass": true,
            "fail": false,
            "pending": false,
            "code": "cov_1y300ligpp.f[92]++;const resultedBase58Key=(cov_1y300ligpp.s[478]++,toString$3(privateKey,network$3));cov_1y300ligpp.s[479]++;chai.assert.equal(resultedBase58Key,base58Key);",
            "err": {},
            "isRoot": false,
            "uuid": "26ea0de2-173d-4c94-a283-451384b7db29",
            "isHook": false,
            "skipped": false
          },
          {
            "title": "XKey key from string: xprvA1RpRA33e1JQ7ifknakTFpgNXPmW2YvmhqLQYMmrj4xJXXWYpDPS3xz7iAxn8L39njGVyuoseXzU6rcxFLJ8HFsTjSyQbLYnMpCqE2VbFWc",
            "fullTitle": "Testing XKey Private Key XKey key from string: xprvA1RpRA33e1JQ7ifknakTFpgNXPmW2YvmhqLQYMmrj4xJXXWYpDPS3xz7iAxn8L39njGVyuoseXzU6rcxFLJ8HFsTjSyQbLYnMpCqE2VbFWc",
            "timedOut": false,
            "duration": 1,
            "state": "passed",
            "speed": "fast",
            "pass": true,
            "fail": false,
            "pending": false,
            "code": "cov_1y300ligpp.f[91]++;const resultedXkey=(cov_1y300ligpp.s[475]++,fromString$3(base58Key,network$3));cov_1y300ligpp.s[476]++;chai.assert.deepEqual(resultedXkey,privateKey);",
            "err": {},
            "isRoot": false,
            "uuid": "676e4ada-c076-4dca-8597-932ade06ace5",
            "isHook": false,
            "skipped": false
          },
          {
            "title": "XKey key to string: f1c7c871a54a804afe328b4c83a1c33b8e5ff48f5087273f04efa83b247d6a2d",
            "fullTitle": "Testing XKey Private Key XKey key to string: f1c7c871a54a804afe328b4c83a1c33b8e5ff48f5087273f04efa83b247d6a2d",
            "timedOut": false,
            "duration": 0,
            "state": "passed",
            "speed": "fast",
            "pass": true,
            "fail": false,
            "pending": false,
            "code": "cov_1y300ligpp.f[92]++;const resultedBase58Key=(cov_1y300ligpp.s[478]++,toString$3(privateKey,network$3));cov_1y300ligpp.s[479]++;chai.assert.equal(resultedBase58Key,base58Key);",
            "err": {},
            "isRoot": false,
            "uuid": "d49959a8-dbc1-4556-8c97-52613646b3e5",
            "isHook": false,
            "skipped": false
          },
          {
            "title": "XKey key from string: xprvA2nrNbFZABcdryreWet9Ea4LvTJcGsqrMzxHx98MMrotbir7yrKCEXw7nadnHM8Dq38EGfSh6dqA9QWTyefMLEcBYJUuekgW4BYPJcr9E7j",
            "fullTitle": "Testing XKey Private Key XKey key from string: xprvA2nrNbFZABcdryreWet9Ea4LvTJcGsqrMzxHx98MMrotbir7yrKCEXw7nadnHM8Dq38EGfSh6dqA9QWTyefMLEcBYJUuekgW4BYPJcr9E7j",
            "timedOut": false,
            "duration": 0,
            "state": "passed",
            "speed": "fast",
            "pass": true,
            "fail": false,
            "pending": false,
            "code": "cov_1y300ligpp.f[91]++;const resultedXkey=(cov_1y300ligpp.s[475]++,fromString$3(base58Key,network$3));cov_1y300ligpp.s[476]++;chai.assert.deepEqual(resultedXkey,privateKey);",
            "err": {},
            "isRoot": false,
            "uuid": "b28a6141-176d-4dbe-bb8a-16cb13b26565",
            "isHook": false,
            "skipped": false
          },
          {
            "title": "XKey key to string: bb7d39bdb83ecf58f2fd82b6d918341cbef428661ef01ab97c28a4842125ac23",
            "fullTitle": "Testing XKey Private Key XKey key to string: bb7d39bdb83ecf58f2fd82b6d918341cbef428661ef01ab97c28a4842125ac23",
            "timedOut": false,
            "duration": 1,
            "state": "passed",
            "speed": "fast",
            "pass": true,
            "fail": false,
            "pending": false,
            "code": "cov_1y300ligpp.f[92]++;const resultedBase58Key=(cov_1y300ligpp.s[478]++,toString$3(privateKey,network$3));cov_1y300ligpp.s[479]++;chai.assert.equal(resultedBase58Key,base58Key);",
            "err": {},
            "isRoot": false,
            "uuid": "b3d71b46-2b33-4081-8614-26f02deeb1f2",
            "isHook": false,
            "skipped": false
          },
          {
            "title": "XKey key from string: xprv9s21ZrQH143K35zTejeVRhkXgegDFUVpoh8Mxs2BQmXEB4w9SZ1CuoJPuQ2KGQrS1ZF3Pk7V7KWHn7FqR2JbAE9Bh8PURnrFnrmArj4kxos",
            "fullTitle": "Testing XKey Private Key XKey key from string: xprv9s21ZrQH143K35zTejeVRhkXgegDFUVpoh8Mxs2BQmXEB4w9SZ1CuoJPuQ2KGQrS1ZF3Pk7V7KWHn7FqR2JbAE9Bh8PURnrFnrmArj4kxos",
            "timedOut": false,
            "duration": 0,
            "state": "passed",
            "speed": "fast",
            "pass": true,
            "fail": false,
            "pending": false,
            "code": "cov_1y300ligpp.f[91]++;const resultedXkey=(cov_1y300ligpp.s[475]++,fromString$3(base58Key,network$3));cov_1y300ligpp.s[476]++;chai.assert.deepEqual(resultedXkey,privateKey);",
            "err": {},
            "isRoot": false,
            "uuid": "b66fbe0f-02f1-42e2-893d-8d659494048e",
            "isHook": false,
            "skipped": false
          },
          {
            "title": "XKey key to string: 7bd083869bd02e57786d119a81d406ac1524a765470acee90834c60f841e6236",
            "fullTitle": "Testing XKey Private Key XKey key to string: 7bd083869bd02e57786d119a81d406ac1524a765470acee90834c60f841e6236",
            "timedOut": false,
            "duration": 0,
            "state": "passed",
            "speed": "fast",
            "pass": true,
            "fail": false,
            "pending": false,
            "code": "cov_1y300ligpp.f[92]++;const resultedBase58Key=(cov_1y300ligpp.s[478]++,toString$3(privateKey,network$3));cov_1y300ligpp.s[479]++;chai.assert.equal(resultedBase58Key,base58Key);",
            "err": {},
            "isRoot": false,
            "uuid": "fa44cc79-deb8-4f86-984d-9fa27b5822ca",
            "isHook": false,
            "skipped": false
          },
          {
            "title": "XKey key from string: xprv9v414VeuxMoGt3t7jzkPni79suCfkgFwjxG38X2wgfg2mrYtV4Bhj3prhDDCcBiJrz9n4xLYoDtBFRuQmreVLKzmiZAqvbGpx5q4yHfzfah",
            "fullTitle": "Testing XKey Private Key XKey key from string: xprv9v414VeuxMoGt3t7jzkPni79suCfkgFwjxG38X2wgfg2mrYtV4Bhj3prhDDCcBiJrz9n4xLYoDtBFRuQmreVLKzmiZAqvbGpx5q4yHfzfah",
            "timedOut": false,
            "duration": 0,
            "state": "passed",
            "speed": "fast",
            "pass": true,
            "fail": false,
            "pending": false,
            "code": "cov_1y300ligpp.f[91]++;const resultedXkey=(cov_1y300ligpp.s[475]++,fromString$3(base58Key,network$3));cov_1y300ligpp.s[476]++;chai.assert.deepEqual(resultedXkey,privateKey);",
            "err": {},
            "isRoot": false,
            "uuid": "29fa4927-6d32-49f1-bfc1-1cf29a082a27",
            "isHook": false,
            "skipped": false
          },
          {
            "title": "XKey key to string: 622c81feac4a3bf2d87578edeb3384b8b024184fbc515626c897ea452e7c8f96",
            "fullTitle": "Testing XKey Private Key XKey key to string: 622c81feac4a3bf2d87578edeb3384b8b024184fbc515626c897ea452e7c8f96",
            "timedOut": false,
            "duration": 0,
            "state": "passed",
            "speed": "fast",
            "pass": true,
            "fail": false,
            "pending": false,
            "code": "cov_1y300ligpp.f[92]++;const resultedBase58Key=(cov_1y300ligpp.s[478]++,toString$3(privateKey,network$3));cov_1y300ligpp.s[479]++;chai.assert.equal(resultedBase58Key,base58Key);",
            "err": {},
            "isRoot": false,
            "uuid": "0da90012-333b-462d-a511-21f5c11f2eee",
            "isHook": false,
            "skipped": false
          },
          {
            "title": "XKey key from string: xprv9v414VeuxMoGusHLt8GowZuX6hn3Cp3qzAE6Cb2jKPH5MBgLJu2CWuiLKTdWV8WoNFYvpCcBfbpWfeyEQ8zytZW5qy39roTcugBGUkeAvCc",
            "fullTitle": "Testing XKey Private Key XKey key from string: xprv9v414VeuxMoGusHLt8GowZuX6hn3Cp3qzAE6Cb2jKPH5MBgLJu2CWuiLKTdWV8WoNFYvpCcBfbpWfeyEQ8zytZW5qy39roTcugBGUkeAvCc",
            "timedOut": false,
            "duration": 0,
            "state": "passed",
            "speed": "fast",
            "pass": true,
            "fail": false,
            "pending": false,
            "code": "cov_1y300ligpp.f[91]++;const resultedXkey=(cov_1y300ligpp.s[475]++,fromString$3(base58Key,network$3));cov_1y300ligpp.s[476]++;chai.assert.deepEqual(resultedXkey,privateKey);",
            "err": {},
            "isRoot": false,
            "uuid": "3956b55a-b054-40b0-8d5a-e2d96178db05",
            "isHook": false,
            "skipped": false
          },
          {
            "title": "XKey key to string: da4b3947e054576f0f353d1a7f4eedd7dbca242a83cba29d3962a2ffd4e30ae5",
            "fullTitle": "Testing XKey Private Key XKey key to string: da4b3947e054576f0f353d1a7f4eedd7dbca242a83cba29d3962a2ffd4e30ae5",
            "timedOut": false,
            "duration": 0,
            "state": "passed",
            "speed": "fast",
            "pass": true,
            "fail": false,
            "pending": false,
            "code": "cov_1y300ligpp.f[92]++;const resultedBase58Key=(cov_1y300ligpp.s[478]++,toString$3(privateKey,network$3));cov_1y300ligpp.s[479]++;chai.assert.equal(resultedBase58Key,base58Key);",
            "err": {},
            "isRoot": false,
            "uuid": "0924106d-af6e-4e46-b594-bccfc1b70b90",
            "isHook": false,
            "skipped": false
          },
          {
            "title": "XKey key from string: xprv9v414VeuxMoGyViVYuzEN5vLDzff3nkrH5Bf4KzD1iTeY855Q4cCc6xPPNoc6MJcsqqRQiGqR977cEEGK2mhVp7ALKHqY1icEw3Q9UmfQ1v",
            "fullTitle": "Testing XKey Private Key XKey key from string: xprv9v414VeuxMoGyViVYuzEN5vLDzff3nkrH5Bf4KzD1iTeY855Q4cCc6xPPNoc6MJcsqqRQiGqR977cEEGK2mhVp7ALKHqY1icEw3Q9UmfQ1v",
            "timedOut": false,
            "duration": 0,
            "state": "passed",
            "speed": "fast",
            "pass": true,
            "fail": false,
            "pending": false,
            "code": "cov_1y300ligpp.f[91]++;const resultedXkey=(cov_1y300ligpp.s[475]++,fromString$3(base58Key,network$3));cov_1y300ligpp.s[476]++;chai.assert.deepEqual(resultedXkey,privateKey);",
            "err": {},
            "isRoot": false,
            "uuid": "6aa6207c-f58a-402d-959e-3330db1fb8e7",
            "isHook": false,
            "skipped": false
          },
          {
            "title": "XKey key to string: b7aaa6c8f5b4013e7b1755ae877b9fad530e9b2e86f68cec7420a6cea38e81b0",
            "fullTitle": "Testing XKey Private Key XKey key to string: b7aaa6c8f5b4013e7b1755ae877b9fad530e9b2e86f68cec7420a6cea38e81b0",
            "timedOut": false,
            "duration": 0,
            "state": "passed",
            "speed": "fast",
            "pass": true,
            "fail": false,
            "pending": false,
            "code": "cov_1y300ligpp.f[92]++;const resultedBase58Key=(cov_1y300ligpp.s[478]++,toString$3(privateKey,network$3));cov_1y300ligpp.s[479]++;chai.assert.equal(resultedBase58Key,base58Key);",
            "err": {},
            "isRoot": false,
            "uuid": "1ca32a4a-3f60-4ef6-ac70-8ec205adf886",
            "isHook": false,
            "skipped": false
          },
          {
            "title": "XKey key from string: xprv9xaK29Nm86ytEwsV9YSsL3jWYR6KtZYY3cKdjAbxHrwKyxH9YWoxvqKwtgQmExGpxAEDrwB4WK9YG1iukth3XiSgsxXLK1W3NB31gLee8fi",
            "fullTitle": "Testing XKey Private Key XKey key from string: xprv9xaK29Nm86ytEwsV9YSsL3jWYR6KtZYY3cKdjAbxHrwKyxH9YWoxvqKwtgQmExGpxAEDrwB4WK9YG1iukth3XiSgsxXLK1W3NB31gLee8fi",
            "timedOut": false,
            "duration": 0,
            "state": "passed",
            "speed": "fast",
            "pass": true,
            "fail": false,
            "pending": false,
            "code": "cov_1y300ligpp.f[91]++;const resultedXkey=(cov_1y300ligpp.s[475]++,fromString$3(base58Key,network$3));cov_1y300ligpp.s[476]++;chai.assert.deepEqual(resultedXkey,privateKey);",
            "err": {},
            "isRoot": false,
            "uuid": "d4ccd50e-2b6a-4ccd-ac41-f747a42446ad",
            "isHook": false,
            "skipped": false
          },
          {
            "title": "XKey key to string: c9ba3ede6230e80cb243e9b20a1bd4846165ea312fde7eafe56fc52dcd583899",
            "fullTitle": "Testing XKey Private Key XKey key to string: c9ba3ede6230e80cb243e9b20a1bd4846165ea312fde7eafe56fc52dcd583899",
            "timedOut": false,
            "duration": 0,
            "state": "passed",
            "speed": "fast",
            "pass": true,
            "fail": false,
            "pending": false,
            "code": "cov_1y300ligpp.f[92]++;const resultedBase58Key=(cov_1y300ligpp.s[478]++,toString$3(privateKey,network$3));cov_1y300ligpp.s[479]++;chai.assert.equal(resultedBase58Key,base58Key);",
            "err": {},
            "isRoot": false,
            "uuid": "4f32fd78-2424-40a9-9d31-f453ecf3acf7",
            "isHook": false,
            "skipped": false
          },
          {
            "title": "XKey key from string: xprv9xaK29Nm86ytGx9uDhNKUBjvbJ1sAEM11aYxGQS66Rmg6oHwy7HbB6kWwMHvukzdbPpGhfNXhZgePWFHm1DCh5PACPFywJJKr1AnUJTLjUc",
            "fullTitle": "Testing XKey Private Key XKey key from string: xprv9xaK29Nm86ytGx9uDhNKUBjvbJ1sAEM11aYxGQS66Rmg6oHwy7HbB6kWwMHvukzdbPpGhfNXhZgePWFHm1DCh5PACPFywJJKr1AnUJTLjUc",
            "timedOut": false,
            "duration": 0,
            "state": "passed",
            "speed": "fast",
            "pass": true,
            "fail": false,
            "pending": false,
            "code": "cov_1y300ligpp.f[91]++;const resultedXkey=(cov_1y300ligpp.s[475]++,fromString$3(base58Key,network$3));cov_1y300ligpp.s[476]++;chai.assert.deepEqual(resultedXkey,privateKey);",
            "err": {},
            "isRoot": false,
            "uuid": "e28c2fed-9aae-4d4c-98bf-b75e15ab1565",
            "isHook": false,
            "skipped": false
          },
          {
            "title": "XKey key to string: f2039f55285a430162c720126d26e96ec43e5b680a0d71cbabaa28dbea091f43",
            "fullTitle": "Testing XKey Private Key XKey key to string: f2039f55285a430162c720126d26e96ec43e5b680a0d71cbabaa28dbea091f43",
            "timedOut": false,
            "duration": 1,
            "state": "passed",
            "speed": "fast",
            "pass": true,
            "fail": false,
            "pending": false,
            "code": "cov_1y300ligpp.f[92]++;const resultedBase58Key=(cov_1y300ligpp.s[478]++,toString$3(privateKey,network$3));cov_1y300ligpp.s[479]++;chai.assert.equal(resultedBase58Key,base58Key);",
            "err": {},
            "isRoot": false,
            "uuid": "ed76e881-706b-4adb-b764-0f8827e0b9b9",
            "isHook": false,
            "skipped": false
          },
          {
            "title": "XKey key from string: xprv9s21ZrQH143K3ckY9DgU79uMTJkQRLdbCCVDh81SnxTgPzLLGax6uHeBULTtaEtcAvKjXfT7ZWtHzKjTpujMkUd9dDb8msDeAfnJxrgAYhr",
            "fullTitle": "Testing XKey Private Key XKey key from string: xprv9s21ZrQH143K3ckY9DgU79uMTJkQRLdbCCVDh81SnxTgPzLLGax6uHeBULTtaEtcAvKjXfT7ZWtHzKjTpujMkUd9dDb8msDeAfnJxrgAYhr",
            "timedOut": false,
            "duration": 0,
            "state": "passed",
            "speed": "fast",
            "pass": true,
            "fail": false,
            "pending": false,
            "code": "cov_1y300ligpp.f[91]++;const resultedXkey=(cov_1y300ligpp.s[475]++,fromString$3(base58Key,network$3));cov_1y300ligpp.s[476]++;chai.assert.deepEqual(resultedXkey,privateKey);",
            "err": {},
            "isRoot": false,
            "uuid": "74b5af7c-8b79-471f-a9a0-6a775fc9e6ab",
            "isHook": false,
            "skipped": false
          },
          {
            "title": "XKey key to string: 00000055378cf5fafb56c711c674143f9b0ee82ab0ba2924f19b64f5ae7cdbfd",
            "fullTitle": "Testing XKey Private Key XKey key to string: 00000055378cf5fafb56c711c674143f9b0ee82ab0ba2924f19b64f5ae7cdbfd",
            "timedOut": false,
            "duration": 0,
            "state": "passed",
            "speed": "fast",
            "pass": true,
            "fail": false,
            "pending": false,
            "code": "cov_1y300ligpp.f[92]++;const resultedBase58Key=(cov_1y300ligpp.s[478]++,toString$3(privateKey,network$3));cov_1y300ligpp.s[479]++;chai.assert.equal(resultedBase58Key,base58Key);",
            "err": {},
            "isRoot": false,
            "uuid": "f2df131e-bcea-4e2d-855b-45123abe3965",
            "isHook": false,
            "skipped": false
          },
          {
            "title": "Deriving key e8f32e723decf4051aefac8e2c93c9c5b214313817cdb01a1494b917c8436b35 for index 2147483648",
            "fullTitle": "Testing XKey Private Key Deriving key e8f32e723decf4051aefac8e2c93c9c5b214313817cdb01a1494b917c8436b35 for index 2147483648",
            "timedOut": false,
            "duration": 5,
            "state": "passed",
            "speed": "fast",
            "pass": true,
            "fail": false,
            "pending": false,
            "code": "cov_1y300ligpp.f[94]++;const privateKey=(cov_1y300ligpp.s[482]++,test[0]);const chainCode=(cov_1y300ligpp.s[483]++,test[1]);const index=(cov_1y300ligpp.s[484]++,test[2]);const publicKey=(cov_1y300ligpp.s[485]++,test[6]);const expectedChildKey=(cov_1y300ligpp.s[486]++,{privateKey:test[3],chainCode:test[4],childNumber:test[5]// $FlowFixMe\n});const xKey=(cov_1y300ligpp.s[487]++,fromXKey({privateKey,chainCode,publicKey},network$3));// $FlowFixMe\nconst childKey=(cov_1y300ligpp.s[488]++,await toIndex$2(xKey,index));cov_1y300ligpp.s[489]++;chai.assert.deepEqual({privateKey:childKey.privateKey,chainCode:childKey.chainCode,childNumber:childKey.childNumber},expectedChildKey);",
            "err": {},
            "isRoot": false,
            "uuid": "dc9c5478-954d-4570-8b8d-c0d3509baf09",
            "isHook": false,
            "skipped": false
          },
          {
            "title": "Deriving key 3c6cb8d0f6a264c91ea8b5030fadaa8e538b020f0a387421a12de9319dc93368 for index 2147483650",
            "fullTitle": "Testing XKey Private Key Deriving key 3c6cb8d0f6a264c91ea8b5030fadaa8e538b020f0a387421a12de9319dc93368 for index 2147483650",
            "timedOut": false,
            "duration": 4,
            "state": "passed",
            "speed": "fast",
            "pass": true,
            "fail": false,
            "pending": false,
            "code": "cov_1y300ligpp.f[94]++;const privateKey=(cov_1y300ligpp.s[482]++,test[0]);const chainCode=(cov_1y300ligpp.s[483]++,test[1]);const index=(cov_1y300ligpp.s[484]++,test[2]);const publicKey=(cov_1y300ligpp.s[485]++,test[6]);const expectedChildKey=(cov_1y300ligpp.s[486]++,{privateKey:test[3],chainCode:test[4],childNumber:test[5]// $FlowFixMe\n});const xKey=(cov_1y300ligpp.s[487]++,fromXKey({privateKey,chainCode,publicKey},network$3));// $FlowFixMe\nconst childKey=(cov_1y300ligpp.s[488]++,await toIndex$2(xKey,index));cov_1y300ligpp.s[489]++;chai.assert.deepEqual({privateKey:childKey.privateKey,chainCode:childKey.chainCode,childNumber:childKey.childNumber},expectedChildKey);",
            "err": {},
            "isRoot": false,
            "uuid": "54493395-fadd-4460-bc1b-9563bf318380",
            "isHook": false,
            "skipped": false
          },
          {
            "title": "Deriving key abe74a98f6c7eabee0428f53798f0ab8aa1bd37873999041703c742f15ac7e1e for index 4294967295",
            "fullTitle": "Testing XKey Private Key Deriving key abe74a98f6c7eabee0428f53798f0ab8aa1bd37873999041703c742f15ac7e1e for index 4294967295",
            "timedOut": false,
            "duration": 2,
            "state": "passed",
            "speed": "fast",
            "pass": true,
            "fail": false,
            "pending": false,
            "code": "cov_1y300ligpp.f[94]++;const privateKey=(cov_1y300ligpp.s[482]++,test[0]);const chainCode=(cov_1y300ligpp.s[483]++,test[1]);const index=(cov_1y300ligpp.s[484]++,test[2]);const publicKey=(cov_1y300ligpp.s[485]++,test[6]);const expectedChildKey=(cov_1y300ligpp.s[486]++,{privateKey:test[3],chainCode:test[4],childNumber:test[5]// $FlowFixMe\n});const xKey=(cov_1y300ligpp.s[487]++,fromXKey({privateKey,chainCode,publicKey},network$3));// $FlowFixMe\nconst childKey=(cov_1y300ligpp.s[488]++,await toIndex$2(xKey,index));cov_1y300ligpp.s[489]++;chai.assert.deepEqual({privateKey:childKey.privateKey,chainCode:childKey.chainCode,childNumber:childKey.childNumber},expectedChildKey);",
            "err": {},
            "isRoot": false,
            "uuid": "41a951e1-14d9-4193-a455-b680b7cdf3cb",
            "isHook": false,
            "skipped": false
          },
          {
            "title": "Deriving key 704addf544a06e5ee4bea37098463c23613da32020d604506da8c0518e1da4b7 for index 4294967294",
            "fullTitle": "Testing XKey Private Key Deriving key 704addf544a06e5ee4bea37098463c23613da32020d604506da8c0518e1da4b7 for index 4294967294",
            "timedOut": false,
            "duration": 3,
            "state": "passed",
            "speed": "fast",
            "pass": true,
            "fail": false,
            "pending": false,
            "code": "cov_1y300ligpp.f[94]++;const privateKey=(cov_1y300ligpp.s[482]++,test[0]);const chainCode=(cov_1y300ligpp.s[483]++,test[1]);const index=(cov_1y300ligpp.s[484]++,test[2]);const publicKey=(cov_1y300ligpp.s[485]++,test[6]);const expectedChildKey=(cov_1y300ligpp.s[486]++,{privateKey:test[3],chainCode:test[4],childNumber:test[5]// $FlowFixMe\n});const xKey=(cov_1y300ligpp.s[487]++,fromXKey({privateKey,chainCode,publicKey},network$3));// $FlowFixMe\nconst childKey=(cov_1y300ligpp.s[488]++,await toIndex$2(xKey,index));cov_1y300ligpp.s[489]++;chai.assert.deepEqual({privateKey:childKey.privateKey,chainCode:childKey.chainCode,childNumber:childKey.childNumber},expectedChildKey);",
            "err": {},
            "isRoot": false,
            "uuid": "b49ff0a0-1abb-4c7f-a8ef-2ce8a160948e",
            "isHook": false,
            "skipped": false
          },
          {
            "title": "Deriving key edb2e14f9ee77d26dd93b4ecede8d16ed408ce149b6cd80b0715a2d911a0afea for index 1",
            "fullTitle": "Testing XKey Private Key Deriving key edb2e14f9ee77d26dd93b4ecede8d16ed408ce149b6cd80b0715a2d911a0afea for index 1",
            "timedOut": false,
            "duration": 3,
            "state": "passed",
            "speed": "fast",
            "pass": true,
            "fail": false,
            "pending": false,
            "code": "cov_1y300ligpp.f[94]++;const privateKey=(cov_1y300ligpp.s[482]++,test[0]);const chainCode=(cov_1y300ligpp.s[483]++,test[1]);const index=(cov_1y300ligpp.s[484]++,test[2]);const publicKey=(cov_1y300ligpp.s[485]++,test[6]);const expectedChildKey=(cov_1y300ligpp.s[486]++,{privateKey:test[3],chainCode:test[4],childNumber:test[5]// $FlowFixMe\n});const xKey=(cov_1y300ligpp.s[487]++,fromXKey({privateKey,chainCode,publicKey},network$3));// $FlowFixMe\nconst childKey=(cov_1y300ligpp.s[488]++,await toIndex$2(xKey,index));cov_1y300ligpp.s[489]++;chai.assert.deepEqual({privateKey:childKey.privateKey,chainCode:childKey.chainCode,childNumber:childKey.childNumber},expectedChildKey);",
            "err": {},
            "isRoot": false,
            "uuid": "2efb8ca4-bcbb-44db-9a8a-9956e44c7585",
            "isHook": false,
            "skipped": false
          },
          {
            "title": "Deriving key cbce0d719ecf7431d88e6a89fa1483e02e35092af60c042b1df2ff59fa424dca for index 2",
            "fullTitle": "Testing XKey Private Key Deriving key cbce0d719ecf7431d88e6a89fa1483e02e35092af60c042b1df2ff59fa424dca for index 2",
            "timedOut": false,
            "duration": 2,
            "state": "passed",
            "speed": "fast",
            "pass": true,
            "fail": false,
            "pending": false,
            "code": "cov_1y300ligpp.f[94]++;const privateKey=(cov_1y300ligpp.s[482]++,test[0]);const chainCode=(cov_1y300ligpp.s[483]++,test[1]);const index=(cov_1y300ligpp.s[484]++,test[2]);const publicKey=(cov_1y300ligpp.s[485]++,test[6]);const expectedChildKey=(cov_1y300ligpp.s[486]++,{privateKey:test[3],chainCode:test[4],childNumber:test[5]// $FlowFixMe\n});const xKey=(cov_1y300ligpp.s[487]++,fromXKey({privateKey,chainCode,publicKey},network$3));// $FlowFixMe\nconst childKey=(cov_1y300ligpp.s[488]++,await toIndex$2(xKey,index));cov_1y300ligpp.s[489]++;chai.assert.deepEqual({privateKey:childKey.privateKey,chainCode:childKey.chainCode,childNumber:childKey.childNumber},expectedChildKey);",
            "err": {},
            "isRoot": false,
            "uuid": "194a3581-b594-48d4-9073-05df0ee34524",
            "isHook": false,
            "skipped": false
          },
          {
            "title": "Deriving key 4b03d6fc340455b363f51020ad3ecca4f0850280cf436c70c727923f6db46c3e for index 0",
            "fullTitle": "Testing XKey Private Key Deriving key 4b03d6fc340455b363f51020ad3ecca4f0850280cf436c70c727923f6db46c3e for index 0",
            "timedOut": false,
            "duration": 4,
            "state": "passed",
            "speed": "fast",
            "pass": true,
            "fail": false,
            "pending": false,
            "code": "cov_1y300ligpp.f[94]++;const privateKey=(cov_1y300ligpp.s[482]++,test[0]);const chainCode=(cov_1y300ligpp.s[483]++,test[1]);const index=(cov_1y300ligpp.s[484]++,test[2]);const publicKey=(cov_1y300ligpp.s[485]++,test[6]);const expectedChildKey=(cov_1y300ligpp.s[486]++,{privateKey:test[3],chainCode:test[4],childNumber:test[5]// $FlowFixMe\n});const xKey=(cov_1y300ligpp.s[487]++,fromXKey({privateKey,chainCode,publicKey},network$3));// $FlowFixMe\nconst childKey=(cov_1y300ligpp.s[488]++,await toIndex$2(xKey,index));cov_1y300ligpp.s[489]++;chai.assert.deepEqual({privateKey:childKey.privateKey,chainCode:childKey.chainCode,childNumber:childKey.childNumber},expectedChildKey);",
            "err": {},
            "isRoot": false,
            "uuid": "d9cebec1-1609-4fd6-883e-70ff477f1d29",
            "isHook": false,
            "skipped": false
          },
          {
            "title": "Deriving key 877c779ad9687164e9c2f4f0f4ff0340814392330693ce95a58fe18fd52e6e93 for index 1",
            "fullTitle": "Testing XKey Private Key Deriving key 877c779ad9687164e9c2f4f0f4ff0340814392330693ce95a58fe18fd52e6e93 for index 1",
            "timedOut": false,
            "duration": 4,
            "state": "passed",
            "speed": "fast",
            "pass": true,
            "fail": false,
            "pending": false,
            "code": "cov_1y300ligpp.f[94]++;const privateKey=(cov_1y300ligpp.s[482]++,test[0]);const chainCode=(cov_1y300ligpp.s[483]++,test[1]);const index=(cov_1y300ligpp.s[484]++,test[2]);const publicKey=(cov_1y300ligpp.s[485]++,test[6]);const expectedChildKey=(cov_1y300ligpp.s[486]++,{privateKey:test[3],chainCode:test[4],childNumber:test[5]// $FlowFixMe\n});const xKey=(cov_1y300ligpp.s[487]++,fromXKey({privateKey,chainCode,publicKey},network$3));// $FlowFixMe\nconst childKey=(cov_1y300ligpp.s[488]++,await toIndex$2(xKey,index));cov_1y300ligpp.s[489]++;chai.assert.deepEqual({privateKey:childKey.privateKey,chainCode:childKey.chainCode,childNumber:childKey.childNumber},expectedChildKey);",
            "err": {},
            "isRoot": false,
            "uuid": "3f38dd1f-1bb6-4a3e-af0c-6eb45636d811",
            "isHook": false,
            "skipped": false
          },
          {
            "title": "Deriving key f1c7c871a54a804afe328b4c83a1c33b8e5ff48f5087273f04efa83b247d6a2d for index 2",
            "fullTitle": "Testing XKey Private Key Deriving key f1c7c871a54a804afe328b4c83a1c33b8e5ff48f5087273f04efa83b247d6a2d for index 2",
            "timedOut": false,
            "duration": 3,
            "state": "passed",
            "speed": "fast",
            "pass": true,
            "fail": false,
            "pending": false,
            "code": "cov_1y300ligpp.f[94]++;const privateKey=(cov_1y300ligpp.s[482]++,test[0]);const chainCode=(cov_1y300ligpp.s[483]++,test[1]);const index=(cov_1y300ligpp.s[484]++,test[2]);const publicKey=(cov_1y300ligpp.s[485]++,test[6]);const expectedChildKey=(cov_1y300ligpp.s[486]++,{privateKey:test[3],chainCode:test[4],childNumber:test[5]// $FlowFixMe\n});const xKey=(cov_1y300ligpp.s[487]++,fromXKey({privateKey,chainCode,publicKey},network$3));// $FlowFixMe\nconst childKey=(cov_1y300ligpp.s[488]++,await toIndex$2(xKey,index));cov_1y300ligpp.s[489]++;chai.assert.deepEqual({privateKey:childKey.privateKey,chainCode:childKey.chainCode,childNumber:childKey.childNumber},expectedChildKey);",
            "err": {},
            "isRoot": false,
            "uuid": "07a62708-4116-4d75-ae87-74dbbc768fca",
            "isHook": false,
            "skipped": false
          },
          {
            "title": "Deriving XKey key xprv9s21ZrQH143K2n9Xc76gUieX7Nk6aj2v8YusPEPnuoZ6DFmRwkjox3u4istSoy4sS1KWj5QNPxQ8gokjxxX3ziSD5hMjdtGq23HLHWLcejz from XKey Settings xprv9wu4xj9HBf23eLtY9AvoQSth3vA4TpE4a4SUBXHD3yK62ikgaRvVH8pMq2SzRVVG63GtPgjTKZY1CYmHkgyucgjeMKGBANpMksxDTPWtqcU",
            "fullTitle": "Testing XKey Private Key Deriving XKey key xprv9s21ZrQH143K2n9Xc76gUieX7Nk6aj2v8YusPEPnuoZ6DFmRwkjox3u4istSoy4sS1KWj5QNPxQ8gokjxxX3ziSD5hMjdtGq23HLHWLcejz from XKey Settings xprv9wu4xj9HBf23eLtY9AvoQSth3vA4TpE4a4SUBXHD3yK62ikgaRvVH8pMq2SzRVVG63GtPgjTKZY1CYmHkgyucgjeMKGBANpMksxDTPWtqcU",
            "timedOut": false,
            "duration": 12,
            "state": "passed",
            "speed": "fast",
            "pass": true,
            "fail": false,
            "pending": false,
            "code": "cov_1y300ligpp.f[96]++;const xkey=(cov_1y300ligpp.s[492]++,test[0]);const parentKey=(cov_1y300ligpp.s[493]++,fromString$3(xkey,network$3));let account=(cov_1y300ligpp.s[494]++,0);let coinType=(cov_1y300ligpp.s[495]++,0);let bips=(cov_1y300ligpp.s[496]++,test[2]);cov_1y300ligpp.s[497]++;if(!bips){cov_1y300ligpp.b[108][0]++;cov_1y300ligpp.s[498]++;bips=[84];}else{cov_1y300ligpp.b[108][1]++;}cov_1y300ligpp.s[499]++;if(test[1]){cov_1y300ligpp.b[109][0]++;cov_1y300ligpp.s[500]++;account=test[1][0];cov_1y300ligpp.s[501]++;coinType=test[1][1];}else{cov_1y300ligpp.b[109][1]++;}let testIndex=(cov_1y300ligpp.s[502]++,3);cov_1y300ligpp.s[503]++;const testPath=async path=>{cov_1y300ligpp.f[97]++;const hdKey=(cov_1y300ligpp.s[504]++,await toPath$2(parentKey,path));const xprivkey=(cov_1y300ligpp.s[505]++,toString$3(hdKey,network$3));const pubKey=(cov_1y300ligpp.s[506]++,await toXPub$1(hdKey,network$3));const xpubkey=(cov_1y300ligpp.s[507]++,toString$3(pubKey,network$3));cov_1y300ligpp.s[508]++;chai.assert.equal(xprivkey,test[testIndex++],'xpriv');cov_1y300ligpp.s[509]++;chai.assert.equal(xpubkey,test[testIndex++],'xpub');};cov_1y300ligpp.s[510]++;for(const purpose of bips){cov_1y300ligpp.s[511]++;if(purpose===32){cov_1y300ligpp.b[110][0]++;cov_1y300ligpp.s[512]++;await testPath(['m',`${account}`,0].join('/'));cov_1y300ligpp.s[513]++;testIndex-=2;cov_1y300ligpp.s[514]++;await testPath([account,0]);}else{cov_1y300ligpp.b[110][1]++;cov_1y300ligpp.s[515]++;await testPath(['m',`${purpose}'`,`${coinType}'`,`${account}'`,0].join('/'));cov_1y300ligpp.s[516]++;await testPath(['m',`${purpose}'`,`${coinType}'`,`${account}'`,1].join('/'));cov_1y300ligpp.s[517]++;testIndex-=4;cov_1y300ligpp.s[518]++;await testPath([purpose+HARDENED,coinType+HARDENED,account+HARDENED,0]);cov_1y300ligpp.s[519]++;await testPath([purpose+HARDENED,coinType+HARDENED,account+HARDENED,1]);}}",
            "err": {},
            "isRoot": false,
            "uuid": "44777da8-506e-4e79-a5d8-08db2f3d1e1e",
            "isHook": false,
            "skipped": false
          },
          {
            "title": "Deriving XKey key xprv9s21ZrQH143K2n9Xc76gUieX7Nk6aj2v8YusPEPnuoZ6DFmRwkjox3u4istSoy4sS1KWj5QNPxQ8gokjxxX3ziSD5hMjdtGq23HLHWLcejz from XKey Settings xprvA1DL6AqusHvgE9Anktxvm2vBStKKT6EmEX32vDxaJipiEDccBnvsZpoVyTBQQDzVX727icM3CKy2oPdFZj84n8EsE8CWYaAqxLmNNMPsKsc",
            "fullTitle": "Testing XKey Private Key Deriving XKey key xprv9s21ZrQH143K2n9Xc76gUieX7Nk6aj2v8YusPEPnuoZ6DFmRwkjox3u4istSoy4sS1KWj5QNPxQ8gokjxxX3ziSD5hMjdtGq23HLHWLcejz from XKey Settings xprvA1DL6AqusHvgE9Anktxvm2vBStKKT6EmEX32vDxaJipiEDccBnvsZpoVyTBQQDzVX727icM3CKy2oPdFZj84n8EsE8CWYaAqxLmNNMPsKsc",
            "timedOut": false,
            "duration": 29,
            "state": "passed",
            "speed": "fast",
            "pass": true,
            "fail": false,
            "pending": false,
[...]
          "81086ec4-4681-4c21-960b-6865c0888932",
          "2a812296-6e0d-478d-a5aa-84034492b1e6",
          "f07b5a9d-a289-483c-b18f-b6b234b50dbc",
          "cc2218d4-6f12-401a-84bd-e00e377f66bc",
          "257671ce-9de5-47ec-a29c-e2d29ec15d7c",
          "01c96a6a-c266-451b-a5d4-d627969bf284",
          "0a302e92-ae18-4bb4-aad8-52fa185e3a07",
          "105803f2-f8a3-47ca-84d6-865379527097",
          "a41762e8-503b-41db-bd10-5fca691a46fe",
          "6c0e8542-ebe6-427b-8a08-489aa2c4c768",
          "5a653ea8-13b9-4ecd-8d76-ce30a85b8c25",
          "04ac972c-1beb-4f22-8705-750e9e756cc2",
          "3a84a8d9-fafc-4498-8e0e-ff60df4b2ec8",
          "db143135-10e4-495b-988e-dc57d0592e52",
          "9f7624d2-b880-4239-ac1f-184a02973df9",
          "014b693c-5e4e-4b58-bffd-03c2c7dd3e3d"
        ],
        "failures": [],
        "pending": [],
        "skipped": [],
        "duration": 836,
        "root": false,
        "rootEmpty": false,
        "_timeout": 0
      },
      {
        "uuid": "3b950646-3511-4825-aa44-c21785c03b70",
        "title": "Testing persister for scenario 4 with delay of 50ms",
        "fullFile": "/Users/thehobbit85/Developer/Airbitz/edge-currency-bitcoin/packages/nidavellir/build/tests.cjs.js",
        "file": "/build/tests.cjs.js",
        "beforeHooks": [
          {
            "title": "\"before all\" hook: Test using cache as a function",
            "fullTitle": "Testing persister for scenario 4 with delay of 50ms \"before all\" hook: Test using cache as a function",
            "timedOut": false,
            "duration": 0,
            "pass": false,
            "fail": false,
            "pending": false,
            "code": "cov_1y300ligpp.f[149]++;cov_1y300ligpp.s[805]++;cbs.stop=false;cov_1y300ligpp.s[806]++;await persistedCache({});cov_1y300ligpp.s[807]++;await persistedCache(cache);",
            "err": {},
            "isRoot": false,
            "uuid": "7579a652-6532-4cdb-8db3-f6df36e37807",
            "isHook": true,
            "skipped": false
          }
        ],
        "afterHooks": [
          {
            "title": "\"after all\" hook: Stop the caceh using cache as a function",
            "fullTitle": "Testing persister for scenario 4 with delay of 50ms \"after all\" hook: Stop the caceh using cache as a function",
            "timedOut": false,
            "duration": 0,
            "pass": false,
            "fail": false,
            "pending": false,
            "code": "cov_1y300ligpp.f[153]++;cov_1y300ligpp.s[825]++;cbs.stop=true;cov_1y300ligpp.s[826]++;await persistedCache('stop');",
            "err": {},
            "isRoot": false,
            "uuid": "e4d83f0e-7bd7-43ae-95cf-99dfe909e752",
            "isHook": true,
            "skipped": false
          }
        ],
        "tests": [
          {
            "title": "Set 'a' to 10, after 0 milliseconds",
            "fullTitle": "Testing persister for scenario 4 with delay of 50ms Set 'a' to 10, after 0 milliseconds",
            "timedOut": false,
            "duration": 2,
            "state": "passed",
            "speed": "fast",
            "pass": true,
            "fail": false,
            "pending": false,
            "code": "cov_1y300ligpp.f[151]++;let child=(cov_1y300ligpp.s[810]++,persistedCache);let expectedChild=(cov_1y300ligpp.s[811]++,expected);cov_1y300ligpp.s[812]++;param=param.split('.');cov_1y300ligpp.s[813]++;while(param.length>1){const key=(cov_1y300ligpp.s[814]++,param.shift());cov_1y300ligpp.s[815]++;child=child[key];cov_1y300ligpp.s[816]++;expectedChild=expectedChild[key];}const key=(cov_1y300ligpp.s[817]++,param[0]);const interval=(cov_1y300ligpp.s[818]++,!i?(cov_1y300ligpp.b[152][0]++,saveTime):(cov_1y300ligpp.b[152][1]++,saveTime-sets[i-1][2]));cov_1y300ligpp.s[819]++;setTimeout(()=>{cov_1y300ligpp.f[152]++;cov_1y300ligpp.s[820]++;expectedChild[key]=value;cov_1y300ligpp.s[821]++;child[key]=value;cov_1y300ligpp.s[822]++;chai.assert.equal(expectedChild[key],child[key]);cov_1y300ligpp.s[823]++;done(cbs.e);},interval);",
            "err": {},
            "isRoot": false,
            "uuid": "c92f8210-2ebc-466c-a3a1-651ad45c4de2",
            "isHook": false,
            "skipped": false
          },
          {
            "title": "Set 'b' to 20, after 0 milliseconds",
            "fullTitle": "Testing persister for scenario 4 with delay of 50ms Set 'b' to 20, after 0 milliseconds",
            "timedOut": false,
            "duration": 1,
            "state": "passed",
            "speed": "fast",
            "pass": true,
            "fail": false,
            "pending": false,
            "code": "cov_1y300ligpp.f[151]++;let child=(cov_1y300ligpp.s[810]++,persistedCache);let expectedChild=(cov_1y300ligpp.s[811]++,expected);cov_1y300ligpp.s[812]++;param=param.split('.');cov_1y300ligpp.s[813]++;while(param.length>1){const key=(cov_1y300ligpp.s[814]++,param.shift());cov_1y300ligpp.s[815]++;child=child[key];cov_1y300ligpp.s[816]++;expectedChild=expectedChild[key];}const key=(cov_1y300ligpp.s[817]++,param[0]);const interval=(cov_1y300ligpp.s[818]++,!i?(cov_1y300ligpp.b[152][0]++,saveTime):(cov_1y300ligpp.b[152][1]++,saveTime-sets[i-1][2]));cov_1y300ligpp.s[819]++;setTimeout(()=>{cov_1y300ligpp.f[152]++;cov_1y300ligpp.s[820]++;expectedChild[key]=value;cov_1y300ligpp.s[821]++;child[key]=value;cov_1y300ligpp.s[822]++;chai.assert.equal(expectedChild[key],child[key]);cov_1y300ligpp.s[823]++;done(cbs.e);},interval);",
            "err": {},
            "isRoot": false,
            "uuid": "f2604dae-7bf8-47be-90c9-def4b76567b3",
            "isHook": false,
            "skipped": false
          },
          {
            "title": "Set 'c' to 30, after 0 milliseconds",
            "fullTitle": "Testing persister for scenario 4 with delay of 50ms Set 'c' to 30, after 0 milliseconds",
            "timedOut": false,
            "duration": 2,
            "state": "passed",
            "speed": "fast",
            "pass": true,
            "fail": false,
            "pending": false,
            "code": "cov_1y300ligpp.f[151]++;let child=(cov_1y300ligpp.s[810]++,persistedCache);let expectedChild=(cov_1y300ligpp.s[811]++,expected);cov_1y300ligpp.s[812]++;param=param.split('.');cov_1y300ligpp.s[813]++;while(param.length>1){const key=(cov_1y300ligpp.s[814]++,param.shift());cov_1y300ligpp.s[815]++;child=child[key];cov_1y300ligpp.s[816]++;expectedChild=expectedChild[key];}const key=(cov_1y300ligpp.s[817]++,param[0]);const interval=(cov_1y300ligpp.s[818]++,!i?(cov_1y300ligpp.b[152][0]++,saveTime):(cov_1y300ligpp.b[152][1]++,saveTime-sets[i-1][2]));cov_1y300ligpp.s[819]++;setTimeout(()=>{cov_1y300ligpp.f[152]++;cov_1y300ligpp.s[820]++;expectedChild[key]=value;cov_1y300ligpp.s[821]++;child[key]=value;cov_1y300ligpp.s[822]++;chai.assert.equal(expectedChild[key],child[key]);cov_1y300ligpp.s[823]++;done(cbs.e);},interval);",
            "err": {},
            "isRoot": false,
            "uuid": "0aecda7f-375b-458e-b471-6094ebda4150",
            "isHook": false,
            "skipped": false
          },
          {
            "title": "Set 'd' to 40, after 0 milliseconds",
            "fullTitle": "Testing persister for scenario 4 with delay of 50ms Set 'd' to 40, after 0 milliseconds",
            "timedOut": false,
            "duration": 1,
            "state": "passed",
            "speed": "fast",
            "pass": true,
            "fail": false,
            "pending": false,
            "code": "cov_1y300ligpp.f[151]++;let child=(cov_1y300ligpp.s[810]++,persistedCache);let expectedChild=(cov_1y300ligpp.s[811]++,expected);cov_1y300ligpp.s[812]++;param=param.split('.');cov_1y300ligpp.s[813]++;while(param.length>1){const key=(cov_1y300ligpp.s[814]++,param.shift());cov_1y300ligpp.s[815]++;child=child[key];cov_1y300ligpp.s[816]++;expectedChild=expectedChild[key];}const key=(cov_1y300ligpp.s[817]++,param[0]);const interval=(cov_1y300ligpp.s[818]++,!i?(cov_1y300ligpp.b[152][0]++,saveTime):(cov_1y300ligpp.b[152][1]++,saveTime-sets[i-1][2]));cov_1y300ligpp.s[819]++;setTimeout(()=>{cov_1y300ligpp.f[152]++;cov_1y300ligpp.s[820]++;expectedChild[key]=value;cov_1y300ligpp.s[821]++;child[key]=value;cov_1y300ligpp.s[822]++;chai.assert.equal(expectedChild[key],child[key]);cov_1y300ligpp.s[823]++;done(cbs.e);},interval);",
            "err": {},
            "isRoot": false,
            "uuid": "3ee5b540-a5cc-4f19-a4fe-95ad2203a578",
            "isHook": false,
            "skipped": false
          },
          {
            "title": "Set 'e' to 50, after 100 milliseconds",
            "fullTitle": "Testing persister for scenario 4 with delay of 50ms Set 'e' to 50, after 100 milliseconds",
            "timedOut": false,
            "duration": 101,
            "state": "passed",
            "speed": "slow",
            "pass": true,
            "fail": false,
            "pending": false,
            "code": "cov_1y300ligpp.f[151]++;let child=(cov_1y300ligpp.s[810]++,persistedCache);let expectedChild=(cov_1y300ligpp.s[811]++,expected);cov_1y300ligpp.s[812]++;param=param.split('.');cov_1y300ligpp.s[813]++;while(param.length>1){const key=(cov_1y300ligpp.s[814]++,param.shift());cov_1y300ligpp.s[815]++;child=child[key];cov_1y300ligpp.s[816]++;expectedChild=expectedChild[key];}const key=(cov_1y300ligpp.s[817]++,param[0]);const interval=(cov_1y300ligpp.s[818]++,!i?(cov_1y300ligpp.b[152][0]++,saveTime):(cov_1y300ligpp.b[152][1]++,saveTime-sets[i-1][2]));cov_1y300ligpp.s[819]++;setTimeout(()=>{cov_1y300ligpp.f[152]++;cov_1y300ligpp.s[820]++;expectedChild[key]=value;cov_1y300ligpp.s[821]++;child[key]=value;cov_1y300ligpp.s[822]++;chai.assert.equal(expectedChild[key],child[key]);cov_1y300ligpp.s[823]++;done(cbs.e);},interval);",
            "err": {},
            "isRoot": false,
            "uuid": "8979abbe-d4fd-4af8-87f9-b6196186e2c9",
            "isHook": false,
            "skipped": false
          }
        ],
        "suites": [],
        "passes": [
          "c92f8210-2ebc-466c-a3a1-651ad45c4de2",
          "f2604dae-7bf8-47be-90c9-def4b76567b3",
          "0aecda7f-375b-458e-b471-6094ebda4150",
          "3ee5b540-a5cc-4f19-a4fe-95ad2203a578",
          "8979abbe-d4fd-4af8-87f9-b6196186e2c9"
        ],
        "failures": [],
        "pending": [],
        "skipped": [],
        "duration": 107,
        "root": false,
        "rootEmpty": false,
        "_timeout": 0
      },
      {
        "uuid": "0b7f5902-f3b9-4f65-8471-9df3d1556aef",
        "title": "Testing persister for scenario 5 with delay of 100ms",
        "fullFile": "/Users/thehobbit85/Developer/Airbitz/edge-currency-bitcoin/packages/nidavellir/build/tests.cjs.js",
        "file": "/build/tests.cjs.js",
        "beforeHooks": [
          {
            "title": "\"before all\" hook: Test using cache as a function",
            "fullTitle": "Testing persister for scenario 5 with delay of 100ms \"before all\" hook: Test using cache as a function",
            "timedOut": false,
            "duration": 0,
            "pass": false,
            "fail": false,
            "pending": false,
            "code": "cov_1y300ligpp.f[149]++;cov_1y300ligpp.s[805]++;cbs.stop=false;cov_1y300ligpp.s[806]++;await persistedCache({});cov_1y300ligpp.s[807]++;await persistedCache(cache);",
            "err": {},
            "isRoot": false,
            "uuid": "b5679f9b-dda9-404b-b9a0-3635edee8c99",
            "isHook": true,
            "skipped": false
          }
        ],
        "afterHooks": [
          {
            "title": "\"after all\" hook: Stop the caceh using cache as a function",
            "fullTitle": "Testing persister for scenario 5 with delay of 100ms \"after all\" hook: Stop the caceh using cache as a function",
            "timedOut": false,
            "duration": 0,
            "pass": false,
            "fail": false,
            "pending": false,
            "code": "cov_1y300ligpp.f[153]++;cov_1y300ligpp.s[825]++;cbs.stop=true;cov_1y300ligpp.s[826]++;await persistedCache('stop');",
            "err": {},
            "isRoot": false,
            "uuid": "e80be447-0be9-4a04-b66f-59bbd4b16fea",
            "isHook": true,
            "skipped": false
          }
        ],
        "tests": [
          {
            "title": "Set 'a' to 10, after 0 milliseconds",
            "fullTitle": "Testing persister for scenario 5 with delay of 100ms Set 'a' to 10, after 0 milliseconds",
            "timedOut": false,
            "duration": 2,
            "state": "passed",
            "speed": "fast",
            "pass": true,
            "fail": false,
            "pending": false,
            "code": "cov_1y300ligpp.f[151]++;let child=(cov_1y300ligpp.s[810]++,persistedCache);let expectedChild=(cov_1y300ligpp.s[811]++,expected);cov_1y300ligpp.s[812]++;param=param.split('.');cov_1y300ligpp.s[813]++;while(param.length>1){const key=(cov_1y300ligpp.s[814]++,param.shift());cov_1y300ligpp.s[815]++;child=child[key];cov_1y300ligpp.s[816]++;expectedChild=expectedChild[key];}const key=(cov_1y300ligpp.s[817]++,param[0]);const interval=(cov_1y300ligpp.s[818]++,!i?(cov_1y300ligpp.b[152][0]++,saveTime):(cov_1y300ligpp.b[152][1]++,saveTime-sets[i-1][2]));cov_1y300ligpp.s[819]++;setTimeout(()=>{cov_1y300ligpp.f[152]++;cov_1y300ligpp.s[820]++;expectedChild[key]=value;cov_1y300ligpp.s[821]++;child[key]=value;cov_1y300ligpp.s[822]++;chai.assert.equal(expectedChild[key],child[key]);cov_1y300ligpp.s[823]++;done(cbs.e);},interval);",
            "err": {},
            "isRoot": false,
            "uuid": "ab7d3852-2f1f-4148-ada0-b2e3d035a50d",
            "isHook": false,
            "skipped": false
          },
          {
            "title": "Set 'b' to 20, after 0 milliseconds",
            "fullTitle": "Testing persister for scenario 5 with delay of 100ms Set 'b' to 20, after 0 milliseconds",
            "timedOut": false,
            "duration": 2,
            "state": "passed",
            "speed": "fast",
            "pass": true,
            "fail": false,
            "pending": false,
            "code": "cov_1y300ligpp.f[151]++;let child=(cov_1y300ligpp.s[810]++,persistedCache);let expectedChild=(cov_1y300ligpp.s[811]++,expected);cov_1y300ligpp.s[812]++;param=param.split('.');cov_1y300ligpp.s[813]++;while(param.length>1){const key=(cov_1y300ligpp.s[814]++,param.shift());cov_1y300ligpp.s[815]++;child=child[key];cov_1y300ligpp.s[816]++;expectedChild=expectedChild[key];}const key=(cov_1y300ligpp.s[817]++,param[0]);const interval=(cov_1y300ligpp.s[818]++,!i?(cov_1y300ligpp.b[152][0]++,saveTime):(cov_1y300ligpp.b[152][1]++,saveTime-sets[i-1][2]));cov_1y300ligpp.s[819]++;setTimeout(()=>{cov_1y300ligpp.f[152]++;cov_1y300ligpp.s[820]++;expectedChild[key]=value;cov_1y300ligpp.s[821]++;child[key]=value;cov_1y300ligpp.s[822]++;chai.assert.equal(expectedChild[key],child[key]);cov_1y300ligpp.s[823]++;done(cbs.e);},interval);",
            "err": {},
            "isRoot": false,
            "uuid": "fdd9a7c6-d607-4f26-91a0-84da44e87f9b",
            "isHook": false,
            "skipped": false
          },
          {
            "title": "Set 'c' to 30, after 0 milliseconds",
            "fullTitle": "Testing persister for scenario 5 with delay of 100ms Set 'c' to 30, after 0 milliseconds",
            "timedOut": false,
            "duration": 1,
            "state": "passed",
            "speed": "fast",
            "pass": true,
            "fail": false,
            "pending": false,
            "code": "cov_1y300ligpp.f[151]++;let child=(cov_1y300ligpp.s[810]++,persistedCache);let expectedChild=(cov_1y300ligpp.s[811]++,expected);cov_1y300ligpp.s[812]++;param=param.split('.');cov_1y300ligpp.s[813]++;while(param.length>1){const key=(cov_1y300ligpp.s[814]++,param.shift());cov_1y300ligpp.s[815]++;child=child[key];cov_1y300ligpp.s[816]++;expectedChild=expectedChild[key];}const key=(cov_1y300ligpp.s[817]++,param[0]);const interval=(cov_1y300ligpp.s[818]++,!i?(cov_1y300ligpp.b[152][0]++,saveTime):(cov_1y300ligpp.b[152][1]++,saveTime-sets[i-1][2]));cov_1y300ligpp.s[819]++;setTimeout(()=>{cov_1y300ligpp.f[152]++;cov_1y300ligpp.s[820]++;expectedChild[key]=value;cov_1y300ligpp.s[821]++;child[key]=value;cov_1y300ligpp.s[822]++;chai.assert.equal(expectedChild[key],child[key]);cov_1y300ligpp.s[823]++;done(cbs.e);},interval);",
            "err": {},
            "isRoot": false,
            "uuid": "3e4322ef-557d-4814-87c4-a2840be7c293",
            "isHook": false,
            "skipped": false
          },
          {
            "title": "Set 'd' to 40, after 0 milliseconds",
            "fullTitle": "Testing persister for scenario 5 with delay of 100ms Set 'd' to 40, after 0 milliseconds",
            "timedOut": false,
            "duration": 2,
            "state": "passed",
            "speed": "fast",
            "pass": true,
            "fail": false,
            "pending": false,
            "code": "cov_1y300ligpp.f[151]++;let child=(cov_1y300ligpp.s[810]++,persistedCache);let expectedChild=(cov_1y300ligpp.s[811]++,expected);cov_1y300ligpp.s[812]++;param=param.split('.');cov_1y300ligpp.s[813]++;while(param.length>1){const key=(cov_1y300ligpp.s[814]++,param.shift());cov_1y300ligpp.s[815]++;child=child[key];cov_1y300ligpp.s[816]++;expectedChild=expectedChild[key];}const key=(cov_1y300ligpp.s[817]++,param[0]);const interval=(cov_1y300ligpp.s[818]++,!i?(cov_1y300ligpp.b[152][0]++,saveTime):(cov_1y300ligpp.b[152][1]++,saveTime-sets[i-1][2]));cov_1y300ligpp.s[819]++;setTimeout(()=>{cov_1y300ligpp.f[152]++;cov_1y300ligpp.s[820]++;expectedChild[key]=value;cov_1y300ligpp.s[821]++;child[key]=value;cov_1y300ligpp.s[822]++;chai.assert.equal(expectedChild[key],child[key]);cov_1y300ligpp.s[823]++;done(cbs.e);},interval);",
            "err": {},
            "isRoot": false,
            "uuid": "63156100-3bf9-419d-bfcc-688a94804a59",
            "isHook": false,
            "skipped": false
          },
          {
            "title": "Set 'e' to 50, after 0 milliseconds",
            "fullTitle": "Testing persister for scenario 5 with delay of 100ms Set 'e' to 50, after 0 milliseconds",
            "timedOut": false,
            "duration": 2,
            "state": "passed",
            "speed": "fast",
            "pass": true,
            "fail": false,
            "pending": false,
            "code": "cov_1y300ligpp.f[151]++;let child=(cov_1y300ligpp.s[810]++,persistedCache);let expectedChild=(cov_1y300ligpp.s[811]++,expected);cov_1y300ligpp.s[812]++;param=param.split('.');cov_1y300ligpp.s[813]++;while(param.length>1){const key=(cov_1y300ligpp.s[814]++,param.shift());cov_1y300ligpp.s[815]++;child=child[key];cov_1y300ligpp.s[816]++;expectedChild=expectedChild[key];}const key=(cov_1y300ligpp.s[817]++,param[0]);const interval=(cov_1y300ligpp.s[818]++,!i?(cov_1y300ligpp.b[152][0]++,saveTime):(cov_1y300ligpp.b[152][1]++,saveTime-sets[i-1][2]));cov_1y300ligpp.s[819]++;setTimeout(()=>{cov_1y300ligpp.f[152]++;cov_1y300ligpp.s[820]++;expectedChild[key]=value;cov_1y300ligpp.s[821]++;child[key]=value;cov_1y300ligpp.s[822]++;chai.assert.equal(expectedChild[key],child[key]);cov_1y300ligpp.s[823]++;done(cbs.e);},interval);",
            "err": {},
            "isRoot": false,
            "uuid": "c58dadfa-7b4d-4bea-8105-5e1350613464",
            "isHook": false,
            "skipped": false
          }
        ],
        "suites": [],
        "passes": [
          "ab7d3852-2f1f-4148-ada0-b2e3d035a50d",
          "fdd9a7c6-d607-4f26-91a0-84da44e87f9b",
          "3e4322ef-557d-4814-87c4-a2840be7c293",
          "63156100-3bf9-419d-bfcc-688a94804a59",
          "c58dadfa-7b4d-4bea-8105-5e1350613464"
        ],
        "failures": [],
        "pending": [],
        "skipped": [],
        "duration": 9,
        "root": false,
        "rootEmpty": false,
        "_timeout": 0
      }
    ],
    "passes": [],
    "failures": [],
    "pending": [],
    "skipped": [],
    "duration": 0,
    "root": true,
    "rootEmpty": true,
    "_timeout": 2000
  },
  "copyrightYear": 2020
}