<?xml version="1.0" ?>
<!DOCTYPE coverage SYSTEM "http://cobertura.sourceforge.net/xml/coverage-04.dtd">
<coverage lines-valid="454" lines-covered="434" line-rate="0.9559000000000001" branches-valid="111" branches-covered="86" branch-rate="0.7748" timestamp="1583269004108" complexity="0" version="0.1">
  <sources>
    <source>/Users/shawncook/Projects/EdgeApp/edge-currency-bitcoin/packages/nidavellir</source>
  </sources>
  <packages>
    <package name="nidavellir" line-rate="1" branch-rate="1">
      <classes>
        <class name="rollup.config.js" filename="rollup.config.js" line-rate="1" branch-rate="1">
          <methods>
          </methods>
          <lines>
            <line number="9" hits="1" branch="false"/>
          </lines>
        </class>
      </classes>
    </package>
    <package name="nidavellir.src.bip32" line-rate="0.9074" branch-rate="0.8181999999999999">
      <classes>
        <class name="derive.js" filename="src/bip32/derive.js" line-rate="0.85" branch-rate="0.5385">
          <methods>
            <method name="(anonymous_39)" hits="64" signature="()V">
              <lines>
                <line number="18" hits="64"/>
              </lines>
            </method>
            <method name="(anonymous_40)" hits="60" signature="()V">
              <lines>
                <line number="25" hits="60"/>
              </lines>
            </method>
            <method name="(anonymous_41)" hits="6" signature="()V">
              <lines>
                <line number="51" hits="6"/>
              </lines>
            </method>
            <method name="(anonymous_42)" hits="54" signature="()V">
              <lines>
                <line number="77" hits="54"/>
              </lines>
            </method>
            <method name="(anonymous_43)" hits="45" signature="()V">
              <lines>
                <line number="101" hits="45"/>
              </lines>
            </method>
            <method name="(anonymous_44)" hits="4" signature="()V">
              <lines>
                <line number="133" hits="4"/>
              </lines>
            </method>
          </methods>
          <lines>
            <line number="13" hits="1" branch="false"/>
            <line number="14" hits="1" branch="false"/>
            <line number="15" hits="1" branch="false"/>
            <line number="16" hits="1" branch="false"/>
            <line number="18" hits="1" branch="false"/>
            <line number="19" hits="64" branch="false"/>
            <line number="20" hits="64" branch="false"/>
            <line number="21" hits="64" branch="false"/>
            <line number="25" hits="1" branch="false"/>
            <line number="31" hits="0" branch="false"/>
            <line number="32" hits="60" branch="false"/>
            <line number="33" hits="28" branch="true" condition-coverage="100% (2/2)"/>
            <line number="38" hits="28" branch="false"/>
            <line number="40" hits="28" branch="false"/>
            <line number="42" hits="4" branch="false"/>
            <line number="46" hits="60" branch="false"/>
            <line number="47" hits="60" branch="false"/>
            <line number="51" hits="1" branch="false"/>
            <line number="58" hits="6" branch="false"/>
            <line number="59" hits="12" branch="false"/>
            <line number="65" hits="6" branch="false"/>
            <line number="72" hits="0" branch="false"/>
            <line number="77" hits="1" branch="false"/>
            <line number="85" hits="54" branch="false"/>
            <line number="86" hits="108" branch="false"/>
            <line number="92" hits="54" branch="false"/>
            <line number="95" hits="0" branch="false"/>
            <line number="96" hits="0" branch="false"/>
            <line number="101" hits="1" branch="false"/>
            <line number="105" hits="45" branch="false"/>
            <line number="106" hits="45" branch="true" condition-coverage="100% (2/2)"/>
            <line number="107" hits="45" branch="false"/>
            <line number="108" hits="45" branch="false"/>
            <line number="113" hits="45" branch="false"/>
            <line number="120" hits="45" branch="false"/>
            <line number="127" hits="0" branch="false"/>
            <line number="128" hits="0" branch="false"/>
            <line number="133" hits="1" branch="false"/>
            <line number="136" hits="4" branch="false"/>
            <line number="137" hits="4" branch="false"/>
          </lines>
        </class>
        <class name="extendedKey.js" filename="src/bip32/extendedKey.js" line-rate="0.9523999999999999" branch-rate="0.8332999999999999">
          <methods>
            <method name="(anonymous_70)" hits="4" signature="()V">
              <lines>
                <line number="22" hits="4"/>
              </lines>
            </method>
            <method name="(anonymous_71)" hits="45" signature="()V">
              <lines>
                <line number="35" hits="45"/>
              </lines>
            </method>
            <method name="(anonymous_72)" hits="61" signature="()V">
              <lines>
                <line number="60" hits="61"/>
              </lines>
            </method>
            <method name="(anonymous_73)" hits="61" signature="()V">
              <lines>
                <line number="73" hits="61"/>
              </lines>
            </method>
            <method name="(anonymous_74)" hits="92" signature="()V">
              <lines>
                <line number="81" hits="92"/>
              </lines>
            </method>
            <method name="(anonymous_75)" hits="92" signature="()V">
              <lines>
                <line number="102" hits="92"/>
              </lines>
            </method>
          </methods>
          <lines>
            <line number="20" hits="1" branch="false"/>
            <line number="22" hits="1" branch="false"/>
            <line number="26" hits="4" branch="false"/>
            <line number="35" hits="1" branch="false"/>
            <line number="40" hits="0" branch="false"/>
            <line number="42" hits="45" branch="false"/>
            <line number="47" hits="7" branch="false"/>
            <line number="49" hits="45" branch="false"/>
            <line number="50" hits="45" branch="true" condition-coverage="100% (2/2)"/>
            <line number="60" hits="1" branch="false"/>
            <line number="61" hits="61" branch="false"/>
            <line number="62" hits="61" branch="false"/>
            <line number="73" hits="1" branch="false"/>
            <line number="77" hits="61" branch="false"/>
            <line number="81" hits="1" branch="false"/>
            <line number="86" hits="92" branch="false"/>
            <line number="87" hits="92" branch="false"/>
            <line number="88" hits="92" branch="false"/>
            <line number="89" hits="67" branch="false"/>
            <line number="102" hits="1" branch="false"/>
            <line number="107" hits="92" branch="false"/>
          </lines>
        </class>
        <class name="hdKey.js" filename="src/bip32/hdKey.js" line-rate="0.9362" branch-rate="0.96">
          <methods>
            <method name="(anonymous_80)" hits="4" signature="()V">
              <lines>
                <line number="13" hits="4"/>
              </lines>
            </method>
            <method name="(anonymous_81)" hits="68" signature="()V">
              <lines>
                <line number="26" hits="68"/>
              </lines>
            </method>
            <method name="(anonymous_82)" hits="45" signature="()V">
              <lines>
                <line number="60" hits="45"/>
              </lines>
            </method>
            <method name="(anonymous_83)" hits="17" signature="()V">
              <lines>
                <line number="75" hits="17"/>
              </lines>
            </method>
            <method name="(anonymous_84)" hits="4" signature="()V">
              <lines>
                <line number="102" hits="4"/>
              </lines>
            </method>
            <method name="(anonymous_85)" hits="23" signature="()V">
              <lines>
                <line number="120" hits="23"/>
              </lines>
            </method>
            <method name="(anonymous_86)" hits="17" signature="()V">
              <lines>
                <line number="129" hits="17"/>
              </lines>
            </method>
            <method name="(anonymous_87)" hits="14" signature="()V">
              <lines>
                <line number="141" hits="14"/>
              </lines>
            </method>
            <method name="(anonymous_88)" hits="14" signature="()V">
              <lines>
                <line number="150" hits="14"/>
              </lines>
            </method>
          </methods>
          <lines>
            <line number="13" hits="1" branch="false"/>
            <line number="17" hits="4" branch="false"/>
            <line number="26" hits="1" branch="false"/>
            <line number="30" hits="68" branch="false"/>
            <line number="31" hits="68" branch="true" condition-coverage="100% (3/3)"/>
            <line number="32" hits="68" branch="false"/>
            <line number="34" hits="68" branch="false"/>
            <line number="36" hits="59" branch="false"/>
            <line number="37" hits="59" branch="true" condition-coverage="100% (2/2)"/>
            <line number="38" hits="59" branch="true" condition-coverage="100% (2/2)"/>
            <line number="41" hits="12" branch="false"/>
            <line number="43" hits="8" branch="false"/>
            <line number="52" hits="66" branch="false"/>
            <line number="53" hits="66" branch="true" condition-coverage="100% (2/2)"/>
            <line number="54" hits="0" branch="false"/>
            <line number="55" hits="0" branch="false"/>
            <line number="60" hits="1" branch="false"/>
            <line number="66" hits="45" branch="false"/>
            <line number="67" hits="45" branch="false"/>
            <line number="75" hits="1" branch="false"/>
            <line number="81" hits="17" branch="false"/>
            <line number="83" hits="17" branch="false"/>
            <line number="87" hits="45" branch="false"/>
            <line number="88" hits="45" branch="false"/>
            <line number="91" hits="45" branch="false"/>
            <line number="92" hits="45" branch="false"/>
            <line number="96" hits="17" branch="true" condition-coverage="100% (2/2)"/>
            <line number="97" hits="17" branch="true" condition-coverage="100% (2/2)"/>
            <line number="102" hits="1" branch="false"/>
            <line number="109" hits="0" branch="false"/>
            <line number="114" hits="14" branch="false"/>
            <line number="120" hits="1" branch="false"/>
            <line number="125" hits="23" branch="false"/>
            <line number="129" hits="1" branch="false"/>
            <line number="133" hits="17" branch="false"/>
            <line number="134" hits="17" branch="false"/>
            <line number="136" hits="18" branch="false"/>
            <line number="141" hits="1" branch="false"/>
            <line number="142" hits="14" branch="false"/>
            <line number="143" hits="14" branch="false"/>
            <line number="145" hits="52" branch="false"/>
            <line number="150" hits="1" branch="false"/>
            <line number="155" hits="14" branch="true" condition-coverage="100% (2/2)"/>
            <line number="157" hits="14" branch="true" condition-coverage="100% (2/2)"/>
            <line number="158" hits="14" branch="true" condition-coverage="100% (2/2)"/>
            <line number="159" hits="14" branch="false"/>
            <line number="164" hits="1" branch="false"/>
          </lines>
        </class>
      </classes>
    </package>
    <package name="nidavellir.src.bip44" line-rate="0.9091" branch-rate="0.6">
      <classes>
        <class name="paths.js" filename="src/bip44/paths.js" line-rate="0.9091" branch-rate="0.6">
          <methods>
            <method name="(anonymous_98)" hits="12" signature="()V">
              <lines>
                <line number="7" hits="12"/>
              </lines>
            </method>
          </methods>
          <lines>
            <line number="7" hits="1" branch="false"/>
            <line number="13" hits="1" branch="false"/>
            <line number="16" hits="4" branch="false"/>
            <line number="18" hits="8" branch="false"/>
            <line number="23" hits="2" branch="false"/>
            <line number="25" hits="6" branch="false"/>
            <line number="26" hits="0" branch="false"/>
            <line number="28" hits="6" branch="true" condition-coverage="100% (2/2)"/>
            <line number="29" hits="6" branch="false"/>
            <line number="30" hits="6" branch="false"/>
            <line number="38" hits="1" branch="false"/>
          </lines>
        </class>
      </classes>
    </package>
    <package name="nidavellir.src.core" line-rate="0.9362" branch-rate="0.625">
      <classes>
        <class name="keyPair.js" filename="src/core/keyPair.js" line-rate="0.8421" branch-rate="0.5">
          <methods>
            <method name="(anonymous_66)" hits="61" signature="()V">
              <lines>
                <line number="11" hits="61"/>
              </lines>
            </method>
            <method name="(anonymous_67)" hits="6" signature="()V">
              <lines>
                <line number="36" hits="6"/>
              </lines>
            </method>
            <method name="(anonymous_68)" hits="6" signature="()V">
              <lines>
                <line number="58" hits="6"/>
              </lines>
            </method>
            <method name="(anonymous_69)" hits="92" signature="()V">
              <lines>
                <line number="67" hits="92"/>
              </lines>
            </method>
          </methods>
          <lines>
            <line number="11" hits="1" branch="false"/>
            <line number="15" hits="61" branch="false"/>
            <line number="17" hits="26" branch="false"/>
            <line number="18" hits="35" branch="false"/>
            <line number="20" hits="0" branch="false"/>
            <line number="24" hits="0" branch="false"/>
            <line number="25" hits="0" branch="false"/>
            <line number="36" hits="1" branch="false"/>
            <line number="40" hits="6" branch="false"/>
            <line number="41" hits="6" branch="false"/>
            <line number="47" hits="6" branch="false"/>
            <line number="48" hits="6" branch="false"/>
            <line number="53" hits="6" branch="false"/>
            <line number="58" hits="1" branch="false"/>
            <line number="62" hits="6" branch="false"/>
            <line number="63" hits="6" branch="false"/>
            <line number="67" hits="1" branch="false"/>
            <line number="68" hits="92" branch="true" condition-coverage="50% (1/2)"/>
            <line number="69" hits="92" branch="true" condition-coverage="100% (2/2)"/>
          </lines>
        </class>
        <class name="networkInfo.js" filename="src/core/networkInfo.js" line-rate="1" branch-rate="0.75">
          <methods>
            <method name="(anonymous_60)" hits="15" signature="()V">
              <lines>
                <line number="12" hits="15"/>
              </lines>
            </method>
            <method name="(anonymous_61)" hits="60" signature="()V">
              <lines>
                <line number="22" hits="60"/>
              </lines>
            </method>
            <method name="(anonymous_62)" hits="1" signature="()V">
              <lines>
                <line number="33" hits="1"/>
              </lines>
            </method>
            <method name="(anonymous_63)" hits="141" signature="()V">
              <lines>
                <line number="52" hits="141"/>
              </lines>
            </method>
            <method name="(anonymous_64)" hits="45" signature="()V">
              <lines>
                <line number="62" hits="45"/>
              </lines>
            </method>
            <method name="(anonymous_65)" hits="198" signature="()V">
              <lines>
                <line number="72" hits="198"/>
              </lines>
            </method>
          </methods>
          <lines>
            <line number="12" hits="1" branch="false"/>
            <line number="13" hits="15" branch="false"/>
            <line number="16" hits="120" branch="false"/>
            <line number="17" hits="120" branch="false"/>
            <line number="20" hits="30" branch="true" condition-coverage="100% (2/2)"/>
            <line number="22" hits="60" branch="false"/>
            <line number="23" hits="90" branch="true" condition-coverage="100% (2/2)"/>
            <line number="24" hits="75" branch="true" condition-coverage="100% (2/2)"/>
            <line number="25" hits="15" branch="true" condition-coverage="100% (2/2)"/>
            <line number="26" hits="14" branch="false"/>
            <line number="27" hits="1" branch="false"/>
            <line number="33" hits="1" branch="false"/>
            <line number="34" hits="1" branch="false"/>
            <line number="36" hits="13" branch="false"/>
            <line number="38" hits="15" branch="false"/>
            <line number="39" hits="15" branch="false"/>
            <line number="40" hits="2" branch="false"/>
            <line number="41" hits="15" branch="false"/>
            <line number="47" hits="1" branch="false"/>
            <line number="52" hits="1" branch="false"/>
            <line number="56" hits="141" branch="true" condition-coverage="0% (0/1)"/>
            <line number="57" hits="97" branch="false"/>
            <line number="58" hits="44" branch="false"/>
            <line number="62" hits="1" branch="false"/>
            <line number="65" hits="45" branch="false"/>
            <line number="72" hits="1" branch="true" condition-coverage="0% (0/1)"/>
            <line number="73" hits="198" branch="true" condition-coverage="0% (0/1)"/>
            <line number="76" hits="198" branch="false"/>
          </lines>
        </class>
      </classes>
    </package>
    <package name="nidavellir.src.networks" line-rate="0.9412" branch-rate="1">
      <classes>
        <class name="baseInfo.js" filename="src/networks/baseInfo.js" line-rate="0.5" branch-rate="1">
          <methods>
            <method name="(anonymous_59)" hits="0" signature="()V">
              <lines>
                <line number="31" hits="0"/>
              </lines>
            </method>
          </methods>
          <lines>
            <line number="7" hits="1" branch="false"/>
            <line number="31" hits="0" branch="false"/>
          </lines>
        </class>
        <class name="bitcoin.js" filename="src/networks/bitcoin.js" line-rate="1" branch-rate="1">
          <methods>
          </methods>
          <lines>
            <line number="3" hits="1" branch="false"/>
            <line number="15" hits="1" branch="false"/>
          </lines>
        </class>
        <class name="bitcoingold.js" filename="src/networks/bitcoingold.js" line-rate="1" branch-rate="1">
          <methods>
          </methods>
          <lines>
            <line number="3" hits="1" branch="false"/>
            <line number="28" hits="1" branch="false"/>
          </lines>
        </class>
        <class name="bitcoinsv.js" filename="src/networks/bitcoinsv.js" line-rate="1" branch-rate="1">
          <methods>
          </methods>
          <lines>
            <line number="3" hits="1" branch="false"/>
          </lines>
        </class>
        <class name="dash.js" filename="src/networks/dash.js" line-rate="1" branch-rate="1">
          <methods>
          </methods>
          <lines>
            <line number="3" hits="1" branch="false"/>
          </lines>
        </class>
        <class name="digibyte.js" filename="src/networks/digibyte.js" line-rate="1" branch-rate="1">
          <methods>
          </methods>
          <lines>
            <line number="3" hits="1" branch="false"/>
          </lines>
        </class>
        <class name="dogecoin.js" filename="src/networks/dogecoin.js" line-rate="1" branch-rate="1">
          <methods>
          </methods>
          <lines>
            <line number="3" hits="1" branch="false"/>
          </lines>
        </class>
        <class name="eboost.js" filename="src/networks/eboost.js" line-rate="1" branch-rate="1">
          <methods>
          </methods>
          <lines>
            <line number="3" hits="1" branch="false"/>
          </lines>
        </class>
        <class name="feathercoin.js" filename="src/networks/feathercoin.js" line-rate="1" branch-rate="1">
          <methods>
          </methods>
          <lines>
            <line number="3" hits="1" branch="false"/>
          </lines>
        </class>
        <class name="litecoin.js" filename="src/networks/litecoin.js" line-rate="1" branch-rate="1">
          <methods>
          </methods>
          <lines>
            <line number="3" hits="1" branch="false"/>
          </lines>
        </class>
        <class name="qtum.js" filename="src/networks/qtum.js" line-rate="1" branch-rate="1">
          <methods>
          </methods>
          <lines>
            <line number="3" hits="1" branch="false"/>
          </lines>
        </class>
        <class name="uniformfiscalobject.js" filename="src/networks/uniformfiscalobject.js" line-rate="1" branch-rate="1">
          <methods>
          </methods>
          <lines>
            <line number="3" hits="1" branch="false"/>
          </lines>
        </class>
        <class name="vertcoin.js" filename="src/networks/vertcoin.js" line-rate="1" branch-rate="1">
          <methods>
          </methods>
          <lines>
            <line number="3" hits="1" branch="false"/>
          </lines>
        </class>
        <class name="zcoin.js" filename="src/networks/zcoin.js" line-rate="1" branch-rate="1">
          <methods>
          </methods>
          <lines>
            <line number="3" hits="1" branch="false"/>
          </lines>
        </class>
      </classes>
    </package>
    <package name="nidavellir.src.utils" line-rate="0.9623" branch-rate="0.8">
      <classes>
        <class name="base.js" filename="src/utils/base.js" line-rate="1" branch-rate="1">
          <methods>
            <method name="(anonymous_52)" hits="9" signature="()V">
              <lines>
                <line number="29" hits="9"/>
              </lines>
            </method>
            <method name="(anonymous_53)" hits="142" signature="()V">
              <lines>
                <line number="33" hits="142"/>
              </lines>
            </method>
            <method name="(anonymous_55)" hits="9" signature="()V">
              <lines>
                <line number="48" hits="9"/>
              </lines>
            </method>
            <method name="(anonymous_56)" hits="142" signature="()V">
              <lines>
                <line number="55" hits="142"/>
              </lines>
            </method>
            <method name="(anonymous_57)" hits="121" signature="()V">
              <lines>
                <line number="56" hits="121"/>
              </lines>
            </method>
            <method name="(anonymous_58)" hits="9" signature="()V">
              <lines>
                <line number="60" hits="9"/>
              </lines>
            </method>
          </methods>
          <lines>
            <line number="17" hits="1" branch="false"/>
            <line number="29" hits="1" branch="false"/>
            <line number="32" hits="9" branch="false"/>
            <line number="34" hits="142" branch="true" condition-coverage="100% (2/2)"/>
            <line number="35" hits="142" branch="false"/>
            <line number="39" hits="121" branch="false"/>
            <line number="40" hits="120" branch="false"/>
            <line number="41" hits="120" branch="true" condition-coverage="100% (2/2)"/>
            <line number="42" hits="120" branch="false"/>
            <line number="43" hits="117" branch="false"/>
            <line number="48" hits="1" branch="false"/>
            <line number="52" hits="9" branch="false"/>
            <line number="53" hits="9" branch="false"/>
            <line number="54" hits="9" branch="false"/>
            <line number="55" hits="142" branch="false"/>
            <line number="56" hits="121" branch="false"/>
            <line number="60" hits="1" branch="false"/>
            <line number="61" hits="9" branch="false"/>
          </lines>
        </class>
        <class name="formatter.js" filename="src/utils/formatter.js" line-rate="0.875" branch-rate="0.5">
          <methods>
            <method name="(anonymous_26)" hits="7" signature="()V">
              <lines>
                <line number="6" hits="7"/>
              </lines>
            </method>
            <method name="(anonymous_27)" hits="19" signature="()V">
              <lines>
                <line number="13" hits="19"/>
              </lines>
            </method>
            <method name="(anonymous_28)" hits="126" signature="()V">
              <lines>
                <line number="13" hits="126"/>
              </lines>
            </method>
            <method name="(anonymous_29)" hits="186" signature="()V">
              <lines>
                <line number="15" hits="186"/>
              </lines>
            </method>
            <method name="(anonymous_30)" hits="126" signature="()V">
              <lines>
                <line number="24" hits="126"/>
              </lines>
            </method>
            <method name="(anonymous_31)" hits="0" signature="()V">
              <lines>
                <line number="26" hits="0"/>
              </lines>
            </method>
            <method name="(anonymous_32)" hits="0" signature="()V">
              <lines>
                <line number="28" hits="0"/>
              </lines>
            </method>
            <method name="(anonymous_33)" hits="126" signature="()V">
              <lines>
                <line number="36" hits="126"/>
              </lines>
            </method>
            <method name="(anonymous_34)" hits="0" signature="()V">
              <lines>
                <line number="40" hits="0"/>
              </lines>
            </method>
            <method name="(anonymous_35)" hits="126" signature="()V">
              <lines>
                <line number="42" hits="126"/>
              </lines>
            </method>
          </methods>
          <lines>
            <line number="6" hits="1" branch="false"/>
            <line number="10" hits="7" branch="true" condition-coverage="100% (2/2)"/>
            <line number="11" hits="7" branch="true" condition-coverage="25% (1/4)"/>
            <line number="13" hits="126" branch="true" condition-coverage="100% (1/1)"/>
            <line number="14" hits="7" branch="false"/>
            <line number="15" hits="12" branch="false"/>
            <line number="16" hits="186" branch="false"/>
            <line number="22" hits="7" branch="false"/>
            <line number="24" hits="126" branch="false"/>
            <line number="26" hits="1" branch="false"/>
            <line number="28" hits="1" branch="false"/>
            <line number="30" hits="0" branch="false"/>
            <line number="36" hits="7" branch="false"/>
            <line number="37" hits="126" branch="false"/>
            <line number="40" hits="0" branch="false"/>
            <line number="43" hits="126" branch="false"/>
          </lines>
        </class>
        <class name="hash.js" filename="src/utils/hash.js" line-rate="1" branch-rate="1">
          <methods>
            <method name="(anonymous_18)" hits="1" signature="()V">
              <lines>
                <line number="7" hits="1"/>
              </lines>
            </method>
            <method name="(anonymous_19)" hits="67" signature="()V">
              <lines>
                <line number="11" hits="67"/>
              </lines>
            </method>
            <method name="(anonymous_20)" hits="679" signature="()V">
              <lines>
                <line number="11" hits="679"/>
              </lines>
            </method>
            <method name="(anonymous_21)" hits="1" signature="()V">
              <lines>
                <line number="20" hits="1"/>
              </lines>
            </method>
            <method name="(anonymous_22)" hits="65" signature="()V">
              <lines>
                <line number="20" hits="65"/>
              </lines>
            </method>
            <method name="(anonymous_23)" hits="65" signature="()V">
              <lines>
                <line number="25" hits="65"/>
              </lines>
            </method>
            <method name="(anonymous_24)" hits="262" signature="()V">
              <lines>
                <line number="34" hits="262"/>
              </lines>
            </method>
            <method name="(anonymous_25)" hits="45" signature="()V">
              <lines>
                <line number="35" hits="45"/>
              </lines>
            </method>
          </methods>
          <lines>
            <line number="7" hits="1" branch="false"/>
            <line number="8" hits="1" branch="false"/>
            <line number="11" hits="67" branch="false"/>
            <line number="12" hits="679" branch="false"/>
            <line number="13" hits="679" branch="false"/>
            <line number="16" hits="679" branch="false"/>
            <line number="20" hits="1" branch="false"/>
            <line number="24" hits="65" branch="false"/>
            <line number="25" hits="65" branch="false"/>
            <line number="29" hits="1" branch="false"/>
            <line number="31" hits="1" branch="false"/>
            <line number="32" hits="1" branch="false"/>
            <line number="34" hits="262" branch="false"/>
            <line number="35" hits="45" branch="false"/>
          </lines>
        </class>
        <class name="persister.js" filename="src/utils/persister.js" line-rate="0.9615" branch-rate="1">
          <methods>
            <method name="(anonymous_111)" hits="9" signature="()V">
              <lines>
                <line number="9" hits="9"/>
              </lines>
            </method>
            <method name="(anonymous_112)" hits="27" signature="()V">
              <lines>
                <line number="17" hits="27"/>
              </lines>
            </method>
            <method name="(anonymous_113)" hits="51" signature="()V">
              <lines>
                <line number="18" hits="51"/>
              </lines>
            </method>
            <method name="(anonymous_114)" hits="14" signature="()V">
              <lines>
                <line number="19" hits="14"/>
              </lines>
            </method>
            <method name="(anonymous_115)" hits="17" signature="()V">
              <lines>
                <line number="58" hits="17"/>
              </lines>
            </method>
            <method name="(anonymous_116)" hits="42" signature="()V">
              <lines>
                <line number="68" hits="42"/>
              </lines>
            </method>
          </methods>
          <lines>
            <line number="9" hits="1" branch="false"/>
            <line number="17" hits="27" branch="false"/>
            <line number="19" hits="51" branch="false"/>
            <line number="20" hits="14" branch="false"/>
            <line number="21" hits="14" branch="false"/>
            <line number="27" hits="14" branch="false"/>
            <line number="32" hits="5" branch="true" condition-coverage="100% (2/2)"/>
            <line number="33" hits="5" branch="false"/>
            <line number="34" hits="5" branch="false"/>
            <line number="39" hits="9" branch="false"/>
            <line number="42" hits="5" branch="false"/>
            <line number="43" hits="5" branch="false"/>
            <line number="45" hits="5" branch="false"/>
            <line number="52" hits="24" branch="true" condition-coverage="100% (2/2)"/>
            <line number="55" hits="22" branch="false"/>
            <line number="58" hits="22" branch="false"/>
            <line number="60" hits="17" branch="false"/>
            <line number="61" hits="17" branch="false"/>
            <line number="63" hits="17" branch="false"/>
            <line number="71" hits="33" branch="false"/>
            <line number="72" hits="33" branch="false"/>
            <line number="73" hits="33" branch="false"/>
            <line number="74" hits="19" branch="false"/>
            <line number="79" hits="0" branch="false"/>
            <line number="81" hits="46" branch="false"/>
            <line number="83" hits="42" branch="false"/>
          </lines>
        </class>
        <class name="require.js" filename="src/utils/require.js" line-rate="1" branch-rate="0.75">
          <methods>
            <method name="(anonymous_7)" hits="13" signature="()V">
              <lines>
                <line number="1" hits="13"/>
              </lines>
            </method>
            <method name="(anonymous_9)" hits="13" signature="()V">
              <lines>
                <line number="7" hits="13"/>
              </lines>
            </method>
            <method name="(anonymous_10)" hits="935" signature="()V">
              <lines>
                <line number="16" hits="935"/>
              </lines>
            </method>
            <method name="(anonymous_11)" hits="2" signature="()V">
              <lines>
                <line number="25" hits="2"/>
              </lines>
            </method>
            <method name="(anonymous_12)" hits="2" signature="()V">
              <lines>
                <line number="26" hits="2"/>
              </lines>
            </method>
          </methods>
          <lines>
            <line number="1" hits="13" branch="false"/>
            <line number="4" hits="260" branch="false"/>
            <line number="8" hits="13" branch="false"/>
            <line number="10" hits="11" branch="false"/>
            <line number="16" hits="11" branch="false"/>
            <line number="17" hits="2" branch="false"/>
            <line number="25" hits="1" branch="false"/>
            <line number="26" hits="2" branch="true" condition-coverage="100% (2/2)"/>
            <line number="27" hits="2" branch="true" condition-coverage="50% (1/2)"/>
            <line number="28" hits="2" branch="false"/>
            <line number="29" hits="2" branch="false"/>
            <line number="31" hits="2" branch="false"/>
          </lines>
        </class>
        <class name="secp256k1.js" filename="src/utils/secp256k1.js" line-rate="1" branch-rate="1">
          <methods>
            <method name="(anonymous_36)" hits="1" signature="()V">
              <lines>
                <line number="7" hits="1"/>
              </lines>
            </method>
            <method name="(anonymous_37)" hits="186" signature="()V">
              <lines>
                <line number="12" hits="186"/>
              </lines>
            </method>
            <method name="(anonymous_38)" hits="126" signature="()V">
              <lines>
                <line number="13" hits="126"/>
              </lines>
            </method>
          </methods>
          <lines>
            <line number="7" hits="1" branch="false"/>
            <line number="8" hits="1" branch="false"/>
            <line number="11" hits="1" branch="false"/>
            <line number="12" hits="186" branch="false"/>
            <line number="13" hits="126" branch="false"/>
            <line number="16" hits="1" branch="false"/>
            <line number="19" hits="1" branch="false"/>
            <line number="22" hits="1" branch="false"/>
            <line number="25" hits="1" branch="false"/>
            <line number="29" hits="1" branch="false"/>
            <line number="33" hits="1" branch="false"/>
            <line number="38" hits="1" branch="false"/>
          </lines>
        </class>
        <class name="uintArray.js" filename="src/utils/uintArray.js" line-rate="0.875" branch-rate="0.75">
          <methods>
            <method name="(anonymous_13)" hits="744" signature="()V">
              <lines>
                <line number="3" hits="744"/>
              </lines>
            </method>
            <method name="(anonymous_14)" hits="744" signature="()V">
              <lines>
                <line number="6" hits="744"/>
              </lines>
            </method>
            <method name="(anonymous_15)" hits="30723" signature="()V">
              <lines>
                <line number="12" hits="30723"/>
              </lines>
            </method>
            <method name="(anonymous_16)" hits="679" signature="()V">
              <lines>
                <line number="16" hits="679"/>
              </lines>
            </method>
            <method name="(anonymous_17)" hits="23268" signature="()V">
              <lines>
                <line number="17" hits="23268"/>
              </lines>
            </method>
          </methods>
          <lines>
            <line number="3" hits="1" branch="false"/>
            <line number="4" hits="744" branch="true" condition-coverage="100% (2/2)"/>
            <line number="6" hits="1" branch="false"/>
            <line number="10" hits="0" branch="false"/>
            <line number="11" hits="744" branch="true" condition-coverage="50% (1/2)"/>
            <line number="12" hits="30723" branch="false"/>
            <line number="16" hits="1" branch="false"/>
            <line number="17" hits="23268" branch="false"/>
          </lines>
        </class>
      </classes>
    </package>
    <package name="nidavellir.test" line-rate="1" branch-rate="1">
      <classes>
        <class name="rollup.config.js" filename="test/rollup.config.js" line-rate="1" branch-rate="1">
          <methods>
          </methods>
          <lines>
            <line number="7" hits="1" branch="false"/>
            <line number="13" hits="1" branch="false"/>
          </lines>
        </class>
      </classes>
    </package>
    <package name="nidavellir.test.bip32" line-rate="1" branch-rate="1">
      <classes>
        <class name="derive.js" filename="test/bip32/derive.js" line-rate="1" branch-rate="1">
          <methods>
            <method name="(anonymous_45)" hits="1" signature="()V">
              <lines>
                <line number="11" hits="1"/>
              </lines>
            </method>
            <method name="(anonymous_46)" hits="6" signature="()V">
              <lines>
                <line number="12" hits="6"/>
              </lines>
            </method>
            <method name="(anonymous_47)" hits="6" signature="()V">
              <lines>
                <line number="15" hits="6"/>
              </lines>
            </method>
            <method name="(anonymous_48)" hits="3" signature="()V">
              <lines>
                <line number="35" hits="3"/>
              </lines>
            </method>
            <method name="(anonymous_49)" hits="3" signature="()V">
              <lines>
                <line number="38" hits="3"/>
              </lines>
            </method>
            <method name="(anonymous_50)" hits="6" signature="()V">
              <lines>
                <line number="60" hits="6"/>
              </lines>
            </method>
            <method name="(anonymous_51)" hits="6" signature="()V">
              <lines>
                <line number="61" hits="6"/>
              </lines>
            </method>
          </methods>
          <lines>
            <line number="9" hits="1" branch="false"/>
            <line number="11" hits="1" branch="false"/>
            <line number="12" hits="1" branch="false"/>
            <line number="13" hits="6" branch="false"/>
            <line number="16" hits="6" branch="false"/>
            <line number="17" hits="6" branch="false"/>
            <line number="18" hits="6" branch="false"/>
            <line number="19" hits="6" branch="false"/>
            <line number="20" hits="6" branch="false"/>
            <line number="25" hits="6" branch="false"/>
            <line number="31" hits="6" branch="false"/>
            <line number="35" hits="1" branch="false"/>
            <line number="36" hits="3" branch="false"/>
            <line number="39" hits="3" branch="false"/>
            <line number="40" hits="3" branch="false"/>
            <line number="41" hits="3" branch="false"/>
            <line number="42" hits="3" branch="false"/>
            <line number="43" hits="3" branch="false"/>
            <line number="48" hits="3" branch="false"/>
            <line number="49" hits="3" branch="false"/>
            <line number="56" hits="3" branch="false"/>
            <line number="60" hits="1" branch="false"/>
            <line number="61" hits="6" branch="false"/>
            <line number="62" hits="6" branch="false"/>
            <line number="63" hits="6" branch="false"/>
            <line number="64" hits="6" branch="false"/>
            <line number="65" hits="6" branch="false"/>
            <line number="66" hits="6" branch="false"/>
            <line number="71" hits="6" branch="false"/>
            <line number="77" hits="6" branch="false"/>
          </lines>
        </class>
        <class name="extendedKey.js" filename="test/bip32/extendedKey.js" line-rate="1" branch-rate="1">
          <methods>
            <method name="(anonymous_76)" hits="1" signature="()V">
              <lines>
                <line number="12" hits="1"/>
              </lines>
            </method>
            <method name="(anonymous_77)" hits="38" signature="()V">
              <lines>
                <line number="13" hits="38"/>
              </lines>
            </method>
            <method name="(anonymous_78)" hits="38" signature="()V">
              <lines>
                <line number="26" hits="38"/>
              </lines>
            </method>
            <method name="(anonymous_79)" hits="38" signature="()V">
              <lines>
                <line number="31" hits="38"/>
              </lines>
            </method>
          </methods>
          <lines>
            <line number="9" hits="1" branch="false"/>
            <line number="10" hits="1" branch="false"/>
            <line number="12" hits="1" branch="false"/>
            <line number="13" hits="1" branch="false"/>
            <line number="14" hits="38" branch="false"/>
            <line number="15" hits="38" branch="false"/>
            <line number="23" hits="19" branch="false"/>
            <line number="24" hits="19" branch="false"/>
            <line number="26" hits="38" branch="false"/>
            <line number="27" hits="38" branch="false"/>
            <line number="28" hits="38" branch="false"/>
            <line number="31" hits="38" branch="false"/>
            <line number="32" hits="19" branch="false"/>
            <line number="33" hits="38" branch="false"/>
            <line number="34" hits="38" branch="false"/>
          </lines>
        </class>
        <class name="hdKey.js" filename="test/bip32/hdKey.js" line-rate="1" branch-rate="1">
          <methods>
            <method name="(anonymous_89)" hits="1" signature="()V">
              <lines>
                <line number="12" hits="1"/>
              </lines>
            </method>
            <method name="(anonymous_90)" hits="4" signature="()V">
              <lines>
                <line number="13" hits="4"/>
              </lines>
            </method>
            <method name="(anonymous_91)" hits="4" signature="()V">
              <lines>
                <line number="14" hits="4"/>
              </lines>
            </method>
            <method name="(anonymous_92)" hits="14" signature="()V">
              <lines>
                <line number="20" hits="14"/>
              </lines>
            </method>
            <method name="(anonymous_93)" hits="14" signature="()V">
              <lines>
                <line number="21" hits="14"/>
              </lines>
            </method>
            <method name="(anonymous_94)" hits="2" signature="()V">
              <lines>
                <line number="29" hits="2"/>
              </lines>
            </method>
            <method name="(anonymous_95)" hits="2" signature="()V">
              <lines>
                <line number="30" hits="2"/>
              </lines>
            </method>
            <method name="(anonymous_96)" hits="3" signature="()V">
              <lines>
                <line number="38" hits="3"/>
              </lines>
            </method>
            <method name="(anonymous_97)" hits="3" signature="()V">
              <lines>
                <line number="41" hits="3"/>
              </lines>
            </method>
          </methods>
          <lines>
            <line number="9" hits="1" branch="false"/>
            <line number="10" hits="1" branch="false"/>
            <line number="12" hits="1" branch="false"/>
            <line number="13" hits="1" branch="false"/>
            <line number="14" hits="4" branch="false"/>
            <line number="15" hits="4" branch="false"/>
            <line number="16" hits="4" branch="false"/>
            <line number="17" hits="4" branch="false"/>
            <line number="20" hits="1" branch="false"/>
            <line number="21" hits="14" branch="false"/>
            <line number="22" hits="14" branch="false"/>
            <line number="23" hits="13" branch="false"/>
            <line number="24" hits="14" branch="false"/>
            <line number="25" hits="14" branch="false"/>
            <line number="26" hits="14" branch="false"/>
            <line number="29" hits="1" branch="false"/>
            <line number="30" hits="2" branch="false"/>
            <line number="32" hits="2" branch="false"/>
            <line number="34" hits="2" branch="false"/>
            <line number="38" hits="1" branch="false"/>
            <line number="39" hits="3" branch="false"/>
            <line number="42" hits="3" branch="false"/>
            <line number="43" hits="3" branch="false"/>
            <line number="44" hits="3" branch="false"/>
            <line number="45" hits="3" branch="false"/>
            <line number="46" hits="3" branch="false"/>
            <line number="48" hits="11" branch="false"/>
            <line number="49" hits="11" branch="false"/>
            <line number="50" hits="11" branch="false"/>
            <line number="51" hits="11" branch="false"/>
            <line number="52" hits="11" branch="false"/>
            <line number="53" hits="11" branch="false"/>
            <line number="54" hits="11" branch="false"/>
          </lines>
        </class>
      </classes>
    </package>
    <package name="nidavellir.test.bip44" line-rate="0.9444" branch-rate="1">
      <classes>
        <class name="paths.js" filename="test/bip44/paths.js" line-rate="0.9444" branch-rate="1">
          <methods>
            <method name="(anonymous_99)" hits="1" signature="()V">
              <lines>
                <line number="12" hits="1"/>
              </lines>
            </method>
            <method name="(anonymous_100)" hits="4" signature="()V">
              <lines>
                <line number="13" hits="4"/>
              </lines>
            </method>
            <method name="(anonymous_101)" hits="4" signature="()V">
              <lines>
                <line number="16" hits="4"/>
              </lines>
            </method>
          </methods>
          <lines>
            <line number="10" hits="1" branch="false"/>
            <line number="12" hits="1" branch="false"/>
            <line number="13" hits="1" branch="false"/>
            <line number="14" hits="4" branch="false"/>
            <line number="17" hits="4" branch="false"/>
            <line number="19" hits="4" branch="false"/>
            <line number="20" hits="4" branch="false"/>
            <line number="22" hits="2" branch="false"/>
            <line number="23" hits="2" branch="false"/>
            <line number="26" hits="4" branch="false"/>
            <line number="27" hits="4" branch="false"/>
            <line number="28" hits="4" branch="false"/>
            <line number="30" hits="14" branch="false"/>
            <line number="31" hits="0" branch="false"/>
            <line number="32" hits="14" branch="false"/>
            <line number="33" hits="14" branch="false"/>
            <line number="34" hits="14" branch="false"/>
            <line number="35" hits="14" branch="false"/>
          </lines>
        </class>
      </classes>
    </package>
    <package name="nidavellir.test.core" line-rate="1" branch-rate="1">
      <classes>
        <class name="keyPair.js" filename="test/core/keyPair.js" line-rate="1" branch-rate="1">
          <methods>
            <method name="(anonymous_102)" hits="1" signature="()V">
              <lines>
                <line number="12" hits="1"/>
              </lines>
            </method>
            <method name="(anonymous_103)" hits="6" signature="()V">
              <lines>
                <line number="13" hits="6"/>
              </lines>
            </method>
            <method name="(anonymous_104)" hits="6" signature="()V">
              <lines>
                <line number="14" hits="6"/>
              </lines>
            </method>
          </methods>
          <lines>
            <line number="9" hits="1" branch="false"/>
            <line number="10" hits="1" branch="false"/>
            <line number="12" hits="1" branch="false"/>
            <line number="13" hits="1" branch="false"/>
            <line number="14" hits="6" branch="false"/>
            <line number="15" hits="6" branch="false"/>
            <line number="16" hits="6" branch="false"/>
          </lines>
        </class>
      </classes>
    </package>
    <package name="nidavellir.test.utils" line-rate="1" branch-rate="1">
      <classes>
        <class name="base.js" filename="test/utils/base.js" line-rate="1" branch-rate="1">
          <methods>
            <method name="(anonymous_105)" hits="1" signature="()V">
              <lines>
                <line number="22" hits="1"/>
              </lines>
            </method>
            <method name="(anonymous_106)" hits="50" signature="()V">
              <lines>
                <line number="25" hits="50"/>
              </lines>
            </method>
            <method name="(anonymous_107)" hits="50" signature="()V">
              <lines>
                <line number="26" hits="50"/>
              </lines>
            </method>
            <method name="(anonymous_108)" hits="50" signature="()V">
              <lines>
                <line number="30" hits="50"/>
              </lines>
            </method>
            <method name="(anonymous_109)" hits="4" signature="()V">
              <lines>
                <line number="36" hits="4"/>
              </lines>
            </method>
            <method name="(anonymous_110)" hits="4" signature="()V">
              <lines>
                <line number="37" hits="4"/>
              </lines>
            </method>
          </methods>
          <lines>
            <line number="11" hits="1" branch="false"/>
            <line number="12" hits="1" branch="false"/>
            <line number="14" hits="1" branch="false"/>
            <line number="16" hits="1" branch="false"/>
            <line number="18" hits="1" branch="false"/>
            <line number="19" hits="1" branch="false"/>
            <line number="22" hits="1" branch="false"/>
            <line number="23" hits="1" branch="false"/>
            <line number="25" hits="1" branch="false"/>
            <line number="26" hits="50" branch="false"/>
            <line number="27" hits="50" branch="false"/>
            <line number="28" hits="50" branch="false"/>
            <line number="30" hits="50" branch="false"/>
            <line number="31" hits="50" branch="false"/>
            <line number="32" hits="50" branch="false"/>
            <line number="36" hits="1" branch="false"/>
            <line number="37" hits="4" branch="false"/>
            <line number="39" hits="4" branch="false"/>
            <line number="41" hits="4" branch="false"/>
          </lines>
        </class>
        <class name="persister.js" filename="test/utils/persister.js" line-rate="1" branch-rate="1">
          <methods>
            <method name="(anonymous_118)" hits="5" signature="()V">
              <lines>
                <line number="9" hits="5"/>
              </lines>
            </method>
            <method name="(anonymous_119)" hits="27" signature="()V">
              <lines>
                <line number="13" hits="27"/>
              </lines>
            </method>
            <method name="(anonymous_120)" hits="4" signature="()V">
              <lines>
                <line number="41" hits="4"/>
              </lines>
            </method>
            <method name="(anonymous_121)" hits="5" signature="()V">
              <lines>
                <line number="45" hits="5"/>
              </lines>
            </method>
            <method name="(anonymous_122)" hits="5" signature="()V">
              <lines>
                <line number="47" hits="5"/>
              </lines>
            </method>
            <method name="(anonymous_123)" hits="42" signature="()V">
              <lines>
                <line number="53" hits="42"/>
              </lines>
            </method>
            <method name="(anonymous_124)" hits="42" signature="()V">
              <lines>
                <line number="54" hits="42"/>
              </lines>
            </method>
            <method name="(anonymous_125)" hits="42" signature="()V">
              <lines>
                <line number="68" hits="42"/>
              </lines>
            </method>
            <method name="(anonymous_126)" hits="5" signature="()V">
              <lines>
                <line number="77" hits="5"/>
              </lines>
            </method>
          </methods>
          <lines>
            <line number="9" hits="1" branch="false"/>
            <line number="10" hits="5" branch="false"/>
            <line number="11" hits="5" branch="false"/>
            <line number="14" hits="5" branch="false"/>
            <line number="15" hits="22" branch="false"/>
            <line number="17" hits="22" branch="false"/>
            <line number="18" hits="22" branch="false"/>
            <line number="20" hits="22" branch="false"/>
            <line number="21" hits="5" branch="false"/>
            <line number="22" hits="22" branch="false"/>
            <line number="25" hits="11" branch="false"/>
            <line number="26" hits="11" branch="false"/>
            <line number="29" hits="22" branch="false"/>
            <line number="34" hits="1" branch="false"/>
            <line number="37" hits="5" branch="false"/>
            <line number="38" hits="5" branch="false"/>
            <line number="39" hits="5" branch="true" condition-coverage="100% (2/2)"/>
            <line number="40" hits="5" branch="false"/>
            <line number="41" hits="5" branch="true" condition-coverage="100% (2/2)"/>
            <line number="42" hits="5" branch="false"/>
            <line number="44" hits="5" branch="true" condition-coverage="100% (2/2)"/>
            <line number="47" hits="5" branch="false"/>
            <line number="48" hits="5" branch="false"/>
            <line number="53" hits="5" branch="false"/>
            <line number="54" hits="42" branch="false"/>
            <line number="55" hits="42" branch="false"/>
            <line number="56" hits="42" branch="false"/>
            <line number="58" hits="42" branch="false"/>
            <line number="60" hits="4" branch="false"/>
            <line number="61" hits="4" branch="false"/>
            <line number="62" hits="4" branch="false"/>
            <line number="65" hits="42" branch="false"/>
            <line number="66" hits="42" branch="true" condition-coverage="100% (2/2)"/>
            <line number="68" hits="42" branch="false"/>
            <line number="69" hits="42" branch="false"/>
            <line number="70" hits="42" branch="false"/>
            <line number="71" hits="42" branch="false"/>
            <line number="72" hits="42" branch="false"/>
            <line number="77" hits="5" branch="false"/>
            <line number="78" hits="5" branch="false"/>
          </lines>
        </class>
      </classes>
    </package>
  </packages>
</coverage>
