{
  "stats": {
    "suites": 11,
    "tests": 270,
    "passes": 270,
    "pending": 0,
    "failures": 0,
    "start": "2020-03-03T20:56:41.991Z",
    "end": "2020-03-03T20:56:43.768Z",
    "duration": 1777,
    "testsRegistered": 270,
    "passPercent": 100,
    "pendingPercent": 0,
    "other": 0,
    "hasOther": false,
    "skipped": 0,
    "hasSkipped": false,
    "passPercentClass": "success",
    "pendingPercentClass": "danger"
  },
  "suites": {
    "uuid": "fbbc3c48-cce1-4d30-8228-7f35621175e6",
    "title": "",
    "fullFile": "",
    "file": "",
    "beforeHooks": [],
    "afterHooks": [],
    "tests": [],
    "suites": [
      {
        "uuid": "72257f95-7a60-4a38-8025-31a097578e9e",
        "title": "Testing Key derivation",
        "fullFile": "/Users/shawncook/Projects/EdgeApp/edge-currency-bitcoin/packages/nidavellir/build/tests.cjs.js",
        "file": "/build/tests.cjs.js",
        "beforeHooks": [],
        "afterHooks": [],
        "tests": [
          {
            "title": "Deriving private key without public key e8f32e723decf4051aefac8e2c93c9c5b214313817cdb01a1494b917c8436b35 for index 0",
            "fullTitle": "Testing Key derivation Deriving private key without public key e8f32e723decf4051aefac8e2c93c9c5b214313817cdb01a1494b917c8436b35 for index 0",
            "timedOut": false,
            "duration": 59,
            "state": "passed",
            "speed": "medium",
            "pass": true,
            "fail": false,
            "pending": false,
            "code": "cov_2ajjpr0ijx.f[47]++;const privateKey=(cov_2ajjpr0ijx.s[224]++,test[0]);const chainCode=(cov_2ajjpr0ijx.s[225]++,test[1]);const index=(cov_2ajjpr0ijx.s[226]++,test[2]);const hardened=(cov_2ajjpr0ijx.s[227]++,test[3]);const expectedChildKey=(cov_2ajjpr0ijx.s[228]++,{privateKey:test[4],chainCode:test[5],childIndex:test[6]});const childKey=(cov_2ajjpr0ijx.s[229]++,await derivePrivate(privateKey,index,chainCode,hardened));cov_2ajjpr0ijx.s[230]++;chai.assert.deepEqual(childKey,expectedChildKey);",
            "err": {},
            "isRoot": false,
            "uuid": "c8b24f48-697c-4d05-9766-0fa4fa4380e1",
            "isHook": false,
            "skipped": false
          },
          {
            "title": "Deriving private key without public key 3c6cb8d0f6a264c91ea8b5030fadaa8e538b020f0a387421a12de9319dc93368 for index 2",
            "fullTitle": "Testing Key derivation Deriving private key without public key 3c6cb8d0f6a264c91ea8b5030fadaa8e538b020f0a387421a12de9319dc93368 for index 2",
            "timedOut": false,
            "duration": 2,
            "state": "passed",
            "speed": "fast",
            "pass": true,
            "fail": false,
            "pending": false,
            "code": "cov_2ajjpr0ijx.f[47]++;const privateKey=(cov_2ajjpr0ijx.s[224]++,test[0]);const chainCode=(cov_2ajjpr0ijx.s[225]++,test[1]);const index=(cov_2ajjpr0ijx.s[226]++,test[2]);const hardened=(cov_2ajjpr0ijx.s[227]++,test[3]);const expectedChildKey=(cov_2ajjpr0ijx.s[228]++,{privateKey:test[4],chainCode:test[5],childIndex:test[6]});const childKey=(cov_2ajjpr0ijx.s[229]++,await derivePrivate(privateKey,index,chainCode,hardened));cov_2ajjpr0ijx.s[230]++;chai.assert.deepEqual(childKey,expectedChildKey);",
            "err": {},
            "isRoot": false,
            "uuid": "99931fef-bb3f-47de-a4ff-c7e9c085e66a",
            "isHook": false,
            "skipped": false
          },
          {
            "title": "Deriving private key without public key abe74a98f6c7eabee0428f53798f0ab8aa1bd37873999041703c742f15ac7e1e for index 2147483647",
            "fullTitle": "Testing Key derivation Deriving private key without public key abe74a98f6c7eabee0428f53798f0ab8aa1bd37873999041703c742f15ac7e1e for index 2147483647",
            "timedOut": false,
            "duration": 2,
            "state": "passed",
            "speed": "fast",
            "pass": true,
            "fail": false,
            "pending": false,
            "code": "cov_2ajjpr0ijx.f[47]++;const privateKey=(cov_2ajjpr0ijx.s[224]++,test[0]);const chainCode=(cov_2ajjpr0ijx.s[225]++,test[1]);const index=(cov_2ajjpr0ijx.s[226]++,test[2]);const hardened=(cov_2ajjpr0ijx.s[227]++,test[3]);const expectedChildKey=(cov_2ajjpr0ijx.s[228]++,{privateKey:test[4],chainCode:test[5],childIndex:test[6]});const childKey=(cov_2ajjpr0ijx.s[229]++,await derivePrivate(privateKey,index,chainCode,hardened));cov_2ajjpr0ijx.s[230]++;chai.assert.deepEqual(childKey,expectedChildKey);",
            "err": {},
            "isRoot": false,
            "uuid": "37cf192b-e001-4a68-bbc4-018cf6946604",
            "isHook": false,
            "skipped": false
          },
          {
            "title": "Deriving private key without public key 704addf544a06e5ee4bea37098463c23613da32020d604506da8c0518e1da4b7 for index 2147483646",
            "fullTitle": "Testing Key derivation Deriving private key without public key 704addf544a06e5ee4bea37098463c23613da32020d604506da8c0518e1da4b7 for index 2147483646",
            "timedOut": false,
            "duration": 2,
            "state": "passed",
            "speed": "fast",
            "pass": true,
            "fail": false,
            "pending": false,
            "code": "cov_2ajjpr0ijx.f[47]++;const privateKey=(cov_2ajjpr0ijx.s[224]++,test[0]);const chainCode=(cov_2ajjpr0ijx.s[225]++,test[1]);const index=(cov_2ajjpr0ijx.s[226]++,test[2]);const hardened=(cov_2ajjpr0ijx.s[227]++,test[3]);const expectedChildKey=(cov_2ajjpr0ijx.s[228]++,{privateKey:test[4],chainCode:test[5],childIndex:test[6]});const childKey=(cov_2ajjpr0ijx.s[229]++,await derivePrivate(privateKey,index,chainCode,hardened));cov_2ajjpr0ijx.s[230]++;chai.assert.deepEqual(childKey,expectedChildKey);",
            "err": {},
            "isRoot": false,
            "uuid": "aefd73f4-d870-4cfe-bc09-702e84c100fe",
            "isHook": false,
            "skipped": false
          },
          {
            "title": "Deriving private key without public key edb2e14f9ee77d26dd93b4ecede8d16ed408ce149b6cd80b0715a2d911a0afea for index 1",
            "fullTitle": "Testing Key derivation Deriving private key without public key edb2e14f9ee77d26dd93b4ecede8d16ed408ce149b6cd80b0715a2d911a0afea for index 1",
            "timedOut": false,
            "duration": 7,
            "state": "passed",
            "speed": "fast",
            "pass": true,
            "fail": false,
            "pending": false,
            "code": "cov_2ajjpr0ijx.f[47]++;const privateKey=(cov_2ajjpr0ijx.s[224]++,test[0]);const chainCode=(cov_2ajjpr0ijx.s[225]++,test[1]);const index=(cov_2ajjpr0ijx.s[226]++,test[2]);const hardened=(cov_2ajjpr0ijx.s[227]++,test[3]);const expectedChildKey=(cov_2ajjpr0ijx.s[228]++,{privateKey:test[4],chainCode:test[5],childIndex:test[6]});const childKey=(cov_2ajjpr0ijx.s[229]++,await derivePrivate(privateKey,index,chainCode,hardened));cov_2ajjpr0ijx.s[230]++;chai.assert.deepEqual(childKey,expectedChildKey);",
            "err": {},
            "isRoot": false,
            "uuid": "bb639fd9-da58-4270-b295-e74ec191febe",
            "isHook": false,
            "skipped": false
          },
          {
            "title": "Deriving private key without public key cbce0d719ecf7431d88e6a89fa1483e02e35092af60c042b1df2ff59fa424dca for index 2",
            "fullTitle": "Testing Key derivation Deriving private key without public key cbce0d719ecf7431d88e6a89fa1483e02e35092af60c042b1df2ff59fa424dca for index 2",
            "timedOut": false,
            "duration": 6,
            "state": "passed",
            "speed": "fast",
            "pass": true,
            "fail": false,
            "pending": false,
            "code": "cov_2ajjpr0ijx.f[47]++;const privateKey=(cov_2ajjpr0ijx.s[224]++,test[0]);const chainCode=(cov_2ajjpr0ijx.s[225]++,test[1]);const index=(cov_2ajjpr0ijx.s[226]++,test[2]);const hardened=(cov_2ajjpr0ijx.s[227]++,test[3]);const expectedChildKey=(cov_2ajjpr0ijx.s[228]++,{privateKey:test[4],chainCode:test[5],childIndex:test[6]});const childKey=(cov_2ajjpr0ijx.s[229]++,await derivePrivate(privateKey,index,chainCode,hardened));cov_2ajjpr0ijx.s[230]++;chai.assert.deepEqual(childKey,expectedChildKey);",
            "err": {},
            "isRoot": false,
            "uuid": "4b6e7f42-dd08-41c6-813f-5031d47434c0",
            "isHook": false,
            "skipped": false
          },
          {
            "title": "Deriving private key with public key 4b03d6fc340455b363f51020ad3ecca4f0850280cf436c70c727923f6db46c3e for index 0",
            "fullTitle": "Testing Key derivation Deriving private key with public key 4b03d6fc340455b363f51020ad3ecca4f0850280cf436c70c727923f6db46c3e for index 0",
            "timedOut": false,
            "duration": 1,
            "state": "passed",
            "speed": "fast",
            "pass": true,
            "fail": false,
            "pending": false,
            "code": "cov_2ajjpr0ijx.f[49]++;const privateKey=(cov_2ajjpr0ijx.s[233]++,test[0]);const chainCode=(cov_2ajjpr0ijx.s[234]++,test[1]);const index=(cov_2ajjpr0ijx.s[235]++,test[2]);const hardened=(cov_2ajjpr0ijx.s[236]++,test[3]);const expectedChildKey=(cov_2ajjpr0ijx.s[237]++,{privateKey:test[4],chainCode:test[5],childIndex:test[6]});const publicKey=(cov_2ajjpr0ijx.s[238]++,test[7]);const childKey=(cov_2ajjpr0ijx.s[239]++,await derivePrivate(privateKey,index,chainCode,hardened,publicKey));cov_2ajjpr0ijx.s[240]++;chai.assert.deepEqual(childKey,expectedChildKey);",
            "err": {},
            "isRoot": false,
            "uuid": "b80003f2-636e-4ef3-b405-48f6131cd17e",
            "isHook": false,
            "skipped": false
          },
          {
            "title": "Deriving private key with public key 877c779ad9687164e9c2f4f0f4ff0340814392330693ce95a58fe18fd52e6e93 for index 1",
            "fullTitle": "Testing Key derivation Deriving private key with public key 877c779ad9687164e9c2f4f0f4ff0340814392330693ce95a58fe18fd52e6e93 for index 1",
            "timedOut": false,
            "duration": 1,
            "state": "passed",
            "speed": "fast",
            "pass": true,
            "fail": false,
            "pending": false,
            "code": "cov_2ajjpr0ijx.f[49]++;const privateKey=(cov_2ajjpr0ijx.s[233]++,test[0]);const chainCode=(cov_2ajjpr0ijx.s[234]++,test[1]);const index=(cov_2ajjpr0ijx.s[235]++,test[2]);const hardened=(cov_2ajjpr0ijx.s[236]++,test[3]);const expectedChildKey=(cov_2ajjpr0ijx.s[237]++,{privateKey:test[4],chainCode:test[5],childIndex:test[6]});const publicKey=(cov_2ajjpr0ijx.s[238]++,test[7]);const childKey=(cov_2ajjpr0ijx.s[239]++,await derivePrivate(privateKey,index,chainCode,hardened,publicKey));cov_2ajjpr0ijx.s[240]++;chai.assert.deepEqual(childKey,expectedChildKey);",
            "err": {},
            "isRoot": false,
            "uuid": "c3eb21fd-1c03-4bde-b2e9-41518ca520e2",
            "isHook": false,
            "skipped": false
          },
          {
            "title": "Deriving private key with public key f1c7c871a54a804afe328b4c83a1c33b8e5ff48f5087273f04efa83b247d6a2d for index 2",
            "fullTitle": "Testing Key derivation Deriving private key with public key f1c7c871a54a804afe328b4c83a1c33b8e5ff48f5087273f04efa83b247d6a2d for index 2",
            "timedOut": false,
            "duration": 1,
            "state": "passed",
            "speed": "fast",
            "pass": true,
            "fail": false,
            "pending": false,
            "code": "cov_2ajjpr0ijx.f[49]++;const privateKey=(cov_2ajjpr0ijx.s[233]++,test[0]);const chainCode=(cov_2ajjpr0ijx.s[234]++,test[1]);const index=(cov_2ajjpr0ijx.s[235]++,test[2]);const hardened=(cov_2ajjpr0ijx.s[236]++,test[3]);const expectedChildKey=(cov_2ajjpr0ijx.s[237]++,{privateKey:test[4],chainCode:test[5],childIndex:test[6]});const publicKey=(cov_2ajjpr0ijx.s[238]++,test[7]);const childKey=(cov_2ajjpr0ijx.s[239]++,await derivePrivate(privateKey,index,chainCode,hardened,publicKey));cov_2ajjpr0ijx.s[240]++;chai.assert.deepEqual(childKey,expectedChildKey);",
            "err": {},
            "isRoot": false,
            "uuid": "62de0a4e-2b3e-45ac-a39f-0d9cab9c22bb",
            "isHook": false,
            "skipped": false
          },
          {
            "title": "Deriving public key 035a784662a4a20a65bf6aab9ae98a6c068a81c52e4b032c0fb5400c706cfccc56 for index 1",
            "fullTitle": "Testing Key derivation Deriving public key 035a784662a4a20a65bf6aab9ae98a6c068a81c52e4b032c0fb5400c706cfccc56 for index 1",
            "timedOut": false,
            "duration": 4,
            "state": "passed",
            "speed": "fast",
            "pass": true,
            "fail": false,
            "pending": false,
            "code": "cov_2ajjpr0ijx.f[51]++;const publicKey=(cov_2ajjpr0ijx.s[243]++,test[0]);const chainCode=(cov_2ajjpr0ijx.s[244]++,test[1]);const index=(cov_2ajjpr0ijx.s[245]++,test[2]);const hardened=(cov_2ajjpr0ijx.s[246]++,test[3]);const expectedChildKey=(cov_2ajjpr0ijx.s[247]++,{publicKey:test[4],chainCode:test[5],childIndex:test[6]});const childKey=(cov_2ajjpr0ijx.s[248]++,await derivePublic(publicKey,index,chainCode,hardened));cov_2ajjpr0ijx.s[249]++;chai.assert.deepEqual(childKey,expectedChildKey);",
            "err": {},
            "isRoot": false,
            "uuid": "e0b61a66-10c0-4572-846a-b54b9a6ba7a1",
            "isHook": false,
            "skipped": false
          },
          {
            "title": "Deriving public key 0357bfe1e341d01c69fe5654309956cbea516822fba8a601743a012a7896ee8dc2 for index 2",
            "fullTitle": "Testing Key derivation Deriving public key 0357bfe1e341d01c69fe5654309956cbea516822fba8a601743a012a7896ee8dc2 for index 2",
            "timedOut": false,
            "duration": 2,
            "state": "passed",
            "speed": "fast",
            "pass": true,
            "fail": false,
            "pending": false,
            "code": "cov_2ajjpr0ijx.f[51]++;const publicKey=(cov_2ajjpr0ijx.s[243]++,test[0]);const chainCode=(cov_2ajjpr0ijx.s[244]++,test[1]);const index=(cov_2ajjpr0ijx.s[245]++,test[2]);const hardened=(cov_2ajjpr0ijx.s[246]++,test[3]);const expectedChildKey=(cov_2ajjpr0ijx.s[247]++,{publicKey:test[4],chainCode:test[5],childIndex:test[6]});const childKey=(cov_2ajjpr0ijx.s[248]++,await derivePublic(publicKey,index,chainCode,hardened));cov_2ajjpr0ijx.s[249]++;chai.assert.deepEqual(childKey,expectedChildKey);",
            "err": {},
            "isRoot": false,
            "uuid": "9a532d57-38c8-49ec-bf1d-c49d095b908e",
            "isHook": false,
            "skipped": false
          },
          {
            "title": "Deriving public key 02e8445082a72f29b75ca48748a914df60622a609cacfce8ed0e35804560741d29 for index 1000000000",
            "fullTitle": "Testing Key derivation Deriving public key 02e8445082a72f29b75ca48748a914df60622a609cacfce8ed0e35804560741d29 for index 1000000000",
            "timedOut": false,
            "duration": 4,
            "state": "passed",
            "speed": "fast",
            "pass": true,
            "fail": false,
            "pending": false,
            "code": "cov_2ajjpr0ijx.f[51]++;const publicKey=(cov_2ajjpr0ijx.s[243]++,test[0]);const chainCode=(cov_2ajjpr0ijx.s[244]++,test[1]);const index=(cov_2ajjpr0ijx.s[245]++,test[2]);const hardened=(cov_2ajjpr0ijx.s[246]++,test[3]);const expectedChildKey=(cov_2ajjpr0ijx.s[247]++,{publicKey:test[4],chainCode:test[5],childIndex:test[6]});const childKey=(cov_2ajjpr0ijx.s[248]++,await derivePublic(publicKey,index,chainCode,hardened));cov_2ajjpr0ijx.s[249]++;chai.assert.deepEqual(childKey,expectedChildKey);",
            "err": {},
            "isRoot": false,
            "uuid": "f6e2f175-3db6-4870-b81c-dbb62054eb82",
            "isHook": false,
            "skipped": false
          },
          {
            "title": "Deriving public key 03cbcaa9c98c877a26977d00825c956a238e8dddfbd322cce4f74b0b5bd6ace4a7 for index 0",
            "fullTitle": "Testing Key derivation Deriving public key 03cbcaa9c98c877a26977d00825c956a238e8dddfbd322cce4f74b0b5bd6ace4a7 for index 0",
            "timedOut": false,
            "duration": 2,
            "state": "passed",
            "speed": "fast",
            "pass": true,
            "fail": false,
            "pending": false,
            "code": "cov_2ajjpr0ijx.f[51]++;const publicKey=(cov_2ajjpr0ijx.s[243]++,test[0]);const chainCode=(cov_2ajjpr0ijx.s[244]++,test[1]);const index=(cov_2ajjpr0ijx.s[245]++,test[2]);const hardened=(cov_2ajjpr0ijx.s[246]++,test[3]);const expectedChildKey=(cov_2ajjpr0ijx.s[247]++,{publicKey:test[4],chainCode:test[5],childIndex:test[6]});const childKey=(cov_2ajjpr0ijx.s[248]++,await derivePublic(publicKey,index,chainCode,hardened));cov_2ajjpr0ijx.s[249]++;chai.assert.deepEqual(childKey,expectedChildKey);",
            "err": {},
            "isRoot": false,
            "uuid": "07d8b1ce-d83d-49b1-8d11-f4b7b1a1674b",
            "isHook": false,
            "skipped": false
          },
          {
            "title": "Deriving public key 03c01e7425647bdefa82b12d9bad5e3e6865bee0502694b94ca58b666abc0a5c3b for index 1",
            "fullTitle": "Testing Key derivation Deriving public key 03c01e7425647bdefa82b12d9bad5e3e6865bee0502694b94ca58b666abc0a5c3b for index 1",
            "timedOut": false,
            "duration": 3,
            "state": "passed",
            "speed": "fast",
            "pass": true,
            "fail": false,
            "pending": false,
            "code": "cov_2ajjpr0ijx.f[51]++;const publicKey=(cov_2ajjpr0ijx.s[243]++,test[0]);const chainCode=(cov_2ajjpr0ijx.s[244]++,test[1]);const index=(cov_2ajjpr0ijx.s[245]++,test[2]);const hardened=(cov_2ajjpr0ijx.s[246]++,test[3]);const expectedChildKey=(cov_2ajjpr0ijx.s[247]++,{publicKey:test[4],chainCode:test[5],childIndex:test[6]});const childKey=(cov_2ajjpr0ijx.s[248]++,await derivePublic(publicKey,index,chainCode,hardened));cov_2ajjpr0ijx.s[249]++;chai.assert.deepEqual(childKey,expectedChildKey);",
            "err": {},
            "isRoot": false,
            "uuid": "b65e3f85-0db5-4ab3-a596-0f67b974e0e0",
            "isHook": false,
            "skipped": false
          },
          {
            "title": "Deriving public key 02d2b36900396c9282fa14628566582f206a5dd0bcc8d5e892611806cafb0301f0 for index 2",
            "fullTitle": "Testing Key derivation Deriving public key 02d2b36900396c9282fa14628566582f206a5dd0bcc8d5e892611806cafb0301f0 for index 2",
            "timedOut": false,
            "duration": 3,
            "state": "passed",
            "speed": "fast",
            "pass": true,
            "fail": false,
            "pending": false,
            "code": "cov_2ajjpr0ijx.f[51]++;const publicKey=(cov_2ajjpr0ijx.s[243]++,test[0]);const chainCode=(cov_2ajjpr0ijx.s[244]++,test[1]);const index=(cov_2ajjpr0ijx.s[245]++,test[2]);const hardened=(cov_2ajjpr0ijx.s[246]++,test[3]);const expectedChildKey=(cov_2ajjpr0ijx.s[247]++,{publicKey:test[4],chainCode:test[5],childIndex:test[6]});const childKey=(cov_2ajjpr0ijx.s[248]++,await derivePublic(publicKey,index,chainCode,hardened));cov_2ajjpr0ijx.s[249]++;chai.assert.deepEqual(childKey,expectedChildKey);",
            "err": {},
            "isRoot": false,
            "uuid": "ffabbe86-de07-4606-b948-3255d940717b",
            "isHook": false,
            "skipped": false
          }
        ],
        "suites": [],
        "passes": [
          "c8b24f48-697c-4d05-9766-0fa4fa4380e1",
          "99931fef-bb3f-47de-a4ff-c7e9c085e66a",
          "37cf192b-e001-4a68-bbc4-018cf6946604",
          "aefd73f4-d870-4cfe-bc09-702e84c100fe",
          "bb639fd9-da58-4270-b295-e74ec191febe",
          "4b6e7f42-dd08-41c6-813f-5031d47434c0",
          "b80003f2-636e-4ef3-b405-48f6131cd17e",
          "c3eb21fd-1c03-4bde-b2e9-41518ca520e2",
          "62de0a4e-2b3e-45ac-a39f-0d9cab9c22bb",
          "e0b61a66-10c0-4572-846a-b54b9a6ba7a1",
          "9a532d57-38c8-49ec-bf1d-c49d095b908e",
          "f6e2f175-3db6-4870-b81c-dbb62054eb82",
          "07d8b1ce-d83d-49b1-8d11-f4b7b1a1674b",
          "b65e3f85-0db5-4ab3-a596-0f67b974e0e0",
          "ffabbe86-de07-4606-b948-3255d940717b"
        ],
        "failures": [],
        "pending": [],
        "skipped": [],
        "duration": 99,
        "root": false,
        "rootEmpty": false,
        "_timeout": 2000
      },
      {
        "uuid": "fc5b89e4-6701-429f-b8a8-da21d675f9fe",
        "title": "Testing Extended Key functions",
        "fullFile": "/Users/shawncook/Projects/EdgeApp/edge-currency-bitcoin/packages/nidavellir/build/tests.cjs.js",
        "file": "/build/tests.cjs.js",
        "beforeHooks": [],
        "afterHooks": [],
        "tests": [
          {
            "title": "Extended key from string: xpub661MyMwAqRbcFtXgS5sYJABqqG9YLmC4Q1Rdap9gSE8NqtwybGhePY2gZ29ESFjqJoCu1Rupje8YtGqsefD265TMg7usUDFdp6W1EGMcet8",
            "fullTitle": "Testing Extended Key functions Extended key from string: xpub661MyMwAqRbcFtXgS5sYJABqqG9YLmC4Q1Rdap9gSE8NqtwybGhePY2gZ29ESFjqJoCu1Rupje8YtGqsefD265TMg7usUDFdp6W1EGMcet8",
            "timedOut": false,
            "duration": 2,
            "state": "passed",
            "speed": "fast",
            "pass": true,
            "fail": false,
            "pending": false,
            "code": "cov_2ajjpr0ijx.f[78]++;const resultedXkey=(cov_2ajjpr0ijx.s[435]++,fromString(base58Key,network));cov_2ajjpr0ijx.s[436]++;chai.assert.deepEqual(resultedXkey,xkey);",
            "err": {},
            "isRoot": false,
            "uuid": "5d5a7580-bfe9-4c31-bfc4-d2942c65ebb2",
            "isHook": false,
            "skipped": false
          },
          {
            "title": "Extended key to string: 0339a36013301597daef41fbe593a02cc513d0b55527ec2df1050e2e8ff49c85c2",
            "fullTitle": "Testing Extended Key functions Extended key to string: 0339a36013301597daef41fbe593a02cc513d0b55527ec2df1050e2e8ff49c85c2",
            "timedOut": false,
            "duration": 1,
            "state": "passed",
            "speed": "fast",
            "pass": true,
            "fail": false,
            "pending": false,
            "code": "cov_2ajjpr0ijx.f[79]++;cov_2ajjpr0ijx.s[438]++;if(!xkey.publicKey){cov_2ajjpr0ijx.b[100][0]++;cov_2ajjpr0ijx.s[439]++;xkey=_objectSpread({},xkey,{publicKey:`02${test[1]}`});}else{cov_2ajjpr0ijx.b[100][1]++;}const resultedBase58Key=(cov_2ajjpr0ijx.s[440]++,toString(xkey,network));cov_2ajjpr0ijx.s[441]++;chai.assert.equal(resultedBase58Key,base58Key);",
            "err": {},
            "isRoot": false,
            "uuid": "4a2c1109-da5c-4b59-96e6-8df6f74b6ffc",
            "isHook": false,
            "skipped": false
          },
          {
            "title": "Extended key from string: xpub68Gmy5EdvgibQVfPdqkBBCHxA5htiqg55crXYuXoQRKfDBFA1WEjWgP6LHhwBZeNK1VTsfTFUHCdrfp1bgwQ9xv5ski8PX9rL2dZXvgGDnw",
            "fullTitle": "Testing Extended Key functions Extended key from string: xpub68Gmy5EdvgibQVfPdqkBBCHxA5htiqg55crXYuXoQRKfDBFA1WEjWgP6LHhwBZeNK1VTsfTFUHCdrfp1bgwQ9xv5ski8PX9rL2dZXvgGDnw",
            "timedOut": false,
            "duration": 1,
            "state": "passed",
            "speed": "fast",
            "pass": true,
            "fail": false,
            "pending": false,
            "code": "cov_2ajjpr0ijx.f[78]++;const resultedXkey=(cov_2ajjpr0ijx.s[435]++,fromString(base58Key,network));cov_2ajjpr0ijx.s[436]++;chai.assert.deepEqual(resultedXkey,xkey);",
            "err": {},
            "isRoot": false,
            "uuid": "72df4f79-407c-47c1-8fc9-9ac7a150665a",
            "isHook": false,
            "skipped": false
          },
          {
            "title": "Extended key to string: 035a784662a4a20a65bf6aab9ae98a6c068a81c52e4b032c0fb5400c706cfccc56",
            "fullTitle": "Testing Extended Key functions Extended key to string: 035a784662a4a20a65bf6aab9ae98a6c068a81c52e4b032c0fb5400c706cfccc56",
            "timedOut": false,
            "duration": 1,
            "state": "passed",
            "speed": "fast",
            "pass": true,
            "fail": false,
            "pending": false,
            "code": "cov_2ajjpr0ijx.f[79]++;cov_2ajjpr0ijx.s[438]++;if(!xkey.publicKey){cov_2ajjpr0ijx.b[100][0]++;cov_2ajjpr0ijx.s[439]++;xkey=_objectSpread({},xkey,{publicKey:`02${test[1]}`});}else{cov_2ajjpr0ijx.b[100][1]++;}const resultedBase58Key=(cov_2ajjpr0ijx.s[440]++,toString(xkey,network));cov_2ajjpr0ijx.s[441]++;chai.assert.equal(resultedBase58Key,base58Key);",
            "err": {},
            "isRoot": false,
            "uuid": "21e1b160-911b-4c7c-9439-128a089f6a47",
            "isHook": false,
            "skipped": false
          },
          {
            "title": "Extended key from string: xpub6ASuArnXKPbfEwhqN6e3mwBcDTgzisQN1wXN9BJcM47sSikHjJf3UFHKkNAWbWMiGj7Wf5uMash7SyYq527Hqck2AxYysAA7xmALppuCkwQ",
            "fullTitle": "Testing Extended Key functions Extended key from string: xpub6ASuArnXKPbfEwhqN6e3mwBcDTgzisQN1wXN9BJcM47sSikHjJf3UFHKkNAWbWMiGj7Wf5uMash7SyYq527Hqck2AxYysAA7xmALppuCkwQ",
            "timedOut": false,
            "duration": 1,
            "state": "passed",
            "speed": "fast",
            "pass": true,
            "fail": false,
            "pending": false,
            "code": "cov_2ajjpr0ijx.f[78]++;const resultedXkey=(cov_2ajjpr0ijx.s[435]++,fromString(base58Key,network));cov_2ajjpr0ijx.s[436]++;chai.assert.deepEqual(resultedXkey,xkey);",
            "err": {},
            "isRoot": false,
            "uuid": "b0bfc824-18a9-49d8-a23c-e666fdc92105",
            "isHook": false,
            "skipped": false
          },
          {
            "title": "Extended key to string: 03501e454bf00751f24b1b489aa925215d66af2234e3891c3b21a52bedb3cd711c",
            "fullTitle": "Testing Extended Key functions Extended key to string: 03501e454bf00751f24b1b489aa925215d66af2234e3891c3b21a52bedb3cd711c",
            "timedOut": false,
            "duration": 1,
            "state": "passed",
            "speed": "fast",
            "pass": true,
            "fail": false,
            "pending": false,
            "code": "cov_2ajjpr0ijx.f[79]++;cov_2ajjpr0ijx.s[438]++;if(!xkey.publicKey){cov_2ajjpr0ijx.b[100][0]++;cov_2ajjpr0ijx.s[439]++;xkey=_objectSpread({},xkey,{publicKey:`02${test[1]}`});}else{cov_2ajjpr0ijx.b[100][1]++;}const resultedBase58Key=(cov_2ajjpr0ijx.s[440]++,toString(xkey,network));cov_2ajjpr0ijx.s[441]++;chai.assert.equal(resultedBase58Key,base58Key);",
            "err": {},
            "isRoot": false,
            "uuid": "61f7dd5a-207a-428b-9f1a-042ebf0d7b4d",
            "isHook": false,
            "skipped": false
          },
          {
            "title": "Extended key from string: xpub6D4BDPcP2GT577Vvch3R8wDkScZWzQzMMUm3PWbmWvVJrZwQY4VUNgqFJPMM3No2dFDFGTsxxpG5uJh7n7epu4trkrX7x7DogT5Uv6fcLW5",
            "fullTitle": "Testing Extended Key functions Extended key from string: xpub6D4BDPcP2GT577Vvch3R8wDkScZWzQzMMUm3PWbmWvVJrZwQY4VUNgqFJPMM3No2dFDFGTsxxpG5uJh7n7epu4trkrX7x7DogT5Uv6fcLW5",
            "timedOut": false,
            "duration": 0,
            "state": "passed",
            "speed": "fast",
            "pass": true,
            "fail": false,
            "pending": false,
            "code": "cov_2ajjpr0ijx.f[78]++;const resultedXkey=(cov_2ajjpr0ijx.s[435]++,fromString(base58Key,network));cov_2ajjpr0ijx.s[436]++;chai.assert.deepEqual(resultedXkey,xkey);",
            "err": {},
            "isRoot": false,
            "uuid": "7b2fa5f0-f52f-46bc-ae82-6cfb37b56916",
            "isHook": false,
            "skipped": false
          },
          {
            "title": "Extended key to string: 0357bfe1e341d01c69fe5654309956cbea516822fba8a601743a012a7896ee8dc2",
            "fullTitle": "Testing Extended Key functions Extended key to string: 0357bfe1e341d01c69fe5654309956cbea516822fba8a601743a012a7896ee8dc2",
            "timedOut": false,
            "duration": 1,
            "state": "passed",
            "speed": "fast",
            "pass": true,
            "fail": false,
            "pending": false,
            "code": "cov_2ajjpr0ijx.f[79]++;cov_2ajjpr0ijx.s[438]++;if(!xkey.publicKey){cov_2ajjpr0ijx.b[100][0]++;cov_2ajjpr0ijx.s[439]++;xkey=_objectSpread({},xkey,{publicKey:`02${test[1]}`});}else{cov_2ajjpr0ijx.b[100][1]++;}const resultedBase58Key=(cov_2ajjpr0ijx.s[440]++,toString(xkey,network));cov_2ajjpr0ijx.s[441]++;chai.assert.equal(resultedBase58Key,base58Key);",
            "err": {},
            "isRoot": false,
            "uuid": "994ef8a5-562c-43ca-9e07-6784e35fb461",
            "isHook": false,
            "skipped": false
          },
          {
            "title": "Extended key from string: xpub6FHa3pjLCk84BayeJxFW2SP4XRrFd1JYnxeLeU8EqN3vDfZmbqBqaGJAyiLjTAwm6ZLRQUMv1ZACTj37sR62cfN7fe5JnJ7dh8zL4fiyLHV",
            "fullTitle": "Testing Extended Key functions Extended key from string: xpub6FHa3pjLCk84BayeJxFW2SP4XRrFd1JYnxeLeU8EqN3vDfZmbqBqaGJAyiLjTAwm6ZLRQUMv1ZACTj37sR62cfN7fe5JnJ7dh8zL4fiyLHV",
            "timedOut": false,
            "duration": 1,
            "state": "passed",
            "speed": "fast",
            "pass": true,
            "fail": false,
            "pending": false,
            "code": "cov_2ajjpr0ijx.f[78]++;const resultedXkey=(cov_2ajjpr0ijx.s[435]++,fromString(base58Key,network));cov_2ajjpr0ijx.s[436]++;chai.assert.deepEqual(resultedXkey,xkey);",
            "err": {},
            "isRoot": false,
            "uuid": "c67da086-e9f0-43b5-9088-96e376a3e2ce",
            "isHook": false,
            "skipped": false
          },
          {
            "title": "Extended key to string: 02e8445082a72f29b75ca48748a914df60622a609cacfce8ed0e35804560741d29",
            "fullTitle": "Testing Extended Key functions Extended key to string: 02e8445082a72f29b75ca48748a914df60622a609cacfce8ed0e35804560741d29",
            "timedOut": false,
            "duration": 1,
            "state": "passed",
            "speed": "fast",
            "pass": true,
            "fail": false,
            "pending": false,
            "code": "cov_2ajjpr0ijx.f[79]++;cov_2ajjpr0ijx.s[438]++;if(!xkey.publicKey){cov_2ajjpr0ijx.b[100][0]++;cov_2ajjpr0ijx.s[439]++;xkey=_objectSpread({},xkey,{publicKey:`02${test[1]}`});}else{cov_2ajjpr0ijx.b[100][1]++;}const resultedBase58Key=(cov_2ajjpr0ijx.s[440]++,toString(xkey,network));cov_2ajjpr0ijx.s[441]++;chai.assert.equal(resultedBase58Key,base58Key);",
            "err": {},
            "isRoot": false,
            "uuid": "2b73a9ae-7fdf-4f39-8394-b25faf6d129d",
            "isHook": false,
            "skipped": false
          },
          {
            "title": "Extended key from string: xpub6H1LXWLaKsWFhvm6RVpEL9P4KfRZSW7abD2ttkWP3SSQvnyA8FSVqNTEcYFgJS2UaFcxupHiYkro49S8yGasTvXEYBVPamhGW6cFJodrTHy",
            "fullTitle": "Testing Extended Key functions Extended key from string: xpub6H1LXWLaKsWFhvm6RVpEL9P4KfRZSW7abD2ttkWP3SSQvnyA8FSVqNTEcYFgJS2UaFcxupHiYkro49S8yGasTvXEYBVPamhGW6cFJodrTHy",
            "timedOut": false,
            "duration": 0,
            "state": "passed",
            "speed": "fast",
            "pass": true,
            "fail": false,
            "pending": false,
            "code": "cov_2ajjpr0ijx.f[78]++;const resultedXkey=(cov_2ajjpr0ijx.s[435]++,fromString(base58Key,network));cov_2ajjpr0ijx.s[436]++;chai.assert.deepEqual(resultedXkey,xkey);",
            "err": {},
            "isRoot": false,
            "uuid": "a3c595b7-c017-41b8-8e27-cfbf2399db17",
            "isHook": false,
            "skipped": false
          },
          {
            "title": "Extended key to string: 022a471424da5e657499d1ff51cb43c47481a03b1e77f951fe64cec9f5a48f7011",
            "fullTitle": "Testing Extended Key functions Extended key to string: 022a471424da5e657499d1ff51cb43c47481a03b1e77f951fe64cec9f5a48f7011",
            "timedOut": false,
            "duration": 1,
            "state": "passed",
            "speed": "fast",
            "pass": true,
            "fail": false,
            "pending": false,
            "code": "cov_2ajjpr0ijx.f[79]++;cov_2ajjpr0ijx.s[438]++;if(!xkey.publicKey){cov_2ajjpr0ijx.b[100][0]++;cov_2ajjpr0ijx.s[439]++;xkey=_objectSpread({},xkey,{publicKey:`02${test[1]}`});}else{cov_2ajjpr0ijx.b[100][1]++;}const resultedBase58Key=(cov_2ajjpr0ijx.s[440]++,toString(xkey,network));cov_2ajjpr0ijx.s[441]++;chai.assert.equal(resultedBase58Key,base58Key);",
            "err": {},
            "isRoot": false,
            "uuid": "c87ddb8a-ea30-469e-9939-c02ebacd4c04",
            "isHook": false,
            "skipped": false
          },
          {
            "title": "Extended key from string: xpub661MyMwAqRbcFW31YEwpkMuc5THy2PSt5bDMsktWQcFF8syAmRUapSCGu8ED9W6oDMSgv6Zz8idoc4a6mr8BDzTJY47LJhkJ8UB7WEGuduB",
            "fullTitle": "Testing Extended Key functions Extended key from string: xpub661MyMwAqRbcFW31YEwpkMuc5THy2PSt5bDMsktWQcFF8syAmRUapSCGu8ED9W6oDMSgv6Zz8idoc4a6mr8BDzTJY47LJhkJ8UB7WEGuduB",
            "timedOut": false,
            "duration": 0,
            "state": "passed",
            "speed": "fast",
            "pass": true,
            "fail": false,
            "pending": false,
            "code": "cov_2ajjpr0ijx.f[78]++;const resultedXkey=(cov_2ajjpr0ijx.s[435]++,fromString(base58Key,network));cov_2ajjpr0ijx.s[436]++;chai.assert.deepEqual(resultedXkey,xkey);",
            "err": {},
            "isRoot": false,
            "uuid": "01115533-24fc-483a-9a24-e0754338f89e",
            "isHook": false,
            "skipped": false
          },
          {
            "title": "Extended key to string: 03cbcaa9c98c877a26977d00825c956a238e8dddfbd322cce4f74b0b5bd6ace4a7",
            "fullTitle": "Testing Extended Key functions Extended key to string: 03cbcaa9c98c877a26977d00825c956a238e8dddfbd322cce4f74b0b5bd6ace4a7",
            "timedOut": false,
            "duration": 0,
            "state": "passed",
            "speed": "fast",
            "pass": true,
            "fail": false,
            "pending": false,
            "code": "cov_2ajjpr0ijx.f[79]++;cov_2ajjpr0ijx.s[438]++;if(!xkey.publicKey){cov_2ajjpr0ijx.b[100][0]++;cov_2ajjpr0ijx.s[439]++;xkey=_objectSpread({},xkey,{publicKey:`02${test[1]}`});}else{cov_2ajjpr0ijx.b[100][1]++;}const resultedBase58Key=(cov_2ajjpr0ijx.s[440]++,toString(xkey,network));cov_2ajjpr0ijx.s[441]++;chai.assert.equal(resultedBase58Key,base58Key);",
            "err": {},
            "isRoot": false,
            "uuid": "44c88e33-41bd-4269-85a8-1c8ecc3fb78d",
            "isHook": false,
            "skipped": false
          },
          {
            "title": "Extended key from string: xpub69H7F5d8KSRgmmdJg2KhpAK8SR3DjMwAdkxj3ZuxV27CprR9LgpeyGmXUbC6wb7ERfvrnKZjXoUmmDznezpbZb7ap6r1D3tgFxHmwMkQTPH",
            "fullTitle": "Testing Extended Key functions Extended key from string: xpub69H7F5d8KSRgmmdJg2KhpAK8SR3DjMwAdkxj3ZuxV27CprR9LgpeyGmXUbC6wb7ERfvrnKZjXoUmmDznezpbZb7ap6r1D3tgFxHmwMkQTPH",
            "timedOut": false,
            "duration": 1,
            "state": "passed",
            "speed": "fast",
            "pass": true,
            "fail": false,
            "pending": false,
            "code": "cov_2ajjpr0ijx.f[78]++;const resultedXkey=(cov_2ajjpr0ijx.s[435]++,fromString(base58Key,network));cov_2ajjpr0ijx.s[436]++;chai.assert.deepEqual(resultedXkey,xkey);",
            "err": {},
            "isRoot": false,
            "uuid": "d4a75658-188b-40a1-a38b-cf6a32f44295",
            "isHook": false,
            "skipped": false
          },
          {
            "title": "Extended key to string: 02fc9e5af0ac8d9b3cecfe2a888e2117ba3d089d8585886c9c826b6b22a98d12ea",
            "fullTitle": "Testing Extended Key functions Extended key to string: 02fc9e5af0ac8d9b3cecfe2a888e2117ba3d089d8585886c9c826b6b22a98d12ea",
            "timedOut": false,
            "duration": 0,
            "state": "passed",
            "speed": "fast",
            "pass": true,
            "fail": false,
            "pending": false,
            "code": "cov_2ajjpr0ijx.f[79]++;cov_2ajjpr0ijx.s[438]++;if(!xkey.publicKey){cov_2ajjpr0ijx.b[100][0]++;cov_2ajjpr0ijx.s[439]++;xkey=_objectSpread({},xkey,{publicKey:`02${test[1]}`});}else{cov_2ajjpr0ijx.b[100][1]++;}const resultedBase58Key=(cov_2ajjpr0ijx.s[440]++,toString(xkey,network));cov_2ajjpr0ijx.s[441]++;chai.assert.equal(resultedBase58Key,base58Key);",
            "err": {},
            "isRoot": false,
            "uuid": "1f7be20c-aa1d-48ff-8b00-8ef6cf354fc4",
            "isHook": false,
            "skipped": false
          },
          {
            "title": "Extended key from string: xpub6ASAVgeehLbnwdqV6UKMHVzgqAG8Gr6riv3Fxxpj8ksbH9ebxaEyBLZ85ySDhKiLDBrQSARLq1uNRts8RuJiHjaDMBU4Zn9h8LZNnBC5y4a",
            "fullTitle": "Testing Extended Key functions Extended key from string: xpub6ASAVgeehLbnwdqV6UKMHVzgqAG8Gr6riv3Fxxpj8ksbH9ebxaEyBLZ85ySDhKiLDBrQSARLq1uNRts8RuJiHjaDMBU4Zn9h8LZNnBC5y4a",
            "timedOut": false,
            "duration": 0,
            "state": "passed",
            "speed": "fast",
            "pass": true,
            "fail": false,
            "pending": false,
            "code": "cov_2ajjpr0ijx.f[78]++;const resultedXkey=(cov_2ajjpr0ijx.s[435]++,fromString(base58Key,network));cov_2ajjpr0ijx.s[436]++;chai.assert.deepEqual(resultedXkey,xkey);",
            "err": {},
            "isRoot": false,
            "uuid": "0b5dbe14-da0e-4ed7-bfa3-c995430505ff",
            "isHook": false,
            "skipped": false
          },
          {
            "title": "Extended key to string: 03c01e7425647bdefa82b12d9bad5e3e6865bee0502694b94ca58b666abc0a5c3b",
            "fullTitle": "Testing Extended Key functions Extended key to string: 03c01e7425647bdefa82b12d9bad5e3e6865bee0502694b94ca58b666abc0a5c3b",
            "timedOut": false,
            "duration": 0,
            "state": "passed",
            "speed": "fast",
            "pass": true,
            "fail": false,
            "pending": false,
            "code": "cov_2ajjpr0ijx.f[79]++;cov_2ajjpr0ijx.s[438]++;if(!xkey.publicKey){cov_2ajjpr0ijx.b[100][0]++;cov_2ajjpr0ijx.s[439]++;xkey=_objectSpread({},xkey,{publicKey:`02${test[1]}`});}else{cov_2ajjpr0ijx.b[100][1]++;}const resultedBase58Key=(cov_2ajjpr0ijx.s[440]++,toString(xkey,network));cov_2ajjpr0ijx.s[441]++;chai.assert.equal(resultedBase58Key,base58Key);",
            "err": {},
            "isRoot": false,
            "uuid": "60b43ed3-6806-4caf-8902-8bb5b5935c88",
            "isHook": false,
            "skipped": false
          },
          {
            "title": "Extended key from string: xpub6DF8uhdarytz3FWdA8TvFSvvAh8dP3283MY7p2V4SeE2wyWmG5mg5EwVvmdMVCQcoNJxGoWaU9DCWh89LojfZ537wTfunKau47EL2dhHKon",
            "fullTitle": "Testing Extended Key functions Extended key from string: xpub6DF8uhdarytz3FWdA8TvFSvvAh8dP3283MY7p2V4SeE2wyWmG5mg5EwVvmdMVCQcoNJxGoWaU9DCWh89LojfZ537wTfunKau47EL2dhHKon",
            "timedOut": false,
            "duration": 0,
            "state": "passed",
            "speed": "fast",
            "pass": true,
            "fail": false,
            "pending": false,
            "code": "cov_2ajjpr0ijx.f[78]++;const resultedXkey=(cov_2ajjpr0ijx.s[435]++,fromString(base58Key,network));cov_2ajjpr0ijx.s[436]++;chai.assert.deepEqual(resultedXkey,xkey);",
            "err": {},
            "isRoot": false,
            "uuid": "1c3705e0-460a-4487-9156-0ce6f37b7097",
            "isHook": false,
            "skipped": false
          },
          {
            "title": "Extended key to string: 03a7d1d856deb74c508e05031f9895dab54626251b3806e16b4bd12e781a7df5b9",
            "fullTitle": "Testing Extended Key functions Extended key to string: 03a7d1d856deb74c508e05031f9895dab54626251b3806e16b4bd12e781a7df5b9",
            "timedOut": false,
            "duration": 0,
            "state": "passed",
            "speed": "fast",
            "pass": true,
            "fail": false,
            "pending": false,
            "code": "cov_2ajjpr0ijx.f[79]++;cov_2ajjpr0ijx.s[438]++;if(!xkey.publicKey){cov_2ajjpr0ijx.b[100][0]++;cov_2ajjpr0ijx.s[439]++;xkey=_objectSpread({},xkey,{publicKey:`02${test[1]}`});}else{cov_2ajjpr0ijx.b[100][1]++;}const resultedBase58Key=(cov_2ajjpr0ijx.s[440]++,toString(xkey,network));cov_2ajjpr0ijx.s[441]++;chai.assert.equal(resultedBase58Key,base58Key);",
            "err": {},
            "isRoot": false,
            "uuid": "dd68eb7a-47ea-4027-a18a-a238002802ba",
            "isHook": false,
            "skipped": false
          },
          {
            "title": "Extended key from string: xpub6ERApfZwUNrhLCkDtcHTcxd75RbzS1ed54G1LkBUHQVHQKqhMkhgbmJbZRkrgZw4koxb5JaHWkY4ALHY2grBGRjaDMzQLcgJvLJuZZvRcEL",
            "fullTitle": "Testing Extended Key functions Extended key from string: xpub6ERApfZwUNrhLCkDtcHTcxd75RbzS1ed54G1LkBUHQVHQKqhMkhgbmJbZRkrgZw4koxb5JaHWkY4ALHY2grBGRjaDMzQLcgJvLJuZZvRcEL",
            "timedOut": false,
            "duration": 1,
            "state": "passed",
            "speed": "fast",
            "pass": true,
            "fail": false,
            "pending": false,
            "code": "cov_2ajjpr0ijx.f[78]++;const resultedXkey=(cov_2ajjpr0ijx.s[435]++,fromString(base58Key,network));cov_2ajjpr0ijx.s[436]++;chai.assert.deepEqual(resultedXkey,xkey);",
            "err": {},
            "isRoot": false,
            "uuid": "1e3ca332-9653-463c-96a2-5dcf8771ddbe",
            "isHook": false,
            "skipped": false
          },
          {
            "title": "Extended key to string: 02d2b36900396c9282fa14628566582f206a5dd0bcc8d5e892611806cafb0301f0",
            "fullTitle": "Testing Extended Key functions Extended key to string: 02d2b36900396c9282fa14628566582f206a5dd0bcc8d5e892611806cafb0301f0",
            "timedOut": false,
            "duration": 0,
            "state": "passed",
            "speed": "fast",
            "pass": true,
            "fail": false,
            "pending": false,
            "code": "cov_2ajjpr0ijx.f[79]++;cov_2ajjpr0ijx.s[438]++;if(!xkey.publicKey){cov_2ajjpr0ijx.b[100][0]++;cov_2ajjpr0ijx.s[439]++;xkey=_objectSpread({},xkey,{publicKey:`02${test[1]}`});}else{cov_2ajjpr0ijx.b[100][1]++;}const resultedBase58Key=(cov_2ajjpr0ijx.s[440]++,toString(xkey,network));cov_2ajjpr0ijx.s[441]++;chai.assert.equal(resultedBase58Key,base58Key);",
            "err": {},
            "isRoot": false,
            "uuid": "9a1e5db5-839b-4059-ad90-47008e973ec0",
            "isHook": false,
            "skipped": false
          },
          {
            "title": "Extended key from string: xpub6FnCn6nSzZAw5Tw7cgR9bi15UV96gLZhjDstkXXxvCLsUXBGXPdSnLFbdpq8p9HmGsApME5hQTZ3emM2rnY5agb9rXpVGyy3bdW6EEgAtqt",
            "fullTitle": "Testing Extended Key functions Extended key from string: xpub6FnCn6nSzZAw5Tw7cgR9bi15UV96gLZhjDstkXXxvCLsUXBGXPdSnLFbdpq8p9HmGsApME5hQTZ3emM2rnY5agb9rXpVGyy3bdW6EEgAtqt",
            "timedOut": false,
            "duration": 0,
            "state": "passed",
            "speed": "fast",
            "pass": true,
            "fail": false,
            "pending": false,
            "code": "cov_2ajjpr0ijx.f[78]++;const resultedXkey=(cov_2ajjpr0ijx.s[435]++,fromString(base58Key,network));cov_2ajjpr0ijx.s[436]++;chai.assert.deepEqual(resultedXkey,xkey);",
            "err": {},
            "isRoot": false,
            "uuid": "f670a657-4220-4ff8-8eda-b801ca8106f6",
            "isHook": false,
            "skipped": false
          },
          {
            "title": "Extended key to string: 024d902e1a2fc7a8755ab5b694c575fce742c48d9ff192e63df5193e4c7afe1f9c",
            "fullTitle": "Testing Extended Key functions Extended key to string: 024d902e1a2fc7a8755ab5b694c575fce742c48d9ff192e63df5193e4c7afe1f9c",
            "timedOut": false,
            "duration": 0,
            "state": "passed",
            "speed": "fast",
            "pass": true,
            "fail": false,
            "pending": false,
            "code": "cov_2ajjpr0ijx.f[79]++;cov_2ajjpr0ijx.s[438]++;if(!xkey.publicKey){cov_2ajjpr0ijx.b[100][0]++;cov_2ajjpr0ijx.s[439]++;xkey=_objectSpread({},xkey,{publicKey:`02${test[1]}`});}else{cov_2ajjpr0ijx.b[100][1]++;}const resultedBase58Key=(cov_2ajjpr0ijx.s[440]++,toString(xkey,network));cov_2ajjpr0ijx.s[441]++;chai.assert.equal(resultedBase58Key,base58Key);",
            "err": {},
            "isRoot": false,
            "uuid": "345fbc05-c583-410b-a9ce-481eaeeec198",
            "isHook": false,
            "skipped": false
          },
          {
            "title": "Extended key from string: xpub661MyMwAqRbcFa4vkmBVnqhGEgWhewDgAv3xmFRny74D3sGHz6KTTbcskg2vZEMbEwxc4oaR435oczhSu4GdNwhwiVewcewU8A1Rr6HehAU",
            "fullTitle": "Testing Extended Key functions Extended key from string: xpub661MyMwAqRbcFa4vkmBVnqhGEgWhewDgAv3xmFRny74D3sGHz6KTTbcskg2vZEMbEwxc4oaR435oczhSu4GdNwhwiVewcewU8A1Rr6HehAU",
            "timedOut": false,
            "duration": 0,
            "state": "passed",
            "speed": "fast",
            "pass": true,
            "fail": false,
            "pending": false,
            "code": "cov_2ajjpr0ijx.f[78]++;const resultedXkey=(cov_2ajjpr0ijx.s[435]++,fromString(base58Key,network));cov_2ajjpr0ijx.s[436]++;chai.assert.deepEqual(resultedXkey,xkey);",
            "err": {},
            "isRoot": false,
            "uuid": "87bb8b31-6b9c-4391-9017-949afe6fee19",
            "isHook": false,
            "skipped": false
          },
          {
            "title": "Extended key to string: 02fce1b65c7470270fb89e5aa1dda253406b3370b948eae8a2a3539c4f25894283",
            "fullTitle": "Testing Extended Key functions Extended key to string: 02fce1b65c7470270fb89e5aa1dda253406b3370b948eae8a2a3539c4f25894283",
            "timedOut": false,
            "duration": 0,
            "state": "passed",
            "speed": "fast",
            "pass": true,
            "fail": false,
            "pending": false,
            "code": "cov_2ajjpr0ijx.f[79]++;cov_2ajjpr0ijx.s[438]++;if(!xkey.publicKey){cov_2ajjpr0ijx.b[100][0]++;cov_2ajjpr0ijx.s[439]++;xkey=_objectSpread({},xkey,{publicKey:`02${test[1]}`});}else{cov_2ajjpr0ijx.b[100][1]++;}const resultedBase58Key=(cov_2ajjpr0ijx.s[440]++,toString(xkey,network));cov_2ajjpr0ijx.s[441]++;chai.assert.equal(resultedBase58Key,base58Key);",
            "err": {},
            "isRoot": false,
            "uuid": "982cbbae-0b55-49d4-997b-c10ef9f7bc37",
            "isHook": false,
            "skipped": false
          },
          {
            "title": "Extended key from string: xpub693MU1BonjMa6Xxar2HQ9r3tRw3AA8yo7BBdvuSZF1D1eet32bVxGr9LYViWMtaLfQaa2StXeUmDG5VELFkU9pc3yfTzCk61WQJdR6ezj7a",
            "fullTitle": "Testing Extended Key functions Extended key from string: xpub693MU1BonjMa6Xxar2HQ9r3tRw3AA8yo7BBdvuSZF1D1eet32bVxGr9LYViWMtaLfQaa2StXeUmDG5VELFkU9pc3yfTzCk61WQJdR6ezj7a",
            "timedOut": false,
            "duration": 0,
            "state": "passed",
            "speed": "fast",
            "pass": true,
            "fail": false,
            "pending": false,
            "code": "cov_2ajjpr0ijx.f[78]++;const resultedXkey=(cov_2ajjpr0ijx.s[435]++,fromString(base58Key,network));cov_2ajjpr0ijx.s[436]++;chai.assert.deepEqual(resultedXkey,xkey);",
            "err": {},
            "isRoot": false,
            "uuid": "05818e28-bbea-44a8-b5c8-f1d49a17e6ff",
            "isHook": false,
            "skipped": false
          },
          {
            "title": "Extended key to string: 0324670e21612d0035d74563b25934ebfe0b1b1ea77ea18719029541aba107228a",
            "fullTitle": "Testing Extended Key functions Extended key to string: 0324670e21612d0035d74563b25934ebfe0b1b1ea77ea18719029541aba107228a",
            "timedOut": false,
            "duration": 0,
            "state": "passed",
            "speed": "fast",
            "pass": true,
            "fail": false,
            "pending": false,
            "code": "cov_2ajjpr0ijx.f[79]++;cov_2ajjpr0ijx.s[438]++;if(!xkey.publicKey){cov_2ajjpr0ijx.b[100][0]++;cov_2ajjpr0ijx.s[439]++;xkey=_objectSpread({},xkey,{publicKey:`02${test[1]}`});}else{cov_2ajjpr0ijx.b[100][1]++;}const resultedBase58Key=(cov_2ajjpr0ijx.s[440]++,toString(xkey,network));cov_2ajjpr0ijx.s[441]++;chai.assert.equal(resultedBase58Key,base58Key);",
            "err": {},
            "isRoot": false,
            "uuid": "1fdbe188-8ac8-41c1-abbe-30201481de71",
            "isHook": false,
            "skipped": false
          },
          {
            "title": "Extended key from string: xpub693MU1BonjMa8MMoz9opJhrFejcXcGmhMP9gzySLsip4Dz1UrSLT4i2pAimHDyM2onW2H2L2HkbwrZqoizQLMoErXu8mPYxDf8tJUBAfBuT",
            "fullTitle": "Testing Extended Key functions Extended key from string: xpub693MU1BonjMa8MMoz9opJhrFejcXcGmhMP9gzySLsip4Dz1UrSLT4i2pAimHDyM2onW2H2L2HkbwrZqoizQLMoErXu8mPYxDf8tJUBAfBuT",
            "timedOut": false,
            "duration": 0,
            "state": "passed",
            "speed": "fast",
            "pass": true,
            "fail": false,
            "pending": false,
            "code": "cov_2ajjpr0ijx.f[78]++;const resultedXkey=(cov_2ajjpr0ijx.s[435]++,fromString(base58Key,network));cov_2ajjpr0ijx.s[436]++;chai.assert.deepEqual(resultedXkey,xkey);",
            "err": {},
            "isRoot": false,
            "uuid": "41707d7b-3b3a-417c-9dd0-1f13d87fa824",
            "isHook": false,
            "skipped": false
          },
          {
            "title": "Extended key to string: 02e7eddf4cfa267c3b33a7e9387f28c55b6e806a79824c797b0f5acdfcdccc73e8",
            "fullTitle": "Testing Extended Key functions Extended key to string: 02e7eddf4cfa267c3b33a7e9387f28c55b6e806a79824c797b0f5acdfcdccc73e8",
            "timedOut": false,
            "duration": 0,
            "state": "passed",
            "speed": "fast",
            "pass": true,
            "fail": false,
            "pending": false,
            "code": "cov_2ajjpr0ijx.f[79]++;cov_2ajjpr0ijx.s[438]++;if(!xkey.publicKey){cov_2ajjpr0ijx.b[100][0]++;cov_2ajjpr0ijx.s[439]++;xkey=_objectSpread({},xkey,{publicKey:`02${test[1]}`});}else{cov_2ajjpr0ijx.b[100][1]++;}const resultedBase58Key=(cov_2ajjpr0ijx.s[440]++,toString(xkey,network));cov_2ajjpr0ijx.s[441]++;chai.assert.equal(resultedBase58Key,base58Key);",
            "err": {},
            "isRoot": false,
            "uuid": "43a2d82a-03a8-4648-b3bb-7a3ddf400722",
            "isHook": false,
            "skipped": false
          },
          {
            "title": "Extended key from string: xpub693MU1BonjMa8MMoz9opJhrFejcXcGmhMP9gzySLsip4Dz1UrSLT4i2pAimHDyM2onW2H2L2HkbwrZqoizQLMoErXu8mPYxDf8tJUBAfBuT",
            "fullTitle": "Testing Extended Key functions Extended key from string: xpub693MU1BonjMa8MMoz9opJhrFejcXcGmhMP9gzySLsip4Dz1UrSLT4i2pAimHDyM2onW2H2L2HkbwrZqoizQLMoErXu8mPYxDf8tJUBAfBuT",
            "timedOut": false,
            "duration": 1,
            "state": "passed",
            "speed": "fast",
            "pass": true,
            "fail": false,
            "pending": false,
            "code": "cov_2ajjpr0ijx.f[78]++;const resultedXkey=(cov_2ajjpr0ijx.s[435]++,fromString(base58Key,network));cov_2ajjpr0ijx.s[436]++;chai.assert.deepEqual(resultedXkey,xkey);",
            "err": {},
            "isRoot": false,
            "uuid": "eb95bc3b-558a-459f-9fa6-d051a63baec1",
            "isHook": false,
            "skipped": false
          },
          {
            "title": "Extended key to string: 02e7eddf4cfa267c3b33a7e9387f28c55b6e806a79824c797b0f5acdfcdccc73e8",
            "fullTitle": "Testing Extended Key functions Extended key to string: 02e7eddf4cfa267c3b33a7e9387f28c55b6e806a79824c797b0f5acdfcdccc73e8",
            "timedOut": false,
            "duration": 0,
            "state": "passed",
            "speed": "fast",
            "pass": true,
            "fail": false,
            "pending": false,
            "code": "cov_2ajjpr0ijx.f[79]++;cov_2ajjpr0ijx.s[438]++;if(!xkey.publicKey){cov_2ajjpr0ijx.b[100][0]++;cov_2ajjpr0ijx.s[439]++;xkey=_objectSpread({},xkey,{publicKey:`02${test[1]}`});}else{cov_2ajjpr0ijx.b[100][1]++;}const resultedBase58Key=(cov_2ajjpr0ijx.s[440]++,toString(xkey,network));cov_2ajjpr0ijx.s[441]++;chai.assert.equal(resultedBase58Key,base58Key);",
            "err": {},
            "isRoot": false,
            "uuid": "a281ba69-9def-4b24-9fba-b7a52a56577a",
            "isHook": false,
            "skipped": false
          },
          {
            "title": "Extended key from string: xpub693MU1BonjMaBynxewXEjDs4n2W9TFUheJ7FriPpa3zdQvQDwbvT9uGsEebvioAcYbtRUU7ge4yVgj8WDLrwtwuXKTWiieFoYX2B1JYUEfK",
            "fullTitle": "Testing Extended Key functions Extended key from string: xpub693MU1BonjMaBynxewXEjDs4n2W9TFUheJ7FriPpa3zdQvQDwbvT9uGsEebvioAcYbtRUU7ge4yVgj8WDLrwtwuXKTWiieFoYX2B1JYUEfK",
            "timedOut": false,
            "duration": 0,
            "state": "passed",
            "speed": "fast",
            "pass": true,
            "fail": false,
            "pending": false,
            "code": "cov_2ajjpr0ijx.f[78]++;const resultedXkey=(cov_2ajjpr0ijx.s[435]++,fromString(base58Key,network));cov_2ajjpr0ijx.s[436]++;chai.assert.deepEqual(resultedXkey,xkey);",
            "err": {},
            "isRoot": false,
            "uuid": "881b6177-dc79-4cd0-8906-4662be130aeb",
            "isHook": false,
            "skipped": false
          },
          {
            "title": "Extended key to string: 031cd583c3ffb87477c539012859195f821e33b16435e8f3da0b40247056158618",
            "fullTitle": "Testing Extended Key functions Extended key to string: 031cd583c3ffb87477c539012859195f821e33b16435e8f3da0b40247056158618",
            "timedOut": false,
            "duration": 0,
            "state": "passed",
            "speed": "fast",
            "pass": true,
            "fail": false,
            "pending": false,
            "code": "cov_2ajjpr0ijx.f[79]++;cov_2ajjpr0ijx.s[438]++;if(!xkey.publicKey){cov_2ajjpr0ijx.b[100][0]++;cov_2ajjpr0ijx.s[439]++;xkey=_objectSpread({},xkey,{publicKey:`02${test[1]}`});}else{cov_2ajjpr0ijx.b[100][1]++;}const resultedBase58Key=(cov_2ajjpr0ijx.s[440]++,toString(xkey,network));cov_2ajjpr0ijx.s[441]++;chai.assert.equal(resultedBase58Key,base58Key);",
            "err": {},
            "isRoot": false,
            "uuid": "6487c7d5-a1fb-4401-bdb6-e6f2c7f6144f",
            "isHook": false,
            "skipped": false
          },
          {
            "title": "Extended key from string: xpub6BZfReuexUYBTRwxFZyshBgF6SvpJ2GPQqFEXZ1ZrCUJrkcJ648DUdeRjx9QiNQxQvPcHYV3rGkvuExFQbVRS4kU5ynx4fAsWWhHgyPh1pP",
            "fullTitle": "Testing Extended Key functions Extended key from string: xpub6BZfReuexUYBTRwxFZyshBgF6SvpJ2GPQqFEXZ1ZrCUJrkcJ648DUdeRjx9QiNQxQvPcHYV3rGkvuExFQbVRS4kU5ynx4fAsWWhHgyPh1pP",
            "timedOut": false,
            "duration": 0,
            "state": "passed",
            "speed": "fast",
            "pass": true,
            "fail": false,
            "pending": false,
            "code": "cov_2ajjpr0ijx.f[78]++;const resultedXkey=(cov_2ajjpr0ijx.s[435]++,fromString(base58Key,network));cov_2ajjpr0ijx.s[436]++;chai.assert.deepEqual(resultedXkey,xkey);",
            "err": {},
            "isRoot": false,
            "uuid": "109a944a-a634-485c-b0f0-2a08f7553aa6",
            "isHook": false,
            "skipped": false
          },
          {
            "title": "Extended key to string: 03268cd9af10d8b9d36f9c5da10038286174afc654c06f6aacfeea306b0c7a7637",
            "fullTitle": "Testing Extended Key functions Extended key to string: 03268cd9af10d8b9d36f9c5da10038286174afc654c06f6aacfeea306b0c7a7637",
            "timedOut": false,
            "duration": 0,
            "state": "passed",
            "speed": "fast",
            "pass": true,
            "fail": false,
            "pending": false,
            "code": "cov_2ajjpr0ijx.f[79]++;cov_2ajjpr0ijx.s[438]++;if(!xkey.publicKey){cov_2ajjpr0ijx.b[100][0]++;cov_2ajjpr0ijx.s[439]++;xkey=_objectSpread({},xkey,{publicKey:`02${test[1]}`});}else{cov_2ajjpr0ijx.b[100][1]++;}const resultedBase58Key=(cov_2ajjpr0ijx.s[440]++,toString(xkey,network));cov_2ajjpr0ijx.s[441]++;chai.assert.equal(resultedBase58Key,base58Key);",
            "err": {},
            "isRoot": false,
            "uuid": "156ff17b-075b-48be-82a9-43ba0ac93bfd",
            "isHook": false,
            "skipped": false
          },
          {
            "title": "Extended key from string: xpub6BZfReuexUYBVSENKiuKqKgf9KrMZh4rNoUZ4nqhemJeybd6Webqiu4zndBwa9UB4Jvr5jB5Bcgng6reXAKCuDiVm7zhzJ13BUDBiM8HidZ",
            "fullTitle": "Testing Extended Key functions Extended key from string: xpub6BZfReuexUYBVSENKiuKqKgf9KrMZh4rNoUZ4nqhemJeybd6Webqiu4zndBwa9UB4Jvr5jB5Bcgng6reXAKCuDiVm7zhzJ13BUDBiM8HidZ",
            "timedOut": false,
            "duration": 0,
            "state": "passed",
            "speed": "fast",
            "pass": true,
            "fail": false,
            "pending": false,
            "code": "cov_2ajjpr0ijx.f[78]++;const resultedXkey=(cov_2ajjpr0ijx.s[435]++,fromString(base58Key,network));cov_2ajjpr0ijx.s[436]++;chai.assert.deepEqual(resultedXkey,xkey);",
            "err": {},
            "isRoot": false,
            "uuid": "5fc07759-20cc-4ecc-8a98-201ef0d569aa",
            "isHook": false,
            "skipped": false
          },
          {
            "title": "Extended key to string: 03641a1997a3538dd18036b941600b96e0c6229182c7089119894823324a5fff0c",
            "fullTitle": "Testing Extended Key functions Extended key to string: 03641a1997a3538dd18036b941600b96e0c6229182c7089119894823324a5fff0c",
            "timedOut": false,
            "duration": 0,
            "state": "passed",
            "speed": "fast",
            "pass": true,
            "fail": false,
            "pending": false,
            "code": "cov_2ajjpr0ijx.f[79]++;cov_2ajjpr0ijx.s[438]++;if(!xkey.publicKey){cov_2ajjpr0ijx.b[100][0]++;cov_2ajjpr0ijx.s[439]++;xkey=_objectSpread({},xkey,{publicKey:`02${test[1]}`});}else{cov_2ajjpr0ijx.b[100][1]++;}const resultedBase58Key=(cov_2ajjpr0ijx.s[440]++,toString(xkey,network));cov_2ajjpr0ijx.s[441]++;chai.assert.equal(resultedBase58Key,base58Key);",
            "err": {},
            "isRoot": false,
            "uuid": "5ce9ba2d-eda6-4858-ac19-04fa1f9e37f5",
            "isHook": false,
            "skipped": false
          },
          {
            "title": "Extended key from string: xprv9s21ZrQH143K3QTDL4LXw2F7HEK3wJUD2nW2nRk4stbPy6cq3jPPqjiChkVvvNKmPGJxWUtg6LnF5kejMRNNU3TGtRBeJgk33yuGBxrMPHi",
            "fullTitle": "Testing Extended Key functions Extended key from string: xprv9s21ZrQH143K3QTDL4LXw2F7HEK3wJUD2nW2nRk4stbPy6cq3jPPqjiChkVvvNKmPGJxWUtg6LnF5kejMRNNU3TGtRBeJgk33yuGBxrMPHi",
            "timedOut": false,
            "duration": 0,
            "state": "passed",
            "speed": "fast",
            "pass": true,
            "fail": false,
            "pending": false,
            "code": "cov_2ajjpr0ijx.f[78]++;const resultedXkey=(cov_2ajjpr0ijx.s[435]++,fromString(base58Key,network));cov_2ajjpr0ijx.s[436]++;chai.assert.deepEqual(resultedXkey,xkey);",
            "err": {},
            "isRoot": false,
            "uuid": "72ea6853-29b1-4644-81f0-c13319f70301",
            "isHook": false,
            "skipped": false
          },
          {
            "title": "Extended key to string: e8f32e723decf4051aefac8e2c93c9c5b214313817cdb01a1494b917c8436b35",
            "fullTitle": "Testing Extended Key functions Extended key to string: e8f32e723decf4051aefac8e2c93c9c5b214313817cdb01a1494b917c8436b35",
            "timedOut": false,
            "duration": 0,
            "state": "passed",
            "speed": "fast",
            "pass": true,
            "fail": false,
            "pending": false,
            "code": "cov_2ajjpr0ijx.f[79]++;cov_2ajjpr0ijx.s[438]++;if(!xkey.publicKey){cov_2ajjpr0ijx.b[100][0]++;cov_2ajjpr0ijx.s[439]++;xkey=_objectSpread({},xkey,{publicKey:`02${test[1]}`});}else{cov_2ajjpr0ijx.b[100][1]++;}const resultedBase58Key=(cov_2ajjpr0ijx.s[440]++,toString(xkey,network));cov_2ajjpr0ijx.s[441]++;chai.assert.equal(resultedBase58Key,base58Key);",
            "err": {},
            "isRoot": false,
            "uuid": "88770a2a-b190-40bf-a9ae-d6aa4520a103",
            "isHook": false,
            "skipped": false
          },
          {
            "title": "Extended key from string: xprv9uHRZZhk6KAJC1avXpDAp4MDc3sQKNxDiPvvkX8Br5ngLNv1TxvUxt4cV1rGL5hj6KCesnDYUhd7oWgT11eZG7XnxHrnYeSvkzY7d2bhkJ7",
            "fullTitle": "Testing Extended Key functions Extended key from string: xprv9uHRZZhk6KAJC1avXpDAp4MDc3sQKNxDiPvvkX8Br5ngLNv1TxvUxt4cV1rGL5hj6KCesnDYUhd7oWgT11eZG7XnxHrnYeSvkzY7d2bhkJ7",
            "timedOut": false,
            "duration": 0,
            "state": "passed",
            "speed": "fast",
            "pass": true,
            "fail": false,
            "pending": false,
            "code": "cov_2ajjpr0ijx.f[78]++;const resultedXkey=(cov_2ajjpr0ijx.s[435]++,fromString(base58Key,network));cov_2ajjpr0ijx.s[436]++;chai.assert.deepEqual(resultedXkey,xkey);",
            "err": {},
            "isRoot": false,
            "uuid": "1a687956-19d8-45f4-ac85-24eb61946001",
            "isHook": false,
            "skipped": false
          },
          {
            "title": "Extended key to string: edb2e14f9ee77d26dd93b4ecede8d16ed408ce149b6cd80b0715a2d911a0afea",
            "fullTitle": "Testing Extended Key functions Extended key to string: edb2e14f9ee77d26dd93b4ecede8d16ed408ce149b6cd80b0715a2d911a0afea",
            "timedOut": false,
            "duration": 0,
            "state": "passed",
            "speed": "fast",
            "pass": true,
            "fail": false,
            "pending": false,
            "code": "cov_2ajjpr0ijx.f[79]++;cov_2ajjpr0ijx.s[438]++;if(!xkey.publicKey){cov_2ajjpr0ijx.b[100][0]++;cov_2ajjpr0ijx.s[439]++;xkey=_objectSpread({},xkey,{publicKey:`02${test[1]}`});}else{cov_2ajjpr0ijx.b[100][1]++;}const resultedBase58Key=(cov_2ajjpr0ijx.s[440]++,toString(xkey,network));cov_2ajjpr0ijx.s[441]++;chai.assert.equal(resultedBase58Key,base58Key);",
            "err": {},
            "isRoot": false,
            "uuid": "6723c73e-e452-4020-be0d-eafc1967f388",
            "isHook": false,
            "skipped": false
          },
          {
            "title": "Extended key from string: xprv9wTYmMFdV23N2TdNG573QoEsfRrWKQgWeibmLntzniatZvR9BmLnvSxqu53Kw1UmYPxLgboyZQaXwTCg8MSY3H2EU4pWcQDnRnrVA1xe8fs",
            "fullTitle": "Testing Extended Key functions Extended key from string: xprv9wTYmMFdV23N2TdNG573QoEsfRrWKQgWeibmLntzniatZvR9BmLnvSxqu53Kw1UmYPxLgboyZQaXwTCg8MSY3H2EU4pWcQDnRnrVA1xe8fs",
            "timedOut": false,
            "duration": 0,
            "state": "passed",
            "speed": "fast",
            "pass": true,
            "fail": false,
            "pending": false,
            "code": "cov_2ajjpr0ijx.f[78]++;const resultedXkey=(cov_2ajjpr0ijx.s[435]++,fromString(base58Key,network));cov_2ajjpr0ijx.s[436]++;chai.assert.deepEqual(resultedXkey,xkey);",
            "err": {},
            "isRoot": false,
            "uuid": "611e44f7-8e7a-476a-831a-4938bb5d377d",
            "isHook": false,
            "skipped": false
          },
          {
            "title": "Extended key to string: 3c6cb8d0f6a264c91ea8b5030fadaa8e538b020f0a387421a12de9319dc93368",
            "fullTitle": "Testing Extended Key functions Extended key to string: 3c6cb8d0f6a264c91ea8b5030fadaa8e538b020f0a387421a12de9319dc93368",
            "timedOut": false,
            "duration": 0,
            "state": "passed",
            "speed": "fast",
            "pass": true,
            "fail": false,
            "pending": false,
            "code": "cov_2ajjpr0ijx.f[79]++;cov_2ajjpr0ijx.s[438]++;if(!xkey.publicKey){cov_2ajjpr0ijx.b[100][0]++;cov_2ajjpr0ijx.s[439]++;xkey=_objectSpread({},xkey,{publicKey:`02${test[1]}`});}else{cov_2ajjpr0ijx.b[100][1]++;}const resultedBase58Key=(cov_2ajjpr0ijx.s[440]++,toString(xkey,network));cov_2ajjpr0ijx.s[441]++;chai.assert.equal(resultedBase58Key,base58Key);",
            "err": {},
            "isRoot": false,
            "uuid": "dd11242c-c8bd-44c7-8a4f-a026f3385590",
            "isHook": false,
            "skipped": false
          },
          {
            "title": "Extended key from string: xprv9z4pot5VBttmtdRTWfWQmoH1taj2axGVzFqSb8C9xaxKymcFzXBDptWmT7FwuEzG3ryjH4ktypQSAewRiNMjANTtpgP4mLTj34bhnZX7UiM",
            "fullTitle": "Testing Extended Key functions Extended key from string: xprv9z4pot5VBttmtdRTWfWQmoH1taj2axGVzFqSb8C9xaxKymcFzXBDptWmT7FwuEzG3ryjH4ktypQSAewRiNMjANTtpgP4mLTj34bhnZX7UiM",
            "timedOut": false,
            "duration": 1,
            "state": "passed",
            "speed": "fast",
            "pass": true,
            "fail": false,
            "pending": false,
            "code": "cov_2ajjpr0ijx.f[78]++;const resultedXkey=(cov_2ajjpr0ijx.s[435]++,fromString(base58Key,network));cov_2ajjpr0ijx.s[436]++;chai.assert.deepEqual(resultedXkey,xkey);",
            "err": {},
            "isRoot": false,
            "uuid": "18e98d11-b006-4bcd-8a5c-b6c9b672e8bb",
            "isHook": false,
            "skipped": false
          },
          {
            "title": "Extended key to string: cbce0d719ecf7431d88e6a89fa1483e02e35092af60c042b1df2ff59fa424dca",
            "fullTitle": "Testing Extended Key functions Extended key to string: cbce0d719ecf7431d88e6a89fa1483e02e35092af60c042b1df2ff59fa424dca",
            "timedOut": false,
            "duration": 0,
            "state": "passed",
            "speed": "fast",
            "pass": true,
            "fail": false,
            "pending": false,
            "code": "cov_2ajjpr0ijx.f[79]++;cov_2ajjpr0ijx.s[438]++;if(!xkey.publicKey){cov_2ajjpr0ijx.b[100][0]++;cov_2ajjpr0ijx.s[439]++;xkey=_objectSpread({},xkey,{publicKey:`02${test[1]}`});}else{cov_2ajjpr0ijx.b[100][1]++;}const resultedBase58Key=(cov_2ajjpr0ijx.s[440]++,toString(xkey,network));cov_2ajjpr0ijx.s[441]++;chai.assert.equal(resultedBase58Key,base58Key);",
            "err": {},
            "isRoot": false,
            "uuid": "43b2a275-7f04-424a-8e0b-9ce9a9ac4d52",
            "isHook": false,
            "skipped": false
          },
          {
            "title": "Extended key from string: xprvA2JDeKCSNNZky6uBCviVfJSKyQ1mDYahRjijr5idH2WwLsEd4Hsb2Tyh8RfQMuPh7f7RtyzTtdrbdqqsunu5Mm3wDvUAKRHSC34sJ7in334",
            "fullTitle": "Testing Extended Key functions Extended key from string: xprvA2JDeKCSNNZky6uBCviVfJSKyQ1mDYahRjijr5idH2WwLsEd4Hsb2Tyh8RfQMuPh7f7RtyzTtdrbdqqsunu5Mm3wDvUAKRHSC34sJ7in334",
            "timedOut": false,
            "duration": 0,
            "state": "passed",
            "speed": "fast",
            "pass": true,
            "fail": false,
            "pending": false,
            "code": "cov_2ajjpr0ijx.f[78]++;const resultedXkey=(cov_2ajjpr0ijx.s[435]++,fromString(base58Key,network));cov_2ajjpr0ijx.s[436]++;chai.assert.deepEqual(resultedXkey,xkey);",
            "err": {},
            "isRoot": false,
            "uuid": "603f715f-8228-4b9f-9f0b-da920e8c0edc",
            "isHook": false,
            "skipped": false
          },
          {
            "title": "Extended key to string: 0f479245fb19a38a1954c5c7c0ebab2f9bdfd96a17563ef28a6a4b1a2a764ef4",
            "fullTitle": "Testing Extended Key functions Extended key to string: 0f479245fb19a38a1954c5c7c0ebab2f9bdfd96a17563ef28a6a4b1a2a764ef4",
            "timedOut": false,
            "duration": 1,
            "state": "passed",
            "speed": "fast",
            "pass": true,
            "fail": false,
            "pending": false,
            "code": "cov_2ajjpr0ijx.f[79]++;cov_2ajjpr0ijx.s[438]++;if(!xkey.publicKey){cov_2ajjpr0ijx.b[100][0]++;cov_2ajjpr0ijx.s[439]++;xkey=_objectSpread({},xkey,{publicKey:`02${test[1]}`});}else{cov_2ajjpr0ijx.b[100][1]++;}const resultedBase58Key=(cov_2ajjpr0ijx.s[440]++,toString(xkey,network));cov_2ajjpr0ijx.s[441]++;chai.assert.equal(resultedBase58Key,base58Key);",
            "err": {},
            "isRoot": false,
            "uuid": "768848de-12c1-4d24-9516-be3c857c5b8e",
            "isHook": false,
            "skipped": false
          },
          {
            "title": "Extended key from string: xprvA41z7zogVVwxVSgdKUHDy1SKmdb533PjDz7J6N6mV6uS3ze1ai8FHa8kmHScGpWmj4WggLyQjgPie1rFSruoUihUZREPSL39UNdE3BBDu76",
            "fullTitle": "Testing Extended Key functions Extended key from string: xprvA41z7zogVVwxVSgdKUHDy1SKmdb533PjDz7J6N6mV6uS3ze1ai8FHa8kmHScGpWmj4WggLyQjgPie1rFSruoUihUZREPSL39UNdE3BBDu76",
            "timedOut": false,
            "duration": 0,
            "state": "passed",
            "speed": "fast",
            "pass": true,
            "fail": false,
            "pending": false,
            "code": "cov_2ajjpr0ijx.f[78]++;const resultedXkey=(cov_2ajjpr0ijx.s[435]++,fromString(base58Key,network));cov_2ajjpr0ijx.s[436]++;chai.assert.deepEqual(resultedXkey,xkey);",
            "err": {},
            "isRoot": false,
            "uuid": "218bed8e-e1d8-467a-88f1-f451e5472950",
            "isHook": false,
            "skipped": false
          },
          {
            "title": "Extended key to string: 471b76e389e528d6de6d816857e012c5455051cad6660850e58372a6c3e6e7c8",
            "fullTitle": "Testing Extended Key functions Extended key to string: 471b76e389e528d6de6d816857e012c5455051cad6660850e58372a6c3e6e7c8",
            "timedOut": false,
            "duration": 1,
            "state": "passed",
            "speed": "fast",
            "pass": true,
            "fail": false,
            "pending": false,
            "code": "cov_2ajjpr0ijx.f[79]++;cov_2ajjpr0ijx.s[438]++;if(!xkey.publicKey){cov_2ajjpr0ijx.b[100][0]++;cov_2ajjpr0ijx.s[439]++;xkey=_objectSpread({},xkey,{publicKey:`02${test[1]}`});}else{cov_2ajjpr0ijx.b[100][1]++;}const resultedBase58Key=(cov_2ajjpr0ijx.s[440]++,toString(xkey,network));cov_2ajjpr0ijx.s[441]++;chai.assert.equal(resultedBase58Key,base58Key);",
            "err": {},
            "isRoot": false,
            "uuid": "805e35bb-a920-4531-a123-6377963bdcf4",
            "isHook": false,
            "skipped": false
          },
          {
            "title": "Extended key from string: xprv9s21ZrQH143K31xYSDQpPDxsXRTUcvj2iNHm5NUtrGiGG5e2DtALGdso3pGz6ssrdK4PFmM8NSpSBHNqPqm55Qn3LqFtT2emdEXVYsCzC2U",
            "fullTitle": "Testing Extended Key functions Extended key from string: xprv9s21ZrQH143K31xYSDQpPDxsXRTUcvj2iNHm5NUtrGiGG5e2DtALGdso3pGz6ssrdK4PFmM8NSpSBHNqPqm55Qn3LqFtT2emdEXVYsCzC2U",
            "timedOut": false,
            "duration": 0,
            "state": "passed",
            "speed": "fast",
            "pass": true,
            "fail": false,
            "pending": false,
            "code": "cov_2ajjpr0ijx.f[78]++;const resultedXkey=(cov_2ajjpr0ijx.s[435]++,fromString(base58Key,network));cov_2ajjpr0ijx.s[436]++;chai.assert.deepEqual(resultedXkey,xkey);",
            "err": {},
            "isRoot": false,
            "uuid": "2c93f300-8372-43e1-8d54-626bfb3d044c",
            "isHook": false,
            "skipped": false
          },
          {
            "title": "Extended key to string: 4b03d6fc340455b363f51020ad3ecca4f0850280cf436c70c727923f6db46c3e",
            "fullTitle": "Testing Extended Key functions Extended key to string: 4b03d6fc340455b363f51020ad3ecca4f0850280cf436c70c727923f6db46c3e",
            "timedOut": false,
            "duration": 0,
            "state": "passed",
            "speed": "fast",
            "pass": true,
            "fail": false,
            "pending": false,
            "code": "cov_2ajjpr0ijx.f[79]++;cov_2ajjpr0ijx.s[438]++;if(!xkey.publicKey){cov_2ajjpr0ijx.b[100][0]++;cov_2ajjpr0ijx.s[439]++;xkey=_objectSpread({},xkey,{publicKey:`02${test[1]}`});}else{cov_2ajjpr0ijx.b[100][1]++;}const resultedBase58Key=(cov_2ajjpr0ijx.s[440]++,toString(xkey,network));cov_2ajjpr0ijx.s[441]++;chai.assert.equal(resultedBase58Key,base58Key);",
            "err": {},
            "isRoot": false,
            "uuid": "02ce49ae-89a6-4b7e-b5bc-aaed39dcb981",
            "isHook": false,
            "skipped": false
          },
          {
            "title": "Extended key from string: xprv9vHkqa6EV4sPZHYqZznhT2NPtPCjKuDKGY38FBWLvgaDx45zo9WQRUT3dKYnjwih2yJD9mkrocEZXo1ex8G81dwSM1fwqWpWkeS3v86pgKt",
            "fullTitle": "Testing Extended Key functions Extended key from string: xprv9vHkqa6EV4sPZHYqZznhT2NPtPCjKuDKGY38FBWLvgaDx45zo9WQRUT3dKYnjwih2yJD9mkrocEZXo1ex8G81dwSM1fwqWpWkeS3v86pgKt",
            "timedOut": false,
            "duration": 1,
            "state": "passed",
            "speed": "fast",
            "pass": true,
            "fail": false,
            "pending": false,
            "code": "cov_2ajjpr0ijx.f[78]++;const resultedXkey=(cov_2ajjpr0ijx.s[435]++,fromString(base58Key,network));cov_2ajjpr0ijx.s[436]++;chai.assert.deepEqual(resultedXkey,xkey);",
            "err": {},
            "isRoot": false,
            "uuid": "6ba9f687-7ba3-433f-a479-dae2441a7c49",
            "isHook": false,
            "skipped": false
          },
          {
            "title": "Extended key to string: abe74a98f6c7eabee0428f53798f0ab8aa1bd37873999041703c742f15ac7e1e",
            "fullTitle": "Testing Extended Key functions Extended key to string: abe74a98f6c7eabee0428f53798f0ab8aa1bd37873999041703c742f15ac7e1e",
            "timedOut": false,
            "duration": 0,
            "state": "passed",
            "speed": "fast",
            "pass": true,
            "fail": false,
            "pending": false,
            "code": "cov_2ajjpr0ijx.f[79]++;cov_2ajjpr0ijx.s[438]++;if(!xkey.publicKey){cov_2ajjpr0ijx.b[100][0]++;cov_2ajjpr0ijx.s[439]++;xkey=_objectSpread({},xkey,{publicKey:`02${test[1]}`});}else{cov_2ajjpr0ijx.b[100][1]++;}const resultedBase58Key=(cov_2ajjpr0ijx.s[440]++,toString(xkey,network));cov_2ajjpr0ijx.s[441]++;chai.assert.equal(resultedBase58Key,base58Key);",
            "err": {},
            "isRoot": false,
            "uuid": "4d861d70-9bd9-4365-b05b-e2146c85dc51",
            "isHook": false,
            "skipped": false
          },
          {
            "title": "Extended key from string: xprv9wSp6B7kry3Vj9m1zSnLvN3xH8RdsPP1Mh7fAaR7aRLcQMKTR2vidYEeEg2mUCTAwCd6vnxVrcjfy2kRgVsFawNzmjuHc2YmYRmagcEPdU9",
            "fullTitle": "Testing Extended Key functions Extended key from string: xprv9wSp6B7kry3Vj9m1zSnLvN3xH8RdsPP1Mh7fAaR7aRLcQMKTR2vidYEeEg2mUCTAwCd6vnxVrcjfy2kRgVsFawNzmjuHc2YmYRmagcEPdU9",
            "timedOut": false,
            "duration": 0,
            "state": "passed",
            "speed": "fast",
            "pass": true,
            "fail": false,
            "pending": false,
            "code": "cov_2ajjpr0ijx.f[78]++;const resultedXkey=(cov_2ajjpr0ijx.s[435]++,fromString(base58Key,network));cov_2ajjpr0ijx.s[436]++;chai.assert.deepEqual(resultedXkey,xkey);",
            "err": {},
            "isRoot": false,
            "uuid": "504579c7-265b-4aa6-bd35-077e375f8a02",
            "isHook": false,
            "skipped": false
          },
          {
            "title": "Extended key to string: 877c779ad9687164e9c2f4f0f4ff0340814392330693ce95a58fe18fd52e6e93",
            "fullTitle": "Testing Extended Key functions Extended key to string: 877c779ad9687164e9c2f4f0f4ff0340814392330693ce95a58fe18fd52e6e93",
            "timedOut": false,
            "duration": 0,
            "state": "passed",
            "speed": "fast",
            "pass": true,
            "fail": false,
            "pending": false,
            "code": "cov_2ajjpr0ijx.f[79]++;cov_2ajjpr0ijx.s[438]++;if(!xkey.publicKey){cov_2ajjpr0ijx.b[100][0]++;cov_2ajjpr0ijx.s[439]++;xkey=_objectSpread({},xkey,{publicKey:`02${test[1]}`});}else{cov_2ajjpr0ijx.b[100][1]++;}const resultedBase58Key=(cov_2ajjpr0ijx.s[440]++,toString(xkey,network));cov_2ajjpr0ijx.s[441]++;chai.assert.equal(resultedBase58Key,base58Key);",
            "err": {},
            "isRoot": false,
            "uuid": "62fc801c-3de2-42d3-8fd4-d7aad8b23397",
            "isHook": false,
            "skipped": false
          },
          {
            "title": "Extended key from string: xprv9zFnWC6h2cLgpmSA46vutJzBcfJ8yaJGg8cX1e5StJh45BBciYTRXSd25UEPVuesF9yog62tGAQtHjXajPPdbRCHuWS6T8XA2ECKADdw4Ef",
            "fullTitle": "Testing Extended Key functions Extended key from string: xprv9zFnWC6h2cLgpmSA46vutJzBcfJ8yaJGg8cX1e5StJh45BBciYTRXSd25UEPVuesF9yog62tGAQtHjXajPPdbRCHuWS6T8XA2ECKADdw4Ef",
            "timedOut": false,
            "duration": 0,
            "state": "passed",
            "speed": "fast",
            "pass": true,
            "fail": false,
            "pending": false,
            "code": "cov_2ajjpr0ijx.f[78]++;const resultedXkey=(cov_2ajjpr0ijx.s[435]++,fromString(base58Key,network));cov_2ajjpr0ijx.s[436]++;chai.assert.deepEqual(resultedXkey,xkey);",
            "err": {},
            "isRoot": false,
            "uuid": "89fb9459-12d8-4ccd-902d-d167a8f967a5",
            "isHook": false,
            "skipped": false
          },
          {
            "title": "Extended key to string: 704addf544a06e5ee4bea37098463c23613da32020d604506da8c0518e1da4b7",
            "fullTitle": "Testing Extended Key functions Extended key to string: 704addf544a06e5ee4bea37098463c23613da32020d604506da8c0518e1da4b7",
            "timedOut": false,
            "duration": 0,
            "state": "passed",
            "speed": "fast",
            "pass": true,
            "fail": false,
            "pending": false,
            "code": "cov_2ajjpr0ijx.f[79]++;cov_2ajjpr0ijx.s[438]++;if(!xkey.publicKey){cov_2ajjpr0ijx.b[100][0]++;cov_2ajjpr0ijx.s[439]++;xkey=_objectSpread({},xkey,{publicKey:`02${test[1]}`});}else{cov_2ajjpr0ijx.b[100][1]++;}const resultedBase58Key=(cov_2ajjpr0ijx.s[440]++,toString(xkey,network));cov_2ajjpr0ijx.s[441]++;chai.assert.equal(resultedBase58Key,base58Key);",
            "err": {},
            "isRoot": false,
            "uuid": "ca0e6368-131e-436d-b687-59de5a5d0dba",
            "isHook": false,
            "skipped": false
          },
          {
            "title": "Extended key from string: xprvA1RpRA33e1JQ7ifknakTFpgNXPmW2YvmhqLQYMmrj4xJXXWYpDPS3xz7iAxn8L39njGVyuoseXzU6rcxFLJ8HFsTjSyQbLYnMpCqE2VbFWc",
            "fullTitle": "Testing Extended Key functions Extended key from string: xprvA1RpRA33e1JQ7ifknakTFpgNXPmW2YvmhqLQYMmrj4xJXXWYpDPS3xz7iAxn8L39njGVyuoseXzU6rcxFLJ8HFsTjSyQbLYnMpCqE2VbFWc",
            "timedOut": false,
            "duration": 0,
            "state": "passed",
            "speed": "fast",
            "pass": true,
            "fail": false,
            "pending": false,
            "code": "cov_2ajjpr0ijx.f[78]++;const resultedXkey=(cov_2ajjpr0ijx.s[435]++,fromString(base58Key,network));cov_2ajjpr0ijx.s[436]++;chai.assert.deepEqual(resultedXkey,xkey);",
            "err": {},
            "isRoot": false,
            "uuid": "f2fe1097-4069-4c22-8c6f-c0b2496f6087",
            "isHook": false,
            "skipped": false
          },
          {
            "title": "Extended key to string: f1c7c871a54a804afe328b4c83a1c33b8e5ff48f5087273f04efa83b247d6a2d",
            "fullTitle": "Testing Extended Key functions Extended key to string: f1c7c871a54a804afe328b4c83a1c33b8e5ff48f5087273f04efa83b247d6a2d",
            "timedOut": false,
            "duration": 1,
            "state": "passed",
            "speed": "fast",
            "pass": true,
            "fail": false,
            "pending": false,
            "code": "cov_2ajjpr0ijx.f[79]++;cov_2ajjpr0ijx.s[438]++;if(!xkey.publicKey){cov_2ajjpr0ijx.b[100][0]++;cov_2ajjpr0ijx.s[439]++;xkey=_objectSpread({},xkey,{publicKey:`02${test[1]}`});}else{cov_2ajjpr0ijx.b[100][1]++;}const resultedBase58Key=(cov_2ajjpr0ijx.s[440]++,toString(xkey,network));cov_2ajjpr0ijx.s[441]++;chai.assert.equal(resultedBase58Key,base58Key);",
            "err": {},
            "isRoot": false,
            "uuid": "4fea8b0d-ee77-4feb-9e8e-e71375921e37",
            "isHook": false,
            "skipped": false
          },
          {
[...]
          "0d936240-9ebc-4765-af8e-9850d55bc3d8",
          "5057a621-37e9-4034-94c1-c97d3ac33a15",
          "05e998b5-7171-4aef-a7f7-4424c544c862",
          "fd9a1e58-a6b3-4608-86ca-3d7df9565abd",
          "72dfd136-baf8-4972-b935-7fcbd4c0e3e7",
          "e2f76447-c13f-438c-9624-0740c959ffb8",
          "6277fb6d-80c9-4138-a35a-7f0470d9d071",
          "f0f54108-f7b0-42d3-8486-fb6fe6798104",
          "2b124f1b-62a5-4234-b6e8-642ddde48179",
          "7d55dac2-8513-4bb8-99ac-fad12207596b",
          "3d1b230f-3978-4438-87b2-f9c6eb8fed24",
          "f9d3aa69-5a2c-4aad-9ca0-27d14fcf82de",
          "d1de4a2f-a9d1-4a21-bc11-27e7b10922e2",
          "4ce375eb-94c4-4d78-bfe6-bc87199836fc",
          "f8d8a7b0-ac14-4f4d-b858-d6c549b6a35e",
          "609665fa-840b-4222-b152-c7aa4db885f7"
        ],
        "failures": [],
        "pending": [],
        "skipped": [],
        "duration": 831,
        "root": false,
        "rootEmpty": false,
        "_timeout": 0
      },
      {
        "uuid": "c7ede633-9e6e-4a51-b41c-36d1fc6a5af9",
        "title": "Testing persister for scenario 4 with delay of 50ms",
        "fullFile": "/Users/shawncook/Projects/EdgeApp/edge-currency-bitcoin/packages/nidavellir/build/tests.cjs.js",
        "file": "/build/tests.cjs.js",
        "beforeHooks": [
          {
            "title": "\"before all\" hook: Test using cache as a function",
            "fullTitle": "Testing persister for scenario 4 with delay of 50ms \"before all\" hook: Test using cache as a function",
            "timedOut": false,
            "duration": 0,
            "pass": false,
            "fail": false,
            "pending": false,
            "code": "cov_2ajjpr0ijx.f[122]++;cov_2ajjpr0ijx.s[712]++;cbs.stop=false;cov_2ajjpr0ijx.s[713]++;await persistedCache({});cov_2ajjpr0ijx.s[714]++;await persistedCache(cache);",
            "err": {},
            "isRoot": false,
            "uuid": "5d2382ab-2c81-4a64-bb0f-b72fb650a3d5",
            "isHook": true,
            "skipped": false
          }
        ],
        "afterHooks": [
          {
            "title": "\"after all\" hook: Stop the caceh using cache as a function",
            "fullTitle": "Testing persister for scenario 4 with delay of 50ms \"after all\" hook: Stop the caceh using cache as a function",
            "timedOut": false,
            "duration": 0,
            "pass": false,
            "fail": false,
            "pending": false,
            "code": "cov_2ajjpr0ijx.f[126]++;cov_2ajjpr0ijx.s[732]++;cbs.stop=true;cov_2ajjpr0ijx.s[733]++;await persistedCache('stop');",
            "err": {},
            "isRoot": false,
            "uuid": "a88f9057-b40e-4869-82dd-d9c77da65d6c",
            "isHook": true,
            "skipped": false
          }
        ],
        "tests": [
          {
            "title": "Set 'a' to 10, after 0 milliseconds",
            "fullTitle": "Testing persister for scenario 4 with delay of 50ms Set 'a' to 10, after 0 milliseconds",
            "timedOut": false,
            "duration": 1,
            "state": "passed",
            "speed": "fast",
            "pass": true,
            "fail": false,
            "pending": false,
            "code": "cov_2ajjpr0ijx.f[124]++;let child=(cov_2ajjpr0ijx.s[717]++,persistedCache);let expectedChild=(cov_2ajjpr0ijx.s[718]++,expected);cov_2ajjpr0ijx.s[719]++;param=param.split('.');cov_2ajjpr0ijx.s[720]++;while(param.length>1){const key=(cov_2ajjpr0ijx.s[721]++,param.shift());cov_2ajjpr0ijx.s[722]++;child=child[key];cov_2ajjpr0ijx.s[723]++;expectedChild=expectedChild[key];}const key=(cov_2ajjpr0ijx.s[724]++,param[0]);const interval=(cov_2ajjpr0ijx.s[725]++,!i?(cov_2ajjpr0ijx.b[160][0]++,saveTime):(cov_2ajjpr0ijx.b[160][1]++,saveTime-sets[i-1][2]));cov_2ajjpr0ijx.s[726]++;setTimeout(()=>{cov_2ajjpr0ijx.f[125]++;cov_2ajjpr0ijx.s[727]++;expectedChild[key]=value;cov_2ajjpr0ijx.s[728]++;child[key]=value;cov_2ajjpr0ijx.s[729]++;chai.assert.equal(expectedChild[key],child[key]);cov_2ajjpr0ijx.s[730]++;done(cbs.e);},interval);",
            "err": {},
            "isRoot": false,
            "uuid": "4d2e5cb9-bfa9-4014-853f-75a3723e1bf8",
            "isHook": false,
            "skipped": false
          },
          {
            "title": "Set 'b' to 20, after 0 milliseconds",
            "fullTitle": "Testing persister for scenario 4 with delay of 50ms Set 'b' to 20, after 0 milliseconds",
            "timedOut": false,
            "duration": 1,
            "state": "passed",
            "speed": "fast",
            "pass": true,
            "fail": false,
            "pending": false,
            "code": "cov_2ajjpr0ijx.f[124]++;let child=(cov_2ajjpr0ijx.s[717]++,persistedCache);let expectedChild=(cov_2ajjpr0ijx.s[718]++,expected);cov_2ajjpr0ijx.s[719]++;param=param.split('.');cov_2ajjpr0ijx.s[720]++;while(param.length>1){const key=(cov_2ajjpr0ijx.s[721]++,param.shift());cov_2ajjpr0ijx.s[722]++;child=child[key];cov_2ajjpr0ijx.s[723]++;expectedChild=expectedChild[key];}const key=(cov_2ajjpr0ijx.s[724]++,param[0]);const interval=(cov_2ajjpr0ijx.s[725]++,!i?(cov_2ajjpr0ijx.b[160][0]++,saveTime):(cov_2ajjpr0ijx.b[160][1]++,saveTime-sets[i-1][2]));cov_2ajjpr0ijx.s[726]++;setTimeout(()=>{cov_2ajjpr0ijx.f[125]++;cov_2ajjpr0ijx.s[727]++;expectedChild[key]=value;cov_2ajjpr0ijx.s[728]++;child[key]=value;cov_2ajjpr0ijx.s[729]++;chai.assert.equal(expectedChild[key],child[key]);cov_2ajjpr0ijx.s[730]++;done(cbs.e);},interval);",
            "err": {},
            "isRoot": false,
            "uuid": "a1229d51-5c94-421a-a3ce-7b7b63fd25a6",
            "isHook": false,
            "skipped": false
          },
          {
            "title": "Set 'c' to 30, after 0 milliseconds",
            "fullTitle": "Testing persister for scenario 4 with delay of 50ms Set 'c' to 30, after 0 milliseconds",
            "timedOut": false,
            "duration": 2,
            "state": "passed",
            "speed": "fast",
            "pass": true,
            "fail": false,
            "pending": false,
            "code": "cov_2ajjpr0ijx.f[124]++;let child=(cov_2ajjpr0ijx.s[717]++,persistedCache);let expectedChild=(cov_2ajjpr0ijx.s[718]++,expected);cov_2ajjpr0ijx.s[719]++;param=param.split('.');cov_2ajjpr0ijx.s[720]++;while(param.length>1){const key=(cov_2ajjpr0ijx.s[721]++,param.shift());cov_2ajjpr0ijx.s[722]++;child=child[key];cov_2ajjpr0ijx.s[723]++;expectedChild=expectedChild[key];}const key=(cov_2ajjpr0ijx.s[724]++,param[0]);const interval=(cov_2ajjpr0ijx.s[725]++,!i?(cov_2ajjpr0ijx.b[160][0]++,saveTime):(cov_2ajjpr0ijx.b[160][1]++,saveTime-sets[i-1][2]));cov_2ajjpr0ijx.s[726]++;setTimeout(()=>{cov_2ajjpr0ijx.f[125]++;cov_2ajjpr0ijx.s[727]++;expectedChild[key]=value;cov_2ajjpr0ijx.s[728]++;child[key]=value;cov_2ajjpr0ijx.s[729]++;chai.assert.equal(expectedChild[key],child[key]);cov_2ajjpr0ijx.s[730]++;done(cbs.e);},interval);",
            "err": {},
            "isRoot": false,
            "uuid": "93596c0c-1628-46d5-a03b-7be54148d3cf",
            "isHook": false,
            "skipped": false
          },
          {
            "title": "Set 'd' to 40, after 0 milliseconds",
            "fullTitle": "Testing persister for scenario 4 with delay of 50ms Set 'd' to 40, after 0 milliseconds",
            "timedOut": false,
            "duration": 2,
            "state": "passed",
            "speed": "fast",
            "pass": true,
            "fail": false,
            "pending": false,
            "code": "cov_2ajjpr0ijx.f[124]++;let child=(cov_2ajjpr0ijx.s[717]++,persistedCache);let expectedChild=(cov_2ajjpr0ijx.s[718]++,expected);cov_2ajjpr0ijx.s[719]++;param=param.split('.');cov_2ajjpr0ijx.s[720]++;while(param.length>1){const key=(cov_2ajjpr0ijx.s[721]++,param.shift());cov_2ajjpr0ijx.s[722]++;child=child[key];cov_2ajjpr0ijx.s[723]++;expectedChild=expectedChild[key];}const key=(cov_2ajjpr0ijx.s[724]++,param[0]);const interval=(cov_2ajjpr0ijx.s[725]++,!i?(cov_2ajjpr0ijx.b[160][0]++,saveTime):(cov_2ajjpr0ijx.b[160][1]++,saveTime-sets[i-1][2]));cov_2ajjpr0ijx.s[726]++;setTimeout(()=>{cov_2ajjpr0ijx.f[125]++;cov_2ajjpr0ijx.s[727]++;expectedChild[key]=value;cov_2ajjpr0ijx.s[728]++;child[key]=value;cov_2ajjpr0ijx.s[729]++;chai.assert.equal(expectedChild[key],child[key]);cov_2ajjpr0ijx.s[730]++;done(cbs.e);},interval);",
            "err": {},
            "isRoot": false,
            "uuid": "a26ef454-b5ce-4db2-bb41-ba9af7f8f5e2",
            "isHook": false,
            "skipped": false
          },
          {
            "title": "Set 'e' to 50, after 100 milliseconds",
            "fullTitle": "Testing persister for scenario 4 with delay of 50ms Set 'e' to 50, after 100 milliseconds",
            "timedOut": false,
            "duration": 101,
            "state": "passed",
            "speed": "slow",
            "pass": true,
            "fail": false,
            "pending": false,
            "code": "cov_2ajjpr0ijx.f[124]++;let child=(cov_2ajjpr0ijx.s[717]++,persistedCache);let expectedChild=(cov_2ajjpr0ijx.s[718]++,expected);cov_2ajjpr0ijx.s[719]++;param=param.split('.');cov_2ajjpr0ijx.s[720]++;while(param.length>1){const key=(cov_2ajjpr0ijx.s[721]++,param.shift());cov_2ajjpr0ijx.s[722]++;child=child[key];cov_2ajjpr0ijx.s[723]++;expectedChild=expectedChild[key];}const key=(cov_2ajjpr0ijx.s[724]++,param[0]);const interval=(cov_2ajjpr0ijx.s[725]++,!i?(cov_2ajjpr0ijx.b[160][0]++,saveTime):(cov_2ajjpr0ijx.b[160][1]++,saveTime-sets[i-1][2]));cov_2ajjpr0ijx.s[726]++;setTimeout(()=>{cov_2ajjpr0ijx.f[125]++;cov_2ajjpr0ijx.s[727]++;expectedChild[key]=value;cov_2ajjpr0ijx.s[728]++;child[key]=value;cov_2ajjpr0ijx.s[729]++;chai.assert.equal(expectedChild[key],child[key]);cov_2ajjpr0ijx.s[730]++;done(cbs.e);},interval);",
            "err": {},
            "isRoot": false,
            "uuid": "a994dec5-76a4-4bf5-8524-367083fdad6e",
            "isHook": false,
            "skipped": false
          }
        ],
        "suites": [],
        "passes": [
          "4d2e5cb9-bfa9-4014-853f-75a3723e1bf8",
          "a1229d51-5c94-421a-a3ce-7b7b63fd25a6",
          "93596c0c-1628-46d5-a03b-7be54148d3cf",
          "a26ef454-b5ce-4db2-bb41-ba9af7f8f5e2",
          "a994dec5-76a4-4bf5-8524-367083fdad6e"
        ],
        "failures": [],
        "pending": [],
        "skipped": [],
        "duration": 107,
        "root": false,
        "rootEmpty": false,
        "_timeout": 0
      },
      {
        "uuid": "cb888d64-323a-4139-80eb-8b6335082cdb",
        "title": "Testing persister for scenario 5 with delay of 100ms",
        "fullFile": "/Users/shawncook/Projects/EdgeApp/edge-currency-bitcoin/packages/nidavellir/build/tests.cjs.js",
        "file": "/build/tests.cjs.js",
        "beforeHooks": [
          {
            "title": "\"before all\" hook: Test using cache as a function",
            "fullTitle": "Testing persister for scenario 5 with delay of 100ms \"before all\" hook: Test using cache as a function",
            "timedOut": false,
            "duration": 0,
            "pass": false,
            "fail": false,
            "pending": false,
            "code": "cov_2ajjpr0ijx.f[122]++;cov_2ajjpr0ijx.s[712]++;cbs.stop=false;cov_2ajjpr0ijx.s[713]++;await persistedCache({});cov_2ajjpr0ijx.s[714]++;await persistedCache(cache);",
            "err": {},
            "isRoot": false,
            "uuid": "f85cd8d3-905a-45f2-8f78-c3575da73f73",
            "isHook": true,
            "skipped": false
          }
        ],
        "afterHooks": [
          {
            "title": "\"after all\" hook: Stop the caceh using cache as a function",
            "fullTitle": "Testing persister for scenario 5 with delay of 100ms \"after all\" hook: Stop the caceh using cache as a function",
            "timedOut": false,
            "duration": 0,
            "pass": false,
            "fail": false,
            "pending": false,
            "code": "cov_2ajjpr0ijx.f[126]++;cov_2ajjpr0ijx.s[732]++;cbs.stop=true;cov_2ajjpr0ijx.s[733]++;await persistedCache('stop');",
            "err": {},
            "isRoot": false,
            "uuid": "f461dff5-d62f-4234-b4b8-1c040c806ccb",
            "isHook": true,
            "skipped": false
          }
        ],
        "tests": [
          {
            "title": "Set 'a' to 10, after 0 milliseconds",
            "fullTitle": "Testing persister for scenario 5 with delay of 100ms Set 'a' to 10, after 0 milliseconds",
            "timedOut": false,
            "duration": 2,
            "state": "passed",
            "speed": "fast",
            "pass": true,
            "fail": false,
            "pending": false,
            "code": "cov_2ajjpr0ijx.f[124]++;let child=(cov_2ajjpr0ijx.s[717]++,persistedCache);let expectedChild=(cov_2ajjpr0ijx.s[718]++,expected);cov_2ajjpr0ijx.s[719]++;param=param.split('.');cov_2ajjpr0ijx.s[720]++;while(param.length>1){const key=(cov_2ajjpr0ijx.s[721]++,param.shift());cov_2ajjpr0ijx.s[722]++;child=child[key];cov_2ajjpr0ijx.s[723]++;expectedChild=expectedChild[key];}const key=(cov_2ajjpr0ijx.s[724]++,param[0]);const interval=(cov_2ajjpr0ijx.s[725]++,!i?(cov_2ajjpr0ijx.b[160][0]++,saveTime):(cov_2ajjpr0ijx.b[160][1]++,saveTime-sets[i-1][2]));cov_2ajjpr0ijx.s[726]++;setTimeout(()=>{cov_2ajjpr0ijx.f[125]++;cov_2ajjpr0ijx.s[727]++;expectedChild[key]=value;cov_2ajjpr0ijx.s[728]++;child[key]=value;cov_2ajjpr0ijx.s[729]++;chai.assert.equal(expectedChild[key],child[key]);cov_2ajjpr0ijx.s[730]++;done(cbs.e);},interval);",
            "err": {},
            "isRoot": false,
            "uuid": "5bda8174-eb70-4154-9deb-65985681cd93",
            "isHook": false,
            "skipped": false
          },
          {
            "title": "Set 'b' to 20, after 0 milliseconds",
            "fullTitle": "Testing persister for scenario 5 with delay of 100ms Set 'b' to 20, after 0 milliseconds",
            "timedOut": false,
            "duration": 2,
            "state": "passed",
            "speed": "fast",
            "pass": true,
            "fail": false,
            "pending": false,
            "code": "cov_2ajjpr0ijx.f[124]++;let child=(cov_2ajjpr0ijx.s[717]++,persistedCache);let expectedChild=(cov_2ajjpr0ijx.s[718]++,expected);cov_2ajjpr0ijx.s[719]++;param=param.split('.');cov_2ajjpr0ijx.s[720]++;while(param.length>1){const key=(cov_2ajjpr0ijx.s[721]++,param.shift());cov_2ajjpr0ijx.s[722]++;child=child[key];cov_2ajjpr0ijx.s[723]++;expectedChild=expectedChild[key];}const key=(cov_2ajjpr0ijx.s[724]++,param[0]);const interval=(cov_2ajjpr0ijx.s[725]++,!i?(cov_2ajjpr0ijx.b[160][0]++,saveTime):(cov_2ajjpr0ijx.b[160][1]++,saveTime-sets[i-1][2]));cov_2ajjpr0ijx.s[726]++;setTimeout(()=>{cov_2ajjpr0ijx.f[125]++;cov_2ajjpr0ijx.s[727]++;expectedChild[key]=value;cov_2ajjpr0ijx.s[728]++;child[key]=value;cov_2ajjpr0ijx.s[729]++;chai.assert.equal(expectedChild[key],child[key]);cov_2ajjpr0ijx.s[730]++;done(cbs.e);},interval);",
            "err": {},
            "isRoot": false,
            "uuid": "0ede6386-c57a-4926-8e26-31e7e1ea54b3",
            "isHook": false,
            "skipped": false
          },
          {
            "title": "Set 'c' to 30, after 0 milliseconds",
            "fullTitle": "Testing persister for scenario 5 with delay of 100ms Set 'c' to 30, after 0 milliseconds",
            "timedOut": false,
            "duration": 1,
            "state": "passed",
            "speed": "fast",
            "pass": true,
            "fail": false,
            "pending": false,
            "code": "cov_2ajjpr0ijx.f[124]++;let child=(cov_2ajjpr0ijx.s[717]++,persistedCache);let expectedChild=(cov_2ajjpr0ijx.s[718]++,expected);cov_2ajjpr0ijx.s[719]++;param=param.split('.');cov_2ajjpr0ijx.s[720]++;while(param.length>1){const key=(cov_2ajjpr0ijx.s[721]++,param.shift());cov_2ajjpr0ijx.s[722]++;child=child[key];cov_2ajjpr0ijx.s[723]++;expectedChild=expectedChild[key];}const key=(cov_2ajjpr0ijx.s[724]++,param[0]);const interval=(cov_2ajjpr0ijx.s[725]++,!i?(cov_2ajjpr0ijx.b[160][0]++,saveTime):(cov_2ajjpr0ijx.b[160][1]++,saveTime-sets[i-1][2]));cov_2ajjpr0ijx.s[726]++;setTimeout(()=>{cov_2ajjpr0ijx.f[125]++;cov_2ajjpr0ijx.s[727]++;expectedChild[key]=value;cov_2ajjpr0ijx.s[728]++;child[key]=value;cov_2ajjpr0ijx.s[729]++;chai.assert.equal(expectedChild[key],child[key]);cov_2ajjpr0ijx.s[730]++;done(cbs.e);},interval);",
            "err": {},
            "isRoot": false,
            "uuid": "6a3af38e-b173-471f-95a6-761c59448ad3",
            "isHook": false,
            "skipped": false
          },
          {
            "title": "Set 'd' to 40, after 0 milliseconds",
            "fullTitle": "Testing persister for scenario 5 with delay of 100ms Set 'd' to 40, after 0 milliseconds",
            "timedOut": false,
            "duration": 2,
            "state": "passed",
            "speed": "fast",
            "pass": true,
            "fail": false,
            "pending": false,
            "code": "cov_2ajjpr0ijx.f[124]++;let child=(cov_2ajjpr0ijx.s[717]++,persistedCache);let expectedChild=(cov_2ajjpr0ijx.s[718]++,expected);cov_2ajjpr0ijx.s[719]++;param=param.split('.');cov_2ajjpr0ijx.s[720]++;while(param.length>1){const key=(cov_2ajjpr0ijx.s[721]++,param.shift());cov_2ajjpr0ijx.s[722]++;child=child[key];cov_2ajjpr0ijx.s[723]++;expectedChild=expectedChild[key];}const key=(cov_2ajjpr0ijx.s[724]++,param[0]);const interval=(cov_2ajjpr0ijx.s[725]++,!i?(cov_2ajjpr0ijx.b[160][0]++,saveTime):(cov_2ajjpr0ijx.b[160][1]++,saveTime-sets[i-1][2]));cov_2ajjpr0ijx.s[726]++;setTimeout(()=>{cov_2ajjpr0ijx.f[125]++;cov_2ajjpr0ijx.s[727]++;expectedChild[key]=value;cov_2ajjpr0ijx.s[728]++;child[key]=value;cov_2ajjpr0ijx.s[729]++;chai.assert.equal(expectedChild[key],child[key]);cov_2ajjpr0ijx.s[730]++;done(cbs.e);},interval);",
            "err": {},
            "isRoot": false,
            "uuid": "40c0684a-a34c-4fb4-9cb3-74ddfea0eeb9",
            "isHook": false,
            "skipped": false
          },
          {
            "title": "Set 'e' to 50, after 0 milliseconds",
            "fullTitle": "Testing persister for scenario 5 with delay of 100ms Set 'e' to 50, after 0 milliseconds",
            "timedOut": false,
            "duration": 1,
            "state": "passed",
            "speed": "fast",
            "pass": true,
            "fail": false,
            "pending": false,
            "code": "cov_2ajjpr0ijx.f[124]++;let child=(cov_2ajjpr0ijx.s[717]++,persistedCache);let expectedChild=(cov_2ajjpr0ijx.s[718]++,expected);cov_2ajjpr0ijx.s[719]++;param=param.split('.');cov_2ajjpr0ijx.s[720]++;while(param.length>1){const key=(cov_2ajjpr0ijx.s[721]++,param.shift());cov_2ajjpr0ijx.s[722]++;child=child[key];cov_2ajjpr0ijx.s[723]++;expectedChild=expectedChild[key];}const key=(cov_2ajjpr0ijx.s[724]++,param[0]);const interval=(cov_2ajjpr0ijx.s[725]++,!i?(cov_2ajjpr0ijx.b[160][0]++,saveTime):(cov_2ajjpr0ijx.b[160][1]++,saveTime-sets[i-1][2]));cov_2ajjpr0ijx.s[726]++;setTimeout(()=>{cov_2ajjpr0ijx.f[125]++;cov_2ajjpr0ijx.s[727]++;expectedChild[key]=value;cov_2ajjpr0ijx.s[728]++;child[key]=value;cov_2ajjpr0ijx.s[729]++;chai.assert.equal(expectedChild[key],child[key]);cov_2ajjpr0ijx.s[730]++;done(cbs.e);},interval);",
            "err": {},
            "isRoot": false,
            "uuid": "f5896279-85fb-4902-af5b-82f27af4ef14",
            "isHook": false,
            "skipped": false
          }
        ],
        "suites": [],
        "passes": [
          "5bda8174-eb70-4154-9deb-65985681cd93",
          "0ede6386-c57a-4926-8e26-31e7e1ea54b3",
          "6a3af38e-b173-471f-95a6-761c59448ad3",
          "40c0684a-a34c-4fb4-9cb3-74ddfea0eeb9",
          "f5896279-85fb-4902-af5b-82f27af4ef14"
        ],
        "failures": [],
        "pending": [],
        "skipped": [],
        "duration": 8,
        "root": false,
        "rootEmpty": false,
        "_timeout": 0
      }
    ],
    "passes": [],
    "failures": [],
    "pending": [],
    "skipped": [],
    "duration": 0,
    "root": true,
    "rootEmpty": true,
    "_timeout": 2000
  },
  "copyrightYear": 2020
}